[ MuOnline ] connection successful !
[ DataServer ] created on port [ 55960 ]
SELECT ItemCount FROM GameServerInfo WHERE Number = 0
[ VOZ ][ 127.0.0.1:55901 ] GameServer Connect 
EXEC WZ_CS_GetCastleTotalInfo 0, 7
EXEC WZ_CS_GetCastleNpcInfo 0
EXEC WZ_CW_InfoLoad 0
Connection Closed, dwIoSize == 0 (Index:1)
[ VOZ ][ 127.0.0.1:55901 ] GameServer Close
SELECT ItemCount FROM GameServerInfo WHERE Number = 0
[ VOZ ][ 127.0.0.1:55901 ] GameServer Connect 
SELECT Summoner FROM AccountCharacter WHERE Id = 'datga'
SELECT * FROM AccountCharacter WHERE Id = 'datga'
SELECT cLevel, Class, CtlCode, DbVersion FROM vCharacterPreview WHERE Name='DatGa'
SELECT G_Status FROM GuildMember WHERE Name='DatGa'
SELECT cLevel, Class, CtlCode, DbVersion FROM vCharacterPreview WHERE Name='fasdfasdf'
SELECT G_Status FROM GuildMember WHERE Name='fasdfasdf'
SELECT cLevel, Class, CtlCode, DbVersion FROM vCharacterPreview WHERE Name='asfasdfasf'
SELECT G_Status FROM GuildMember WHERE Name='asfasdfasf'
SELECT cLevel, Class, CtlCode, DbVersion FROM vCharacterPreview WHERE Name='dddddd'
SELECT G_Status FROM GuildMember WHERE Name='dddddd'
SELECT cLevel, Class, CtlCode, DbVersion FROM vCharacterPreview WHERE Name='test1'
SELECT G_Status FROM GuildMember WHERE Name='test1'
SELECT cLevel, Class, LevelUpPoint, Experience, Strength, Dexterity, Vitality, Energy, Money, Life, MaxLife, Mana, MaxMana, MapNumber, MapPosX, MapPosY, MapDir, PkCount, PkLevel, PkTime, CtlCode, DbVersion, Leadership, ChatLimitTime, FruitPoint, Resets FROM Character WHERE Name='asfasdfasf'
UPDATE AccountCharacter SET GameIDC = 'asfasdfasf' WHERE Id = 'datga'
SELECT * FROM OptionData WHERE Name='asfasdfasf'
WZ_PeriodItemSelect 19, 'asfasdfasf'
SQLSTATE:42S02, SQLSTRING:[Microsoft][ODBC SQL Server Driver][SQL Server]Invalid object name 'T_PeriodItem_Info'.
SQLSTATE:25000, SQLSTRING:[Microsoft][ODBC SQL Server Driver][SQL Server]Transaction count after EXECUTE indicates that a COMMIT or ROLLBACK TRANSACTION statement is missing. Previous count = 0, current count = 1.
WZ_PeriodItemInsert 19, 'asfasdfasf', 6700, 2, 6, 7, 60, '2013-9-2 18:50'
EXEC WZ_GetItemSerial
SELECT Name FROM OptionData WHERE Name='asfasdfasf'
UPDATE OptionData SET GameOption=9, Qkey=0, Wkey=0, Ekey=0, ChatWindow=0, Rkey=0, QWERLevel=825242112 WHERE Name='asfasdfasf'
UPDATE Character SET cLevel=282,Class=66,LevelUpPoint=883, Experience=252858175, Strength=26000, Dexterity=20000, Vitality=20000, Energy=14999, Money=2960528, Life=33098.000000, MaxLife=11499.000000, Mana=25797.000000, MaxMana=31362.000000, MapNumber=0, MapPosX=107, MapPosY=171, MapDir=7, PkCount=0, PkLevel=3, PkTime=0, DbVersion=3, Leadership=25000, ChatLimitTime=0, FruitPoint=3 WHERE Name = 'asfasdfasf'
SELECT Summoner FROM AccountCharacter WHERE Id = 'datga'
SELECT * FROM AccountCharacter WHERE Id = 'datga'
SELECT cLevel, Class, CtlCode, DbVersion FROM vCharacterPreview WHERE Name='DatGa'
SELECT G_Status FROM GuildMember WHERE Name='DatGa'
SELECT cLevel, Class, CtlCode, DbVersion FROM vCharacterPreview WHERE Name='fasdfasdf'
SELECT G_Status FROM GuildMember WHERE Name='fasdfasdf'
SELECT cLevel, Class, CtlCode, DbVersion FROM vCharacterPreview WHERE Name='asfasdfasf'
SELECT G_Status FROM GuildMember WHERE Name='asfasdfasf'
SELECT cLevel, Class, CtlCode, DbVersion FROM vCharacterPreview WHERE Name='dddddd'
SELECT G_Status FROM GuildMember WHERE Name='dddddd'
SELECT cLevel, Class, CtlCode, DbVersion FROM vCharacterPreview WHERE Name='test1'
SELECT G_Status FROM GuildMember WHERE Name='test1'
SELECT cLevel, Class, LevelUpPoint, Experience, Strength, Dexterity, Vitality, Energy, Money, Life, MaxLife, Mana, MaxMana, MapNumber, MapPosX, MapPosY, MapDir, PkCount, PkLevel, PkTime, CtlCode, DbVersion, Leadership, ChatLimitTime, FruitPoint, Resets FROM Character WHERE Name='asfasdfasf'
UPDATE AccountCharacter SET GameIDC = 'asfasdfasf' WHERE Id = 'datga'
SELECT * FROM OptionData WHERE Name='asfasdfasf'
WZ_PeriodItemSelect 19, 'asfasdfasf'
SQLSTATE:42S02, SQLSTRING:[Microsoft][ODBC SQL Server Driver][SQL Server]Invalid object name 'T_PeriodItem_Info'.
SQLSTATE:25000, SQLSTRING:[Microsoft][ODBC SQL Server Driver][SQL Server]Transaction count after EXECUTE indicates that a COMMIT or ROLLBACK TRANSACTION statement is missing. Previous count = 1, current count = 2.
EXEC WZ_GetItemSerial
[ MuOnline ] connection successful !
[ DataServer ] created on port [ 55960 ]
SELECT ItemCount FROM GameServerInfo WHERE Number = 0
[ VOZ ][ 127.0.0.1:55901 ] GameServer Connect 
EXEC WZ_GetItemSerial
UPDATE Character SET cLevel=282,Class=66,LevelUpPoint=883, Experience=252946700, Strength=26000, Dexterity=20000, Vitality=20000, Energy=14999, Money=2940528, Life=38398.000000, MaxLife=11499.000000, Mana=16400.000000, MaxMana=31362.000000, MapNumber=2, MapPosX=222, MapPosY=72, MapDir=5, PkCount=0, PkLevel=3, PkTime=0, DbVersion=3, Leadership=25000, ChatLimitTime=0, FruitPoint=3 WHERE Name = 'asfasdfasf'
Connection Closed, dwIoSize == 0 (Index:0)
[ VOZ ][ 127.0.0.1:55901 ] GameServer Close
SELECT ItemCount FROM GameServerInfo WHERE Number = 0
[ VOZ ][ 127.0.0.1:55901 ] GameServer Connect 
EXEC WZ_CS_GetCastleTotalInfo 0, 7
EXEC WZ_CS_GetCastleNpcInfo 0
EXEC WZ_CW_InfoLoad 0
Connection Closed, dwIoSize == 0 (Index:1)
[ VOZ ][ 127.0.0.1:55901 ] GameServer Close
SELECT ItemCount FROM GameServerInfo WHERE Number = 0
[ VOZ ][ 127.0.0.1:55901 ] GameServer Connect 
SELECT Summoner FROM AccountCharacter WHERE Id = 'datga'
SELECT * FROM AccountCharacter WHERE Id = 'datga'
SELECT cLevel, Class, CtlCode, DbVersion FROM vCharacterPreview WHERE Name='DatGa'
SELECT G_Status FROM GuildMember WHERE Name='DatGa'
SELECT cLevel, Class, CtlCode, DbVersion FROM vCharacterPreview WHERE Name='fasdfasdf'
SELECT G_Status FROM GuildMember WHERE Name='fasdfasdf'
SELECT cLevel, Class, CtlCode, DbVersion FROM vCharacterPreview WHERE Name='asfasdfasf'
SELECT G_Status FROM GuildMember WHERE Name='asfasdfasf'
SELECT cLevel, Class, CtlCode, DbVersion FROM vCharacterPreview WHERE Name='dddddd'
SELECT G_Status FROM GuildMember WHERE Name='dddddd'
SELECT cLevel, Class, CtlCode, DbVersion FROM vCharacterPreview WHERE Name='test1'
SELECT G_Status FROM GuildMember WHERE Name='test1'
SELECT cLevel, Class, LevelUpPoint, Experience, Strength, Dexterity, Vitality, Energy, Money, Life, MaxLife, Mana, MaxMana, MapNumber, MapPosX, MapPosY, MapDir, PkCount, PkLevel, PkTime, CtlCode, DbVersion, Leadership, ChatLimitTime, FruitPoint, Resets FROM Character WHERE Name='asfasdfasf'
UPDATE AccountCharacter SET GameIDC = 'asfasdfasf' WHERE Id = 'datga'
SELECT * FROM OptionData WHERE Name='asfasdfasf'
WZ_PeriodItemSelect 19, 'asfasdfasf'
WZ_PeriodItemInsert 19, 'asfasdfasf', 6699, 2, 6, 0, 180, '2013-9-2 21:9'
EXEC WZ_GetItemSerial
EXEC WZ_GetItemSerial
EXEC WZ_GetItemSerial
EXEC WZ_GetItemSerial
SELECT Name FROM OptionData WHERE Name='asfasdfasf'
UPDATE OptionData SET GameOption=9, Qkey=0, Wkey=0, Ekey=0, ChatWindow=0, Rkey=0, QWERLevel=825242112 WHERE Name='asfasdfasf'
UPDATE Character SET cLevel=282,Class=66,LevelUpPoint=883, Experience=253001448, Strength=26000, Dexterity=20000, Vitality=20000, Energy=14999, Money=2940528, Life=41637.000000, MaxLife=11499.000000, Mana=59398.000000, MaxMana=31362.000000, MapNumber=2, MapPosX=221, MapPosY=61, MapDir=0, PkCount=0, PkLevel=3, PkTime=0, DbVersion=3, Leadership=25000, ChatLimitTime=0, FruitPoint=3 WHERE Name = 'asfasdfasf'
SELECT Summoner FROM AccountCharacter WHERE Id = 'datga'
SELECT * FROM AccountCharacter WHERE Id = 'datga'
SELECT cLevel, Class, CtlCode, DbVersion FROM vCharacterPreview WHERE Name='DatGa'
SELECT G_Status FROM GuildMember WHERE Name='DatGa'
SELECT cLevel, Class, CtlCode, DbVersion FROM vCharacterPreview WHERE Name='fasdfasdf'
SELECT G_Status FROM GuildMember WHERE Name='fasdfasdf'
SELECT cLevel, Class, CtlCode, DbVersion FROM vCharacterPreview WHERE Name='asfasdfasf'
SELECT G_Status FROM GuildMember WHERE Name='asfasdfasf'
SELECT cLevel, Class, CtlCode, DbVersion FROM vCharacterPreview WHERE Name='dddddd'
SELECT G_Status FROM GuildMember WHERE Name='dddddd'
SELECT cLevel, Class, CtlCode, DbVersion FROM vCharacterPreview WHERE Name='test1'
SELECT G_Status FROM GuildMember WHERE Name='test1'
SELECT cLevel, Class, LevelUpPoint, Experience, Strength, Dexterity, Vitality, Energy, Money, Life, MaxLife, Mana, MaxMana, MapNumber, MapPosX, MapPosY, MapDir, PkCount, PkLevel, PkTime, CtlCode, DbVersion, Leadership, ChatL[ MuOnline ] connection successful !
[ DataServer ] created on port [ 55960 ]
SELECT ItemCount FROM GameServerInfo WHERE Number = 0
[ VOZ ][ 127.0.0.1:55901 ] GameServer Connect 
EXEC WZ_CS_GetCastleTotalInfo 0, 7
EXEC WZ_CS_GetCastleNpcInfo 0
EXEC WZ_CW_InfoLoad 0
Connection Closed, dwIoSize == 0 (Index:1)
[ VOZ ][ 127.0.0.1:55901 ] GameServer Close
SELECT ItemCount FROM GameServerInfo WHERE Number = 0
[ VOZ ][ 127.0.0.1:55901 ] GameServer Connect 
SELECT Summoner FROM AccountCharacter WHERE Id = 'datga'
SELECT * FROM AccountCharacter WHERE Id = 'datga'
SELECT cLevel, Class, CtlCode, DbVersion FROM vCharacterPreview WHERE Name='DatGa'
SELECT G_Status FROM GuildMember WHERE Name='DatGa'
SELECT cLevel, Class, CtlCode, DbVersion FROM vCharacterPreview WHERE Name='fasdfasdf'
SELECT G_Status FROM GuildMember WHERE Name='fasdfasdf'
SELECT cLevel, Class, CtlCode, DbVersion FROM vCharacterPreview WHERE Name='asfasdfasf'
SELECT G_Status FROM GuildMember WHERE Name='asfasdfasf'
SELECT cLevel, Class, CtlCode, DbVersion FROM vCharacterPreview WHERE Name='dddddd'
SELECT G_Status FROM GuildMember WHERE Name='dddddd'
SELECT cLevel, Class, CtlCode, DbVersion FROM vCharacterPreview WHERE Name='test1'
SELECT G_Status FROM GuildMember WHERE Name='test1'
SELECT cLevel, Class, LevelUpPoint, Experience, Strength, Dexterity, Vitality, Energy, Money, Life, MaxLife, Mana, MaxMana, MapNumber, MapPosX, MapPosY, MapDir, PkCount, PkLevel, PkTime, CtlCode, DbVersion, Leadership, ChatLimitTime, FruitPoint, Resets FROM Character WHERE Name='DatGa'
UPDATE AccountCharacter SET GameIDC = 'DatGa' WHERE Id = 'datga'
SELECT * FROM OptionData WHERE Name='DatGa'
WZ_PeriodItemSelect 19, 'DatGa'
SELECT Name FROM OptionData WHERE Name='DatGa'
UPDATE OptionData SET GameOption=9, Qkey=0, Wkey=4, Ekey=8, ChatWindow=4, Rkey=0, QWERLevel=0 WHERE Name='DatGa'
UPDATE Character SET cLevel=300,Class=1,LevelUpPoint=384, Experience=24042380, Strength=344, Dexterity=2760, Vitality=1030, Energy=3330, Money=324987321, Life=28640.000000, MaxLife=23890.000000, Mana=5517.000000, MaxMana=7044.000000, MapNumber=3, MapPosX=175, MapPosY=97, MapDir=1, PkCount=0, PkLevel=3, PkTime=0, DbVersion=3, Leadership=0, ChatLimitTime=0, FruitPoint=0 WHERE Name = 'DatGa'
SELECT Summoner FROM AccountCharacter WHERE Id = 'datga'
SELECT * FROM AccountCharacter WHERE Id = 'datga'
SELECT cLevel, Class, CtlCode, DbVersion FROM vCharacterPreview WHERE Name='DatGa'
SELECT G_Status FROM GuildMember WHERE Name='DatGa'
SELECT cLevel, Class, CtlCode, DbVersion FROM vCharacterPreview WHERE Name='fasdfasdf'
SELECT G_Status FROM GuildMember WHERE Name='fasdfasdf'
SELECT cLevel, Class, CtlCode, DbVersion FROM vCharacterPreview WHERE Name='asfasdfasf'
SELECT G_Status FROM GuildMember WHERE Name='asfasdfasf'
SELECT cLevel, Class, CtlCode, DbVersion FROM vCharacterPreview WHERE Name='dddddd'
SELECT G_Status FROM GuildMember WHERE Name='dddddd'
SELECT cLevel, Class, CtlCode, DbVersion FROM vCharacterPreview WHERE Name='test1'
SELECT G_Status FROM GuildMember WHERE Name='test1'
SELECT cLevel, Class, LevelUpPoint, Experience, Strength, Dexterity, Vitality, Energy, Money, Life, MaxLife, Mana, MaxMana, MapNumber, MapPosX, MapPosY, MapDir, PkCount, PkLevel, PkTime, CtlCode, DbVersion, Leadership, ChatLimitTime, FruitPoint, Resets FROM Character WHERE Name='dddddd'
UPDATE AccountCharacter SET GameIDC = 'dddddd' WHERE Id = 'datga'
SELECT * FROM OptionData WHERE Name='dddddd'
WZ_PeriodItemSelect 19, 'dddddd'
WZ_PeriodItemInsert 19, 'dddddd', 6699, 2, 6, 0, 60, '2013-9-2 19:28'
SQLSTATE:42000, SQLSTRING:[Microsoft][ODBC SQL Server Driver][SQL Server]Procedure or function WZ_PeriodItemInsert has too many arguments specified.
WZ_PeriodItemInsert 19, 'dddddd', 6700, 2, 6, 7, 60, '2013-9-2 19:29'
SQLSTATE:42000, SQLSTRING:[Microsoft][ODBC SQL Server Driver][SQL Server]Procedure or function WZ_PeriodItemInsert has too many arguments specified.
[ MuOnline ] connection successful !
[ DataServer ] created on port [ 55960 ]
SELECT ItemCount FROM GameServerInfo WHERE Number = 0
[ VOZ ][ 127.0.0.1:55901 ] GameServer Connect 
EXEC WZ_CS_GetCastleTotalInfo 0, 7
EXEC WZ_CS_GetCastleNpcInfo 0
EXEC WZ_CW_InfoLoad 0
SELECT Summoner FROM AccountCharacter WHERE Id = 'datga'
SELECT * FROM AccountCharacter WHERE Id = 'datga'
SELECT cLevel, Class, CtlCode, DbVersion FROM vCharacterPreview WHERE Name='DatGa'
SELECT G_Status FROM GuildMember WHERE Name='DatGa'
SELECT cLevel, Class, CtlCode, DbVersion FROM vCharacterPreview WHERE Name='fasdfasdf'
SELECT G_Status FROM GuildMember WHERE Name='fasdfasdf'
SELECT cLevel, Class, CtlCode, DbVersion FROM vCharacterPreview WHERE Name='asfasdfasf'
SELECT G_Status FROM GuildMember WHERE Name='asfasdfasf'
SELECT cLevel, Class, CtlCode, DbVersion FROM vCharacterPreview WHERE Name='dddddd'
SELECT G_Status FROM GuildMember WHERE Name='dddddd'
SELECT cLevel, Class, CtlCode, DbVersion FROM vCharacterPreview WHERE Name='test1'
SELECT G_Status FROM GuildMember WHERE Name='test1'
SELECT cLevel, Class, LevelUpPoint, Experience, Strength, Dexterity, Vitality, Energy, Money, Life, MaxLife, Mana, MaxMana, MapNumber, MapPosX, MapPosY, MapDir, PkCount, PkLevel, PkTime, CtlCode, DbVersion, Leadership, ChatLimitTime, FruitPoint, Resets FROM Character WHERE Name='asfasdfasf'
UPDATE AccountCharacter SET GameIDC = 'asfasdfasf' WHERE Id = 'datga'
SELECT * FROM OptionData WHERE Name='asfasdfasf'
WZ_PeriodItemSelect 19, 'asfasdfasf'
EXEC WZ_GetItemSerial
EXEC WZ_GetItemSerial
WZ_PeriodItemInsert 19, 'asfasdfasf', 6700, 2, 6, 7, 60, '2013-9-2 21:14'
EXEC WZ_GetItemSerial
SELECT Name FROM OptionData WHERE Name='asfasdfasf'
UPDATE OptionData SET GameOption=9, Qkey=0, Wkey=0, Ekey=0, ChatWindow=0, Rkey=0, QWERLevel=825242112 WHERE Name='asfasdfasf'
UPDATE Character SET cLevel=282,Class=66,LevelUpPoint=883, Experience=253149098, Strength=26000, Dexterity=20000, Vitality=20000, Energy=14999, Money=2940862, Life=51597.000000, MaxLife=11499.000000, Mana=56338.000000, MaxMana=31362.000000, MapNumber=2, MapPosX=221, MapPosY=73, MapDir=2, PkCount=0, PkLevel=3, PkTime=0, DbVersion=3, Leadership=25000, ChatLimitTime=0, FruitPoint=3 WHERE Name = 'asfasdfasf'
SELECT Summoner FROM AccountCharacter WHERE Id = 'datga'
SELECT * FROM AccountCharacter WHERE Id = 'datga'
SELECT cLevel, Class, CtlCode, DbVersion FROM vCharacterPreview WHERE Name='DatGa'
SELECT G_Status FROM GuildMember WHERE Name='DatGa'
SELECT cLevel, Class, CtlCode, DbVersion FROM vCharacterPreview WHERE Name='fasdfasdf'
SELECT G_Status FROM GuildMember WHERE Name='fasdfasdf'
SELECT cLevel, Class, CtlCode, DbVersion FROM vCharacterPreview WHERE Name='asfasdfasf'
SELECT G_Status FROM GuildMember WHERE Name='asfasdfasf'
SELECT cLevel, Class, CtlCode, DbVersion FROM vCharacterPreview WHERE Name='dddddd'
SELECT G_Status FROM GuildMember WHERE Name='dddddd'
SELECT cLevel, Class, CtlCode, DbVersion FROM vCharacterPreview WHERE Name='test1'
SELECT G_Status FROM GuildMember WHERE Name='test1'
SELECT cLevel, Class, LevelUpPoint, Experience, Strength, Dexterity, Vitality, Energy, Money, Life, MaxLife, Mana, MaxMana, MapNumber, MapPosX, MapPosY, MapDir, PkCount, PkLevel, PkTime, CtlCode, DbVersion, Leadership, ChatLimitTime, FruitPoint, Resets FROM Character WHERE Name='asfasdfasf'
UPDATE AccountCharacter SET GameIDC = 'asfasdfasf' WHERE Id = 'datga'
SELECT * FROM OptionData WHERE Name='asfasdfasf'
WZ_PeriodItemSelect 19, 'asfasdfasf'
SELECT Name FROM OptionData WHERE Name='asfasdfasf'
UPDATE OptionData SET GameOption=9, Qkey=0, Wkey=0, Ekey=0, ChatWindow=0, Rkey=0, QWERLevel=11538625 WHERE Name='asfasdfasf'
UPDATE Character SET cLevel=282,Class=66,LevelUpPoint=883, Experience=253149098, Strength=26000, Dexterity=20000, Vitality=20000, Energy=14999, Money=2940862, Life=51597.000000, MaxLife=11499.000000, Mana=26484.000000, MaxMana=31362.000000, MapNumber=2, MapPosX=215, MapPosY=57, MapDir=7, PkCount=0, PkLevel=3, PkTime=0, DbVersion=3, Leadership=25000, ChatLimitTime=0, FruitPoint=3 WHERE Name = 'asfasdfasf'
SELECT Summoner FROM AccountCharacter WHERE Id = 'datga'
SELECT * FROM AccountCharacter WHERE Id = 'datga'
SELECT cLevel, Class, CtlCode, DbVersion FROM vCharacterPreview WHERE Name='DatGa'
SELECT G_Status FROM GuildMember WHERE Name='DatGa'
SELECT cLevel, Class, CtlCode, DbVersion FROM vCharacterPreview WHERE Name='fasdfasdf'
SELECT G_Status FROM GuildMember WHERE Name='fasdfasdf'
SELECT cLevel, Class, CtlCode, DbVersion FROM vCharacterPreview WHERE Name='asfasdfasf'
SELECT G_Status FROM GuildMember WHERE Name='asfasdfasf'
SELECT cLevel, Class, CtlCode, DbVersion FROM vCharacterPreview WHERE Name='dddddd'
SELECT G_Status FROM GuildMember WHERE Name='dddddd'
SELECT cLevel, Class, CtlCode, DbVersion FROM vCharacterPreview WHERE Name='test1'
SELECT G_Status FROM GuildMember WHERE Name='test1'
SELECT cLevel, Class, LevelUpPoint, Experience, Strength, Dexterity, Vitality, Energy, Money, Life, MaxLife, Mana, MaxMana, MapNumber, MapPosX, MapPosY, MapDir, PkCount, PkLevel, PkTime, CtlCode, DbVersion, Leadership, ChatLimitTime, FruitPoint, Resets FROM Character WHERE Name='asfasdfasf'
UPDATE AccountCharacter SET GameIDC = 'asfasdfasf' WHERE Id = 'datga'
SELECT * FROM OptionData WHERE Name='asfasdfasf'
WZ_PeriodItemSelect 19, 'asfasdfasf'
SELECT Name FROM OptionData WHERE Name='asfasdfasf'
UPDATE OptionData SET GameOption=9, Qkey=0, Wkey=0, Ekey=0, ChatWindow=0, Rkey=0, QWERLevel=11538625 WHERE Name='asfasdfasf'
UPDATE Character SET cLevel=282,Class=66,LevelUpPoint=883, Experience=253149098, Strength=26000, Dexterity=20000, Vitality=20000, Energy=14999, Money=2940862, Life=51597.000000, MaxLife=11499.000000, Mana=51788.000000, MaxMana=31362.000000, MapNumber=2, MapPosX=202, MapPosY=48, MapDir=7, PkCount=0, PkLevel=3, PkTime=0, DbVersion=3, Leadership=25000, ChatLimitTime=0, FruitPoint=3 WHERE Name = 'asfasdfasf'
SELECT Summoner FROM AccountCharacter WHERE Id = 'datga'
SELECT * FROM AccountCharacter WHERE Id = 'datga'
SELECT cLevel, Class, CtlCode, DbVersion FROM vCharacterPreview WHERE Name='DatGa'
SELECT G_Status FROM GuildMember WHERE Name='DatGa'
SELECT cLevel, Class, CtlCode, DbVersion FROM vCharacterPreview WHERE Name='fasdfasdf'
SELECT G_Status FROM GuildMember WHERE Name='fasdfasdf'
SELECT cLevel, Class, CtlCode, DbVersion FROM vCharacterPreview WHERE Name='asfasdfasf'
SELECT G_Status FROM GuildMember WHERE Name='asfasdfasf'
SELECT cLevel, Class, CtlCode, DbVersion FROM vCharacterPreview WHERE Name='dddddd'
SELECT G_Status FROM GuildMember WHERE Name='dddddd'
SELECT cLevel, Class, CtlCode, DbVersion FROM vCharacterPreview WHERE Name='test1'
SELECT G_Status FROM GuildMember WHERE Name='test1'
SELECT cLevel, Class, LevelUpPoint, Experience, Strength, Dexterity, Vitality, Energy, Money, Life, MaxLife, Mana, MaxMana, MapNumber, MapPosX, MapPosY, MapDir, PkCount, PkLevel, PkTime, CtlCode, DbVersion, Leadership, ChatLimitTime, FruitPoint, Resets FROM Character WHERE Name='asfasdfasf'
UPDATE AccountCharacter SET GameIDC = 'asfasdfasf' WHERE Id = 'datga'
SELECT * FROM OptionData WHERE Name='asfasdfasf'
WZ_PeriodItemSelect 19, 'asfasdfasf'
WZ_PeriodItemInsert 19, 'asfasdfasf', 6699, 2, 6, 0, 60, '2013-9-2 21:15'
SELECT Name FROM OptionData WHERE Name='asfasdfasf'
UPDATE OptionData SET GameOption=9, Qkey=0, Wkey=0, Ekey=0, ChatWindow=0, Rkey=0, QWERLevel=825242112 WHERE Name='asfasdfasf'
UPDATE Character SET cLevel=282,Class=66,LevelUpPoint=883, Experience=253149098, Strength=26000, Dexterity=20000, Vitality=20000, Energy=14999, Money=2940862, Life=51597.000000, MaxLife=11499.000000, Mana=28426.000000, MaxMana=31362.000000, MapNumber=2, MapPosX=192, MapPosY=37, MapDir=0, PkCount=0, PkLevel=3, PkTime=0, DbVersion=3, Leadership=25000, ChatLimitTime=0, FruitPoint=3 WHERE Name = 'asfasdfasf'
SELECT Summoner FROM AccountCharacter WHERE Id = 'datga'
SELECT * FROM AccountCharacter WHERE Id = 'datga'
SELECT cLevel, Class, CtlCode, DbVersion FROM vCharacterPreview WHERE Name='DatGa'
SELECT G_Status FROM GuildMember WHERE Name='DatGa'
SELECT cLevel, Class, CtlCode, DbVersion FROM vCharacterPreview WHERE Name='fasdfasdf'
SELECT G_Status FROM GuildMember WHERE Name='fasdfasdf'
SELECT cLevel, Class, CtlCode, DbVersion FROM vCharacterPreview WHERE Name='asfasdfasf'
SELECT G_Status FROM GuildMember WHERE Name='asfasdfasf'
SELECT cLevel, Class, CtlCode, DbVersion FROM vCharacterPreview WHERE Name='dddddd'
SELECT G_Status FROM GuildMember WHERE Name='dddddd'
SELECT cLevel, Class, CtlCode, DbVersion FROM vCharacterPreview WHERE Name='test1'
SELECT G_Status FROM GuildMember WHERE Name='test1'
SELECT cLevel, Class, LevelUpPoint, Experience, Strength, Dexterity, Vitality, Energy, Money, Life, MaxLife, Mana, MaxMana, MapNumber, MapPosX, MapPosY, MapDir, PkCount, PkLevel, PkTime, CtlCode, DbVersion, Leadership, ChatLimitTime, FruitPoint, Resets FROM Character WHERE Name='asfasdfasf'
UPDATE AccountCharacter SET GameIDC = 'asfasdfasf' WHERE Id = 'datga'
SELECT * FROM OptionData WHERE Name='asfasdfasf'
WZ_PeriodItemSelect 19, 'asfasdfasf'
SELECT Name FROM OptionData WHERE Name='asfasdfasf'
UPDATE OptionData SET GameOption=9, Qkey=0, Wkey=0, Ekey=0, ChatWindow=0, Rkey=0, QWERLevel=11538625 WHERE Name='asfasdfasf'
UPDATE Character SET cLevel=282,Class=66,LevelUpPoint=883, Experience=253149098, Strength=26000, Dexterity=20000, Vitality=20000, Energy=14999, Money=2940862, Life=51597.000000, MaxLife=11499.000000, Mana=55673.000000, MaxMana=31362.000000, MapNumber=2, MapPosX=201, MapPosY=42, MapDir=2, PkCount=0, PkLevel=3, PkTime=0, DbVersion=3, Leadership=25000, ChatLimitTime=0, FruitPoint=3 WHERE Name = 'asfasdfasf'
SELECT Summoner FROM AccountCharacter WHERE Id = 'datga'
SELECT * FROM AccountCharacter WHERE Id = 'datga'
SELECT cLevel, Class, CtlCode, DbVersion FROM vCharacterPreview WHERE Name='DatGa'
SELECT G_Status FROM GuildMember WHERE Name='DatGa'
SELECT cLevel, Class, CtlCode, DbVersion FROM vCharacterPreview WHERE Name='fasdfasdf'
SELECT G_Status FROM GuildMember WHERE Name='fasdfasdf'
SELECT cLevel, Class, CtlCode, DbVersion FROM vCharacterPreview WHERE Name='asfasdfasf'
SELECT G_Status FROM GuildMember WHERE Name='asfasdfasf'
SELECT cLevel, Class, CtlCode, DbVersion FROM vCharacterPreview WHERE Name='dddddd'
SELECT G_Status FROM GuildMember WHERE Name='dddddd'
SELECT cLevel, Class, CtlCode, DbVersion FROM vCharacterPreview WHERE Name='test1'
SELECT G_Status FROM GuildMember WHERE Name='test1'
SELECT cLevel, Class, LevelUpPoint, Experience, Strength, Dexterity, Vitality, Energy, Money, Life, MaxLife, Mana, MaxMana, MapNumber, MapPosX, MapPosY, MapDir, PkCount, PkLevel, PkTime, CtlCode, DbVersion, Leadership, ChatLimitTime, FruitPoint, Resets FROM Character WHERE Name='DatGa'
UPDATE AccountCharacter SET GameIDC = 'DatGa' WHERE Id = 'datga'
SELECT * FROM OptionData WHERE Name='DatGa'
WZ_PeriodItemSelect 19, 'DatGa'
SELECT Name FROM OptionData WHERE Name='DatGa'
UPDATE OptionData SET GameOption=9, Qkey=0, Wkey=4, Ekey=8, ChatWindow=4, Rkey=0, QWERLevel=11538625 WHERE Name='DatGa'
UPDATE Character SET cLevel=300,Class=1,LevelUpPoint=384, Experience=24042380, Strength=344, Dexterity=2760, Vitality=1030, Energy=3330, Money=324987321, Life=28640.000000, MaxLife=23890.000000, Mana=16553.000000, MaxMana=7044.000000, MapNumber=3, MapPosX=172, MapPosY=101, MapDir=7, PkCount=0, PkLevel=3, PkTime=0, DbVersion=3, Leadership=0, ChatLimitTime=0, FruitPoint=0 WHERE Name = 'DatGa'
SELECT Summoner FROM AccountCharacter WHERE Id = 'datga'
SELECT * FROM AccountCharacter WHERE Id = 'datga'
SELECT cLevel, Class, CtlCode, DbVersion FROM vCharacterPreview WHERE Name='DatGa'
SELECT G_Status FROM GuildMember WHERE Name='DatGa'
SELECT cLevel, Class, CtlCode, DbVersion FROM vCharacterPreview WHERE Name='fasdfasdf'
SELECT G_Status FROM GuildMember WHERE Name='fasdfasdf'
SELECT cLevel, Class, CtlCode, DbVersion FROM vCharacterPreview WHERE Name='asfasdfasf'
SELECT G_Status FROM GuildMember WHERE Name='asfasdfasf'
SELECT cLevel, Class, CtlCode, DbVersion FROM vCharacterPreview WHERE Name='dddddd'
SELECT G_Status FROM GuildMember WHERE Name='dddddd'
SELECT cLevel, Class, CtlCode, DbVersion FROM vCharacterPreview WHERE Name='test1'
SELECT G_Status FROM GuildMember WHERE Name='test1'
SELECT cLevel, Class, LevelUpPoint, Experience, Strength, Dexterity, Vitality, Energy, Money, Life, MaxLife, Mana, MaxMana, MapNumber, MapPosX, MapPosY, MapDir, PkCount, PkLevel, PkTime, CtlCode, DbVersion, Leadership, ChatLimitTime, FruitPoint, Resets FROM Character WHERE Name='fasdfasdf'
UPDATE AccountCharacter SET GameIDC = 'fasdfasdf' WHERE Id = 'datga'
SELECT * FROM OptionData WHERE Name='fasdfasdf'
WZ_PeriodItemSelect 19, 'fasdfasdf'
WZ_PeriodItemInsert 19, 'fasdfasdf', 6700, 2, 6, 7, 60, '2013-9-2 21:17'
SELECT Name FROM OptionData WHERE Name='fasdfasdf'
UPDATE OptionData SET GameOption=9, Qkey=0, Wkey=4, Ekey=8, ChatWindow=4, Rkey=0, QWERLevel=825242112 WHERE Name='fasdfasdf'
UPDATE Character SET cLevel=220,Class=32,LevelUpPoint=0, Experience=109353785, Strength=54, Dexterity=83, Vitality=20, Energy=30, Money=921926427, Life=1060.000000, MaxLife=2990.000000, Mana=3810.000000, MaxMana=3810.000000, MapNumber=3, MapPosX=162, MapPosY=114, MapDir=2, PkCount=0, PkLevel=3, PkTime=0, DbVersion=3, Leadership=0, ChatLimitTime=0, FruitPoint=0 WHERE Name = 'fasdfasdf'
SELECT Summoner FROM AccountCharacter WHERE Id = 'datga'
SELECT * FROM AccountCharacter WHERE Id = 'datga'
SELECT cLevel, Class, CtlCode, DbVersion FROM vCharacterPreview WHERE Name='DatGa'
SELECT G_Status FROM GuildMember WHERE Name='DatGa'
SELECT cLevel, Class, CtlCode, DbVersion FROM vCharacterPreview WHERE Name='fasdfasdf'
SELECT G_Status FROM GuildMember WHERE Name='fasdfasdf'
SELECT cLevel, Class, CtlCode, DbVersion FROM vCharacterPreview WHERE Name='asfasdfasf'
SELECT G_Status FROM GuildMember WHERE Name='asfasdfasf'
SELECT cLevel, Class, CtlCode, DbVersion FROM vCharacterPreview WHERE Name='dddddd'
SELECT G_Status FROM GuildMember WHERE Name='dddddd'
SELECT cLevel, Class, CtlCode, DbVersion FROM vCharacterPreview WHERE Name='test1'
SELECT G_Status FROM GuildMember WHERE Name='test1'
SELECT cLevel, Class, LevelUpPoint, Experience, Strength, Dexterity, Vitality, Energy, Money, Life, MaxLife, Mana, MaxMana, MapNumber, MapPosX, MapPosY, MapDir, PkCount, PkLevel, PkTime, CtlCode, DbVersion, Leadership, ChatLimitTime, FruitPoint, Resets FROM Character WHERE Name='fasdfasdf'
UPDATE AccountCharacter SET GameIDC = 'fasdfasdf' WHERE Id = 'datga'
SELECT * FROM OptionData WHERE Name='fasdfasdf'
WZ_PeriodItemSelect 19, 'fasdfasdf'
EXEC WZ_GetItemSerial
EXEC WZ_GetItemSerial
EXEC WZ_GetItemSerial
SELECT Name FROM OptionData WHERE Name='fasdfasdf'
UPDATE OptionData SET GameOption=9, Qkey=0, Wkey=4, Ekey=8, ChatWindow=4, Rkey=0, QWERLevel=11538625 WHERE Name='fasdfasdf'
UPDATE Character SET cLevel=220,Class=32,LevelUpPoint=0, Experience=109354435, Strength=54, Dexterity=83, Vitality=20, Energy=30, Money=921926439, Life=530.000000, MaxLife=2990.000000, Mana=3810.000000, MaxMana=3810.000000, MapNumber=3, MapPosX=155, MapPosY=114, MapDir=3, PkCount=0, PkLevel=3, PkTime=0, DbVersion=3, Leadership=0, ChatLimitTime=0, FruitPoint=0 WHERE Name = 'fasdfasdf'
SELECT Summoner FROM AccountCharacter WHERE Id = 'datga'
SELECT * FROM AccountCharacter WHERE Id = 'datga'
SELECT cLevel, Class, CtlCode, DbVersion FROM vCharacterPreview WHERE Name='DatGa'
SELECT G_Status FROM GuildMember WHERE Name='DatGa'
SELECT cLevel, Class, CtlCode, DbVersion FROM vCharacterPreview WHERE Name='fasdfasdf'
SELECT G_Status FROM GuildMember WHERE Name='fasdfasdf'
SELECT cLevel, Class, CtlCode, DbVersion FROM vCharacterPreview WHERE Name='asfasdfasf'
SELECT G_Status FROM GuildMember WHERE Name='asfasdfasf'
SELECT cLevel, Class, CtlCode, DbVersion FROM vCharacterPreview WHERE Name='dddddd'
SELECT G_Status FROM GuildMember WHERE Name='dddddd'
SELECT cLevel, Class, CtlCode, DbVersion FROM vCharacterPreview WHERE Name='test1'
SELECT G_Status FROM GuildMember WHERE Name='test1'
SELECT cLevel, Class, LevelUpPoint, Experience, Strength, Dexterity, Vitality, Energy, Money, Life, MaxLife, Mana, MaxMana, MapNumber, MapPosX, MapPosY, MapDir, PkCount, PkLevel, PkTime, CtlCode, DbVersion, Leadership, ChatLimitTime, FruitPoint, Resets FROM Character WHERE Name='dddddd'
UPDATE AccountCharacter SET GameIDC = 'dddddd' WHERE Id = 'datga'
SELECT * FROM OptionData WHERE Name='dddddd'
WZ_PeriodItemSelect 19, 'dddddd'
EXEC WZ_GetItemSerial
UPDATE Character SET cLevel=43,Class=16,LevelUpPoint=15, Experience=899640, Strength=173, Dexterity=70, Vitality=25, Energy=10, Money=16921667, Life=2440.000000, MaxLife=1940.000000, Mana=410.000000, MaxMana=410.000000, MapNumber=2, MapPosX=244, MapPosY=85, MapDir=6, PkCount=0, PkLevel=3, PkTime=0, DbVersion=3, Leadership=0, ChatLimitTime=0, FruitPoint=0 WHERE Name = 'dddddd'
WZ_PeriodItemInsert 19, 'dddddd', 6700, 2, 6, 7, 60, '2013-9-2 21:19'
SELECT Name FROM OptionData WHERE Name='dddddd'
UPDATE OptionData SET GameOption=9, Qkey=0, Wkey=4, Ekey=4, ChatWindow=0, Rkey=0, QWERLevel=825242112 WHERE Name='dddddd'
UPDATE Character SET cLevel=43,Class=16,LevelUpPoint=15, Experience=909190, Strength=173, Dexterity=70, Vitality=25, Energy=10, Money=16923363, Life=2440.000000, MaxLife=1940.000000, Mana=410.000000, MaxMana=410.000000, MapNumber=2, MapPosX=227, MapPosY=61, MapDir=3, PkCount=0, PkLevel=3, PkTime=0, DbVersion=3, Leadership=0, ChatLimitTime=0, FruitPoint=0 WHERE Name = 'dddddd'
SELECT Summoner FROM AccountCharacter WHERE Id = 'datga'
SELECT * FROM AccountCharacter WHERE Id = 'datga'
SELECT cLevel, Class, CtlCode, DbVersion FROM vCharacterPreview WHERE Name='DatGa'
SELECT G_Status FROM GuildMember WHERE Name='DatGa'
SELECT cLevel, Class, CtlCode, DbVersion FROM vCharacterPreview WHERE Name='fasdfasdf'
SELECT G_Status FROM GuildMember WHERE Name='fasdfasdf'
SELECT cLevel, Class, CtlCode, DbVersion FROM vCharacterPreview WHERE Name='asfasdfasf'
SELECT G_Status FROM GuildMember WHERE Name='asfasdfasf'
SELECT cLevel, Class, CtlCode, DbVersion FROM vCharacterPreview WHERE Name='dddddd'
SELECT G_Status FROM GuildMember WHERE Name='dddddd'
SELECT cLevel, Class, CtlCode, DbVersion FROM vCharacterPreview WHERE Name='test1'
SELECT G_Status FROM GuildMember WHERE Name='test1'
SELECT cLevel, Class, LevelUpPoint, Experience, Strength, Dexterity, Vitality, Energy, Money, Life, MaxLife, Mana, MaxMana, MapNumber, MapPosX, MapPosY, MapDir, PkCount, PkLevel, PkTime, CtlCode, DbVersion, Leadership, ChatLimitTime, FruitPoint, Resets FROM Character WHERE Name='test1'
UPDATE AccountCharacter SET GameIDC = 'test1' WHERE Id = 'datga'
SELECT * FROM OptionData WHERE Name='test1'
SELECT Pet_Level, Pet_Exp FROM T_PetItem_Info WHERE ItemSerial=12087
SELECT Pet_Level, Pet_Exp FROM T_PetItem_Info WHERE ItemSerial=12066
WZ_PeriodItemSelect 19, 'test1'
SELECT Money, DbVersion, pw FROM warehouse WHERE AccountID='datga'
UPDATE warehouse SET Money=279000390, pw=0, DbVersion=3 WHERE AccountID='datga'
UPDATE Character SET DbVersion=3 WHERE Name = 'test1'
SELECT Name FROM OptionData WHERE Name='test1'
UPDATE OptionData SET GameOption=10, Qkey=0, Wkey=0, Ekey=0, ChatWindow=0, Rkey=0, QWERLevel=788529403 WHERE Name='test1'
UPDATE Character SET cLevel=191,Class=64,LevelUpPoint=0, Experience=72674980, Strength=4550, Dexterity=2401, Vitality=326, Energy=1026, Money=321272758, Life=11430.000000, MaxLife=9870.000000, Mana=20225.000000, MaxMana=17465.000000, MapNumber=0, MapPosX=147, MapPosY=144, MapDir=1, PkCount=0, PkLevel=3, PkTime=0, DbVersion=3, Leadership=644, ChatLimitTime=0, FruitPoint=0 WHERE Name = 'test1'
UPDATE T_PetItem_Info SET Pet_Level=13, Pet_Exp=6585597 WHERE ItemSerial=12087
UPDATE T_PetItem_Info SET Pet_Level=13, Pet_Exp=6585596 WHERE ItemSerial=12066
SELECT Summoner FROM AccountCharacter WHERE Id = 'datga'
SELECT * FROM AccountCharacter WHERE Id = 'datga'
SELECT cLevel, Class, CtlCode, DbVersion FROM vCharacterPreview WHERE Name='DatGa'
SELECT G_Status FROM GuildMember WHERE Name='DatGa'
SELECT cLevel, Class, CtlCode, DbVersion FROM vCharacterPreview WHERE Name='fasdfasdf'
SELECT G_Status FROM GuildMember WHERE Name='fasdfasdf'
SELECT cLevel, Class, CtlCode, DbVersion FROM vCharacterPreview WHERE Name='asfasdfasf'
SELECT G_Status FROM GuildMember WHERE Name='asfasdfasf'
SELECT cLevel, Class, CtlCode, DbVersion FROM vCharacterPreview WHERE Name='dddddd'
SELECT G_Status FROM GuildMember WHERE Name='dddddd'
SELECT cLevel, Class, CtlCode, DbVersion FROM vCharacterPreview WHERE Name='test1'
SELECT G_Status FROM GuildMember WHERE Name='test1'
WZ_PeriodItemDelete 19, 'dddddd'
DELETE FROM Character WHERE Name = 'dddddd' AND AccountID = 'datga'
SELECT * FROM AccountCharacter WHERE Id = 'datga'
UPDATE AccountCharacter SET GameID4 = NULL WHERE Id = 'datga'
SELECT * FROM AccountCharacter WHERE Id = 'datga'
exec WZ_CreateCharacter 'datga', 'datddddddd', '16'
UPDATE AccountCharacter SET GameID4='datddddddd' WHERE Id='datga'
SELECT cLevel FROM vCharacterPreview WHERE Name='datddddddd'
SELECT cLevel, Class, LevelUpPoint, Experience, Strength, Dexterity, Vitality, Energy, Money, Life, MaxLife, Mana, MaxMana, MapNumber, MapPosX, MapPosY, MapDir, PkCount, PkLevel, PkTime, CtlCode, DbVersion, Leadership, ChatLimitTime, FruitPoint, Resets FROM Character WHERE Name='datddddddd'
UPDATE AccountCharacter SET GameIDC = 'datddddddd' WHERE Id = 'datga'
SELECT * FROM OptionData WHERE Name='datddddddd'
WZ_PeriodItemSelect 19, 'datddddddd'
WZ_PeriodItemInsert 19, 'datddddddd', 6700, 2, 6, 7, 360, '2013-9-3 2:21'
UPDATE Character SET cLevel=2,Class=16,LevelUpPoint=5, Experience=100, Strength=28, Dexterity=20, Vitality=25, Energy=10, Money=0, Life=1120.000000, MaxLife=1120.000000, Mana=205.000000, MaxMana=205.000000, MapNumber=0, MapPosX=177, MapPosY=120, MapDir=1, PkCount=0, PkLevel=3, PkTime=0, DbVersion=3, Leadership=0, ChatLimitTime=0, FruitPoint=0 WHERE Name = 'datddddddd'
UPDATE Character SET cLevel=3,Class=16,LevelUpPoint=10, Experience=440, Strength=28, Dexterity=20, Vitality=25, Energy=10, Money=0, Life=1140.000000, MaxLife=1140.000000, Mana=210.000000, MaxMana=210.000000, MapNumber=0, MapPosX=178, MapPosY=121, MapDir=2, PkCount=0, PkLevel=3, PkTime=0, DbVersion=3, Leadership=0, ChatLimitTime=0, FruitPoint=0 WHERE Name = 'datddddddd'
EXEC WZ_GetItemSerial
UPDATE Character SET cLevel=4,Class=16,LevelUpPoint=15, Experience=1080, Strength=28, Dexterity=20, Vitality=25, Energy=10, Money=137, Life=1160.000000, MaxLife=1160.000000, Mana=215.000000, MaxMana=215.000000, MapNumber=0, MapPosX=178, MapPosY=122, MapDir=7, PkCount=0, PkLevel=3, PkTime=0, DbVersion=3, Leadership=0, ChatLimitTime=0, FruitPoint=0 WHERE Name = 'datddddddd'
UPDATE Character SET cLevel=5,Class=16,LevelUpPoint=20, Experience=2080, Strength=28, Dexterity=20, Vitality=25, Energy=10, Money=137, Life=1180.000000, MaxLife=1180.000000, Mana=220.000000, MaxMana=220.000000, MapNumber=0, MapPosX=178, MapPosY=122, MapDir=1, PkCount=0, PkLevel=3, PkTime=0, DbVersion=3, Leadership=0, ChatLimitTime=0, FruitPoint=0 WHERE Name = 'datddddddd'
EXEC WZ_GetItemSerial
EXEC WZ_GetItemSerial
UPDATE Character SET cLevel=6,Class=16,LevelUpPoint=25, Experience=3500, Strength=28, Dexterity=20, Vitality=25, Energy=10, Money=137, Life=1200.000000, MaxLife=1200.000000, Mana=225.000000, MaxMana=225.000000, MapNumber=0, MapPosX=177, MapPosY=125, MapDir=5, PkCount=0, PkLevel=3, PkTime=0, DbVersion=3, Leadership=0, ChatLimitTime=0, FruitPoint=0 WHERE Name = 'datddddddd'
EXEC WZ_GetItemSerial
UPDATE Character SET cLevel=7,Class=16,LevelUpPoint=30, Experience=5400, Strength=28, Dexterity=20, Vitality=25, Energy=10, Money=137, Life=1220.000000, MaxLife=1220.000000, Mana=230.000000, MaxMana=230.000000, MapNumber=0, MapPosX=177, MapPosY=125, MapDir=5, PkCount=0, PkLevel=3, PkTime=0, DbVersion=3, Leadership=0, ChatLimitTime=0, FruitPoint=0 WHERE Name = 'datddddddd'
EXEC WZ_GetItemSerial
UPDATE Character SET cLevel=8,Class=16,LevelUpPoint=35, Experience=7840, Strength=28, Dexterity=20, Vitality=25, Energy=10, Money=137, Life=1240.000000, MaxLife=1240.000000, Mana=235.000000, MaxMana=235.000000, MapNumber=0, MapPosX=177, MapPosY=127, MapDir=7, PkCount=0, PkLevel=3, PkTime=0, DbVersion=3, Leadership=0, ChatLimitTime=0, FruitPoint=0 WHERE Name = 'datddddddd'
EXEC WZ_GetItemSerial
EXEC WZ_GetItemSerial
EXEC WZ_GetItemSerial
UPDATE Character SET cLevel=9,Class=16,LevelUpPoint=40, Experience=10880, Strength=28, Dexterity=20, Vitality=25, Energy=10, Money=137, Life=1260.000000, MaxLife=1260.000000, Mana=240.000000, MaxMana=240.000000, MapNumber=0, MapPosX=178, MapPosY=128, MapDir=1, PkCount=0, PkLevel=3, PkTime=0, DbVersion=3, Leadership=0, ChatLimitTime=0, FruitPoint=0 WHERE Name = 'datddddddd'
EXEC WZ_GetItemSerial
UPDATE Character SET cLevel=10,Class=16,LevelUpPoint=45, Experience=14580, Strength=28, Dexterity=20, Vitality=25, Energy=10, Money=234, Life=1280.000000, MaxLife=1280.000000, Mana=245.000000, MaxMana=245.000000, MapNumber=0, MapPosX=176, MapPosY=125, MapDir=7, PkCount=0, PkLevel=3, PkTime=0, DbVersion=3, Leadership=0, ChatLimitTime=0, FruitPoint=0 WHERE Name = 'datddddddd'
EXEC WZ_GetItemSerial
EXEC WZ_GetItemSerial
EXEC WZ_GetItemSerial
UPDATE Character SET cLevel=11,Class=16,LevelUpPoint=50, Experience=19000, Strength=28, Dexterity=20, Vitality=25, Energy=10, Money=712, Life=1300.000000, MaxLife=1300.000000, Mana=250.000000, MaxMana=250.000000, MapNumber=0, MapPosX=179, MapPosY=126, MapDir=7, PkCount=0, PkLevel=3, PkTime=0, DbVersion=3, Leadership=0, ChatLimitTime=0, FruitPoint=0 WHERE Name = 'datddddddd'
EXEC WZ_GetItemSerial
EXEC WZ_GetItemSerial
EXEC WZ_GetItemSerial
UPDATE Character SET cLevel=12,Class=16,LevelUpPoint=55, Experience=24200, Strength=28, Dexterity=20, Vitality=25, Energy=10, Money=712, Life=1320.000000, MaxLife=1320.000000, Mana=255.000000, MaxMana=255.000000, MapNumber=0, MapPosX=179, MapPosY=126, MapDir=7, PkCount=0, PkLevel=3, PkTime=0, DbVersion=3, Leadership=0, ChatLimitTime=0, FruitPoint=0 WHERE Name = 'datddddddd'
EXEC WZ_GetItemSerial
SELECT Name FROM OptionData WHERE Name='datddddddd'
INSERT INTO OptionData (Name, GameOption, Qkey, Wkey, Ekey, ChatWindow, Rkey, QWERLevel) VALUES ('datddddddd', 10, 0, 0, 0, 0, 0, 712)
UPDATE Character SET cLevel=12,Class=16,LevelUpPoint=55, Experience=24200, Strength=28, Dexterity=20, Vitality=25, Energy=10, Money=834, Life=1320.000000, MaxLife=1320.000000, Mana=255.000000, MaxMana=255.000000, MapNumber=0, MapPosX=168, MapPosY=127, MapDir=6, PkCount=0, PkLevel=3, PkTime=0, DbVersion=3, Leadership=0, ChatLimitTime=0, FruitPoint=0 WHERE Name = 'datddddddd'
SELECT Summoner FROM AccountCharacter WHERE Id = 'datga'
SELECT * FROM AccountCharacter WHERE Id = 'datga'
SELECT cLevel, Class, CtlCode, DbVersion FROM vCharacterPreview WHERE Name='DatGa'
SELECT G_Status FROM GuildMember WHERE Name='DatGa'
SELECT cLevel, Class, CtlCode, DbVersion FROM vCharacterPreview WHERE Name='fasdfasdf'
SELECT G_Status FROM GuildMember WHERE Name='fasdfasdf'
SELECT cLevel, Class, CtlCode, DbVersion FROM vCharacterPreview WHERE Name='asfasdfasf'
SELECT G_Status FROM GuildMember WHERE Name='asfasdfasf'
SELECT cLevel, Class, CtlCode, DbVersion FROM vCharacterPreview WHERE Name='datddddddd'
SELECT G_Status FROM GuildMember WHERE Name='datddddddd'
SELECT cLevel, Class, CtlCode, DbVersion FROM vCharacterPreview WHERE Name='test1'
SELECT G_Status FROM GuildMember WHERE Name='test1'
SELECT cLevel, Class, LevelUpPoint, Experience, Strength, Dexterity, Vitality, Energy, Money, Life, MaxLife, Mana, MaxMana, MapNumber, MapPosX, MapPosY, MapDir, PkCount, PkLevel, PkTime, CtlCode, DbVersion, Leadership, ChatLimitTime, FruitPoint, Resets FROM Character WHERE Name='datddddddd'
UPDATE AccountCharacter SET GameIDC = 'datddddddd' WHERE Id = 'datga'
SELECT * FROM OptionData WHERE Name='datddddddd'
WZ_PeriodItemSelect 19, 'datddddddd'
UPDATE Character SET cLevel=12,Class=16,LevelUpPoint=55, Experience=24200, Strength=28, Dexterity=20, Vitality=25, Energy=10, Money=834, Life=1320.000000, MaxLife=1320.000000, Mana=255.000000, MaxMana=255.000000, MapNumber=0, MapPosX=160, MapPosY=128, MapDir=0, PkCount=0, PkLevel=3, PkTime=0, DbVersion=3, Leadership=0, ChatLimitTime=0, FruitPoint=0 WHERE Name = 'datddddddd'
Connection Closed, dwIoSize == 0 (Index:1)
[ VOZ ][ 127.0.0.1:55901 ] GameServer Close
SELECT ItemCount FROM GameServerInfo WHERE Number = 0
[ VOZ ][ 127.0.0.1:55901 ] GameServer Connect 
SELECT Summoner FROM AccountCharacter WHERE Id = 'datga'
SELECT * FROM AccountCharacter WHERE Id = 'datga'
SELECT cLevel, Class, CtlCode, DbVersion FROM vCharacterPreview WHERE Name='DatGa'
SELECT G_Status FROM GuildMember WHERE Name='DatGa'
SELECT cLevel, Class, CtlCode, DbVersion FROM vCharacterPreview WHERE Name='fasdfasdf'
SELECT G_Status FROM GuildMember WHERE Name='fasdfasdf'
SELECT cLevel, Class, CtlCode, DbVersion FROM vCharacterPreview WHERE Name='asfasdfasf'
SELECT G_Status FROM GuildMember WHERE Name='asfasdfasf'
SELECT cLevel, Class, CtlCode, DbVersion FROM vCharacterPreview WHERE Name='datddddddd'
SELECT G_Status FROM GuildMember WHERE Name='datddddddd'
SELECT cLevel, Class, CtlCode, DbVersion FROM vCharacterPreview WHERE Name='test1'
SELECT G_Status FROM GuildMember WHERE Name='test1'
SELECT cLevel, Class, LevelUpPoint, Experience, Strength, Dexterity, Vitality, Energy, Money, Life, MaxLife, Mana, MaxMana, MapNumber, MapPosX, MapPosY, MapDir, PkCount, PkLevel, PkTime, CtlCode, DbVersion, Leadership, ChatLimitTime, FruitPoint, Resets FROM Character WHERE Name='asfasdfasf'
UPDATE AccountCharacter SET GameIDC = 'asfasdfasf' WHERE Id = 'datga'
SELECT * FROM OptionData WHERE Name='asfasdfasf'
WZ_PeriodItemSelect 19, 'asfasdfasf'
UPDATE Character SET cLevel=282,Class=66,LevelUpPoint=883, Experience=253149098, Strength=26000, Dexterity=20000, Vitality=20000, Energy=14999, Money=2940862, Life=51597.000000, MaxLife=11499.000000, Mana=15441.000000, MaxMana=31362.000000, MapNumber=2, MapPosX=209, MapPosY=43, MapDir=3, PkCount=0, PkLevel=3, PkTime=0, DbVersion=3, Leadership=25000, ChatLimitTime=0, FruitPoint=3 WHERE Name = 'asfasdfasf'
SELECT Summoner FROM AccountCharacter WHERE Id = 'datga'
SELECT * FROM AccountCharacter WHERE Id = 'datga'
SELECT cLevel, Class, CtlCode, DbVersion FROM vCharacterPreview WHERE Name='DatGa'
SELECT G_Status FROM GuildMember WHERE Name='DatGa'
SELECT cLevel, Class, CtlCode, DbVersion FROM vCharacterPreview WHERE Name='fasdfasdf'
SELECT G_Status FROM GuildMember WHERE Name='fasdfasdf'
SELECT cLevel, Class, CtlCode, DbVersion FROM vCharacterPreview WHERE Name='asfasdfasf'
SELECT G_Status FROM GuildMember WHERE Name='asfasdfasf'
SELECT cLevel, Class, CtlCode, DbVersion FROM vCharacterPreview WHERE Name='datddddddd'
SELECT G_Status FROM GuildMember WHERE Name='datddddddd'
SELECT cLevel, Class, CtlCode, DbVersion FROM vCharacterPreview WHERE Name='test1'
SELECT G_Status FROM GuildMember WHERE Name='test1'
SELECT cLevel, Class, LevelUpPoint, Experience, Strength, Dexterity, Vitality, Energy, Money, Life, MaxLife, Mana, MaxMana, MapNumber, MapPosX, MapPosY, MapDir, PkCount, PkLevel, PkTime, CtlCode, DbVersion, Leadership, ChatLimitTime, FruitPoint, Resets FROM Character WHERE Name='datddddddd'
UPDATE AccountCharacter SET GameIDC = 'datddddddd' WHERE Id = 'datga'
SELECT * FROM OptionData WHERE Name='datddddddd'
WZ_PeriodItemSelect 19, 'datddddddd'
UPDATE Character SET cLevel=12,Class=16,LevelUpPoint=55, Experience=24200, Strength=28, Dexterity=20, Vitality=25, Energy=10, Money=826, Life=1320.000000, MaxLife=1320.000000, Mana=255.000000, MaxMana=255.000000, MapNumber=0, MapPosX=134, MapPosY=139, MapDir=2, PkCount=0, PkLevel=3, PkTime=0, DbVersion=3, Leadership=0, ChatLimitTime=0, FruitPoint=0 WHERE Name = 'datddddddd'
SELECT Summoner FROM AccountCharacter WHERE Id = 'datga'
SELECT * FROM AccountCharacter WHERE Id = 'datga'
SELECT cLevel, Class, CtlCode, DbVersion FROM vCharacterPreview WHERE Name='DatGa'
SELECT G_Status FROM GuildMember WHERE Name='DatGa'
SELECT cLevel, Class, CtlCode, DbVersion FROM vCharacterPreview WHERE Name='fasdfasdf'
SELECT G_Status FROM GuildMember WHERE Name='fasdfasdf'
SELECT cLevel, Class, CtlCode, DbVersion FROM vCharacterPreview WHERE Name='asfasdfasf'
SELECT G_Status FROM GuildMember WHERE Name='asfasdfasf'
SELECT cLevel, Class, CtlCode, DbVersion FROM vCharacterPreview WHERE Name='datddddddd'
SELECT G_Status FROM GuildMember WHERE Name='datddddddd'
SELECT cLevel, Class, CtlCode, DbVersion FROM vCharacterPreview WHERE Name='test1'
SELECT G_Status FROM GuildMember WHERE Name='test1'
SELECT cLevel, Class, LevelUpPoint, Experience, Strength, Dexterity, Vitality, Energy, Money, Life, MaxLife, Mana, MaxMana, MapNumber, MapPosX, MapPosY, MapDir, PkCount, PkLevel, PkTime, CtlCode, DbVersion, Leadership, ChatLimitTime, FruitPoint, Resets FROM Character WHERE Name='asfasdfasf'
UPDATE AccountCharacter SET GameIDC = 'asfasdfasf' WHERE Id = 'datga'
SELECT * FROM OptionData WHERE Name='asfasdfasf'
WZ_PeriodItemSelect 19, 'asfasdfasf'
WZ_PeriodItemInsert 19, 'asfasdfasf', 6699, 2, 6, 0, 180, '2013-9-3 0:42'
UPDATE Character SET cLevel=282,Class=66,LevelUpPoint=883, Experience=253149098, Strength=26000, Dexterity=20000, Vitality=20000, Energy=14999, Money=2940862, Life=51597.000000, MaxLife=11499.000000, Mana=10892.000000, MaxMana=31362.000000, MapNumber=2, MapPosX=210, MapPosY=51, MapDir=2, PkCount=0, PkLevel=3, PkTime=0, DbVersion=3, Leadership=25000, ChatLimitTime=0, FruitPoint=3 WHERE Name = 'asfasdfasf'
SELECT Summoner FROM AccountCharacter WHERE Id = 'datga'
SELECT * FROM AccountCharacter WHERE Id = 'datga'
SELECT cLevel, Class, CtlCode, DbVersion FROM vCharacterPreview WHERE Name='DatGa'
SELECT G_Status FROM GuildMember WHERE Name='DatGa'
SELECT cLevel, Class, CtlCode, DbVersion FROM vCharacterPreview WHERE Name='fasdfasdf'
SELECT G_Status FROM GuildMember WHERE Name='fasdfasdf'
SELECT cLevel, Class, CtlCode, DbVersion FROM vCharacterPreview WHERE Name='asfasdfasf'
SELECT G_Status FROM GuildMember WHERE Name='asfasdfasf'
SELECT cLevel, Class, CtlCode, DbVersion FROM vCharacterPreview WHERE Name='datddddddd'
SELECT G_Status FROM GuildMember WHERE Name='datddddddd'
SELECT cLevel, Class, CtlCode, DbVersion FROM vCharacterPreview WHERE Name='test1'
SELECT G_Status FROM GuildMember WHERE Name='test1'
SELECT cLevel, Class, LevelUpPoint, Experience, Strength, Dexterity, Vitality, Energy, Money, Life, MaxLife, Mana, MaxMana, MapNumber, MapPosX, MapPosY, MapDir, PkCount, PkLevel, PkTime, CtlCode, DbVersion, Leadership, ChatLimitTime, FruitPoint, Resets FROM Character WHERE Name='asfasdfasf'
UPDATE AccountCharacter SET GameIDC = 'asfasdfasf' WHERE Id = 'datga'
SELECT * FROM OptionData WHERE Name='asfasdfasf'
WZ_PeriodItemSelect 19, 'asfasdfasf'
UPDATE Character SET cLevel=282,Class=66,LevelUpPoint=883, Experience=253149098, Strength=26000, Dexterity=20000, Vitality=20000, Energy=14999, Money=2940862, Life=51597.000000, MaxLife=11499.000000, Mana=44631.000000, MaxMana=31362.000000, MapNumber=2, MapPosX=210, MapPosY=51, MapDir=5, PkCount=0, PkLevel=3, PkTime=0, DbVersion=3, Leadership=25000, ChatLimitTime=0, FruitPoint=3 WHERE Name = 'asfasdfasf'
SELECT Summoner FROM AccountCharacter WHERE Id = 'datga'
SELECT * FROM AccountCharacter WHERE Id = 'datga'
SELECT cLevel, Class, CtlCode, DbVersion FROM vCharacterPreview WHERE Name='DatGa'
SELECT G_Status FROM GuildMember WHERE Name='DatGa'
SELECT cLevel, Class, CtlCode, DbVersion FROM vCharacterPreview WHERE Name='fasdfasdf'
SELECT G_Status FROM GuildMember WHERE Name='fasdfasdf'
SELECT cLevel, Class, CtlCode, DbVersion FROM vCharacterPreview WHERE Name='asfasdfasf'
SELECT G_Status FROM GuildMember WHERE Name='asfasdfasf'
SELECT cLevel, Class, CtlCode, DbVersion FROM vCharacterPreview WHERE Name='datddddddd'
SELECT G_Status FROM GuildMember WHERE Name='datddddddd'
SELECT cLevel, Class, CtlCode, DbVersion FROM vCharacterPreview WHERE Name='test1'
SELECT G_Status FROM GuildMember WHERE Name='test1'
SELECT cLevel, Class, LevelUpPoint, Experience, Strength, Dexterity, Vitality, Energy, Money, Life, MaxLife, Mana, MaxMana, MapNumber, MapPosX, MapPosY, MapDir, PkCount, PkLevel, PkTime, CtlCode, DbVersion, Leadership, ChatLimitTime, FruitPoint, Resets FROM Character WHERE Name='asfasdfasf'
UPDATE AccountCharacter SET GameIDC = 'asfasdfasf' WHERE Id = 'datga'
SELECT * FROM OptionData WHERE Name='asfasdfasf'
WZ_PeriodItemSelect 19, 'asfasdfasf'
UPDATE Character SET cLevel=282,Class=66,LevelUpPoint=883, Experience=253149098, Strength=26000, Dexterity=20000, Vitality=20000, Energy=14999, Money=2940862, Life=51597.000000, MaxLife=11499.000000, Mana=61500.000000, MaxMana=31362.000000, MapNumber=2, MapPosX=210, MapPosY=51, MapDir=2, PkCount=0, PkLevel=3, PkTime=0, DbVersion=3, Leadership=25000, ChatLimitTime=0, FruitPoint=3 WHERE Name = 'asfasdfasf'
SELECT Summoner FROM AccountCharacter WHERE Id = 'datga'
SELECT * FROM AccountCharacter WHERE Id = 'datga'
SELECT cLevel, Class, CtlCode, DbVersion FROM vCharacterPreview WHERE Name='DatGa'
SELECT G_Status FROM GuildMember WHERE Name='DatGa'
SELECT cLevel, Class, CtlCode, DbVersion FROM vCharacterPreview WHERE Name='fasdfasdf'
SELECT G_Status FROM GuildMember WHERE Name='fasdfasdf'
SELECT cLevel, Class, CtlCode, DbVersion FROM vCharacterPreview WHERE Name='asfasdfasf'
SELECT G_Status FROM GuildMember WHERE Name='asfasdfasf'
SELECT cLevel, Class, CtlCode, DbVersion FROM vCharacterPreview WHERE Name='datddddddd'
SELECT G_Status FROM GuildMember WHERE Name='datddddddd'
SELECT cLevel, Class, CtlCode, DbVersion FROM vCharacterPreview WHERE Name='test1'
SELECT G_Status FROM GuildMember WHERE Name='test1'
SELECT cLevel, Class, LevelUpPoint, Experience, Strength, Dexterity, Vitality, Energy, Money, Life, MaxLife, Mana, MaxMana, MapNumber, MapPosX, MapPosY, MapDir, PkCount, PkLevel, PkTime, CtlCode, DbVersion, Leadership, ChatLimitTime, FruitPoint, Resets FROM Character WHERE Name='asfasdfasf'
UPDATE AccountCharacter SET GameIDC = 'asfasdfasf' WHERE Id = 'datga'
SELECT * FROM OptionData WHERE Name='asfasdfasf'
WZ_PeriodItemSelect 19, 'asfasdfasf'
EXEC WZ_GetItemSerial
EXEC WZ_GetItemSerial
EXEC WZ_GetItemSerial
EXEC WZ_GetItemSerial
EXEC WZ_GetItemSerial
EXEC WZ_GetItemSerial
EXEC WZ_GetItemSerial
EXEC WZ_GetItemSerial
EXEC WZ_GetItemSerial
EXEC WZ_GetItemSerial
EXEC WZ_GetItemSerial
EXEC WZ_GetItemSerial
EXEC WZ_GetItemSerial
EXEC WZ_GetItemSerial
EXEC WZ_GetItemSerial
EXEC WZ_GetItemSerial
EXEC WZ_GetItemSerial
EXEC WZ_GetItemSerial
UPDATE Character SET cLevel=283,Class=66,LevelUpPoint=890, Experience=257658840, Strength=26000, Dexterity=20000, Vitality=20000, Energy=14999, Money=2920862, Life=11514.000000, MaxLife=11514.000000, Mana=31372.000000, MaxMana=31372.000000, MapNumber=16, MapPosX=14, MapPosY=61, MapDir=4, PkCount=0, PkLevel=3, PkTime=0, DbVersion=3, Leadership=25000, ChatLimitTime=0, FruitPoint=3 WHERE Name = 'asfasdfasf'
EXEC WZ_GetItemSerial
EXEC WZ_GetItemSerial
EXEC WZ_GetItemSerial
EXEC WZ_GetItemSerial
EXEC WZ_GetItemSerial
EXEC WZ_GetItemSerial
EXEC WZ_GetItemSerial
EXEC WZ_GetItemSerial
EXEC WZ_GetItemSerial
EXEC WZ_GetItemSerial
EXEC WZ_GetItemSerial
EXEC WZ_GetItemSerial
EXEC WZ_GetItemSerial
EXEC WZ_GetItemSerial
EXEC WZ_GetItemSerial
EXEC WZ_GetItemSerial
EXEC WZ_GetItemSerial
EXEC WZ_GetItemSerial
EXEC WZ_GetItemSerial
EXEC WZ_GetItemSerial
EXEC WZ_GetItemSerial
EXEC WZ_GetItemSerial
EXEC WZ_GetItemSerial
EXEC WZ_GetItemSerial
EXEC WZ_GetItemSerial
EXEC WZ_GetItemSerial
UPDATE Character SET cLevel=284,Class=66,LevelUpPoint=897, Experience=262867880, Strength=26000, Dexterity=20000, Vitality=20000, Energy=14999, Money=2920862, Life=11529.000000, MaxLife=11529.000000, Mana=31382.000000, MaxMana=31382.000000, MapNumber=16, MapPosX=15, MapPosY=82, MapDir=5, PkCount=0, PkLevel=3, PkTime=0, DbVersion=3, Leadership=25000, ChatLimitTime=0, FruitPoint=3 WHERE Name = 'asfasdfasf'
EXEC WZ_GetItemSerial
EXEC WZ_GetItemSerial
EXEC WZ_GetItemSerial
EXEC WZ_GetItemSerial
EXEC WZ_GetItemSerial
EXEC WZ_GetItemSerial
EXEC WZ_GetItemSerial
EXEC WZ_GetItemSerial
EXEC WZ_GetItemSerial
EXEC WZ_GetItemSerial
UPDATE Character SET cLevel=284,Class=66,LevelUpPoint=897, Experience=266085697, Strength=26000, Dexterity=20000, Vitality=20000, Energy=14999, Money=2920862, Life=11529.000000, MaxLife=11529.000000, Mana=31382.000000, MaxMana=31382.000000, MapNumber=16, MapPosX=11, MapPosY=10, MapDir=7, PkCount=0, PkLevel=3, PkTime=0, DbVersion=3, Leadership=25000, ChatLimitTime=0, FruitPoint=3 WHERE Name = 'asfasdfasf'
EXEC WZ_GetItemSerial
UPDATE Character SET cLevel=284,Class=66,LevelUpPoint=897, Experience=266085697, Strength=26000, Dexterity=20000, Vitality=20000, Energy=14999, Money=3160862, Life=11529.000000, MaxLife=11529.000000, Mana=31382.000000, MaxMana=31382.000000, MapNumber=3, MapPosX=175, MapPosY=109, MapDir=4, PkCount=0, PkLevel=3, PkTime=0, DbVersion=3, Leadership=25000, ChatLimitTime=0, FruitPoint=3 WHERE Name = 'asfasdfasf'
UPDATE Character SET cLevel=284,Class=66,LevelUpPoint=897, Experience=266085697, Strength=26000, Dexterity