[ MuOnline ] connection successful !
[ DataServer ] created on port [ 55960 ]
SELECT ItemCount FROM GameServerInfo WHERE Number = 0
[ VOZ ][ 127.0.0.1:55901 ] GameServer Connect 
EXEC WZ_CS_GetCastleTotalInfo 0, 7
EXEC WZ_CS_GetCastleNpcInfo 0
EXEC WZ_CW_InfoLoad 0
Connection Closed, dwIoSize == 0 (Index:1)
[ VOZ ][ 127.0.0.1:55901 ] GameServer Close
SELECT ItemCount FROM GameServerInfo WHERE Number = 0
[ VOZ ][ 127.0.0.1:55901 ] GameServer Connect 
EXEC WZ_CS_GetCastleTotalInfo 0, 7
EXEC WZ_CS_GetCastleNpcInfo 0
EXEC WZ_CW_InfoLoad 0
Connection Closed, dwIoSize == 0 (Index:1)
[ VOZ ][ 127.0.0.1:55901 ] GameServer Close
SELECT ItemCount FROM GameServerInfo WHERE Number = 0
[ VOZ ][ 127.0.0.1:55901 ] GameServer Connect 
SELECT Summoner FROM AccountCharacter WHERE Id = 'datga'
SELECT * FROM AccountCharacter WHERE Id = 'datga'
SELECT cLevel, Class, CtlCode, DbVersion FROM vCharacterPreview WHERE Name='DatGa'
SELECT G_Status FROM GuildMember WHERE Name='DatGa'
SELECT cLevel, Class, CtlCode, DbVersion FROM vCharacterPreview WHERE Name='fasdfasdf'
SELECT G_Status FROM GuildMember WHERE Name='fasdfasdf'
SELECT cLevel, Class, CtlCode, DbVersion FROM vCharacterPreview WHERE Name='asfasdfasf'
SELECT G_Status FROM GuildMember WHERE Name='asfasdfasf'
SELECT cLevel, Class, CtlCode, DbVersion FROM vCharacterPreview WHERE Name='dddddd'
SELECT G_Status FROM GuildMember WHERE Name='dddddd'
SELECT cLevel, Class, CtlCode, DbVersion FROM vCharacterPreview WHERE Name='test1'
SELECT G_Status FROM GuildMember WHERE Name='test1'
SELECT cLevel, Class, LevelUpPoint, Experience, Strength, Dexterity, Vitality, Energy, Money, Life, MaxLife, Mana, MaxMana, MapNumber, MapPosX, MapPosY, MapDir, PkCount, PkLevel, PkTime, CtlCode, DbVersion, Leadership, ChatLimitTime, FruitPoint, Resets FROM Character WHERE Name='DatGa'
UPDATE AccountCharacter SET GameIDC = 'DatGa' WHERE Id = 'datga'
SELECT * FROM OptionData WHERE Name='DatGa'
WZ_PeriodItemSelect 19, 'DatGa'
UPDATE Character SET cLevel=119,Class=1,LevelUpPoint=334, Experience=17849705, Strength=344, Dexterity=2760, Vitality=103, Energy=3330, Money=482846895, Life=4240.000000, MaxLife=3540.000000, Mana=38171.000000, MaxMana=3424.000000, MapNumber=3, MapPosX=177, MapPosY=100, MapDir=5, PkCount=0, PkLevel=3, PkTime=0, DbVersion=3, Leadership=0, ChatLimitTime=0, FruitPoint=0 WHERE Name = 'DatGa'
SELECT Summoner FROM AccountCharacter WHERE Id = 'datga'
SELECT * FROM AccountCharacter WHERE Id = 'datga'
SELECT cLevel, Class, CtlCode, DbVersion FROM vCharacterPreview WHERE Name='DatGa'
SELECT G_Status FROM GuildMember WHERE Name='DatGa'
SELECT cLevel, Class, CtlCode, DbVersion FROM vCharacterPreview WHERE Name='fasdfasdf'
SELECT G_Status FROM GuildMember WHERE Name='fasdfasdf'
SELECT cLevel, Class, CtlCode, DbVersion FROM vCharacterPreview WHERE Name='asfasdfasf'
SELECT G_Status FROM GuildMember WHERE Name='asfasdfasf'
SELECT cLevel, Class, CtlCode, DbVersion FROM vCharacterPreview WHERE Name='dddddd'
SELECT G_Status FROM GuildMember WHERE Name='dddddd'
SELECT cLevel, Class, CtlCode, DbVersion FROM vCharacterPreview WHERE Name='test1'
SELECT G_Status FROM GuildMember WHERE Name='test1'
SELECT cLevel, Class, LevelUpPoint, Experience, Strength, Dexterity, Vitality, Energy, Money, Life, MaxLife, Mana, MaxMana, MapNumber, MapPosX, MapPosY, MapDir, PkCount, PkLevel, PkTime, CtlCode, DbVersion, Leadership, ChatLimitTime, FruitPoint, Resets FROM Character WHERE Name='DatGa'
UPDATE AccountCharacter SET GameIDC = 'DatGa' WHERE Id = 'datga'
SELECT * FROM OptionData WHERE Name='DatGa'
WZ_PeriodItemSelect 19, 'DatGa'
UPDATE Character SET cLevel=119,Class=1,LevelUpPoint=334, Experience=17849705, Strength=344, Dexterity=2760, Vitality=103, Energy=3330, Money=482846895, Life=4240.000000, MaxLife=3540.000000, Mana=41333.000000, MaxMana=3424.000000, MapNumber=3, MapPosX=177, MapPosY=100, MapDir=0, PkCount=0, PkLevel=3, PkTime=0, DbVersion=3, Leadership=0, ChatLimitTime=0, FruitPoint=0 WHERE Name = 'DatGa'
SELECT Summoner FROM AccountCharacter WHERE Id = 'datga'
SELECT * FROM AccountCharacter WHERE Id = 'datga'
SELECT cLevel, Class, CtlCode, DbVersion FROM vCharacterPreview WHERE Name='DatGa'
SELECT G_Status FROM GuildMember WHERE Name='DatGa'
SELECT cLevel, Class, CtlCode, DbVersion FROM vCharacterPreview WHERE Name='fasdfasdf'
SELECT G_Status FROM GuildMember WHERE Name='fasdfasdf'
SELECT cLevel, Class, CtlCode, DbVersion FROM vCharacterPreview WHERE Name='asfasdfasf'
SELECT G_Status FROM GuildMember WHERE Name='asfasdfasf'
SELECT cLevel, Class, CtlCode, DbVersion FROM vCharacterPreview WHERE Name='dddddd'
SELECT G_Status FROM GuildMember WHERE Name='dddddd'
SELECT cLevel, Class, CtlCode, DbVersion FROM vCharacterPreview WHERE Name='test1'
SELECT G_Status FROM GuildMember WHERE Name='test1'
SELECT cLevel, Class, LevelUpPoint, Experience, Strength, Dexterity, Vitality, Energy, Money, Life, MaxLife, Mana, MaxMana, MapNumber, MapPosX, MapPosY, MapDir, PkCount, PkLevel, PkTime, CtlCode, DbVersion, Leadership, ChatLimitTime, FruitPoint, Resets FROM Character WHERE Name='DatGa'
UPDATE AccountCharacter SET GameIDC = 'DatGa' WHERE Id = 'datga'
SELECT * FROM OptionData WHERE Name='DatGa'
WZ_PeriodItemSelect 19, 'DatGa'
UPDATE Character SET cLevel=119,Class=1,LevelUpPoint=334, Experience=17849705, Strength=344, Dexterity=2760, Vitality=103, Energy=3330, Money=482846895, Life=4240.000000, MaxLife=3540.000000, Mana=19924.000000, MaxMana=3424.000000, MapNumber=3, MapPosX=176, MapPosY=98, MapDir=4, PkCount=0, PkLevel=3, PkTime=0, DbVersion=3, Leadership=0, ChatLimitTime=0, FruitPoint=0 WHERE Name = 'DatGa'
SELECT Summoner FROM AccountCharacter WHERE Id = 'datga'
SELECT * FROM AccountCharacter WHERE Id = 'datga'
SELECT cLevel, Class, CtlCode, DbVersion FROM vCharacterPreview WHERE Name='DatGa'
SELECT G_Status FROM GuildMember WHERE Name='DatGa'
SELECT cLevel, Class, CtlCode, DbVersion FROM vCharacterPreview WHERE Name='fasdfasdf'
SELECT G_Status FROM GuildMember WHERE Name='fasdfasdf'
SELECT cLevel, Class, CtlCode, DbVersion FROM vCharacterPreview WHERE Name='asfasdfasf'
SELECT G_Status FROM GuildMember WHERE Name='asfasdfasf'
SELECT cLevel, Class, CtlCode, DbVersion FROM vCharacterPreview WHERE Name='dddddd'
SELECT G_Status FROM GuildMember WHERE Name='dddddd'
SELECT cLevel, Class, CtlCode, DbVersion FROM vCharacterPreview WHERE Name='test1'
SELECT G_Status FROM GuildMember WHERE Name='test1'
SELECT cLevel, Class, LevelUpPoint, Experience, Strength, Dexterity, Vitality, Energy, Money, Life, MaxLife, Mana, MaxMana, MapNumber, MapPosX, MapPosY, MapDir, PkCount, PkLevel, PkTime, CtlCode, DbVersion, Leadership, ChatLimitTime, FruitPoint, Resets FROM Character WHERE Name='DatGa'
UPDATE AccountCharacter SET GameIDC = 'DatGa' WHERE Id = 'datga'
SELECT * FROM OptionData WHERE Name='DatGa'
WZ_PeriodItemSelect 19, 'DatGa'
EXEC WZ_GetItemSerial
UPDATE Character SET cLevel=119,Class=1,LevelUpPoint=334, Experience=17853280, Strength=344, Dexterity=2760, Vitality=103, Energy=3330, Money=482847710, Life=4240.000000, MaxLife=3540.000000, Mana=19924.000000, MaxMana=3424.000000, MapNumber=3, MapPosX=130, MapPosY=118, MapDir=5, PkCount=0, PkLevel=3, PkTime=0, DbVersion=3, Leadership=0, ChatLimitTime=0, FruitPoint=0 WHERE Name = 'DatGa'
SELECT Summoner FROM AccountCharacter WHERE Id = 'datga'
SELECT * FROM AccountCharacter WHERE Id = 'datga'
SELECT cLevel, Class, CtlCode, DbVersion FROM vCharacterPreview WHERE Name='DatGa'
SELECT G_Status FROM GuildMember WHERE Name='DatGa'
SELECT cLevel, Class, CtlCode, DbVersion FROM vCharacterPreview WHERE Name='fasdfasdf'
SELECT G_Status FROM GuildMember WHERE Name='fasdfasdf'
SELECT cLevel, Class, CtlCode, DbVersion FROM vCharacterPreview WHERE Name='asfasdfasf'
SELECT G_Status FROM GuildMember WHERE Name='asfasdfasf'
SELECT cLevel, Class, CtlCode, DbVersion FROM vCharacterPreview WHERE Name='dddddd'
SELECT G_Status FROM GuildMember WHERE Name='dddddd'
SELECT cLevel, Class, CtlCode, DbVersion FROM vCharacterPreview WHERE Name='test1'
SELECT G_Status FROM GuildMember WHERE Name='test1'
SELECT cLevel, Class, LevelUpPoint, Experience, Strength, Dexterity, Vitality, Energy, Money, Life, MaxLife, Mana, MaxMana, MapNumber, MapPosX, MapPosY, MapDir, PkCount, PkLevel, PkTime, CtlCode, DbVersion, Leadership, ChatLimitTime, FruitPoint, Resets FROM Character WHERE Name='DatGa'
UPDATE AccountCharacter SET GameIDC = 'DatGa' WHERE Id = 'datga'
SELECT * FROM OptionData WHERE Name='DatGa'
WZ_PeriodItemSelect 19, 'DatGa'
EXEC WZ_GetItemSerial
EXEC WZ_GetItemSerial
EXEC WZ_GetItemSerial
EXEC WZ_GetItemSerial
UPDATE Character SET cLevel=119,Class=1,LevelUpPoint=334, Experience=17874105, Strength=344, Dexterity=2760, Vitality=103, Energy=3330, Money=482847710, Life=4240.000000, MaxLife=3540.000000, Mana=19924.000000, MaxMana=3424.000000, MapNumber=3, MapPosX=55, MapPosY=67, MapDir=1, PkCount=0, PkLevel=3, PkTime=0, DbVersion=3, Leadership=0, ChatLimitTime=0, FruitPoint=0 WHERE Name = 'DatGa'
SELECT Summoner FROM AccountCharacter WHERE Id = 'datga'
SELECT * FROM AccountCharacter WHERE Id = 'datga'
SELECT cLevel, Class, CtlCode, DbVersion FROM vCharacterPreview WHERE Name='DatGa'
SELECT G_Status FROM GuildMember WHERE Name='DatGa'
SELECT cLevel, Class, CtlCode, DbVersion FROM vCharacterPreview WHERE Name='fasdfasdf'
SELECT G_Status FROM GuildMember WHERE Name='fasdfasdf'
SELECT cLevel, Class, CtlCode, DbVersion FROM vCharacterPreview WHERE Name='asfasdfasf'
SELECT G_Status FROM GuildMember WHERE Name='asfasdfasf'
SELECT cLevel, Class, CtlCode, DbVersion FROM vCharacterPreview WHERE Name='dddddd'
SELECT G_Status FROM GuildMember WHERE Name='dddddd'
SELECT cLevel, Class, CtlCode, DbVersion FROM vCharacterPreview WHERE Name='test1'
SELECT G_Status FROM GuildMember WHERE Name='test1'
SELECT cLevel, Class, LevelUpPoint, Experience, Strength, Dexterity, Vitality, Energy, Money, Life, MaxLife, Mana, MaxMana, MapNumber, MapPosX, MapPosY, MapDir, PkCount, PkLevel, PkTime, CtlCode, DbVersion, Leadership, ChatLimitTime, FruitPoint, Resets FROM Character WHERE Name='DatGa'
UPDATE AccountCharacter SET GameIDC = 'DatGa' WHERE Id = 'datga'
SELECT * FROM OptionData WHERE Name='DatGa'
WZ_PeriodItemSelect 19, 'DatGa'
UPDATE Character SET cLevel=119,Class=1,LevelUpPoint=334, Experience=17874105, Strength=344, Dexterity=2760, Vitality=103, Energy=3330, Money=482847710, Life=4240.000000, MaxLife=3540.000000, Mana=29410.000000, MaxMana=3424.000000, MapNumber=3, MapPosX=43, MapPosY=50, MapDir=1, PkCount=0, PkLevel=3, PkTime=0, DbVersion=3, Leadership=0, ChatLimitTime=0, FruitPoint=0 WHERE Name = 'DatGa'
SELECT Summoner FROM AccountCharacter WHERE Id = 'datga'
SELECT * FROM AccountCharacter WHERE Id = 'datga'
SELECT cLevel, Class, CtlCode, DbVersion FROM vCharacterPreview WHERE Name='DatGa'
SELECT G_Status FROM GuildMember WHERE Name='DatGa'
SELECT cLevel, Class, CtlCode, DbVersion FROM vCharacterPreview WHERE Name='fasdfasdf'
SELECT G_Status FROM GuildMember WHERE Name='fasdfasdf'
SELECT cLevel, Class, CtlCode, DbVersion FROM vCharacterPreview WHERE Name='asfasdfasf'
SELECT G_Status FROM GuildMember WHERE Name='asfasdfasf'
SELECT cLevel, Class, CtlCode, DbVersion FROM vCharacterPreview WHERE Name='dddddd'
SELECT G_Status FROM GuildMember WHERE Name='dddddd'
SELECT cLevel, Class, CtlCode, DbVersion FROM vCharacterPreview WHERE Name='test1'
SELECT G_Status FROM GuildMember WHERE Name='test1'
SELECT cLevel, Class, LevelUpPoint, Experience, Strength, Dexterity, Vitality, Energy, Money, Life, MaxLife, Mana, MaxMana, MapNumber, MapPosX, MapPosY, MapDir, PkCount, PkLevel, PkTime, CtlCode, DbVersion, Leadership, ChatLimitTime, FruitPoint, Resets FROM Character WHERE Name='DatGa'
UPDATE AccountCharacter SET GameIDC = 'DatGa' WHERE Id = 'datga'
SELECT * FROM OptionData WHERE Name='DatGa'
WZ_PeriodItemSelect 19, 'DatGa'
UPDATE Character SET cLevel=119,Class=1,LevelUpPoint=334, Experience=17874105, Strength=344, Dexterity=2760, Vitality=103, Energy=3330, Money=482812710, Life=3829.000000, MaxLife=3540.000000, Mana=19826.000000, MaxMana=3424.000000, MapNumber=1, MapPosX=84, MapPosY=211, MapDir=1, PkCount=0, PkLevel=3, PkTime=0, DbVersion=3, Leadership=0, ChatLimitTime=0, FruitPoint=0 WHERE Name = 'DatGa'
SELECT Summoner FROM AccountCharacter WHERE Id = 'datga'
SELECT * FROM AccountCharacter WHERE Id = 'datga'
SELECT cLevel, Class, CtlCode, DbVersion FROM vCharacterPreview WHERE Name='DatGa'
SELECT G_Status FROM GuildMember WHERE Name='DatGa'
SELECT cLevel, Class, CtlCode, DbVersion FROM vCharacterPreview WHERE Name='fasdfasdf'
SELECT G_Status FROM GuildMember WHERE Name='fasdfasdf'
SELECT cLevel, Class, CtlCode, DbVersion FROM vCharacterPreview WHERE Name='asfasdfasf'
SELECT G_Status FROM GuildMember WHERE Name='asfasdfasf'
SELECT cLevel, Class, CtlCode, DbVersion FROM vCharacterPreview WHERE Name='dddddd'
SELECT G_Status FROM GuildMember WHERE Name='dddddd'
SELECT cLevel, Class, CtlCode, DbVersion FROM vCharacterPreview WHERE Name='test1'
SELECT G_Status FROM GuildMember WHERE Name='test1'
SELECT cLevel, Class, LevelUpPoint, Experience, Strength, Dexterity, Vitality, Energy, Money, Life, MaxLife, Mana, MaxMana, MapNumber, MapPosX, MapPosY, MapDir, PkCount, PkLevel, PkTime, CtlCode, DbVersion, Leadership, ChatLimitTime, FruitPoint, Resets FROM Character WHERE Name='DatGa'
UPDATE AccountCharacter SET GameIDC = 'DatGa' WHERE Id = 'datga'
SELECT * FROM OptionData WHERE Name='DatGa'
WZ_PeriodItemSelect 19, 'DatGa'
EXEC WZ_GetItemSerial
UPDATE Character SET cLevel=120,Class=1,LevelUpPoint=339, Experience=18126080, Strength=344, Dexterity=2760, Vitality=103, Energy=3330, Money=482838225, Life=4250.000000, MaxLife=3550.000000, Mana=19944.000000, MaxMana=3444.000000, MapNumber=1, MapPosX=84, MapPosY=208, MapDir=5, PkCount=0, PkLevel=3, PkTime=0, DbVersion=3, Leadership=0, ChatLimitTime=0, FruitPoint=0 WHERE Name = 'DatGa'
EXEC WZ_GetItemSerial
EXEC WZ_GetItemSerial
EXEC WZ_GetItemSerial
UPDATE Character SET cLevel=120,Class=1,LevelUpPoint=339, Experience=18185105, Strength=344, Dexterity=2760, Vitality=103, Energy=3330, Money=482842948, Life=4250.000000, MaxLife=3550.000000, Mana=19044.000000, MaxMana=3444.000000, MapNumber=1, MapPosX=84, MapPosY=208, MapDir=1, PkCount=0, PkLevel=3, PkTime=0, DbVersion=3, Leadership=0, ChatLimitTime=0, FruitPoint=0 WHERE Name = 'DatGa'
SELECT Summoner FROM AccountCharacter WHERE Id = 'datga'
SELECT * FROM AccountCharacter WHERE Id = 'datga'
SELECT cLevel, Class, CtlCode, DbVersion FROM vCharacterPreview WHERE Name='DatGa'
SELECT G_Status FROM GuildMember WHERE Name='DatGa'
SELECT cLevel, Class, CtlCode, DbVersion FROM vCharacterPreview WHERE Name='fasdfasdf'
SELECT G_Status FROM GuildMember WHERE Name='fasdfasdf'
SELECT cLevel, Class, CtlCode, DbVersion FROM vCharacterPreview WHERE Name='asfasdfasf'
SELECT G_Status FROM GuildMember WHERE Name='asfasdfasf'
SELECT cLevel, Class, CtlCode, DbVersion FROM vCharacterPreview WHERE Name='dddddd'
SELECT G_Status FROM GuildMember WHERE Name='dddddd'
SELECT cLevel, Class, CtlCode, DbVersion FROM vCharacterPreview WHERE Name='test1'
SELECT G_Status FROM GuildMember WHERE Name='test1'
SELECT cLevel, Class, LevelUpPoint, Experience, Strength, Dexterity, Vitality, Energy, Money, Life, MaxLife, Mana, MaxMana, MapNumber, MapPosX, MapPosY, MapDir, PkCount, PkLevel, PkTime, CtlCode, DbVersion, Leadership, ChatLimitTime, FruitPoint, Resets FROM Character WHERE Name='DatGa'
UPDATE AccountCharacter SET GameIDC = 'DatGa' WHERE Id = 'datga'
SELECT * FROM OptionData WHERE Name='DatGa'
WZ_PeriodItemSelect 19, 'DatGa'
UPDATE Character SET cLevel=120,Class=1,LevelUpPoint=339, Experience=18185105, Strength=344, Dexterity=2760, Vitality=103, Energy=3330, Money=482842948, Life=3725.000000, MaxLife=3550.000000, Mana=41183.000000, MaxMana=3444.000000, MapNumber=1, MapPosX=83, MapPosY=235, MapDir=5, PkCount=0, PkLevel=3, PkTime=0, DbVersion=3, Leadership=0, ChatLimitTime=0, FruitPoint=0 WHERE Name = 'DatGa'
SELECT Summoner FROM AccountCharacter WHERE Id = 'datga'
SELECT * FROM AccountCharacter WHERE Id = 'datga'
SELECT cLevel, Class, CtlCode, DbVersion FROM vCharacterPreview WHERE Name='DatGa'
SELECT G_Status FROM GuildMember WHERE Name='DatGa'
SELECT cLevel, Class, CtlCode, DbVersion FROM vCharacterPreview WHERE Name='fasdfasdf'
SELECT G_Status FROM GuildMember WHERE Name='fasdfasdf'
SELECT cLevel, Class, CtlCode, DbVersion FROM vCharacterPreview WHERE Name='asfasdfasf'
SELECT G_Status FROM GuildMember WHERE Name='asfasdfasf'
SELECT cLevel, Class, CtlCode, DbVersion FROM vCharacterPreview WHERE Name='dddddd'
SELECT G_Status FROM GuildMember WHERE Name='dddddd'
SELECT cLevel, Class, CtlCode, DbVersion FROM vCharacterPreview WHERE Name='test1'
SELECT G_Status FROM GuildMember WHERE Name='test1'
SELECT cLevel, Class, LevelUpPoint, Experience, Strength, Dexterity, Vitality, Energy, Money, Life, MaxLife, Mana, MaxMana, MapNumber, MapPosX, MapPosY, MapDir, PkCount, PkLevel, PkTime, CtlCode, DbVersion, Leadership, ChatLimitTime, FruitPoint, Resets FROM Character WHERE Name='DatGa'
UPDATE AccountCharacter SET GameIDC = 'DatGa' WHERE Id = 'datga'
SELECT * FROM OptionData WHERE Name='DatGa'
WZ_PeriodItemSelect 19, 'DatGa'
UPDATE Character SET cLevel=120,Class=1,LevelUpPoint=339, Experience=18185105, Strength=344, Dexterity=2760, Vitality=103, Energy=3330, Money=482842948, Life=3810.000000, MaxLife=3550.000000, Mana=47508.000000, MaxMana=3444.000000, MapNumber=1, MapPosX=83, MapPosY=235, MapDir=5, PkCount=0, PkLevel=3, PkTime=0, DbVersion=3, Leadership=0, ChatLimitTime=0, FruitPoint=0 WHERE Name = 'DatGa'
SELECT Summoner FROM AccountCharacter WHERE Id = 'datga'
SELECT * FROM AccountCharacter WHERE Id = 'datga'
SELECT cLevel, Class, CtlCode, DbVersion FROM vCharacterPreview WHERE Name='DatGa'
SELECT G_Status FROM GuildMember WHERE Name='DatGa'
SELECT cLevel, Class, CtlCode, DbVersion FROM vCharacterPreview WHERE Name='fasdfasdf'
SELECT G_Status FROM GuildMember WHERE Name='fasdfasdf'
SELECT cLevel, Class, CtlCode, DbVersion FROM vCharacterPreview WHERE Name='asfasdfasf'
SELECT G_Status FROM GuildMember WHERE Name='asfasdfasf'
SELECT cLevel, Class, CtlCode, DbVersion FROM vCharacterPreview WHERE Name='dddddd'
SELECT G_Status FROM GuildMember WHERE Name='dddddd'
SELECT cLevel, Class, CtlCode, DbVersion FROM vCharacterPreview WHERE Name='test1'
SELECT G_Status FROM GuildMember WHERE Name='test1'
SELECT cLevel, Class, LevelUpPoint, Experience, Strength, Dexterity, Vitality, Energy, Money, Life, MaxLife, Mana, MaxMana, MapNumber, MapPosX, MapPosY, MapDir, PkCount, PkLevel, PkTime, CtlCode, DbVersion, Leadership, ChatLimitTime, FruitPoint, Resets FROM Character WHERE Name='DatGa'
UPDATE AccountCharacter SET GameIDC = 'DatGa' WHERE Id = 'datga'
SELECT * FROM OptionData WHERE Name='DatGa'
WZ_PeriodItemSelect 19, 'DatGa'
EXEC WZ_GetItemSerial
UPDATE Character SET cLevel=120,Class=1,LevelUpPoint=339, Experience=18285855, Strength=344, Dexterity=2760, Vitality=103, Energy=3330, Money=482842948, Life=3300.000000, MaxLife=3550.000000, Mana=19944.000000, MaxMana=3444.000000, MapNumber=1, MapPosX=87, MapPosY=219, MapDir=3, PkCount=0, PkLevel=3, PkTime=0, DbVersion=3, Leadership=0, ChatLimitTime=0, FruitPoint=0 WHERE Name = 'DatGa'
SELECT Summoner FROM AccountCharacter WHERE Id = 'datga'
SELECT * FROM AccountCharacter WHERE Id = 'datga'
SELECT cLevel, Class, CtlCode, DbVersion FROM vCharacterPreview WHERE Name='DatGa'
SELECT G_Status FROM GuildMember WHERE Name='DatGa'
SELECT cLevel, Class, CtlCode, DbVersion FROM vCharacterPreview WHERE Name='fasdfasdf'
SELECT G_Status FROM GuildMember WHERE Name='fasdfasdf'
SELECT cLevel, Class, CtlCode, DbVersion FROM vCharacterPreview WHERE Name='asfasdfasf'
SELECT G_Status FROM GuildMember WHERE Name='asfasdfasf'
SELECT cLevel, Class, CtlCode, DbVersion FROM vCharacterPreview WHERE Name='dddddd'
SELECT G_Status FROM GuildMember WHERE Name='dddddd'
SELECT cLevel, Class, CtlCode, DbVersion FROM vCharacterPreview WHERE Name='test1'
SELECT G_Status FROM GuildMember WHERE Name='test1'
SELECT cLevel, Class, LevelUpPoint, Experience, Strength, Dexterity, Vitality, Energy, Money, Life, MaxLife, Mana, MaxMana, MapNumber, MapPosX, MapPosY, MapDir, PkCount, PkLevel, PkTime, CtlCode, DbVersion, Leadership, ChatLimitTime, FruitPoint, Resets FROM Character WHERE Name='DatGa'
UPDATE AccountCharacter SET GameIDC = 'DatGa' WHERE Id = 'datga'
SELECT * FROM OptionData WHERE Name='DatGa'
WZ_PeriodItemSelect 19, 'DatGa'
UPDATE Character SET cLevel=120,Class=1,LevelUpPoint=339, Experience=18285855, Strength=344, Dexterity=2760, Vitality=103, Energy=3330, Money=482842948, Life=2175.000000, MaxLife=3550.000000, Mana=19944.000000, MaxMana=3444.000000, MapNumber=1, MapPosX=87, MapPosY=219, MapDir=1, PkCount=0, PkLevel=3, PkTime=0, DbVersion=3, Leadership=0, ChatLimitTime=0, FruitPoint=0 WHERE Name = 'DatGa'
Connection Closed, dwIoSize == 0 (Index:1)
[ VOZ ][ 127.0.0.1:55901 ] GameServer Close
SELECT ItemCount FROM GameServerInfo WHERE Number = 0
[ VOZ ][ 127.0.0.1:55901 ] GameServer Connect 
EXEC WZ_CS_GetCastleTotalInfo 0, 7
EXEC WZ_CS_GetCastleNpcInfo 0
EXEC WZ_CW_InfoLoad 0
Connection Closed, dwIoSize == 0 (Index:1)
[ VOZ ][ 127.0.0.1:55901 ] GameServer Close
SELECT ItemCount FROM GameServerInfo WHERE Number = 0
[ VOZ ][ 127.0.0.1:55901 ] GameServer Connect 
SELECT Summoner FROM AccountCharacter WHERE Id = 'datga'
SELECT * FROM AccountCharacter WHERE Id = 'datga'
SELECT cLevel, Class, CtlCode, DbVersion FROM vCharacterPreview WHERE Name='DatGa'
SELECT G_Status FROM GuildMember WHERE Name='DatGa'
SELECT cLevel, Class, CtlCode, DbVersion FROM vCharacterPreview WHERE Name='fasdfasdf'
SELECT G_Status FROM GuildMember WHERE Name='fasdfasdf'
SELECT cLevel, Class, CtlCode, DbVersion FROM vCharacterPreview WHERE Name='asfasdfasf'
SELECT G_Status FROM GuildMember WHERE Name='asfasdfasf'
SELECT cLevel, Class, CtlCode, DbVersion FROM vCharacterPreview WHERE Name='dddddd'
SELECT G_Status FROM GuildMember WHERE Name='dddddd'
SELECT cLevel, Class, CtlCode, DbVersion FROM vCharacterPreview WHERE Name='test1'
SELECT G_Status FROM GuildMember WHERE Name='test1'
SELECT cLevel, Class, LevelUpPoint, Experience, Strength, Dexterity, Vitality, Energy, Money, Life, MaxLife, Mana, MaxMana, MapNumber, MapPosX, MapPosY, MapDir, PkCount, PkLevel, PkTime, CtlCode, DbVersion, Leadership, ChatLimitTime, FruitPoint, Resets FROM Character WHERE Name='DatGa'
UPDATE AccountCharacter SET GameIDC = 'DatGa' WHERE Id = 'datga'
SELECT * FROM OptionData WHERE Name='DatGa'
WZ_PeriodItemSelect 19, 'DatGa'
EXEC WZ_GetItemSerial
EXEC WZ_GetItemSerial
EXEC WZ_GetItemSerial
EXEC WZ_GetItemSerial
UPDATE Character SET cLevel=121,Class=1,LevelUpPoint=344, Experience=18576000, Strength=344, Dexterity=2760, Vitality=103, Energy=3330, Money=482867246, Life=4260.000000, MaxLife=3560.000000, Mana=19964.000000, MaxMana=3464.000000, MapNumber=1, MapPosX=86, MapPosY=207, MapDir=1, PkCount=0, PkLevel=3, PkTime=0, DbVersion=3, Leadership=0, ChatLimitTime=0, FruitPoint=0 WHERE Name = 'DatGa'
EXEC WZ_GetItemSerial
EXEC WZ_GetItemSerial
EXEC WZ_GetItemSerial
SELECT Summoner FROM AccountCharacter WHERE Id = 'Datga'
SELECT * FROM AccountCharacter WHERE Id = 'Datga'
SELECT cLevel, Class, CtlCode, DbVersion FROM vCharacterPreview WHERE Name='DatGa'
SELECT G_Status FROM GuildMember WHERE Name='DatGa'
SELECT cLevel, Class, CtlCode, DbVersion FROM vCharacterPreview WHERE Name='fasdfasdf'
SELECT G_Status FROM GuildMember WHERE Name='fasdfasdf'
SELECT cLevel, Class, CtlCode, DbVersion FROM vCharacterPreview WHERE Name='asfasdfasf'
SELECT G_Status FROM GuildMember WHERE Name='asfasdfasf'
SELECT cLevel, Class, CtlCode, DbVersion FROM vCharacterPreview WHERE Name='dddddd'
SELECT G_Status FROM GuildMember WHERE Name='dddddd'
SELECT cLevel, Class, CtlCode, DbVersion FROM vCharacterPreview WHERE Name='test1'
SELECT G_Status FROM GuildMember WHERE Name='test1'
SELECT cLevel, Class, LevelUpPoint, Experience, Strength, Dexterity, Vitality, Energy, Money, Life, MaxLife, Mana, MaxMana, MapNumber, MapPosX, MapPosY, MapDir, PkCount, PkLevel, PkTime, CtlCode, DbVersion, Leadership, ChatLimitTime, FruitPoint, Resets FROM Character WHERE Name='asfasdfasf'
UPDATE AccountCharacter SET GameIDC = 'asfasdfasf' WHERE Id = 'Datga'
SELECT * FROM OptionData WHERE Name='asfasdfasf'
WZ_PeriodItemSelect 19, 'asfasdfasf'
EXEC WZ_GetItemSerial
EXEC WZ_GetItemSerial
EXEC WZ_GetItemSerial
EXEC WZ_GetItemSerial
UPDATE Character SET cLevel=122,Class=1,LevelUpPoint=349, Experience=19033300, Strength=344, Dexterity=2760, Vitality=103, Energy=3330, Money=482876281, Life=4270.000000, MaxLife=3570.000000, Mana=20044.000000, MaxMana=3484.000000, MapNumber=1, MapPosX=80, MapPosY=208, MapDir=0, PkCount=0, PkLevel=3, PkTime=0, DbVersion=3, Leadership=0, ChatLimitTime=0, FruitPoint=0 WHERE Name = 'DatGa'
EXEC WZ_GetItemSerial
EXEC WZ_GetItemSerial
EXEC WZ_GetItemSerial
EXEC WZ_GetItemSerial
EXEC WZ_GetItemSerial
UPDATE Character SET cLevel=123,Class=1,LevelUpPoint=354, Experience=19498040, Strength=344, Dexterity=2760, Vitality=103, Energy=3330, Money=482882792, Life=4280.000000, MaxLife=3580.000000, Mana=20064.000000, MaxMana=3504.000000, MapNumber=1, MapPosX=78, MapPosY=209, MapDir=1, PkCount=0, PkLevel=3, PkTime=0, DbVersion=3, Leadership=0, ChatLimitTime=0, FruitPoint=0 WHERE Name = 'DatGa'
EXEC WZ_GetItemSerial
EXEC WZ_GetItemSerial
EXEC WZ_GetItemSerial
UPDATE Character SET cLevel=302,Class=66,LevelUpPoint=841, Experience=405406275, Strength=26000, Dexterity=20000, Vitality=20000, Energy=14999, Money=2980528, Life=49342.000000, MaxLife=11799.000000, Mana=31562.000000, MaxMana=31562.000000, MapNumber=1, MapPosX=76, MapPosY=206, MapDir=1, PkCount=0, PkLevel=3, PkTime=0, DbVersion=3, Leadership=25000, ChatLimitTime=0, FruitPoint=3 WHERE Name = 'asfasdfasf'
EXEC WZ_GetItemSerial
EXEC WZ_GetItemSerial
UPDATE Character SET cLevel=124,Class=1,LevelUpPoint=359, Experience=19970280, Strength=344, Dexterity=2760, Vitality=103, Energy=3330, Money=482907034, Life=4290.000000, MaxLife=3590.000000, Mana=20084.000000, MaxMana=3524.000000, MapNumber=1, MapPosX=77, MapPosY=210, MapDir=0, PkCount=0, PkLevel=3, PkTime=0, DbVersion=3, Leadership=0, ChatLimitTime=0, FruitPoint=0 WHERE Name = 'DatGa'
UPDATE Character SET cLevel=124,Class=1,LevelUpPoint=359, Experience=19997680, Strength=344, Dexterity=2760, Vitality=103, Energy=3330, Money=482907034, Life=4290.000000, MaxLife=3590.000000, Mana=20084.000000, MaxMana=3524.000000, MapNumber=1, MapPosX=77, MapPosY=210, MapDir=0, PkCount=0, PkLevel=3, PkTime=0, DbVersion=3, Leadership=0, ChatLimitTime=0, FruitPoint=0 WHERE Name = 'DatGa'
Connection Closed, dwIoSize == 0 (Index:1)
[ VOZ ][ 127.0.0.1:55901 ] GameServer Close
SELECT ItemCount FROM GameServerInfo WHERE Number = 0
[ VOZ ][ 127.0.0.1:55901 ] GameServer Connect 
EXEC WZ_CS_GetCastleTotalInfo 0, 7
EXEC WZ_CS_GetCastleNpcInfo 0
EXEC WZ_CW_InfoLoad 0
SELECT Summoner FROM AccountCharacter WHERE Id = 'datga'
SELECT * FROM AccountCharacter WHERE Id = 'datga'
SELECT cLevel, Class, CtlCode, DbVersion FROM vCharacterPreview WHERE Name='DatGa'
SELECT G_Status FROM GuildMember WHERE Name='DatGa'
SELECT cLevel, Class, CtlCode, DbVersion FROM vCharacterPreview WHERE Name='fasdfasdf'
SELECT G_Status FROM GuildMember WHERE Name='fasdfasdf'
SELECT cLevel, Class, CtlCode, DbVersion FROM vCharacterPreview WHERE Name='asfasdfasf'
SELECT G_Status FROM GuildMember WHERE Name='asfasdfasf'
SELECT cLevel, Class, CtlCode, DbVersion FROM vCharacterPreview WHERE Name='dddddd'
SELECT G_Status FROM GuildMember WHERE Name='dddddd'
SELECT cLevel, Class, CtlCode, DbVersion FROM vCharacterPreview WHERE Name='test1'
SELECT G_Status FROM GuildMember WHERE Name='test1'
SELECT cLevel, Class, LevelUpPoint, Experience, Strength, Dexterity, Vitality, Energy, Money, Life, MaxLife, Mana, MaxMana, MapNumber, MapPosX, MapPosY, MapDir, PkCount, PkLevel, PkTime, CtlCode, DbVersion, Leadership, ChatLimitTime, FruitPoint, Resets FROM Character WHERE Name='DatGa'
UPDATE AccountCharacter SET GameIDC = 'DatGa' WHERE Id = 'datga'
SELECT * FROM OptionData WHERE Name='DatGa'
WZ_PeriodItemSelect 19, 'DatGa'
SELECT Summoner FROM AccountCharacter WHERE Id = 'Datga'
SELECT * FROM AccountCharacter WHERE Id = 'Datga'
SELECT cLevel, Class, CtlCode, DbVersion FROM vCharacterPreview WHERE Name='DatGa'
SELECT G_Status FROM GuildMember WHERE Name='DatGa'
SELECT cLevel, Class, CtlCode, DbVersion FROM vCharacterPreview WHERE Name='fasdfasdf'
SELECT G_Status FROM GuildMember WHERE Name='fasdfasdf'
SELECT cLevel, Class, CtlCode, DbVersion FROM vCharacterPreview WHERE Name='asfasdfasf'
SELECT G_Status FROM GuildMember WHERE Name='asfasdfasf'
SELECT cLevel, Class, CtlCode, DbVersion FROM vCharacterPreview WHERE Name='dddddd'
SELECT G_Status FROM GuildMember WHERE Name='dddddd'
SELECT cLevel, Class, CtlCode, DbVersion FROM vCharacterPreview WHERE Name='test1'
SELECT G_Status FROM GuildMember WHERE Name='test1'
SELECT cLevel, Class, LevelUpPoint, Experience, Strength, Dexterity, Vitality, Energy, Money, Life, MaxLife, Mana, MaxMana, MapNumber, MapPosX, MapPosY, MapDir, PkCount, PkLevel, PkTime, CtlCode, DbVersion, Leadership, ChatLimitTime, FruitPoint, Resets FROM Character WHERE Name='asfasdfasf'
UPDATE AccountCharacter SET GameIDC = 'asfasdfasf' WHERE Id = 'Datga'
SELECT * FROM OptionData WHERE Name='asfasdfasf'
WZ_PeriodItemSelect 19, 'asfasdfasf'
EXEC WZ_GetItemSerial
EXEC WZ_GetItemSerial
EXEC WZ_GetItemSerial
EXEC WZ_GetItemSerial
EXEC WZ_GetItemSerial
EXEC WZ_GetItemSerial
EXEC WZ_GetItemSerial
EXEC WZ_GetItemSerial
EXEC WZ_GetItemSerial
UPDATE Character SET cLevel=124,Class=1,LevelUpPoint=359, Experience=20418230, Strength=344, Dexterity=2760, Vitality=103, Energy=3330, Money=482907034, Life=4290.000000, MaxLife=3590.000000, Mana=20084.000000, MaxMana=3524.000000, MapNumber=1, MapPosX=77, MapPosY=208, MapDir=1, PkCount=0, PkLevel=3, PkTime=0, DbVersion=3, Leadership=0, ChatLimitTime=0, FruitPoint=0 WHERE Name = 'DatGa'
UPDATE Character SET cLevel=302,Class=66,LevelUpPoint=841, Experience=405406275, Strength=26000, Dexterity=20000, Vitality=20000, Energy=14999, Money=2980528, Life=49342.000000, MaxLife=11799.000000, Mana=60893.000000, MaxMana=31562.000000, MapNumber=1, MapPosX=76, MapPosY=206, MapDir=5, PkCount=0, PkLevel=3, PkTime=0, DbVersion=3, Leadership=25000, ChatLimitTime=0, FruitPoint=3 WHERE Name = 'asfasdfasf'
Connection Closed, dwIoSize == 0 (Index:1)
[ VOZ ][ 127.0.0.1:55901 ] GameServer Close
SELECT ItemCount FROM GameServerInfo WHERE Number = 0
[ VOZ ][ 127.0.0.1:55901 ] GameServer Connect 
EXEC WZ_CS_GetCastleTotalInfo 0, 7
EXEC WZ_CS_GetCastleNpcInfo 0
EXEC WZ_CW_InfoLoad 0
SELECT Summoner FROM AccountCharacter WHERE Id = 'datga'
SELECT * FROM AccountCharacter WHERE Id = 'datga'
SELECT cLevel, Class, CtlCode, DbVersion FROM vCharacterPreview WHERE Name='DatGa'
SELECT G_Status FROM GuildMember WHERE Name='DatGa'
SELECT cLevel, Class, CtlCode, DbVersion FROM vCharacterPreview WHERE Name='fasdfasdf'
SELECT G_Status FROM GuildMember WHERE Name='fasdfasdf'
SELECT cLevel, Class, CtlCode, DbVersion FROM vCharacterPreview WHERE Name='asfasdfasf'
SELECT G_Status FROM GuildMember WHERE Name='asfasdfasf'
SELECT cLevel, Class, CtlCode, DbVersion FROM vCharacterPreview WHERE Name='dddddd'
SELECT G_Status FROM GuildMember WHERE Name='dddddd'
SELECT cLevel, Class, CtlCode, DbVersion FROM vCharacterPreview WHERE Name='test1'
SELECT G_Status FROM GuildMember WHERE Name='test1'
SELECT cLevel, Class, LevelUpPoint, Experience, Strength, Dexterity, Vitality, Energy, Money, Life, MaxLife, Mana, MaxMana, MapNumber, MapPosX, MapPosY, MapDir, PkCount, PkLevel, PkTime, CtlCode, DbVersion, Leadership, ChatLimitTime, FruitPoint, Resets FROM Character WHERE Name='DatGa'
UPDATE AccountCharacter SET GameIDC = 'DatGa' WHERE Id = 'datga'
SELECT * FROM OptionData WHERE Name='DatGa'
WZ_PeriodItemSelect 19, 'DatGa'
UPDATE Character SET cLevel=125,Class=1,LevelUpPoint=364, Experience=20450080, Strength=344, Dexterity=2760, Vitality=103, Energy=3330, Money=482907034, Life=4300.000000, MaxLife=3600.000000, Mana=20104.000000, MaxMana=3544.000000, MapNumber=1, MapPosX=77, MapPosY=208, MapDir=2, PkCount=0, PkLevel=3, PkTime=0, DbVersion=3, Leadership=0, ChatLimitTime=0, FruitPoint=0 WHERE Name = 'DatGa'
EXEC WZ_GetItemSerial
EXEC WZ_GetItemSerial
EXEC WZ_GetItemSerial
EXEC WZ_GetItemSerial
EXEC WZ_GetItemSerial
EXEC WZ_GetItemSerial
EXEC WZ_GetItemSerial
UPDATE Character SET cLevel=126,Class=1,LevelUpPoint=369, Experience=20937500, Strength=344, Dexterity=2760, Vitality=103, Energy=3330, Money=482939118, Life=4310.000000, MaxLife=3610.000000, Mana=20124.000000, MaxMana=3564.000000, MapNumber=1, MapPosX=80, MapPosY=206, MapDir=1, PkCount=0, PkLevel=3, PkTime=0, DbVersion=3, Leadership=0, ChatLimitTime=0, FruitPoint=0 WHERE Name = 'DatGa'
EXEC WZ_GetItemSerial
EXEC WZ_GetItemSerial
EXEC WZ_GetItemSerial
EXEC WZ_GetItemSerial
EXEC WZ_GetItemSerial
EXEC WZ_GetItemSerial
EXEC WZ_GetItemSerial
EXEC WZ_GetItemSerial
UPDATE Character SET cLevel=127,Class=1,LevelUpPoint=374, Experience=21432600, Strength=344, Dexterity=2760, Vitality=103, Energy=3330, Money=482967264, Life=4320.000000, MaxLife=3620.000000, Mana=20144.000000, MaxMana=3584.000000, MapNumber=1, MapPosX=80, MapPosY=206, MapDir=1, PkCount=0, PkLevel=3, PkTime=0, DbVersion=3, Leadership=0, ChatLimitTime=0, FruitPoint=0 WHERE Name = 'DatGa'
EXEC WZ_GetItemSerial
EXEC WZ_GetItemSerial
EXEC WZ_GetItemSerial
EXEC WZ_GetItemSerial
UPDATE Character SET cLevel=128,Class=1,LevelUpPoint=379, Experience=21935440, Strength=344, Dexterity=2760, Vitality=103, Energy=3330, Money=482977864, Life=4330.000000, MaxLife=3630.000000, Mana=20164.000000, MaxMana=3604.000000, MapNumber=1, MapPosX=80, MapPosY=206, MapDir=7, PkCount=0, PkLevel=3, PkTime=0, DbVersion=3, Leadership=0, ChatLimitTime=0, FruitPoint=0 WHERE Name = 'DatGa'
EXEC WZ_GetItemSerial
EXEC WZ_GetItemSerial
EXEC WZ_GetItemSerial
EXEC WZ_GetItemSerial
EXEC WZ_GetItemSerial
EXEC WZ_GetItemSerial
EXEC WZ_GetItemSerial
EXEC WZ_GetItemSerial
UPDATE Character SET cLevel=129,Class=1,LevelUpPoint=384, Experience=22446080, Strength=344, Dexterity=2760, Vitality=103, Energy=3330, Money=482991691, Life=4340.000000, MaxLife=3640.000000, Mana=20184.000000, MaxMana=3624.000000, MapNumber=1, MapPosX=84, MapPosY=205, MapDir=0, PkCount=0, PkLevel=3, PkTime=0, DbVersion=3, Leadership=0, ChatLimitTime=0, FruitPoint=0 WHERE Name = 'DatGa'
EXEC WZ_GetItemSerial
UPDATE Character SET cLevel=129,Class=1,LevelUpPoint=384, Experience=22473880, Strength=344, Dexterity=2760, Vitality=103, Energy=3330, Money=482991691, Life=4320.000000, MaxLife=3640.000000, Mana=18384.000000, MaxMana=3624.000000, MapNumber=1, MapPosX=84, MapPosY=205, MapDir=2, PkCount=0, PkLevel=3, PkTime=0, DbVersion=3, Leadership=0, ChatLimitTime=0, FruitPoint=0 WHERE Name = 'DatGa'
SELECT Summoner FROM AccountCharacter WHERE Id = 'datga'
SELECT * FROM AccountCharacter WHERE Id = 'datga'
SELECT cLevel, Class, CtlCode, DbVersion FROM vCharacterPreview WHERE Name='DatGa'
SELECT G_Status FROM GuildMember WHERE Name='DatGa'
SELECT cLevel, Class, CtlCode, DbVersion FROM vCharacterPreview WHERE Name='fasdfasdf'
SELECT G_Status FROM GuildMember WHERE Name='fasdfasdf'
SELECT cLevel, Class, CtlCode, DbVersion FROM vCharacterPreview WHERE Name='asfasdfasf'
SELECT G_Status FROM GuildMember WHERE Name='asfasdfasf'
SELECT cLevel, Class, CtlCode, DbVersion FROM vCharacterPreview WHERE Name='dddddd'
SELECT G_Status FROM GuildMember WHERE Name='dddddd'
SELECT cLevel, Class, CtlCode, DbVersion FROM vCharacterPreview WHERE Name='test1'
SELECT G_Status FROM GuildMember WHERE Name='test1'
SELECT cLevel, Class, LevelUpPoint, Experience, Strength, Dexterity, Vitality, Energy, Money, Life, MaxLife, Mana, MaxMana, MapNumber, MapPosX, MapPosY, MapDir, PkCount, PkLevel, PkTime, CtlCode, DbVersion, Leadership, ChatLimitTime, FruitPoint, Resets FROM Character WHERE Name='DatGa'
UPDATE AccountCharacter SET GameIDC = 'DatGa' WHERE Id = 'datga'
SELECT * FROM OptionData WHERE Name='DatGa'
WZ_PeriodItemSelect 19, 'DatGa'
EXEC WZ_GetItemSerial
EXEC WZ_GetItemSerial
UPDATE Character SET cLevel=129,Class=1,LevelUpPoint=384, Experience=22762780, Strength=344, Dexterity=2760, Vitality=103, Energy=3330, Money=483170587, Life=4340.000000, MaxLife=3640.000000, Mana=20184.000000, MaxMana=3624.000000, MapNumber=3, MapPosX=176, MapPosY=123, MapDir=5, PkCount=0, PkLevel=3, PkTime=0, DbVersion=3, Leadership=0, ChatLimitTime=0, FruitPoint=0 WHERE Name = 'DatGa'
EXEC WZ_CW_InfoSave 0, 1, 1
EXEC WZ_CW_InfoSave 0, 2, 2
EXEC WZ_CW_InfoSave 0, 3, 2
EXEC WZ_CW_InfoSave 0, 5, 1
EXEC WZ_CW_InfoSave 0, 5, 1
EXEC WZ_CW_InfoSave 0, 1, 1
EXEC WZ_CW_InfoSave 0, 2, 2
EXEC WZ_CW_InfoSave 0, 3, 2
EXEC WZ_CW_InfoSave 0, 5, 1
EXEC WZ_CW_InfoSave 0, 5, 1
EXEC WZ_CW_InfoSave 0, 1, 1
EXEC WZ_CW_InfoSave 0, 2, 2
EXEC WZ_CW_InfoSave 0, 3, 2
EXEC WZ_CW_InfoSave 0, 5, 1
EXEC WZ_CW_InfoSave 0, 5, 1
EXEC WZ_CW_InfoSave 0, 1, 1
EXEC WZ_CW_InfoSave 0, 2, 2
EXEC WZ_CW_InfoSave 0, 3, 2
EXEC WZ_CW_InfoSave 0, 5, 1
EXEC WZ_CW_InfoSave 0, 5, 1
EXEC WZ_CW_InfoSave 0, 1, 1
SELECT Summoner FROM AccountCharacter WHERE Id = 'datga'
SELECT * FROM AccountCharacter WHERE Id = 'datga'
SELECT cLevel, Class, CtlCode, DbVersion FROM vCharacterPreview WHERE Name='DatGa'
SELECT G_Status FROM GuildMember WHERE Name='DatGa'
SELECT cLevel, Class, CtlCode, DbVersion FROM vCharacterPreview WHERE Name='fasdfasdf'
SELECT G_Status FROM GuildMember WHERE Name='fasdfasdf'
SELECT cLevel, Class, CtlCode, DbVersion FROM vCharacterPreview WHERE Name='asfasdfasf'
SELECT G_Status FROM GuildMember WHERE Name='asfasdfasf'
SELECT cLevel, Class, CtlCode, DbVersion FROM vCharacterPreview WHERE Name='dddddd'
SELECT G_Status FROM GuildMember WHERE Name='dddddd'
SELECT cLevel, Class, CtlCode, DbVersion FROM vCharacterPreview WHERE Name='test1'
SELECT G_Status FROM GuildMember WHERE Name='test1'
SELECT cLevel, Class, LevelUpPoint, Experience, Strength, Dexterity, Vitality, Energy, Money, Life, MaxLife, Mana, MaxMana, MapNumber, MapPosX, MapPosY, MapDir, PkCount, PkLevel, PkTime, CtlCode, DbVersion, Leadership, ChatLimitTime, FruitPoint, Resets FROM Character WHERE Name='DatGa'
UPDATE AccountCharacter SET GameIDC = 'DatGa' WHERE Id = 'datga'
SELECT * FROM OptionData WHERE Name='DatGa'
WZ_PeriodItemSelect 19, 'DatGa'
SELECT Money, DbVersion, pw FROM warehouse WHERE AccountID='datga'
UPDATE warehouse SET Money=279000390, pw=0, DbVersion=3 WHERE AccountID='datga'
UPDATE Character SET DbVersion=3 WHERE Name = 'DatGa'
SELECT Summoner FROM AccountCharacter WHERE Id = 'DAtga'
SELECT * FROM AccountCharacter WHERE Id = 'DAtga'
SELECT cLevel, Class, CtlCode, DbVersion FROM vCharacterPreview WHERE Name='DatGa'
SELECT G_Status FROM GuildMember WHERE Name='DatGa'
SELECT cLevel, Class, CtlCode, DbVersion FROM vCharacterPreview WHERE Name='fasdfasdf'
SELECT G_Status FROM GuildMember WHERE Name='fasdfasdf'
SELECT cLevel, Class, CtlCode, DbVersion FROM vCharacterPreview WHERE Name='asfasdfasf'
SELECT G_Status FROM GuildMember WHERE Name='asfasdfasf'
SELECT cLevel, Class, CtlCode, DbVersion FROM vCharacterPreview WHERE Name='dddddd'
SELECT G_Status FROM GuildMember WHERE Name='dddddd'
SELECT cLevel, Class, CtlCode, DbVersion FROM vCharacterPreview WHERE Name='test1'
SELECT G_Status FROM GuildMember WHERE Name='test1'
SELECT cLevel, Class, LevelUpPoint, Experience, Strength, Dexterity, Vitality, Energy, Money, Life, MaxLife, Mana, MaxMana, MapNumber, MapPosX, MapPosY, MapDir, PkCount, PkLevel, PkTime, CtlCode, DbVersion, Leadership, ChatLimitTime, FruitPoint, Resets FROM Character WHERE Name='asfasdfasf'
UPDATE AccountCharacter SET GameIDC = 'asfasdfasf' WHERE Id = 'DAtga'
SELECT * FROM OptionData WHERE Name='asfasdfasf'
WZ_PeriodItemSelect 19, 'asfasdfasf'
UPDATE Character SET cLevel=302,Class=66,LevelUpPoint=841, Experience=405412775, Strength=26000, Dexterity=20000, Vitality=20000, Energy=14999, Money=2980528, Life=45452.000000, MaxLife=11799.000000, Mana=29126.000000, MaxMana=31562.000000, MapNumber=1, MapPosX=79, MapPosY=207, MapDir=7, PkCount=0, PkLevel=3, PkTime=0, DbVersion=3, Leadership=25000, ChatLimitTime=0, FruitPoint=3 WHERE Name = 'asfasdfasf'
SELECT Summoner FROM AccountCharacter WHERE Id = 'Datga'
SELECT * FROM AccountCharacter WHERE Id = 'Datga'
SELECT cLevel, Class, CtlCode, DbVersion FROM vCharacterPreview WHERE Name='DatGa'
SELECT G_Status FROM GuildMember WHERE Name='DatGa'
SELECT cLevel, Class, CtlCode, DbVersion FROM vCharacterPreview WHERE Name='fasdfasdf'
SELECT G_Status FROM GuildMember WHERE Name='fasdfasdf'
SELECT cLevel, Class, CtlCode, DbVersion FROM vCharacterPreview WHERE Name='asfasdfasf'
SELECT G_Status FROM GuildMember WHERE Name='asfasdfasf'
SELECT cLevel, Class, CtlCode, DbVersion FROM vCharacterPreview WHERE Name='dddddd'
SELECT G_Status FROM GuildMember WHERE Name='dddddd'
SELECT cLevel, Class, CtlCode, DbVersion FROM vCharacterPreview WHERE Name='test1'
SELECT G_Status FROM GuildMember WHERE Name='test1'
SELECT cLevel, Class, LevelUpPoint, Experience, Strength, Dexterity, Vitality, Energy, Money, Life, MaxLife, Mana, MaxMana, MapNumber, MapPosX, MapPosY, MapDir, PkCount, PkLevel, PkTime, CtlCode, DbVersion, Leadership, ChatLimitTime, FruitPoint, Resets FROM Character WHERE Name='asfasdfasf'
UPDATE AccountCharacter SET GameIDC = 'asfasdfasf' WHERE Id = 'Datga'
SELECT * FROM OptionData WHERE Name='asfasdfasf'
WZ_PeriodItemSelect 19, 'asfasdfasf'
SELECT Summoner FROM AccountCharacter WHERE Id = 'DATga'
SELECT * FROM AccountCharacter WHERE Id = 'DATga'
SELECT cLevel, Class, CtlCode, DbVersion FROM vCharacterPreview WHERE Name='DatGa'
SELECT G_Status FROM GuildMember WHERE Name='DatGa'
SELECT cLevel, Class, CtlCode, DbVersion FROM vCharacterPreview WHERE Name='fasdfasdf'
SELECT G_Status FROM GuildMember WHERE Name='fasdfasdf'
SELECT cLevel, Class, CtlCode, DbVersion FROM vCharacterPreview WHERE Name='asfasdfasf'
SELECT G_Status FROM GuildMember WHERE Name='asfasdfasf'
SELECT cLevel, Class, CtlCode, DbVersion FROM vCharacterPreview WHERE Name='dddddd'
SELECT G_Status FROM GuildMember WHERE Name='dddddd'
SELECT cLevel, Class, CtlCode, DbVersion FROM vCharacterPreview WHERE Name='test1'
SELECT G_Status FROM GuildMember WHERE Name='test1'
SELECT cLevel, Class, LevelUpPoint, Experience, Strength, Dexterity, Vitality, Energy, Money, Life, MaxLife, Mana, MaxMana, MapNumber, MapPosX, MapPosY, MapDir, PkCount, PkLevel, PkTime, CtlCode, DbVersion, Leadership, ChatLimitTime, FruitPoint, Resets FROM Character WHERE Name='dddddd'
UPDATE AccountCharacter SET GameIDC = 'dddddd' WHERE Id = 'DATga'
SELECT * FROM OptionData WHERE Name='dddddd'
WZ_PeriodItemSelect 19, 'dddddd'
SELECT Summoner FROM AccountCharacter WHERE Id = 'DATGA'
SELECT * FROM AccountCharacter WHERE Id = 'DATGA'
SELECT cLevel, Class, CtlCode, DbVersion FROM vCharacterPreview WHERE Name='DatGa'
SELECT G_Status FROM GuildMember WHERE Name='DatGa'
SELECT cLevel, Class, CtlCode, DbVersion FROM vCharacterPreview WHERE Name='fasdfasdf'
SELECT G_Status FROM GuildMember WHERE Name='fasdfasdf'
SELECT cLevel, Class, CtlCode, DbVersion FROM vCharacterPreview WHERE Name='asfasdfasf'
SELECT G_Status FROM GuildMember WHERE Name='asfasdfasf'
SELECT cLevel, Class, CtlCode, DbVersion FROM vCharacterPreview WHERE Name='dddddd'
SELECT G_Status FROM GuildMember WHERE Name='dddddd'
SELECT cLevel, Class, CtlCode, DbVersion FROM vCharacterPreview WHERE Name='test1'
SELECT G_Status FROM GuildMember WHERE Name='test1'
SELECT cLevel, Class, LevelUpPoint, Experience, Strength, Dexterity, Vitality, Energy, Money, Life, MaxLife, Mana, MaxMana, MapNumber, MapPosX, MapPosY, MapDir, PkCount, PkLevel, PkTime, CtlCode, DbVersion, Leadership, ChatLimitTime, FruitPoint, Resets FROM Character WHERE Name='fasdfasdf'
UPDATE AccountCharacter SET GameIDC = 'fasdfasdf' WHERE Id = 'DATGA'
SELECT * FROM OptionData WHERE Name='fasdfasdf'
WZ_PeriodItemSelect 19, 'fasdfasdf'
EXEC WZ_GetItemSerial
UPDATE Character SET cLevel=302,Class=66,LevelUpPoint=841, Experience=405413500, Strength=26000, Dexterity=20000, Vitality=20000, Energy=14999, Money=2980528, Life=10132.000000, MaxLife=11799.000000, Mana=31562.000000, MaxMana=31562.000000, MapNumber=1, MapPosX=84, MapPosY=212, MapDir=1, PkCount=0, PkLevel=3, PkTime=0, DbVersion=3, Leadership=25000, ChatLimitTime=0, FruitPoint=3 WHERE Name = 'asfasdfasf'
UPDATE Character SET cLevel=42,Class=16,LevelUpPoint=10, Experience=859476, Strength=173, Dexterity=70, Vitality=25, Energy=10, Money=16919232, Life=2420.000000, MaxLife=1920.000000, Mana=405.000000, MaxMana=405.000000, MapNumber=2, MapPosX=219, MapPosY=60, MapDir=4, PkCount=0, PkLevel=3, PkTime=0, DbVersion=3, Leadership=0, ChatLimitTime=0, FruitPoint=0 WHERE Name = 'dddddd'
UPDATE Character SET cLevel=220,Class=32,LevelUpPoint=0, Experience=109353785, Strength=54, Dexterity=83, Vitality=20, Energy=30, Money=921936427, Life=610.000000, MaxLife=2990.000000, Mana=3810.000000, MaxMana=3810.000000, MapNumber=0, MapPosX=202, MapPosY=176, MapDir=0, PkCount=0, PkLevel=3, PkTime=0, DbVersion=3, Leadership=0, ChatLimitTime=0, FruitPoint=0 WHERE Name = 'fasdfasdf'
UPDATE Character SET cLevel=129,Class=1,LevelUpPoint=384, Experience=22762780, Strength=344, Dexterity=2760, Vitality=103, Energy=3330, Money=483170587, Life=4340.000000, MaxLife=3640.000000, Mana=20184.000000, MaxMana=3624.000000, MapNumber=3, MapPosX=172, MapPosY=110, MapDir=1, PkCount=0, PkLevel=3, PkTime=0, DbVersion=3, Leadership=0, ChatLimitTime=0, FruitPoint=0 WHERE Name = 'DatGa'
EXEC WZ_CW_InfoSave 0, 2, 2
EXEC WZ_CW_InfoSave 0, 3, 2
EXEC WZ_CW_InfoSave 0, 5, 1
EXEC WZ_CW_InfoSave 0, 5, 1
EXEC WZ_CW_InfoSave 0, 1, 1
EXEC WZ_CW_InfoSave 0, 2, 2
EXEC WZ_CW_InfoSave 0, 3, 2
EXEC WZ_CW_InfoSave 0, 5, 1
EXEC WZ_CW_InfoSave 0, 5, 1
EXEC WZ_CW_InfoSave 0, 1, 1
SELECT Summoner FROM AccountCharacter WHERE Id = 'datga'
SELECT * FROM AccountCharacter WHERE Id = 'datga'
SELECT cLevel, Class, CtlCode, DbVersion FROM vCharacterPreview WHERE Name='DatGa'
SELECT G_Status FROM GuildMember WHERE Name='DatGa'
SELECT cLevel, Class, CtlCode, DbVersion FROM vCharacterPreview WHERE Name='fasdfasdf'
SELECT G_Status FROM GuildMember WHERE Name='fasdfasdf'
SELECT cLevel, Class, CtlCode, DbVersion FROM vCharacterPreview WHERE Name='asfasdfasf'
SELECT G_Status FROM GuildMember WHERE Name='asfasdfasf'
SELECT cLevel, Class, CtlCode, DbVersion FROM vCharacterPreview WHERE Name='dddddd'
SELECT G_Status FROM GuildMember WHERE Name='dddddd'
SELECT cLevel, Class, CtlCode, DbVersion FROM vCharacterPreview WHERE Name='test1'
SELECT G_Status FROM GuildMember WHERE Name='test1'
SELECT cLevel, Class, LevelUpPoint, Experience, Strength, Dexterity, Vitality, Energy, Money, Life, MaxLife, Mana, MaxMana, MapNumber, MapPosX, MapPosY, MapDir, PkCount, PkLevel, PkTime, CtlCode, DbVersion, Leadership, ChatLimitTime, FruitPoint, Resets FROM Character WHERE Name='DatGa'
UPDATE AccountCharacter SET GameIDC = 'DatGa' WHERE Id = 'datga'
SELECT * FROM OptionData WHERE Name='DatGa'
WZ_PeriodItemSelect 19, 'DatGa'
UPDATE Character SET cLevel=129,Class=1,LevelUpPoint=384, Experience=22762780, Strength=344, Dexterity=2760, Vitality=103, Energy=3330, Money=483160587, Life=4340.000000, MaxLife=3640.000000, Mana=20184.000000, MaxMana=3624.000000, MapNumber=0, MapPosX=133, MapPosY=93, MapDir=5, PkCount=0, PkLevel=3, PkTime=0, DbVersion=3, Leadership=0, ChatLimitTime=0, FruitPoint=0 WHERE Name = 'DatGa'
EXEC WZ_CW_InfoSave 0, 2, 2
SELECT Summoner FROM AccountCharacter WHERE Id = 'datga'
SELECT * FROM AccountCharacter WHERE Id = 'datga'
SELECT cLevel, Class, CtlCode, DbVersion FROM vCharacterPreview WHERE Name='DatGa'
SELECT G_Status FROM GuildMember WHERE Name='DatGa'
SELECT cLevel, Class, CtlCode, DbVersion FROM vCharacterPreview WHERE Name='fasdfasdf'
SELECT G_Status FROM GuildMember WHERE Name='fasdfasdf'
SELECT cLevel, Class, CtlCode, DbVersion FROM vCharacterPreview WHERE Name='asfasdfasf'
SELECT G_Status FROM GuildMember WHERE Name='asfasdfasf'
SELECT cLevel, Class, CtlCode, DbVersion FROM vCharacterPreview WHERE Name='dddddd'
SELECT G_Status FROM GuildMember WHERE Name='dddddd'
SELECT cLevel, Class, CtlCode, DbVersion FROM vCharacterPreview WHERE Name='test1'
SELECT G_Status FROM GuildMember WHERE Name='test1'
SELECT cLevel, Class, LevelUpPoint, Experience, Strength, Dexterity, Vitality, Energy, Money, Life, MaxLife, Mana, MaxMana, MapNumber, MapPosX, MapPosY, MapDir, PkCount, PkLevel, PkTime, CtlCode, DbVersion, Leadership, ChatLimitTime, FruitPoint, Resets FROM Character WHERE Name='DatGa'
UPDATE AccountCharacter SET GameIDC = 'DatGa' WHERE Id = 'datga'
SELECT * FROM OptionData WHERE Name='DatGa'
WZ_PeriodItemSelect 19, 'DatGa'
SELECT Name FROM OptionData WHERE Name='DatGa'
UPDATE OptionData SET GameOption=9, Qkey=0, Wkey=4, Ekey=8, ChatWindow=4, Rkey=0, QWERLevel=1701344288 WHERE Name='DatGa'
UPDATE Character SET cLevel=300,Class=1,LevelUpPoint=384, Experience=22762780, Strength=344, Dexterity=2760, Vitality=1030, Energy=3330, Money=483150587, Life=8349.000000, MaxLife=23890.000000, Mana=11245.000000, MaxMana=7044.000000, MapNumber=0, MapPosX=146, MapPosY=139, MapDir=1, PkCount=0, PkLevel=3, PkTime=0, DbVersion=3, Leadership=0, ChatLimitTime=0, FruitPoint=0 WHERE Name = 'DatGa'
SELECT Summoner FROM AccountCharacter WHERE Id = 'datga'
SELECT * FROM AccountCharacter WHERE Id = 'datga'
SELECT cLevel, Class, CtlCode, DbVersion FROM vCharacterPreview WHERE Name='DatGa'
SELECT G_Status FROM GuildMember WHERE Name='DatGa'
SELECT cLevel, Class, CtlCode, DbVersion FROM vCharacterPreview WHERE Name='fasdfasdf'
SELECT G_Status FROM GuildMember WHERE Name='fasdfasdf'
SELECT cLevel, Class, CtlCode, DbVersion FROM vCharacterPreview WHERE Name='asfasdfasf'
SELECT G_Status FROM GuildMember WHERE Name='asfasdfasf'
SELECT cLevel, Class, CtlCode, DbVersion FROM vCharacterPreview WHERE Name='dddddd'
SELECT G_Status FROM GuildMember WHERE Name='dddddd'
SELECT cLevel, Class, CtlCode, DbVersion FROM vCharacterPreview WHERE Name='test1'
SELECT G_Status FROM GuildMember WHERE Name='test1'
SELECT cLevel, Class, LevelUpPoint, Experience, Strength, Dexterity, Vitality, Energy, Money, Life, MaxLife, Mana, MaxMana, MapNumber, MapPosX, MapPosY, MapDir, PkCount, PkLevel, PkTime, CtlCode, DbVersion, Leadership, ChatLimitTime, FruitPoint, Resets FROM Character WHERE Name='asfasdfasf'
UPDATE AccountCharacter SET GameIDC = 'asfasdfasf' WHERE Id = 'datga'
SELECT * FROM OptionData WHERE Name='asfasdfasf'
WZ_PeriodItemSelect 19, 'asfasdfasf'
EXEC WZ_CW_InfoLoad 0
EXEC WZ_CW_InfoSave 0, 0, 2
SELECT Name FROM OptionData WHERE Name='asfasdfasf'
UPDATE OptionData SET GameOption=9, Qkey=0, Wkey=0, Ekey=0, ChatWindow=0, Rkey=0, QWERLevel=1701344288 WHERE Name='asfasdfasf'
UPDATE Character SET cLevel=276,Class=66,LevelUpPoint=841, Experience=405413500, Strength=26000, Dexterity=20000, Vitality=20000, Energy=14999, Money=2970528, Life=8222.000000, MaxLife=11409.000000, Mana=31302.000000, MaxMana=31302.000000, MapNumber=0, MapPosX=145, MapPosY=139, MapDir=1, PkCount=0, PkLevel=3, PkTime=0, DbVersion=3, Leadership=25000, ChatLimitTime=0, FruitPoint=3 WHERE Name = 'asfasdfasf'
SELECT Summoner FROM AccountCharacter WHERE Id = 'datga'
SELECT * FROM AccountCharacter WHERE Id = 'datga'
SELECT cLevel, Class, CtlCode, DbVersion FROM vCharacterPreview WHERE Name='DatGa'
SELECT G_Status FROM GuildMember WHERE Name='DatGa'
SELECT cLevel, Class, CtlCode, DbVersion FROM vCharacterPreview WHERE Name='fasdfasdf'
SELECT G_Status FROM GuildMember WHERE Name='fasdfasdf'
SELECT cLevel, Class, CtlCode, DbVersion FROM vCharacterPreview WHERE Name='asfasdfasf'
SELECT G_Status FROM GuildMember WHERE Name='asfasdfasf'
SELECT cLevel, Class, CtlCode, DbVersion FROM vCharacterPreview WHERE Name='dddddd'
SELECT G_Status FROM GuildMember WHERE Name='dddddd'
SELECT cLevel, Class, CtlCode, DbVersion FROM vCharacterPreview WHERE Name='test1'
SELECT G_Status FROM GuildMember WHERE Name='test1'
SELECT cLevel, Class, LevelUpPoint, Experience, Strength, Dexterity, Vitality, Energy, Money, Life, MaxLife, Mana, MaxMana, MapNumber, MapPosX, MapPosY, MapDir, PkCount, PkLevel, PkTime, CtlCode, DbVersion, Leadership, ChatLimitTime, FruitPoint, Resets FROM Character WHERE Name='DatGa'
UPDATE AccountCharacter SET GameIDC = 'DatGa' WHERE Id = 'datga'
SELECT * FROM OptionData WHERE Name='DatGa'
WZ_PeriodItemSelect 19, 'DatGa'
SELECT Summoner FROM AccountCharacter WHERE Id = 'Datga'
SELECT * FROM AccountCharacter WHERE Id = 'Datga'
SELECT cLevel, Class, CtlCode, DbVersion FROM vCharacterPreview WHERE Name='DatGa'
SELECT G_Status FROM GuildMember WHERE Name='DatGa'
SELECT cLevel, Class, CtlCode, DbVersion FROM vCharacterPreview WHERE Name='fasdfasdf'
SELECT G_Status FROM GuildMember WHERE Name='fasdfasdf'
SELECT cLevel, Class, CtlCode, DbVersion FROM vCharacterPreview WHERE Name='asfasdfasf'
SELECT G_Status FROM GuildMember WHERE Name='asfasdfasf'
SELECT cLevel, Class, CtlCode, DbVersion FROM vCharacterPreview WHERE Name='dddddd'
SELECT G_Status FROM GuildMember WHERE Name='dddddd'
SELECT cLevel, Class, CtlCode, DbVersion FROM vCharacterPreview WHERE Name='test1'
SELECT G_Status FROM GuildMember WHERE Name='test1'
SELECT cLevel, Class, LevelUpPoint, Experience, Strength, Dexterity, Vitality, Energy, Money, Life, MaxLife, Mana, MaxMana, MapNumber, MapPosX, MapPosY, MapDir, PkCount, PkLevel, PkTime, CtlCode, DbVersion, Leadership, ChatLimitTime, FruitPoint, Resets FROM Character WHERE Name='asfasdfasf'
UPDATE AccountCharacter SET GameIDC = 'asfasdfasf' WHERE Id = 'Datga'
SELECT * FROM OptionData WHERE Name='asfasdfasf'
WZ_PeriodItemSelect 19, 'asfasdfasf'
EXEC WZ_CW_InfoSave 0, 0, 2
EXEC WZ_CW_InfoSave 0, 0, 2
EXEC WZ_CW_InfoSave 0, 0, 2
EXEC WZ_CW_InfoSave 0, 0, 2
EXEC WZ_CW_InfoSave 0, 0, 2
UPDATE Character SET cLevel=300,Class=1,LevelUpPoint=384, Experience=22762780, Strength=344, Dexterity=2760, Vitality=1030, Energy=3330, Money=483150587, Life=0.000000, MaxLife=23890.000000, Mana=21001.000000, MaxMana=7044.000000, MapNumber=46, MapPosX=142, MapPosY=48, MapDir=0, PkCount=0, PkLevel=3, PkTime=0, DbVersion=3, Leadership=0, ChatLimitTime=0, FruitPoint=0 WHERE Name = 'DatGa'
UPDATE Character SET cLevel=276,Class=66,LevelUpPoint=841, Experience=405413500, Strength=26000, Dexterity=20000, Vitality=20000, Energy=14999, Money=2970528, Life=379.000000, MaxLife=11409.000000, Mana=31302.000000, MaxMana=31302.000000, MapNumber=46, MapPosX=201, MapPosY=129, MapDir=0, PkCount=0, PkLevel=3, PkTime=0, DbVersion=3, Leadership=25000, ChatLimitTime=0, FruitPoint=3 WHERE Name = 'asfasdfasf'
EXEC WZ_GetItemSerial
UPDATE Character SET cLevel=300,Class=1,LevelUpPoint=384, Experience=22762780, Strength=344, Dexterity=2760, Vitality=1030, Energy=3330, Money=483150587, Life=28640.000000, MaxLife=23890.000000, Mana=24444.000000, MaxMana=7044.000000, MapNumber=46, MapPosX=147, MapPosY=60, MapDir=0, PkCount=0, PkLevel=3, PkTime=0, DbVersion=3, Leadership=0, ChatLimitTime=0, FruitPoint=0 WHERE Name = 'DatGa'
UPDATE Character SET cLevel=300,Class=1,LevelUpPoint=384, Experience=23102780, Strength=344, Dexterity=2760, Vitality=1030, Energy=3330, Money=483150587, Life=28640.000000, MaxLife=23890.000000, Mana=24444.000000, MaxMana=7044.000000, MapNumber=46, MapPosX=195, MapPosY=130, MapDir=5, PkCount=0, PkLevel=3, PkTime=0, DbVersion=3, Leadership=0, ChatLimitTime=0, FruitPoint=0 WHERE Name = 'DatGa'
UPDATE Character SET cLevel=282,Class=66,LevelUpPoint=883, Experience=252646900, Strength=26000, Dexterity=20000, Vitality=20000, Energy=14999, Money=2970528, Life=11499.000000, MaxLife=11499.000000, Mana=31362.000000, MaxMana=31362.000000, MapNumber=46, MapPosX=141, MapPosY=45, MapDir=4, PkCount=0, PkLevel=3, PkTime=0, DbVersion=3, Leadership=25000, ChatLimitTime=0, FruitPoint=3 WHERE Name = 'asfasdfasf'
Connection Closed, dwIoSize == 0 (Index:1)
[ VOZ ][ 127.0.0.1:55901 ] GameServer Close
SELECT ItemCount FROM GameServerInfo WHERE Number = 0
[ VOZ ][ 127.0.0.1:55901 ] GameServer Connect 
EXEC WZ_CS_GetCastleTotalInfo 0, 7
EXEC WZ_CS_GetCastleNpcInfo 0
EXEC WZ_CW_InfoLoad 0
SELECT Summoner FROM AccountCharacter WHERE Id = 'datga'
SELECT * FROM AccountCharacter WHERE Id = 'datga'
SELECT cLevel, Class, CtlCode, DbVersion FROM vCharacterPreview WHERE Name='DatGa'
SELECT G_Status FROM GuildMember WHERE Name='DatGa'
SELECT cLevel, Class, CtlCode, DbVersion FROM vCharacterPreview WHERE Name='fasdfasdf'
SELECT G_Status FROM GuildMember WHERE Name='fasdfasdf'
SELECT cLevel, Class, CtlCode, DbVersion FROM vCharacterPreview WHERE Name='asfasdfasf'
SELECT G_Status FROM GuildMember WHERE Name='asfasdfasf'
SELECT cLevel, Class, CtlCode, DbVersion FROM vCharacterPreview WHERE Name='dddddd'
SELECT G_Status FROM GuildMember WHERE Name='dddddd'
SELECT cLevel, Class, CtlCode, DbVersion FROM vCharacterPreview WHERE Name='test1'
SELECT G_Status FROM GuildMember WHERE Name='test1'
SELECT cLevel, Class, LevelUpPoint, Experience, Strength, Dexterity, Vitality, Energy, Money, Life, MaxLife, Mana, MaxMana, MapNumber, MapPosX, MapPosY, MapDir, PkCount, PkLevel, PkTime, CtlCode, DbVersion, Leadership, ChatLimitTime, FruitPoint, Resets FROM Character WHERE Name='DatGa'
UPDATE AccountCharacter SET GameIDC = 'DatGa' WHERE Id = 'datga'
SELECT * FROM OptionData WHERE Name='DatGa'
WZ_PeriodItemSelect 19, 'DatGa'
Connection Closed, dwIoSize == 0 (Index:1)
[ VOZ ][ 127.0.0.1:55901 ] GameServer Close
SELECT ItemCount FROM GameServerInfo WHERE Number = 0
[ VOZ ][ 127.0.0.1:55901 ] GameServer C