[ MuOnline ] connection successful !
[ DataServer ] created on port [ 55960 ]
SELECT ItemCount FROM GameServerInfo WHERE Number = 0
[ VOZ ][ 127.0.0.1:55901 ] GameServer Connect 
EXEC WZ_CS_GetCastleTotalInfo 0, 7
EXEC WZ_CS_GetCastleNpcInfo 0
EXEC WZ_CW_InfoLoad 0
Connection Closed, dwIoSize == 0 (Index:1)
[ VOZ ][ 127.0.0.1:55901 ] GameServer Close
SELECT ItemCount FROM GameServerInfo WHERE Number = 0
[ VOZ ][ 127.0.0.1:55901 ] GameServer Connect 
SELECT Summoner FROM AccountCharacter WHERE Id = 'datga'
SELECT * FROM AccountCharacter WHERE Id = 'datga'
SELECT cLevel, Class, CtlCode, DbVersion FROM vCharacterPreview WHERE Name='DatGa'
SELECT G_Status FROM GuildMember WHERE Name='DatGa'
SELECT cLevel, Class, CtlCode, DbVersion FROM vCharacterPreview WHERE Name='fasdfasdf'
SELECT G_Status FROM GuildMember WHERE Name='fasdfasdf'
SELECT cLevel, Class, CtlCode, DbVersion FROM vCharacterPreview WHERE Name='asfasdfasf'
SELECT G_Status FROM GuildMember WHERE Name='asfasdfasf'
SELECT cLevel, Class, CtlCode, DbVersion FROM vCharacterPreview WHERE Name='dddddd'
SELECT G_Status FROM GuildMember WHERE Name='dddddd'
SELECT cLevel, Class, CtlCode, DbVersion FROM vCharacterPreview WHERE Name='test1'
SELECT G_Status FROM GuildMember WHERE Name='test1'
SELECT cLevel, Class, LevelUpPoint, Experience, Strength, Dexterity, Vitality, Energy, Money, Life, MaxLife, Mana, MaxMana, MapNumber, MapPosX, MapPosY, MapDir, PkCount, PkLevel, PkTime, CtlCode, DbVersion, Leadership, ChatLimitTime, FruitPoint, Resets FROM Character WHERE Name='DatGa'
UPDATE AccountCharacter SET GameIDC = 'DatGa' WHERE Id = 'datga'
SELECT * FROM OptionData WHERE Name='DatGa'
WZ_PeriodItemSelect 19, 'DatGa'
SELECT Name FROM OptionData WHERE Name='DatGa'
UPDATE OptionData SET GameOption=9, Qkey=0, Wkey=0, Ekey=0, ChatWindow=16, Rkey=0, QWERLevel=0 WHERE Name='DatGa'
UPDATE Character SET cLevel=184,Class=2,LevelUpPoint=617, Experience=65079105, Strength=3015, Dexterity=313, Vitality=1021, Energy=2030, Money=212881, Life=22630.000000, MaxLife=22550.000000, Mana=54880.000000, MaxMana=44260.000000, MapNumber=8, MapPosX=148, MapPosY=99, MapDir=1, PkCount=0, PkLevel=3, PkTime=0, DbVersion=3, Leadership=0, ChatLimitTime=0, FruitPoint=0 WHERE Name = 'DatGa'
SELECT Summoner FROM AccountCharacter WHERE Id = 'datga'
SELECT * FROM AccountCharacter WHERE Id = 'datga'
SELECT cLevel, Class, CtlCode, DbVersion FROM vCharacterPreview WHERE Name='DatGa'
SELECT G_Status FROM GuildMember WHERE Name='DatGa'
SELECT cLevel, Class, CtlCode, DbVersion FROM vCharacterPreview WHERE Name='fasdfasdf'
SELECT G_Status FROM GuildMember WHERE Name='fasdfasdf'
SELECT cLevel, Class, CtlCode, DbVersion FROM vCharacterPreview WHERE Name='asfasdfasf'
SELECT G_Status FROM GuildMember WHERE Name='asfasdfasf'
SELECT cLevel, Class, CtlCode, DbVersion FROM vCharacterPreview WHERE Name='dddddd'
SELECT G_Status FROM GuildMember WHERE Name='dddddd'
SELECT cLevel, Class, CtlCode, DbVersion FROM vCharacterPreview WHERE Name='test1'
SELECT G_Status FROM GuildMember WHERE Name='test1'
SELECT cLevel, Class, LevelUpPoint, Experience, Strength, Dexterity, Vitality, Energy, Money, Life, MaxLife, Mana, MaxMana, MapNumber, MapPosX, MapPosY, MapDir, PkCount, PkLevel, PkTime, CtlCode, DbVersion, Leadership, ChatLimitTime, FruitPoint, Resets FROM Character WHERE Name='test1'
UPDATE AccountCharacter SET GameIDC = 'test1' WHERE Id = 'datga'
SELECT * FROM OptionData WHERE Name='test1'
SELECT Pet_Level, Pet_Exp FROM T_PetItem_Info WHERE ItemSerial=12087
SELECT Pet_Level, Pet_Exp FROM T_PetItem_Info WHERE ItemSerial=12066
WZ_PeriodItemSelect 19, 'test1'
UPDATE Character SET cLevel=191,Class=64,LevelUpPoint=419, Experience=72674980, Strength=4550, Dexterity=2401, Vitality=326, Energy=1026, Money=321582758, Life=11760.000000, MaxLife=9870.000000, Mana=20410.000000, MaxMana=17465.000000, MapNumber=6, MapPosX=36, MapPosY=65, MapDir=3, PkCount=0, PkLevel=3, PkTime=0, DbVersion=3, Leadership=225, ChatLimitTime=0, FruitPoint=0 WHERE Name = 'test1'
UPDATE T_PetItem_Info SET Pet_Level=13, Pet_Exp=6585597 WHERE ItemSerial=12087
UPDATE T_PetItem_Info SET Pet_Level=13, Pet_Exp=6585596 WHERE ItemSerial=12066
SELECT Summoner FROM AccountCharacter WHERE Id = 'datga'
SELECT * FROM AccountCharacter WHERE Id = 'datga'
SELECT cLevel, Class, CtlCode, DbVersion FROM vCharacterPreview WHERE Name='DatGa'
SELECT G_Status FROM GuildMember WHERE Name='DatGa'
SELECT cLevel, Class, CtlCode, DbVersion FROM vCharacterPreview WHERE Name='fasdfasdf'
SELECT G_Status FROM GuildMember WHERE Name='fasdfasdf'
SELECT cLevel, Class, CtlCode, DbVersion FROM vCharacterPreview WHERE Name='asfasdfasf'
SELECT G_Status FROM GuildMember WHERE Name='asfasdfasf'
SELECT cLevel, Class, CtlCode, DbVersion FROM vCharacterPreview WHERE Name='dddddd'
SELECT G_Status FROM GuildMember WHERE Name='dddddd'
SELECT cLevel, Class, CtlCode, DbVersion FROM vCharacterPreview WHERE Name='test1'
SELECT G_Status FROM GuildMember WHERE Name='test1'
SELECT cLevel, Class, LevelUpPoint, Experience, Strength, Dexterity, Vitality, Energy, Money, Life, MaxLife, Mana, MaxMana, MapNumber, MapPosX, MapPosY, MapDir, PkCount, PkLevel, PkTime, CtlCode, DbVersion, Leadership, ChatLimitTime, FruitPoint, Resets FROM Character WHERE Name='asfasdfasf'
UPDATE AccountCharacter SET GameIDC = 'asfasdfasf' WHERE Id = 'datga'
SELECT * FROM OptionData WHERE Name='asfasdfasf'
WZ_PeriodItemSelect 19, 'asfasdfasf'
EXEC WZ_GetItemSerial
EXEC WZ_GetItemSerial
EXEC WZ_GetItemSerial
EXEC WZ_GetItemSerial
EXEC WZ_GetItemSerial
EXEC WZ_GetItemSerial
EXEC WZ_CS_ModifyMoney 0, 413571
EXEC WZ_GetItemSerial
EXEC WZ_GetItemSerial
EXEC WZ_GetItemSerial
EXEC WZ_GetItemSerial
EXEC WZ_GetItemSerial
EXEC WZ_GetItemSerial
EXEC WZ_GetItemSerial
EXEC WZ_GetItemSerial
EXEC WZ_GetItemSerial
EXEC WZ_GetItemSerial
EXEC WZ_GetItemSerial
EXEC WZ_GetItemSerial
EXEC WZ_GetItemSerial
EXEC WZ_GetItemSerial
EXEC WZ_GetItemSerial
EXEC WZ_GetItemSerial
UPDATE Character SET cLevel=300,Class=66,LevelUpPoint=827, Experience=383772624, Strength=26000, Dexterity=20000, Vitality=20000, Energy=14999, Money=367848, Life=31683.000000, MaxLife=11769.000000, Mana=31542.000000, MaxMana=31542.000000, MapNumber=3, MapPosX=172, MapPosY=110, MapDir=5, PkCount=0, PkLevel=3, PkTime=0, DbVersion=3, Leadership=25000, ChatLimitTime=0, FruitPoint=3 WHERE Name = 'asfasdfasf'
Connection Closed, dwIoSize == 0 (Index:1)
[ VOZ ][ 127.0.0.1:55901 ] GameServer Close
SELECT ItemCount FROM GameServerInfo WHERE Number = 0
[ VOZ ][ 127.0.0.1:55901 ] GameServer Connect 
EXEC WZ_CS_GetCastleTotalInfo 0, 7
EXEC WZ_CS_GetCastleNpcInfo 0
EXEC WZ_CW_InfoLoad 0
Connection Closed, dwIoSize == 0 (Index:1)
[ VOZ ][ 127.0.0.1:55901 ] GameServer Close
SELECT ItemCount FROM GameServerInfo WHERE Number = 0
[ VOZ ][ 127.0.0.1:55901 ] GameServer Connect 
SELECT Summoner FROM AccountCharacter WHERE Id = 'datga'
SELECT * FROM AccountCharacter WHERE Id = 'datga'
SELECT cLevel, Class, CtlCode, DbVersion FROM vCharacterPreview WHERE Name='DatGa'
SELECT G_Status FROM GuildMember WHERE Name='DatGa'
SELECT cLevel, Class, CtlCode, DbVersion FROM vCharacterPreview WHERE Name='fasdfasdf'
SELECT G_Status FROM GuildMember WHERE Name='fasdfasdf'
SELECT cLevel, Class, CtlCode, DbVersion FROM vCharacterPreview WHERE Name='asfasdfasf'
SELECT G_Status FROM GuildMember WHERE Name='asfasdfasf'
SELECT cLevel, Class, CtlCode, DbVersion FROM vCharacterPreview WHERE Name='dddddd'
SELECT G_Status FROM GuildMember WHERE Name='dddddd'
SELECT cLevel, Class, CtlCode, DbVersion FROM vCharacterPreview WHERE Name='test1'
SELECT G_Status FROM GuildMember WHERE Name='test1'
SELECT cLevel, Class, LevelUpPoint, Experience, Strength, Dexterity, Vitality, Energy, Money, Life, MaxLife, Mana, MaxMana, MapNumber, MapPosX, MapPosY, MapDir, PkCount, PkLevel, PkTime, CtlCode, DbVersion, Leadership, ChatLimitTime, FruitPoint, Resets FROM Character WHERE Name='DatGa'
UPDATE AccountCharacter SET GameIDC = 'DatGa' WHERE Id = 'datga'
SELECT * FROM OptionData WHERE Name='DatGa'
WZ_PeriodItemSelect 19, 'DatGa'
EXEC WZ_GetItemSerial
EXEC WZ_GetItemSerial
EXEC WZ_GetItemSerial
UPDATE Character SET cLevel=185,Class=2,LevelUpPoint=622, Experience=65342080, Strength=3015, Dexterity=3130, Vitality=1021, Energy=20300, Money=112881, Life=27960.000000, MaxLife=22560.000000, Mana=49208.000000, MaxMana=16464.000000, MapNumber=10, MapPosX=13, MapPosY=37, MapDir=6, PkCount=0, PkLevel=3, PkTime=0, DbVersion=3, Leadership=0, ChatLimitTime=0, FruitPoint=0 WHERE Name = 'DatGa'
EXEC WZ_GetItemSerial
EXEC WZ_GetItemSerial
EXEC WZ_GetItemSerial
EXEC WZ_GetItemSerial
EXEC WZ_GetItemSerial
EXEC WZ_GetItemSerial
EXEC WZ_GetItemSerial
EXEC WZ_GetItemSerial
EXEC WZ_GetItemSerial
UPDATE Character SET cLevel=186,Class=2,LevelUpPoint=627, Experience=66396500, Strength=3015, Dexterity=3130, Vitality=1021, Energy=20300, Money=155760, Life=27970.000000, MaxLife=22570.000000, Mana=49228.000000, MaxMana=16484.000000, MapNumber=10, MapPosX=92, MapPosY=68, MapDir=3, PkCount=0, PkLevel=3, PkTime=0, DbVersion=3, Leadership=0, ChatLimitTime=0, FruitPoint=0 WHERE Name = 'DatGa'
EXEC WZ_GetItemSerial
EXEC WZ_GetItemSerial
EXEC WZ_GetItemSerial
EXEC WZ_GetItemSerial
EXEC WZ_GetItemSerial
SELECT Name FROM OptionData WHERE Name='DatGa'
UPDATE OptionData SET GameOption=9, Qkey=0, Wkey=0, Ekey=0, ChatWindow=0, Rkey=0, QWERLevel=155760 WHERE Name='DatGa'
UPDATE Character SET cLevel=186,Class=2,LevelUpPoint=627, Experience=66605325, Strength=3015, Dexterity=3130, Vitality=1021, Energy=20300, Money=145760, Life=27970.000000, MaxLife=22570.000000, Mana=49228.000000, MaxMana=16484.000000, MapNumber=0, MapPosX=201, MapPosY=28, MapDir=3, PkCount=0, PkLevel=3, PkTime=0, DbVersion=3, Leadership=0, ChatLimitTime=0, FruitPoint=0 WHERE Name = 'DatGa'
SELECT Summoner FROM AccountCharacter WHERE Id = 'datga'
SELECT * FROM AccountCharacter WHERE Id = 'datga'
SELECT cLevel, Class, CtlCode, DbVersion FROM vCharacterPreview WHERE Name='DatGa'
SELECT G_Status FROM GuildMember WHERE Name='DatGa'
SELECT cLevel, Class, CtlCode, DbVersion FROM vCharacterPreview WHERE Name='fasdfasdf'
SELECT G_Status FROM GuildMember WHERE Name='fasdfasdf'
SELECT cLevel, Class, CtlCode, DbVersion FROM vCharacterPreview WHERE Name='asfasdfasf'
SELECT G_Status FROM GuildMember WHERE Name='asfasdfasf'
SELECT cLevel, Class, CtlCode, DbVersion FROM vCharacterPreview WHERE Name='dddddd'
SELECT G_Status FROM GuildMember WHERE Name='dddddd'
SELECT cLevel, Class, CtlCode, DbVersion FROM vCharacterPreview WHERE Name='test1'
SELECT G_Status FROM GuildMember WHERE Name='test1'
SELECT cLevel, Class, LevelUpPoint, Experience, Strength, Dexterity, Vitality, Energy, Money, Life, MaxLife, Mana, MaxMana, MapNumber, MapPosX, MapPosY, MapDir, PkCount, PkLevel, PkTime, CtlCode, DbVersion, Leadership, ChatLimitTime, FruitPoint, Resets FROM Character WHERE Name='asfasdfasf'
UPDATE AccountCharacter SET GameIDC = 'asfasdfasf' WHERE Id = 'datga'
SELECT * FROM OptionData WHERE Name='asfasdfasf'
WZ_PeriodItemSelect 19, 'asfasdfasf'
SELECT Name FROM OptionData WHERE Name='asfasdfasf'
UPDATE OptionData SET GameOption=9, Qkey=0, Wkey=0, Ekey=0, ChatWindow=0, Rkey=0, QWERLevel=11538625 WHERE Name='asfasdfasf'
UPDATE Character SET cLevel=300,Class=66,LevelUpPoint=827, Experience=383772624, Strength=26000, Dexterity=20000, Vitality=20000, Energy=14999, Money=367848, Life=31683.000000, MaxLife=11769.000000, Mana=29089.000000, MaxMana=31542.000000, MapNumber=3, MapPosX=174, MapPosY=103, MapDir=2, PkCount=0, PkLevel=3, PkTime=0, DbVersion=3, Leadership=25000, ChatLimitTime=0, FruitPoint=3 WHERE Name = 'asfasdfasf'
SELECT Summoner FROM AccountCharacter WHERE Id = 'datga'
SELECT * FROM AccountCharacter WHERE Id = 'datga'
SELECT cLevel, Class, CtlCode, DbVersion FROM vCharacterPreview WHERE Name='DatGa'
SELECT G_Status FROM GuildMember WHERE Name='DatGa'
SELECT cLevel, Class, CtlCode, DbVersion FROM vCharacterPreview WHERE Name='fasdfasdf'
SELECT G_Status FROM GuildMember WHERE Name='fasdfasdf'
SELECT cLevel, Class, CtlCode, DbVersion FROM vCharacterPreview WHERE Name='asfasdfasf'
SELECT G_Status FROM GuildMember WHERE Name='asfasdfasf'
SELECT cLevel, Class, CtlCode, DbVersion FROM vCharacterPreview WHERE Name='dddddd'
SELECT G_Status FROM GuildMember WHERE Name='dddddd'
SELECT cLevel, Class, CtlCode, DbVersion FR[ MuOnline ] connection successful !
[ DataServer ] created on port [ 55960 ]
SELECT ItemCount FROM GameServerInfo WHERE Number = 0
[ VOZ ][ 127.0.0.1:55901 ] GameServer Connect 
EXEC WZ_CS_GetCastleTotalInfo 0, 7
EXEC WZ_CS_GetCastleNpcInfo 0
EXEC WZ_CW_InfoLoad 0
Connection Closed, dwIoSize == 0 (Index:1)
[ VOZ ][ 127.0.0.1:55901 ] GameServer Close
SELECT ItemCount FROM GameServerInfo WHERE Number = 0
[ VOZ ][ 127.0.0.1:55901 ] GameServer Connect 
SELECT Summoner FROM AccountCharacter WHERE Id = 'datga'
SELECT * FROM AccountCharacter WHERE Id = 'datga'
SELECT cLevel, Class, CtlCode, DbVersion FROM vCharacterPreview WHERE Name='DatGa'
SELECT G_Status FROM GuildMember WHERE Name='DatGa'
SELECT cLevel, Class, CtlCode, DbVersion FROM vCharacterPreview WHERE Name='fasdfasdf'
SELECT G_Status FROM GuildMember WHERE Name='fasdfasdf'
SELECT cLevel, Class, CtlCode, DbVersion FROM vCharacterPreview WHERE Name='asfasdfasf'
SELECT G_Status FROM GuildMember WHERE Name='asfasdfasf'
SELECT cLevel, Class, CtlCode, DbVersion FROM vCharacterPreview WHERE Name='dddddd'
SELECT G_Status FROM GuildMember WHERE Name='dddddd'
SELECT cLevel, Class, CtlCode, DbVersion FROM vCharacterPreview WHERE Name='test1'
SELECT G_Status FROM GuildMember WHERE Name='test1'
SELECT cLevel, Class, LevelUpPoint, Experience, Strength, Dexterity, Vitality, Energy, Money, Life, MaxLife, Mana, MaxMana, MapNumber, MapPosX, MapPosY, MapDir, PkCount, PkLevel, PkTime, CtlCode, DbVersion, Leadership, ChatLimitTime, FruitPoint, Resets FROM Character WHERE Name='DatGa'
UPDATE AccountCharacter SET GameIDC = 'DatGa' WHERE Id = 'datga'
SELECT * FROM OptionData WHERE Name='DatGa'
WZ_PeriodItemSelect 19, 'DatGa'
UPDATE Character SET cLevel=286,Class=2,LevelUpPoint=627, Experience=273901500, Strength=30150, Dexterity=31300, Vitality=10210, Energy=30300, Money=44388, Life=60482.000000, MaxLife=10742.000000, Mana=27987.000000, MaxMana=21876.000000, MapNumber=0, MapPosX=136, MapPosY=128, MapDir=3, PkCount=0, PkLevel=3, PkTime=0, DbVersion=3, Leadership=0, ChatLimitTime=0, FruitPoint=0 WHERE Name = 'DatGa'
SELECT Summoner FROM AccountCharacter WHERE Id = 'datga'
SELECT * FROM AccountCharacter WHERE Id = 'datga'
SELECT cLevel, Class, CtlCode, DbVersion FROM vCharacterPreview WHERE Name='DatGa'
SELECT G_Status FROM GuildMember WHERE Name='DatGa'
SELECT cLevel, Class, CtlCode, DbVersion FROM vCharacterPreview WHERE Name='fasdfasdf'
SELECT G_Status FROM GuildMember WHERE Name='fasdfasdf'
SELECT cLevel, Class, CtlCode, DbVersion FROM vCharacterPreview WHERE Name='asfasdfasf'
SELECT G_Status FROM GuildMember WHERE Name='asfasdfasf'
SELECT cLevel, Class, CtlCode, DbVersion FROM vCharacterPreview WHERE Name='dddddd'
SELECT G_Status FROM GuildMember WHERE Name='dddddd'
SELECT cLevel, Class, CtlCode, DbVersion FROM vCharacterPreview WHERE Name='test1'
SELECT G_Status FROM GuildMember WHERE Name='test1'
SELECT cLevel, Class, LevelUpPoint, Experience, Strength, Dexterity, Vitality, Energy, Money, Life, MaxLife, Mana, MaxMana, MapNumber, MapPosX, MapPosY, MapDir, PkCount, PkLevel, PkTime, CtlCode, DbVersion, Leadership, ChatLimitTime, FruitPoint, Resets FROM Character WHERE Name='DatGa'
UPDATE AccountCharacter SET GameIDC = 'DatGa' WHERE Id = 'datga'
SELECT * FROM OptionData WHERE Name='DatGa'
WZ_PeriodItemSelect 19, 'DatGa'
UPDATE Character SET cLevel=286,Class=2,LevelUpPoint=627, Experience=273901500, Strength=30150, Dexterity=31300, Vitality=10210, Energy=30300, Money=44388, Life=60482.000000, MaxLife=10742.000000, Mana=37564.000000, MaxMana=21876.000000, MapNumber=0, MapPosX=129, MapPosY=142, MapDir=3, PkCount=0, PkLevel=3, PkTime=0, DbVersion=3, Leadership=0, ChatLimitTime=0, FruitPoint=0 WHERE Name = 'DatGa'
SELECT Summoner FROM AccountCharacter WHERE Id = 'datga'
SELECT * FROM AccountCharacter WHERE Id = 'datga'
SELECT cLevel, Class, CtlCode, DbVersion FROM vCharacterPreview WHERE Name='DatGa'
SELECT G_Status FROM GuildMember WHERE Name='DatGa'
SELECT cLevel, Class, CtlCode, DbVersion FROM vCharacterPreview WHERE Name='fasdfasdf'
SELECT G_Status FROM GuildMember WHERE Name='fasdfasdf'
SELECT cLevel, Class, CtlCode, DbVersion FROM vCharacterPreview WHERE Name='asfasdfasf'
SELECT G_Status FROM GuildMember WHERE Name='asfasdfasf'
SELECT cLevel, Class, CtlCode, DbVersion FROM vCharacterPreview WHERE Name='dddddd'
SELECT G_Status FROM GuildMember WHERE Name='dddddd'
SELECT cLevel, Class, CtlCode, DbVersion FROM vCharacterPreview WHERE Name='test1'
SELECT G_Status FROM GuildMember WHERE Name='test1'
SELECT cLevel, Class, LevelUpPoint, Experience, Strength, Dexterity, Vitality, Energy, Money, Life, MaxLife, Mana, MaxMana, MapNumber, MapPosX, MapPosY, MapDir, PkCount, PkLevel, PkTime, CtlCode, DbVersion, Leadership, ChatLimitTime, FruitPoint, Resets FROM Character WHERE Name='DatGa'
UPDATE AccountCharacter SET GameIDC = 'DatGa' WHERE Id = 'datga'
SELECT * FROM OptionData WHERE Name='DatGa'
WZ_PeriodItemSelect 19, 'DatGa'
EXEC WZ_GetItemSerial
EXEC WZ_GetItemSerial
EXEC WZ_GetItemSerial
EXEC WZ_GetItemSerial
SELECT Name FROM OptionData WHERE Name='DatGa'
UPDATE OptionData SET GameOption=9, Qkey=0, Wkey=0, Ekey=0, ChatWindow=0, Rkey=0, QWERLevel=44388 WHERE Name='DatGa'
UPDATE Character SET cLevel=286,Class=2,LevelUpPoint=627, Experience=273911225, Strength=30150, Dexterity=31300, Vitality=10210, Energy=30300, Money=519, Life=60482.000000, MaxLife=10742.000000, Mana=37564.000000, MaxMana=21876.000000, MapNumber=0, MapPosX=136, MapPosY=209, MapDir=2, PkCount=0, PkLevel=3, PkTime=0, DbVersion=3, Leadership=0, ChatLimitTime=0, FruitPoint=0 WHERE Name = 'DatGa'
SELECT Summoner FROM AccountCharacter WHERE Id = 'datga'
SELECT * FROM AccountCharacter WHERE Id = 'datga'
SELECT cLevel, Class, CtlCode, DbVersion FROM vCharacterPreview WHERE Name='DatGa'
SELECT G_Status FROM GuildMember WHERE Name='DatGa'
SELECT cLevel, Class, CtlCode, DbVersion FROM vCharacterPreview WHERE Name='fasdfasdf'
SELECT G_Status FROM GuildMember WHERE Name='fasdfasdf'
SELECT cLevel, Class, CtlCode, DbVersion FROM vCharacterPreview WHERE Name='asfasdfasf'
SELECT G_Status FROM GuildMember WHERE Name='asfasdfasf'
SELECT cLevel, Class, CtlCode, DbVersion FROM vCharacterPreview WHERE Name='dddddd'
SELECT G_Status FROM GuildMember WHERE Name='dddddd'
SELECT cLevel, Class, CtlCode, DbVersion FROM vCharacterPreview WHERE Name='test1'
SELECT G_Status FROM GuildMember WHERE Name='test1'
SELECT cLevel, Class, LevelUpPoint, Experience, Strength, Dexterity, Vitality, Energy, Money, Life, MaxLife, Mana, MaxMana, MapNumber, MapPosX, MapPosY, MapDir, PkCount, PkLevel, PkTime, CtlCode, DbVersion, Leadership, ChatLimitTime, FruitPoint, Resets FROM Character WHERE Name='DatGa'
UPDATE AccountCharacter SET GameIDC = 'DatGa' WHERE Id = 'datga'
SELECT * FROM OptionData WHERE Name='DatGa'
WZ_PeriodItemSelect 19, 'DatGa'
EXEC WZ_GetItemSerial
EXEC WZ_GetItemSerial
EXEC WZ_GetItemSerial
EXEC WZ_GetItemSerial
SELECT Name FROM OptionData WHERE Name='DatGa'
UPDATE OptionData SET GameOption=9, Qkey=0, Wkey=0, Ekey=0, ChatWindow=0, Rkey=0, QWERLevel=11538625 WHERE Name='DatGa'
UPDATE Character SET cLevel=286,Class=2,LevelUpPoint=627, Experience=273918100, Strength=30150, Dexterity=31300, Vitality=10210, Energy=30300, Money=1395, Life=60482.000000, MaxLife=10742.000000, Mana=37564.000000, MaxMana=21876.000000, MapNumber=0, MapPosX=102, MapPosY=203, MapDir=7, PkCount=0, PkLevel=3, PkTime=0, DbVersion=3, Leadership=0, ChatLimitTime=0, FruitPoint=0 WHERE Name = 'DatGa'
SELECT Summoner FROM AccountCharacter WHERE Id = 'datga'
SELECT * FROM AccountCharacter WHERE Id = 'datga'
SELECT cLevel, Class, CtlCode, DbVersion FROM vCharacterPreview WHERE Name='DatGa'
SELECT G_Status FROM GuildMember WHERE Name='DatGa'
SELECT cLevel, Class, CtlCode, DbVersion FROM vCharacterPreview WHERE Name='fasdfasdf'
SELECT G_Status FROM GuildMember WHERE Name='fasdfasdf'
SELECT cLevel, Class, CtlCode, DbVersion FROM vCharacterPreview WHERE Name='asfasdfasf'
SELECT G_Status FROM GuildMember WHERE Name='asfasdfasf'
SELECT cLevel, Class, CtlCode, DbVersion FROM vCharacterPreview WHERE Name='dddddd'
SELECT G_Status FROM GuildMember WHERE Name='dddddd'
SELECT cLevel, Class, CtlCode, DbVersion FROM vCharacterPreview WHERE Name='test1'
SELECT G_Status FROM GuildMember WHERE Name='test1'
SELECT cLevel, Class, LevelUpPoint, Experience, Strength, Dexterity, Vitality, Energy, Money, Life, MaxLife, Mana, MaxMana, MapNumber, MapPosX, MapPosY, MapDir, PkCount, PkLevel, PkTime, CtlCode, DbVersion, Leadership, ChatLimitTime, FruitPoint, Resets FROM Character WHERE Name='DatGa'
UPDATE AccountCharacter SET GameIDC = 'DatGa' WHERE Id = 'datga'
SELECT * FROM OptionData WHERE Name='DatGa'
WZ_PeriodItemSelect 19, 'DatGa'
EXEC WZ_GetItemSerial
EXEC WZ_GetItemSerial
EXEC WZ_GetItemSerial
EXEC WZ_GetItemSerial
UPDATE Character SET cLevel=286,Class=2,LevelUpPoint=627, Experience=273923925, Strength=30150, Dexterity=31300, Vitality=10210, Energy=30300, Money=2068, Life=60482.000000, MaxLife=10742.000000, Mana=62118.000000, MaxMana=21876.000000, MapNumber=0, MapPosX=100, MapPosY=201, MapDir=1, PkCount=0, PkLevel=3, PkTime=0, DbVersion=3, Leadership=0, ChatLimitTime=0, FruitPoint=0 WHERE Name = 'DatGa'
Connection Closed, dwIoSize == 0 (Index:1)
[ VOZ ][ 127.0.0.1:55901 ] GameServer Close
SELECT ItemCount FROM GameServerInfo WHERE Number = 0
[ VOZ ][ 127.0.0.1:55901 ] GameServer Connect 
EXEC WZ_CS_GetCastleTotalInfo 0, 7
EXEC WZ_CS_GetCastleNpcInfo 0
EXEC WZ_CW_InfoLoad 0
Connection Closed, dwIoSize == 0 (Index:1)
[ VOZ ][ 127.0.0.1:55901 ] GameServer Close
SELECT ItemCount FROM GameServerInfo WHERE Number = 0
[ VOZ ][ 127.0.0.1:55901 ] GameServer Connect 
SELECT Summoner FROM AccountCharacter WHERE Id = 'datga'
SELECT * FROM AccountCharacter WHERE Id = 'datga'
SELECT cLevel, Class, CtlCode, DbVersion FROM vCharacterPreview WHERE Name='DatGa'
SELECT G_Status FROM GuildMember WHERE Name='DatGa'
SELECT cLevel, Class, CtlCode, DbVersion FROM vCharacterPreview WHERE Name='fasdfasdf'
SELECT G_Status FROM GuildMember WHERE Name='fasdfasdf'
SELECT cLevel, Class, CtlCode, DbVersion FROM vCharacterPreview WHERE Name='asfasdfasf'
SELECT G_Status FROM GuildMember WHERE Name='asfasdfasf'
SELECT cLevel, Class, CtlCode, DbVersion FROM vCharacterPreview WHERE Name='dddddd'
SELECT G_Status FROM GuildMember WHERE Name='dddddd'
SELECT cLevel, Class, CtlCode, DbVersion FROM vCharacterPreview WHERE Name='test1'
SELECT G_Status FROM GuildMember WHERE Name='test1'
SELECT cLevel, Class, LevelUpPoint, Experience, Strength, Dexterity, Vitality, Energy, Money, Life, MaxLife, Mana, MaxMana, MapNumber, MapPosX, MapPosY, MapDir, PkCount, PkLevel, PkTime, CtlCode, DbVersion, Leadership, ChatLimitTime, FruitPoint, Resets FROM Character WHERE Name='DatGa'
UPDATE AccountCharacter SET GameIDC = 'DatGa' WHERE Id = 'datga'
SELECT * FROM OptionData WHERE Name='DatGa'
WZ_PeriodItemSelect 19, 'DatGa'
UPDATE Character SET cLevel=286,Class=2,LevelUpPoint=627, Experience=273923925, Strength=30150, Dexterity=31300, Vitality=10210, Energy=30300, Money=2068, Life=60482.000000, MaxLife=10742.000000, Mana=61951.000000, MaxMana=21876.000000, MapNumber=0, MapPosX=83, MapPosY=176, MapDir=5, PkCount=0, PkLevel=3, PkTime=0, DbVersion=3, Leadership=0, ChatLimitTime=0, FruitPoint=0 WHERE Name = 'DatGa'
Connection Closed, dwIoSize == 0 (Index:1)
[ VOZ ][ 127.0.0.1:55901 ] GameServer Close
SELECT ItemCount FROM GameServerInfo WHERE Number = 0
[ VOZ ][ 127.0.0.1:55901 ] GameServer Connect 
EXEC WZ_CS_GetCastleTotalInfo 0, 7
EXEC WZ_CS_GetCastleNpcInfo 0
EXEC WZ_CW_InfoLoad 0
Connection Closed, dwIoSize == 0 (Index:1)
[ VOZ ][ 127.0.0.1:55901 ] GameServer Close
SELECT ItemCount FROM GameServerInfo WHERE Number = 0
[ VOZ ][ 127.0.0.1:55901 ] GameServer Connect 
Connection Closed, dwIoSize == 0 (Index:1)
[ VOZ ][ 127.0.0.1:55901 ] GameServer Close
SELECT ItemCount FROM GameServerInfo WHERE Number = 0
[ VOZ ][ 127.0.0.1:55901 ] GameServer Connect 
EXEC WZ_CS_GetCastleTotalInfo 0, 7
EXEC WZ_CS_GetCastleNpcInfo 0
EXEC WZ_CW_InfoLoad 0
SELECT Summoner FROM AccountCharacter WHERE Id = 'datga'
SELECT * FROM AccountCharacter WHERE Id = 'datga'
SELECT cLevel, Class, CtlCode, DbVersion FROM vCharacterPreview WHERE Name='DatGa'
SELECT G_Status FROM GuildMember WHERE Name='DatGa'
SELECT cLevel, Class, CtlCode, DbVersion FROM vCharacterPreview WHERE Name='fasdfasdf'
SELECT G_Status FROM GuildMember WHERE Name='fasdfasdf'
SELECT cLevel, Class, CtlCode, DbVersion FROM vCharacterPreview WHERE Name='asfasdfasf'
SELECT G_Status FROM GuildMember WHERE Name='asfasdfasf'
SELECT cLevel, Class, CtlCode, DbVersion FROM vCharacterPreview WHERE Name='dddddd'
SELECT G_Status FROM GuildMember WHERE Name='dddddd'
SELECT cLevel, Class, CtlCode, DbVersion FROM vCharacterPreview WHERE Name='test1'
SELECT G_Status FROM GuildMember WHERE Name='test1'
SELECT cLevel, Class, LevelUpPoint, Experience, Strength, Dexterity, Vitality, Energy, Money, Life, MaxLife, Mana, MaxMana, MapNumber, MapPosX, MapPosY, MapDir, PkCount, PkLevel, PkTime, CtlCode, DbVersion, Leadership, ChatLimitTime, FruitPoint, Resets FROM Character WHERE Name='DatGa'
UPDATE AccountCharacter SET GameIDC = 'DatGa' WHERE Id = 'datga'
SELECT * FROM OptionData WHERE Name='DatGa'
WZ_PeriodItemSelect 19, 'DatGa'
UPDATE Character SET cLevel=286,Class=2,LevelUpPoint=627, Experience=273923925, Strength=30150, Dexterity=31300, Vitality=10210, Energy=30300, Money=2068, Life=60482.000000, MaxLife=10742.000000, Mana=24311.000000, MaxMana=21876.000000, MapNumber=0, MapPosX=83, MapPosY=176, MapDir=1, PkCount=0, PkLevel=3, PkTime=0, DbVersion=3, Leadership=0, ChatLimitTime=0, FruitPoint=0 WHERE Name = 'DatGa'
Connection Closed, dwIoSize == 0 (Index:1)
[ VOZ ][ 127.0.0.1:55901 ] GameServer Close
SELECT ItemCount FROM GameServerInfo WHERE Number = 0
[ VOZ ][ 127.0.0.1:55901 ] GameServer Connect 
SELECT Summoner FROM AccountCharacter WHERE Id = 'datga'
SELECT * FROM AccountCharacter WHERE Id = 'datga'
SELECT cLevel, Class, CtlCode, DbVersion FROM vCharacterPreview WHERE Name='DatGa'
SELECT G_Status FROM GuildMember WHERE Name='DatGa'
SELECT cLevel, Class, CtlCode, DbVersion FROM vCharacterPreview WHERE Name='fasdfasdf'
SELECT G_Status FROM GuildMember WHERE Name='fasdfasdf'
SELECT cLevel, Class, CtlCode, DbVersion FROM vCharacterPreview WHERE Name='asfasdfasf'
SELECT G_Status FROM GuildMember WHERE Name='asfasdfasf'
SELECT cLevel, Class, CtlCode, DbVersion FROM vCharacterPreview WHERE Name='dddddd'
SELECT G_Status FROM GuildMember WHERE Name='dddddd'
SELECT cLevel, Class, CtlCode, DbVersion FROM vCharacterPreview WHERE Name='test1'
SELECT G_Status FROM GuildMember WHERE Name='test1'
SELECT cLevel, Class, LevelUpPoint, Experience, Strength, Dexterity, Vitality, Energy, Money, Life, MaxLife, Mana, MaxMana, MapNumber, MapPosX, MapPosY, MapDir, PkCount, PkLevel, PkTime, CtlCode, DbVersion, Leadership, ChatLimitTime, FruitPoint, Resets FROM Character WHERE Name='DatGa'
UPDATE AccountCharacter SET GameIDC = 'DatGa' WHERE Id = 'datga'
SELECT * FROM OptionData WHERE Name='DatGa'
WZ_PeriodItemSelect 19, 'DatGa'
UPDATE Character SET cLevel=286,Class=2,LevelUpPoint=627, Experience=273923925, Strength=30150, Dexterity=31300, Vitality=10210, Energy=30300, Money=2068, Life=60482.000000, MaxLife=10742.000000, Mana=24144.000000, MaxMana=21876.000000, MapNumber=0, MapPosX=82, MapPosY=167, MapDir=0, PkCount=0, PkLevel=3, PkTime=0, DbVersion=3, Leadership=0, ChatLimitTime=0, FruitPoint=0 WHERE Name = 'DatGa'
SELECT Summoner FROM AccountCharacter WHERE Id = 'datga'
SELECT * FROM AccountCharacter WHERE Id = 'datga'
SELECT cLevel, Class, CtlCode, DbVersion FROM vCharacterPreview WHERE Name='DatGa'
SELECT G_Status FROM GuildMember WHERE Name='DatGa'
SELECT cLevel, Class, CtlCode, DbVersion FROM vCharacterPreview WHERE Name='fasdfasdf'
SELECT G_Status FROM GuildMember WHERE Name='fasdfasdf'
SELECT cLevel, Class, CtlCode, DbVersion FROM vCharacterPreview WHERE Name='asfasdfasf'
SELECT G_Status FROM GuildMember WHERE Name='asfasdfasf'
SELECT cLevel, Class, CtlCode, DbVersion FROM vCharacterPreview WHERE Name='dddddd'
SELECT G_Status FROM GuildMember WHERE Name='dddddd'
SELECT cLevel, Class, CtlCode, DbVersion FROM vCharacterPreview WHERE Name='test1'
SELECT G_Status FROM GuildMember WHERE Name='test1'
SELECT cLevel, Class, LevelUpPoint, Experience, Strength, Dexterity, Vitality, Energy, Money, Life, MaxLife, Mana, MaxMana, MapNumber, MapPosX, MapPosY, MapDir, PkCount, PkLevel, PkTime, CtlCode, DbVersion, Leadership, ChatLimitTime, FruitPoint, Resets FROM Character WHERE Name='DatGa'
UPDATE AccountCharacter SET GameIDC = 'DatGa' WHERE Id = 'datga'
SELECT * FROM OptionData WHERE Name='DatGa'
WZ_PeriodItemSelect 19, 'DatGa'
UPDATE Character SET cLevel=286,Class=2,LevelUpPoint=627, Experience=273923925, Strength=30150, Dexterity=31300, Vitality=10210, Energy=30300, Money=2068, Life=60472.000000, MaxLife=10742.000000, Mana=14567.000000, MaxMana=21876.000000, MapNumber=0, MapPosX=66, MapPosY=151, MapDir=4, PkCount=0, PkLevel=3, PkTime=0, DbVersion=3, Leadership=0, ChatLimitTime=0, FruitPoint=0 WHERE Name = 'DatGa'
SELECT Summoner FROM AccountCharacter WHERE Id = 'datga'
SELECT * FROM AccountCharacter WHERE Id = 'datga'
SELECT cLevel, Class, CtlCode, DbVersion FROM vCharacterPreview WHERE Name='DatGa'
SELECT G_Status FROM GuildMember WHERE Name='DatGa'
SELECT cLevel, Class, CtlCode, DbVersion FROM vCharacterPreview WHERE Name='fasdfasdf'
SELECT G_Status FROM GuildMember WHERE Name='fasdfasdf'
SELECT cLevel, Class, CtlCode, DbVersion FROM vCharacterPreview WHERE Name='asfasdfasf'
SELECT G_Status FROM GuildMember WHERE Name='asfasdfasf'
SELECT cLevel, Class, CtlCode, DbVersion FROM vCharacterPreview WHERE Name='dddddd'
SELECT G_Status FROM GuildMember WHERE Name='dddddd'
SELECT cLevel, Class, CtlCode, DbVersion FROM vCharacterPreview WHERE Name='test1'
SELECT G_Status FROM GuildMember WHERE Name='test1'
SELECT cLevel, Class, LevelUpPoint, Experience, Strength, Dexterity, Vitality, Energy, Money, Life, MaxLife, Mana, MaxMana, MapNumber, MapPosX, MapPosY, MapDir, PkCount, PkLevel, PkTime, CtlCode, DbVersion, Leadership, ChatLimitTime, FruitPoint, Resets FROM Character WHERE Name='DatGa'
UPDATE AccountCharacter SET GameIDC = 'DatGa' WHERE Id = 'datga'
SELECT * FROM OptionData WHERE Name='DatGa'
WZ_PeriodItemSelect 19, 'DatGa'
UPDATE Character SET cLevel=286,Class=2,LevelUpPoint=627, Experience=273923925, Strength=30150, Dexterity=31300, Vitality=10210, Energy=30300, Money=2068, Life=60472.000000, MaxLife=10742.000000, Mana=4990.000000, MaxMana=21876.000000, MapNumber=0, MapPosX=61, MapPosY=122, MapDir=4, PkCount=0, PkLevel=3, PkTime=0, DbVersion=3, Leadership=0, ChatLimitTime=0, FruitPoint=0 WHERE Name = 'DatGa'
SELECT Summoner FROM AccountCharacter WHERE Id = 'datga'
SELECT * FROM AccountCharacter WHERE Id = 'datga'
SELECT cLevel, Class, CtlCode, DbVersion FROM vCharacterPreview WHERE Name='DatGa'
SELECT G_Status FROM GuildMember WHERE Name='DatGa'
SELECT cLevel, Class, CtlCode, DbVersion FROM vCharacterPreview WHERE Name='fasdfasdf'
SELECT G_Status FROM GuildMember WHERE Name='fasdfasdf'
SELECT cLevel, Class, CtlCode, DbVersion FROM vCharacterPreview WHERE Name='asfasdfasf'
SELECT G_Status FROM GuildMember WHERE Name='asfasdfasf'
SELECT cLevel, Class, CtlCode, DbVersion FROM vCharacterPreview WHERE Name='dddddd'
SELECT G_Status FROM GuildMember WHERE Name='dddddd'
SELECT cLevel, Class, CtlCode, DbVersion FROM vCharacterPreview WHERE Name='test1'
SELECT G_Status FROM GuildMember WHERE Name='test1'
SELECT cLevel, Class, LevelUpPoint, Experience, Strength, Dexterity, Vitality, Energy, Money, Life, MaxLife, Mana, MaxMana, MapNumber, MapPosX, MapPosY, MapDir, PkCount, PkLevel, PkTime, CtlCode, DbVersion, Leadership, ChatLimitTime, FruitPoint, Resets FROM Character WHERE Name='DatGa'
UPDATE AccountCharacter SET GameIDC = 'DatGa' WHERE Id = 'datga'
SELECT * FROM OptionData WHERE Name='DatGa'
WZ_PeriodItemSelect 19, 'DatGa'
UPDATE Character SET cLevel=286,Class=2,LevelUpPoint=627, Experience=273923925, Strength=30150, Dexterity=31300, Vitality=10210, Energy=30300, Money=12492068, Life=60472.000000, MaxLife=10742.000000, Mana=51539.000000, MaxMana=21876.000000, MapNumber=0, MapPosX=123, MapPosY=133, MapDir=7, PkCount=0, PkLevel=3, PkTime=0, DbVersion=3, Leadership=0, ChatLimitTime=0, FruitPoint=0 WHERE Name = 'DatGa'
Connection Closed, dwIoSize == 0 (Index:1)
[ VOZ ][ 127.0.0.1:55901 ] GameServer Close
SELECT ItemCount FROM GameServerInfo WHERE Number = 0
[ VOZ ][ 127.0.0.1:55901 ] GameServer Connect 
EXEC WZ_CS_GetCastleTotalInfo 0, 7
EXEC WZ_CS_GetCastleNpcInfo 0
EXEC WZ_CW_InfoLoad 0
SELECT Summoner FROM AccountCharacter WHERE Id = 'datga'
SELECT * FROM AccountCharacter WHERE Id = 'datga'
SELECT cLevel, Class, CtlCode, DbVersion FROM vCharacterPreview WHERE Name='DatGa'
SELECT G_Status FROM GuildMember WHERE Name='DatGa'
SELECT cLevel, Class, CtlCode, DbVersion FROM vCharacterPreview WHERE Name='fasdfasdf'
SELECT G_Status FROM GuildMember WHERE Name='fasdfasdf'
SELECT cLevel, Class, CtlCode, DbVersion FROM vCharacterPreview WHERE Name='asfasdfasf'
SELECT G_Status FROM GuildMember WHERE Name='asfasdfasf'
SELECT cLevel, Class, CtlCode, DbVersion FROM vCharacterPreview WHERE Name='dddddd'
SELECT G_Status FROM GuildMember WHERE Name='dddddd'
SELECT cLevel, Class, CtlCode, DbVersion FROM vCharacterPreview WHERE Name='test1'
SELECT G_Status FROM GuildMember WHERE Name='test1'
SELECT cLevel, Class, LevelUpPoint, Experience, Strength, Dexterity, Vitality, Energy, Money, Life, MaxLife, Mana, MaxMana, MapNumber, MapPosX, MapPosY, MapDir, PkCount, PkLevel, PkTime, CtlCode, DbVersion, Leadership, ChatLimitTime, FruitPoint, Resets FROM Character WHERE Name='DatGa'
UPDATE AccountCharacter SET GameIDC = 'DatGa' WHERE Id = 'datga'
SELECT * FROM OptionData WHERE Name='DatGa'
WZ_PeriodItemSelect 19, 'DatGa'
UPDATE Character SET cLevel=286,Class=2,LevelUpPoint=627, Experience=273923925, Strength=30150, Dexterity=31300, Vitality=10210, Energy=30300, Money=12492068, Life=60472.000000, MaxLife=10742.000000, Mana=23309.000000, MaxMana=21876.000000, MapNumber=0, MapPosX=123, MapPosY=133, MapDir=5, PkCount=0, PkLevel=3, PkTime=0, DbVersion=3, Leadership=0, ChatLimitTime=0, FruitPoint=0 WHERE Name = 'DatGa'
SELECT Summoner FROM AccountCharacter WHERE Id = 'datga'
SELECT * FROM AccountCharacter WHERE Id = 'datga'
SELECT cLevel, Class, CtlCode, DbVersion FROM vCharacterPreview WHERE Name='DatGa'
SELECT G_Status FROM GuildMember WHERE Name='DatGa'
SELECT cLevel, Class, CtlCode, DbVersion FROM vCharacterPreview WHERE Name='fasdfasdf'
SELECT G_Status FROM GuildMember WHERE Name='fasdfasdf'
SELECT cLevel, Class, CtlCode, DbVersion FROM vCharacterPreview WHERE Name='asfasdfasf'
SELECT G_Status FROM GuildMember WHERE Name='asfasdfasf'
SELECT cLevel, Class, CtlCode, DbVersion FROM vCharacterPreview WHERE Name='dddddd'
SELECT G_Status FROM GuildMember WHERE Name='dddddd'
SELECT cLevel, Class, CtlCode, DbVersion FROM vCharacterPreview WHERE Name='test1'
SELECT G_Status FROM GuildMember WHERE Name='test1'
SELECT cLevel, Class, LevelUpPoint, Experience, Strength, Dexterity, Vitality, Energy, Money, Life, MaxLife, Mana, MaxMana, MapNumber, MapPosX, MapPosY, MapDir, PkCount, PkLevel, PkTime, CtlCode, DbVersion, Leadership, ChatLimitTime, FruitPoint, Resets FROM Character WHERE Name='DatGa'
UPDATE AccountCharacter SET GameIDC = 'DatGa' WHERE Id = 'datga'
SELECT * FROM OptionData WHERE Name='DatGa'
WZ_PeriodItemSelect 19, 'DatGa'
UPDATE Character SET cLevel=286,Class=2,LevelUpPoint=627, Experience=273923925, Strength=30150, Dexterity=31300, Vitality=10210, Energy=30300, Money=12492068, Life=60472.000000, MaxLife=10742.000000, Mana=51372.000000, MaxMana=21876.000000, MapNumber=0, MapPosX=123, MapPosY=133, MapDir=5, PkCount=0, PkLevel=3, PkTime=0, DbVersion=3, Leadership=0, ChatLimitTime=0, FruitPoint=0 WHERE Name = 'DatGa'
Connection Closed, dwIoSize == 0 (Index:1)
[ VOZ ][ 127.0.0.1:55901 ] GameServer Close
SELECT ItemCount FROM GameServerInfo WHERE Number = 0
[ VOZ ][ 127.0.0.1:55901 ] GameServer Connect 
EXEC WZ_CS_GetCastleTotalInfo 0, 7
EXEC WZ_CS_GetCastleNpcInfo 0
EXEC WZ_CW_InfoLoad 0
SELECT Summoner FROM AccountCharacter WHERE Id = 'datga'
SELECT * FROM AccountCharacter WHERE Id = 'datga'
SELECT cLevel, Class, CtlCode, DbVersion FROM vCharacterPreview WHERE Name='DatGa'
SELECT G_Status FROM GuildMember WHERE Name='DatGa'
SELECT cLevel, Class, CtlCode, DbVersion FROM vCharacterPreview WHERE Name='fasdfasdf'
SELECT G_Status FROM GuildMember WHERE Name='fasdfasdf'
SELECT cLevel, Class, CtlCode, DbVersion FROM vCharacterPreview WHERE Name='asfasdfasf'
SELECT G_Status FROM GuildMember WHERE Name='asfasdfasf'
SELECT cLevel, Class, CtlCode, DbVersion FROM vCharacterPreview WHERE Name='dddddd'
SELECT G_Status FROM GuildMember WHERE Name='dddddd'
SELECT cLevel, Class, CtlCode, DbVersion FROM vCharacterPreview WHERE Name='test1'
SELECT G_Status FROM GuildMember WHERE Name='test1'
SELECT cLevel, Class, LevelUpPoint, Experience, Strength, Dexterity, Vitality, Energy, Money, Life, MaxLife, Mana, MaxMana, MapNumber, MapPosX, MapPosY, MapDir, PkCount, PkLevel, PkTime, CtlCode, DbVersion, Leadership, ChatLimitTime, FruitPoint, Resets FROM Character WHERE Name='DatGa'
UPDATE AccountCharacter SET GameIDC = 'DatGa' WHERE Id = 'datga'
SELECT * FROM OptionData WHERE Name='DatGa'
WZ_PeriodItemSelect 19, 'DatGa'
EXEC WZ_GetItemSerial
EXEC WZ_GetItemSerial
EXEC WZ_GetItemSerial
EXEC WZ_GetItemSerial
EXEC WZ_GetItemSerial
EXEC WZ_GetItemSerial
UPDATE Character SET cLevel=286,Class=2,LevelUpPoint=627, Experience=273924000, Strength=30150, Dexterity=31300, Vitality=10210, Energy=30300, Money=12492068, Life=60462.000000, MaxLife=10742.000000, Mana=37564.000000, MaxMana=21876.000000, MapNumber=0, MapPosX=196, MapPosY=136, MapDir=0, PkCount=0, PkLevel=3, PkTime=0, DbVersion=3, Leadership=0, ChatLimitTime=0, FruitPoint=0 WHERE Name = 'DatGa'
Connection Closed, dwIoSize == 0 (Index:1)
[ VOZ ][ 127.0.0.1:55901 ] GameServer Close
SELECT ItemCount FROM GameServerInfo WHERE Number = 0
[ VOZ ][ 127.0.0.1:55901 ] GameServer Connect 
SELECT Summoner FROM AccountCharacter WHERE Id = 'datga'
SELECT * FROM AccountCharacter WHERE Id = 'datga'
SELECT cLevel, Class, CtlCode, DbVersion FROM vCharacterPreview WHERE Name='DatGa'
SELECT G_Status FROM GuildMember WHERE Name='DatGa'
SELECT cLevel, Class, CtlCode, DbVersion FROM vCharacterPreview WHERE Name='fasdfasdf'
SELECT G_Status FROM GuildMember WHERE Name='fasdfasdf'
SELECT cLevel, Class, CtlCode, DbVersion FROM vCharacterPreview WHERE Name='asfasdfasf'
SELECT G_Status FROM GuildMember WHERE Name='asfasdfasf'
SELECT cLevel, Class, CtlCode, DbVersion FROM vCharacterPreview WHERE Name='dddddd'
SELECT G_Status FROM GuildMember WHERE Name='dddddd'
SELECT cLevel, Class, CtlCode, DbVersion FROM vCharacterPreview WHERE Name='test1'
SELECT G_Status FROM GuildMember WHERE Name='test1'
SELECT cLevel, Class, LevelUpPoint, Experience, Strength, Dexterity, Vitality, Energy, Money, Life, MaxLife, Mana, MaxMana, MapNumber, MapPosX, MapPosY, MapDir, PkCount, PkLevel, PkTime, CtlCode, DbVersion, Leadership, ChatLimitTime, FruitPoint, Resets FROM Character WHERE Name='DatGa'
UPDATE AccountCharacter SET GameIDC = 'DatGa' WHERE Id = 'datga'
SELECT * FROM OptionData WHERE Name='DatGa'
WZ_PeriodItemSelect 19, 'DatGa'
EXEC WZ_GetItemSerial
EXEC WZ_GetItemSerial
EXEC WZ_GetItemSerial
EXEC WZ_GetItemSerial
UPDATE Character SET cLevel=286,Class=2,LevelUpPoint=627, Experience=273924050, Strength=30150, Dexterity=31300, Vitality=10210, Energy=30300, Money=12492068, Life=60482.000000, MaxLife=10742.000000, Mana=37564.000000, MaxMana=21876.000000, MapNumber=0, MapPosX=191, MapPosY=130, MapDir=7, PkCount=0, PkLevel=3, PkTime=0, DbVersion=3, Leadership=0, ChatLimitTime=0, FruitPoint=0 WHERE Name = 'DatGa'
Connection Closed, dwIoSize == 0 (Index:1)
[ VOZ ][ 127.0.0.1:55901 ] GameServer Close
SELECT ItemCount FROM GameServerInfo WHERE Number = 0
[ VOZ ][ 127.0.0.1:55901 ] GameServer Connect 
EXEC WZ_CS_GetCastleTotalInfo 0, 7
EXEC WZ_CS_GetCastleNpcInfo 0
EXEC WZ_CW_InfoLoad 0
SELECT Summoner FROM AccountCharacter WHERE Id = 'datga'
SELECT * FROM AccountCharacter WHERE Id = 'datga'
SELECT cLevel, Class, CtlCode, DbVersion FROM vCharacterPreview WHERE Name='DatGa'
SELECT G_Status FROM GuildMember WHERE Name='DatGa'
SELECT cLevel, Class, CtlCode, DbVersion FROM vCharacterPreview WHERE Name='fasdfasdf'
SELECT G_Status FROM GuildMember WHERE Name='fasdfasdf'
SELECT cLevel, Class, CtlCode, DbVersion FROM vCharacterPreview WHERE Name='asfasdfasf'
SELECT G_Status FROM GuildMember WHERE Name='asfasdfasf'
SELECT cLevel, Class, CtlCode, DbVersion FROM vCharacterPreview WHERE Name='dddddd'
SELECT G_Status FROM GuildMember WHERE Name='dddddd'
SELECT cLevel, Class, CtlCode, DbVersion FROM vCharacterPreview WHERE Name='test1'
SELECT G_Status FROM GuildMember WHERE Name='test1'
SELECT cLevel, Class, LevelUpPoint, Experience, Strength, Dexterity, Vitality, Energy, Money, Life, MaxLife, Mana, MaxMana, MapNumber, MapPosX, MapPosY, MapDir, PkCount, PkLevel, PkTime, CtlCode, DbVersion, Leadership, ChatLimitTime, FruitPoint, Resets FROM Character WHERE Name='DatGa'
UPDATE AccountCharacter SET GameIDC = 'DatGa' WHERE Id = 'datga'
SELECT * FROM OptionData WHERE Name='DatGa'
WZ_PeriodItemSelect 19, 'DatGa'
EXEC WZ_GetItemSerial
EXEC WZ_GetItemSerial
EXEC WZ_GetItemSerial
EXEC WZ_GetItemSerial
EXEC WZ_GetItemSerial
EXEC WZ_GetItemSerial
EXEC WZ_GetItemSerial
EXEC WZ_GetItemSerial
EXEC WZ_GetItemSerial
EXEC WZ_GetItemSerial
EXEC WZ_GetItemSerial
EXEC WZ_GetItemSerial
EXEC WZ_GetItemSerial
EXEC WZ_GetItemSerial
EXEC WZ_GetItemSerial
EXEC WZ_GetItemSerial
EXEC WZ_GetItemSerial
EXEC WZ_GetItemSerial
EXEC WZ_GetItemSerial
EXEC WZ_GetItemSerial
EXEC WZ_GetItemSerial
EXEC WZ_GetItemSerial
EXEC WZ_GetItemSerial
EXEC WZ_GetItemSerial
UPDATE Character SET cLevel=286,Class=2,LevelUpPoint=627, Experience=274652075, Strength=30150, Dexterity=31300, Vitality=10210, Energy=30300, Money=12272068, Life=60202.000000, MaxLife=10742.000000, Mana=37564.000000, MaxMana=21876.000000, MapNumber=0, MapPosX=123, MapPosY=133, MapDir=3, PkCount=0, PkLevel=3, PkTime=0, DbVersion=3, Leadership=0, ChatLimitTime=0, FruitPoint=0 WHERE Name = 'DatGa'
EXEC WZ_CW_InfoSave 0, 1, 1
EXEC WZ_CW_InfoSave 0, 2, 2
EXEC WZ_CW_InfoSave 0, 3, 2
EXEC WZ_CW_InfoSave 0, 5, 1
EXEC WZ_CW_InfoSave 0, 5, 1
EXEC WZ_CW_InfoSave 0, 6, 1
EXEC WZ_CW_InfoSave 0, 1, 1
EXEC WZ_CW_InfoSave 0, 2, 2
EXEC WZ_CW_InfoSave 0, 3, 2
EXEC WZ_CW_InfoSave 0, 5, 1
EXEC WZ_CW_InfoSave 0, 5, 1
EXEC WZ_CW_InfoSave 0, 6, 1
EXEC WZ_CW_InfoSave 0, 1, 1
EXEC WZ_CW_InfoSave 0, 2, 2
EXEC WZ_CW_InfoSave 0, 3, 2
EXEC WZ_CW_InfoSave 0, 5, 1
EXEC WZ_CW_InfoSave 0, 5, 1
EXEC WZ_CW_InfoSave 0, 6, 1
EXEC WZ_CW_InfoSave 0, 1, 1
SELECT Summoner FROM AccountCharacter WHERE Id = 'datga'
SELECT * FROM AccountCharacter WHERE Id = 'datga'
SELECT cLevel, Class, CtlCode, DbVersion FROM vCharacterPreview WHERE Name='DatGa'
SELECT G_Status FROM GuildMember WHERE Name='DatGa'
SELECT cLevel, Class, CtlCode, DbVersion FROM vCharacterPreview WHERE Name='fasdfasdf'
SELECT G_Status FROM GuildMember WHERE Name='fasdfasdf'
SELECT cLevel, Class, CtlCode, DbVersion FROM vCharacterPreview WHERE Name='asfasdfasf'
SELECT G_Status FROM GuildMember WHERE Name='asfasdfasf'
SELECT cLevel, Class, CtlCode, DbVersion FROM vCharacterPreview WHERE Name='dddddd'
SELECT G_Status FROM GuildMember WHERE Name='dddddd'
SELECT cLevel, Class, CtlCode, DbVersion FROM vCharacterPreview WHERE Name='test1'
SELECT G_Status FROM GuildMember WHERE Name='test1'
SELECT cLevel, Class, LevelUpPoint, Experience, Strength, Dexterity, Vitality, Energy, Money, Life, MaxLife, Mana, MaxMana, MapNumber, MapPosX, MapPosY, MapDir, PkCount, PkLevel, PkTime, CtlCode, DbVersion, Leadership, ChatLimitTime, FruitPoint, Resets FROM Character WHERE Name='DatGa'
UPDATE AccountCharacter SET GameIDC = 'DatGa' WHERE Id = 'datga'
SELECT * FROM OptionData WHERE Name='DatGa'
WZ_PeriodItemSelect 19, 'DatGa'
EXEC WZ_GetItemSerial
EXEC WZ_GetItemSerial
EXEC WZ_GetItemSerial
UPDATE Character SET cLevel=286,Class=2,LevelUpPoint=627, Experience=275705775, Strength=30150, Dexterity=31300, Vitality=10210, Energy=30300, Money=12173026, Life=60482.000000, MaxLife=10742.000000, Mana=37564.000000, MaxMana=21876.000000, MapNumber=34, MapPosX=217, MapPosY=91, MapDir=5, PkCount=0, PkLevel=3, PkTime=0, DbVersion=3, Leadership=0, ChatLimitTime=0, FruitPoint=0 WHERE Name = 'DatGa'
EXEC WZ_CW_InfoSave 0, 2, 2
Connection Closed, dwIoSize == 0 (Index:1)
[ VOZ ][ 127.0.0.1:55901 ] GameServer Close
SELECT ItemCount FROM GameServerInfo WHERE Number = 0
[ VOZ ][ 127.0.0.1:55901 ] GameServer Connect 
EXEC WZ_CS_GetCastleTotalInfo 0, 7
EXEC WZ_CS_GetCastleNpcInfo 0
EXEC WZ_CW_InfoLoad 0
Connection Closed, dwIoSize == 0 (Index:1)
[ VOZ ][ 127.0.0.1:55901 ] GameServer Close
SELECT ItemCount FROM GameServerInfo WHERE Number = 0
[ VOZ ][ 127.0.0.1:55901 ] GameServer Connect 
Connection Closed, dwIoSize == 0 (Index:1)
[ VOZ ][ 127.0.0.1:55901 ] GameServer Close
SELECT ItemCount FROM GameServerInfo WHERE Number = 0
[ VOZ ][ 127.0.0.1:55901 ] GameServer Connect 
EXEC WZ_CS_GetCastleTotalInfo 0, 7
EXEC WZ_CS_GetCastleNpcInfo 0
EXEC WZ_CW_InfoLoad 0
Connection Closed, dwIoSize == 0 (Index:1)
[ VOZ ][ 127.0.0.1:55901 ] GameServer Close
SELECT ItemCount FROM GameServerInfo WHERE Number = 0
[ VOZ ][ 127.0.0.1:55901 ] GameServer Connect 
EXEC WZ_CS_GetCastleTotalInfo 0, 7
EXEC WZ_CS_GetCastleNpcInfo 0
EXEC WZ_CW_InfoLoad 0
Connection Closed, dwIoSize == 0 (Index:1)
[ VOZ ][ 127.0.0.1:55901 ] GameServer Close
SELECT ItemCount FROM GameServerInfo WHERE Number = 0
[ VOZ ][ 127.0.0.1:55901 ] GameServer Connect 
EXEC WZ_CS_GetCastleTotalInfo 0, 7
EXEC WZ_CS_GetCastleNpcInfo 0
EXEC WZ_CW_InfoLoad 0
Connection Closed, dwIoSize == 0 (Index:1)
[ VOZ ][ 127.0.0.1:55901 ] GameServer Close
SELECT ItemCount FROM GameServerInfo WHERE Number = 0
[ VOZ ][ 127.0.0.1:55901 ] GameServer Connect 
Connection Closed, dwIoSize == 0 (Index:1)
[ VOZ ][ 127.0.0.1:55901 ] GameServer Close
SELECT ItemCount FROM GameServerInfo WHERE Number = 0
[ VOZ ][ 127.0.0.1:55901 ] GameServer Connect 
EXEC WZ_CS_GetCastleTotalInfo 0, 7
EXEC WZ_CS_GetCastleNpcInfo 0
EXEC WZ_CW_InfoLoad 0
Connection Closed, dwIoSize == 0 (Index:1)
[ VOZ ][ 127.0.0.1:55901 ] GameServer Close
SELECT ItemCount FROM GameServerInfo WHERE Number = 0
[ VOZ ][ 127.0.0.1:55901 ] GameServer Connect 
EXEC WZ_CS_GetCastleTotalInfo 0, 7
EXEC WZ_CS_GetCastleNpcInfo 0
EXEC WZ_CW_InfoLoad 0
Connection Closed, dwIoSize == 0 (Index:1)
[ VOZ ][ 127.0.0.1:55901 ] GameServer Close
SELECT ItemCount FROM GameServerInfo WHERE Number = 0
[ VOZ ][ 127.0.0.1:55901 ] GameServer Connect 
EXEC WZ_CS_GetCastleTotalInfo 0, 7
EXEC WZ_CS_GetCastleNpcInfo 0
EXEC WZ_CW_InfoLoad 0
SELECT Summoner FROM AccountCharacter WHERE Id = 'datga'
SELECT * FROM AccountCharacter WHERE Id = 'datga'
SELECT cLevel, Class, CtlCode, DbVersion FROM vCharacterPreview WHERE Name='DatGa'
SELECT G_Status FROM GuildMember WHERE Name='DatGa'
SELECT cLevel, Class, CtlCode, DbVersion FROM vCharacterPreview WHERE Name='fasdfasdf'
SELECT G_Status FROM GuildMember WHERE Name='fasdfasdf'
SELECT cLevel, Class, CtlCode, DbVersion FROM vCharacterPreview WHERE Name='asfasdfasf'
SELECT G_Status FROM GuildMember WHERE Name='asfasdfasf'
SELECT cLevel, Class, CtlCode, DbVersion FROM vCharacterPreview WHERE Name='dddddd'
SELECT G_Status FROM GuildMember WHERE Name='dddddd'
SELECT cLevel, Class, CtlCode, DbVersion FROM vCharacterPreview WHERE Name='test1'
SELECT G_Status FROM GuildMember WHERE Name='test1'
SELECT cLevel, Class, LevelUpPoint, Experience, Strength, Dexterity, Vitality, Energy, Money, Life, MaxLife, Mana, MaxMana, MapNumber, MapPosX, MapPosY, MapDir, PkCount, PkLevel, PkTime, CtlCode, DbVersion, Leadership, ChatLimitTime, FruitPoint, Resets FROM Character WHERE Name='DatGa'
UPDATE AccountCharacter SET GameIDC = 'DatGa' WHERE Id = 'datga'
SELECT * FROM OptionData WHERE Name='DatGa'
WZ_PeriodItemSelect 19, 'DatGa'
UPDATE Character SET cLevel=286,Class=2,LevelUpPoint=627, Experience=275705775, Strength=30150, Dexterity=31300, Vitality=10210, Energy=30300, Money=12173026, Life=60362.000000, MaxLife=10742.000000, Mana=37230.000000, MaxMana=21876.000000, MapNumber=34, MapPosX=160, MapPosY=80, MapDir=7, PkCount=0, PkLevel=3, PkTime=0, DbVersion=3, Leadership=0, ChatLimitTime=0, FruitPoint=0 WHERE Name = 'DatGa'
SELECT Summoner FROM AccountCharacter WHERE Id = 'datga'
SELECT * FROM AccountCharacter WHERE Id = 'datga'
SELECT cLevel, Class, CtlCode, DbVersion FROM vCharacterPreview WHERE Name='DatGa'
SELECT G_Status FROM GuildMember WHERE Name='DatGa'
SELECT cLevel, Class, CtlCode, DbVersion FROM vCharacterPreview WHERE Name='fasdfasdf'
SELECT G_Status FROM GuildMember WHERE Name='fasdfasdf'
SELECT cLevel, Class, CtlCode, DbVersion FROM vCharacterPreview WHERE Name='asfasdfasf'
SELECT G_Status FROM GuildMember WHERE Name='asfasdfasf'
SELECT cLevel, Class, CtlCode, DbVersion FROM vCharacterPreview WHERE Name='dddddd'
SELECT G_Status FROM GuildMember WHERE Name='dddddd'
SELECT cLevel, Class, CtlCode, DbVersion FROM vCharacterPreview WHERE Name='test1'
SELECT G_Status FROM GuildMember WHERE Name='test1'
SELECT cLevel, Class, LevelUpPoint, Experience, Strength, Dexterity, Vitality, Energy, Money, Life, MaxLife, Mana, MaxMana, MapNumber, MapPosX, MapPosY, MapDir, PkCount, PkLevel, PkTime, CtlCode, DbVersion, Leadership, ChatLimitTime, FruitPoint, Resets FROM Character WHERE Name='DatGa'
UPDATE AccountCharacter SET GameIDC = 'DatGa' WHERE Id = 'datga'
SELECT * FROM OptionData WHERE Name='DatGa'
WZ_PeriodItemSelect 19, 'DatGa'
UPDATE Character SET cLevel=286,Class=2,LevelUpPoint=627, Experience=275705775, Strength=30150, Dexterity=31300, Vitality=10210, Energy=30300, Money=12173026, Life=60242.000000, MaxLife=10742.000000, Mana=46139.000000, MaxMana=21876.000000, MapNumber=34, MapPosX=126, MapPosY=68, MapDir=3, PkCount=0, PkLevel=3, PkTime=0, DbVersion=3, Leadership=0, ChatLimitTime=0, FruitPoint=0 WHERE Name = 'DatGa'
SELECT Summoner FROM AccountCharacter WHERE Id = 'datga'
SELECT * FROM AccountCharacter WHERE Id = 'datga'
SELECT cLevel, Class, CtlCode, DbVersion FROM vCharacterPreview WHERE Name='DatGa'
SELECT G_Status FROM GuildMember WHERE Name='DatGa'
SELECT cLevel, Class, CtlCode, DbVersion FROM vCharacterPreview WHERE Name='fasdfasdf'
SELECT G_Status FROM GuildMember WHERE Name='fasdfasdf'
SELECT cLevel, Class, CtlCode, DbVersion FROM vCharacterPreview WHERE Name='asfasdfasf'
SELECT G_Status FROM GuildMember WHERE Name='asfasdfasf'
SELECT cLevel, Class, CtlCode, DbVersion FROM vCharacterPreview WHERE Name='dddddd'
SELECT G_Status FROM GuildMember WHERE Name='dddddd'
SELECT cLevel, Class, CtlCode, DbVersion FROM vCharacterPreview WHERE Name='test1'
SELECT G_Status FROM GuildMember WHERE Name='test1'
SELECT cLevel, Class, LevelUpPoint, Experience, Strength, Dexterity, Vitality, Energy, Money, Life, MaxLife, Mana, MaxMana, MapNumber, MapPosX, MapPosY, MapDir, PkCount, PkLevel, PkTime, CtlCode, DbVersion, Leadership, ChatLimitTime, FruitPoint, Resets FROM Character WHERE Name='DatGa'
UPDATE AccountCharacter SET GameIDC = 'DatGa' WHERE Id = 'datga'
SELECT * FROM OptionData WHERE Name='DatGa'
WZ_PeriodItemSelect 19, 'DatGa'
UPDATE Character SET cLevel=286,Class=2,LevelUpPoint=627, Experience=275705775, Strength=30150, Dexterity=31300, Vitality=10210, Energy=30300, Money=12173026, Life=60242.000000, MaxLife=10742.000000, Mana=36729.000000, MaxMana=21876.000000, MapNumber=34, MapPosX=116, MapPosY=69, MapDir=7, PkCount=0, PkLevel=3, PkTime=0, DbVersion=3, Leadership=0, ChatLimitTime=0, FruitPoint=0 WHERE Name = 'DatGa'
SELECT Summoner FROM AccountCharacter WHERE Id = 'datga'
SELECT * FROM AccountCharacter WHERE Id = 'datga'
SELECT cLevel, Class, CtlCode, DbVersion FROM vCharacterPreview WHERE Name='DatGa'
SELECT G_Status FROM GuildMember WHERE Name='DatGa'
SELECT cLevel, Class, CtlCode, DbVersion FROM vCharacterPreview WHERE Name='fasdfasdf'
SELECT G_Status FROM GuildMember WHERE Name='fasdfasdf'
SELECT cLevel, Class, CtlCode, DbVersion FROM vCharacterPreview WHERE Name='asfasdfasf'
SELECT G_Status FROM GuildMember WHERE Name='asfasdfasf'
SELECT cLevel, Class, CtlCode, DbVersion FROM vCharacterPreview WHERE Name='dddddd'
SELECT G_Status FROM GuildMember WHERE Name='dddddd'
SELECT cLevel, Class, CtlCode, DbVersion FROM vCharacterPreview WHERE Name='test1'
SELECT G_Status FROM GuildMember WHERE Name='test1'
SELECT cLevel, Class, LevelUpPoint, Experience, Strength, Dexterity, Vitality, Energy, Money, Life, MaxLife, Mana, MaxMana, MapNumber, MapPosX, MapPosY, MapDir, PkCount, PkLevel, PkTime, CtlCode, DbVersion, Leadership, ChatLimitTime, FruitPoint, Resets FROM Character WHERE Name='asfasdfasf'
UPDATE AccountCharacter SET GameIDC = 'asfasdfasf' WHERE Id = 'datga'
SELECT * FROM OptionData WHERE Name='asfasdfasf'
WZ_PeriodItemSelect 19, 'asfasdfasf'
UPDATE Character SET cLevel=300,Class=66,LevelUpPoint=827, Experience=383772624, Strength=26000, Dexterity=20000, Vitality=20000, Energy=14999, Money=367848, Life=31683.000000, MaxLife=11769.000000, Mana=45972.000000, MaxMana=31542.000000, MapNumber=3, MapPosX=172, MapPosY=113, MapDir=5, PkCount=0, PkLevel=3, PkTime=0, DbVersion=3, Leadership=25000, ChatLimitTime=0, FruitPoint=3 WHERE Name = 'asfasdfasf'
SELECT Summoner FROM AccountCharacter WHERE Id = 'datga'
SELECT * FROM AccountCharacter WHERE Id = 'datga'
SELECT cLevel, Class, CtlCode, DbVersion FROM vCharacterPreview WHERE Name='DatGa'
SELECT G_Status FROM GuildMember WHERE Name='DatGa'
SELECT cLevel, Class, CtlCode, DbVersion FROM vCharacterPreview WHERE Name='fasdfasdf'
SELECT G_Status FROM GuildMember WHERE Name='fasdfasdf'
SELECT cLevel, Class, CtlCode, DbVersion FROM vCharacterPreview WHERE Name='asfasdfasf'
SELECT G_Status FROM GuildMember WHERE Name='asfasdfasf'
SELECT cLevel, Class, CtlCode, DbVersion FROM vCharacterPreview WHERE Name='dddddd'
SELECT G_Status FROM GuildMember WHERE Name='dddddd'
SELECT cLevel, Class, CtlCode, DbVersion FROM vCharacterPreview WHERE Name='test1'
SELECT G_Status FROM GuildMember WHERE Name='test1'
SELECT cLevel, Class, LevelUpPoint, Experience, Strength, Dexterity, Vitality, Energy, Money, Life, MaxLife, Mana, MaxMana, MapNumber, MapPosX, MapPosY, MapDir, PkCount, PkLevel, PkTime, CtlCode, DbVersion, Leadership, ChatLimitTime, FruitPoint, Resets FROM Character WHERE Name='DatGa'
UPDATE AccountCharacter SET GameIDC = 'DatGa' WHERE Id = 'datga'
SELECT * FROM OptionData WHERE Name='DatGa'
WZ_PeriodItemSelect 19, 'DatGa'
SELECT Name FROM OptionData WHERE Name='DatGa'
UPDATE OptionData SET GameOption=9, Qkey=0, Wkey=0, Ekey=0, ChatWindow=0, Rkey=0, QWERLevel=367848 WHERE Name='DatGa'
UPDATE Character SET cLevel=286,Class=2,LevelUpPoint=627, Experience=275714000, Strength=30150, Dexterity=31300, Vitality=10210, Energy=30300, Money=12043026, Life=26408.000000, MaxLife=10742.000000, Mana=37564.000000, MaxMana=21876.000000, MapNumber=2, MapPosX=222, MapPosY=196, MapDir=1, PkCount=0, PkLevel=3, PkTime=0, DbVersion=3, Leadership=0, ChatLimitTime=0, FruitPoint=0 WHERE Name = 'DatGa'
SELECT Summoner FROM AccountCharacter WHERE Id = 'datga'
SELECT * FROM AccountCharacter WHERE Id = 'datga'
SELECT cLevel, Class, CtlCode, DbVersion FROM vCharacterPreview WHERE Name='DatGa'
SELECT G_Status FROM GuildMember WHERE Name='DatGa'
SELECT cLevel, Class, CtlCode, DbVersion FROM vCharacterPreview WHERE Name='fasdfasdf'
SELECT G_Status FROM GuildMember WHERE Name='fasdfasdf'
SELECT cLevel, Class, CtlCode, DbVersion FROM vCharacterPreview WHERE Name='asfasdfasf'
SELECT G_Status FROM GuildMember WHERE Name='asfasdfasf'
SELECT cLevel, Class, CtlCode, DbVersion FROM vCharacterPreview WHERE Name='dddddd'
SELECT G_Status FROM GuildMember WHERE Name='dddddd'
SELECT cLevel, Class, CtlCode, DbVersion FROM vCharacterPreview WHERE Name='test1'
SELECT G_Status FROM GuildMember WHERE Name='test1'
SELECT cLevel, Class, LevelUpPoint, Experience, Strength, Dexterity, Vitality, Energy, Money, Life, MaxLife, Mana, MaxMana, MapNumber, MapPosX, MapPosY, MapDir, PkCount, PkLevel, PkTime, CtlCode, DbVersion, Leadership, ChatLimitTime, FruitPoint, Resets FROM Character WHERE Name='DatGa'
UPDATE AccountCharacter SET GameIDC = 'DatGa' WHERE Id = 'datga'
SELECT * FROM OptionData WHERE Name='DatGa'
WZ_PeriodItemSelect 19, 'DatGa'
SELECT Name FROM OptionData WHERE Name='DatGa'
UPDATE OptionData SET GameOption=9, Qkey=0, Wkey=0, Ekey=0, ChatWindow=0, Rkey=0, QWERLevel=12043026 WHERE Name='DatGa'
UPDATE Character SET cLevel=286,Class=2,LevelUpPoint=627, Experience=275714000, Strength=30150, Dexterity=31300, Vitality=10210, Energy=30300, Money=12043026, Life=26408.000000, MaxLife=10742.000000, Mana=37397.000000, MaxMana=21876.000000, MapNumber=2, MapPosX=230, MapPosY=190, MapDir=5, PkCount=0, PkLevel=3, PkTime=0, DbVersion=3, Leadership=0, ChatLimitTime=0, FruitPoint=0 WHERE Name = 'DatGa'
SELECT Summoner FROM AccountCharacter WHERE Id = 'datga'
SELECT * FROM AccountCharacter WHERE Id = 'datga'
SELECT cLevel, Class, CtlCode, DbVersion FROM vCharacterPreview WHERE Name='DatGa'
SELECT G_Status FROM GuildMember WHERE Name='DatGa'
SELECT cLevel, Class, CtlCode, DbVersion FROM vCharacterPreview WHERE Name='fasdfasdf'
SELECT G_Status FROM GuildMember WHERE Name='fasdfasdf'
SELECT cLevel, Class, CtlCode, DbVersion FROM vCharacterPreview WHERE Name='asfasdfasf'
SELECT G_Status FROM GuildMember WHERE Name='asfasdfasf'
SELECT cLevel, Class, CtlCode, DbVersion FROM vCharacterPreview WHERE Name='dddddd'
SELECT G_Status FROM GuildMember WHERE Name='dddddd'
SELECT cLevel, Class, CtlCode, DbVersion FROM vCharacterPreview WHERE Name='test1'
SELECT G_Status FROM GuildMember WHERE Name='test1'
SELECT cLevel, Class, LevelUpPoint, Experience, Strength, Dexterity, Vitality, Energy, Money, Life, MaxLife, Mana, MaxMana, MapNumber, MapPosX, MapPosY, MapDir, PkCount, PkLevel, PkTime, CtlCode, DbVersion, Leadership, ChatLimitTime, FruitPoint, Resets FROM Character WHERE Name='DatGa'
UPDATE AccountCharacter SET GameIDC = 'DatGa' WHERE Id = 'datga'
SELECT * FROM OptionData WHERE Name='DatGa'
WZ_PeriodItemSelect 19, 'DatGa'
UPDATE Character SET cLevel=286,Class=2,LevelUpPoint=627, Experience=275718300, Strength=30150, Dexterity=31300, Vitality=10210, Energy=30300, Money=12043026, Life=58814.000000, MaxLife=10742.000000, Mana=10375.000000, MaxMana=21876.000000, MapNumber=2, MapPosX=225, MapPosY=189, MapDir=1, PkCount=0, PkLevel=3, PkTime=0, DbVersion=3, Leadership=0, ChatLimitTime=0, FruitPoint=0 WHERE Name = 'DatGa'
Connection Closed, dwIoSize == 0 (Index:1)
[ VOZ ][ 127.0.0.1:55901 ] GameServer Close
SELECT ItemCount FROM GameServerInfo WHERE Number = 0
[ VOZ ][ 127.0.0.1:55901 ] GameServer Connect 
SELECT Summoner FROM AccountCharacter WHERE Id = 'datga'
SELECT * FROM AccountCharacter WHERE Id = 'datga'
SELECT cLevel, Class, CtlCode, DbVersion FROM vCharacterPreview WHERE Name='DatGa'
SELECT G_Status FROM GuildMember WHERE Name='DatGa'
SELECT cLevel, Class, CtlCode, DbVersion FROM vCharacterPreview WHERE Name='fasdfasdf'
SELECT G_Status FROM GuildMember WHERE Name='fasdfasdf'
SELECT cLevel, Class, CtlCode, DbVersion FROM vCharacterPreview WHERE Name='asfasdfasf'
SELECT G_Status FROM GuildMember WHERE Name='asfasdfasf'
SELECT cLevel, Class, CtlCode, DbVersion FROM vCharacterPreview WHERE Name='dddddd'
SELECT G_Status FROM GuildMember WHERE Name='dddddd'
SELECT cLevel, Class, CtlCode, DbVersion FROM vCharacterPreview WHERE Name='test1'
SELECT G_Status FROM GuildMember WHERE Name='test1'
SELECT cLevel, Class, LevelUpPoint, Experience, Strength, Dexterity, Vitality, Energy, Money, Life, MaxLife, Mana, MaxMana, MapNumber, MapPosX, MapPosY, MapDir, PkCount, PkLevel, PkTime, CtlCode, DbVersion, Leadership, ChatLimitTime, FruitPoint, Resets FROM Character WHERE Name='DatGa'
UPDATE AccountCharacter SET GameIDC = 'DatGa' WHERE Id = 'datga'
SELECT * FROM OptionData WHERE Name='DatGa'
WZ_PeriodItemSelect 19, 'DatGa'
UPDATE Character SET cLevel=286,Class=2,LevelUpPoint=627, Experience=275718300, Strength=30150, Dexterity=31300, Vitality=10210, Energy=30300, Money=12043026, Life=58813.000000, MaxLife=10742.000000, Mana=38438.000000, MaxMana=21876.000000, MapNumber=2, MapPosX=230, MapPosY=192, MapDir=4, PkCount=0, PkLevel=3, PkTime=0, DbVersion=3, Leadership=0, ChatLimitTime=0, FruitPoint=0 WHERE Name = 'DatGa'
SELECT Summoner FROM AccountCharacter WHERE Id = 'datga'
SELECT * FROM AccountCharacter WHERE Id = 'datga'
SELECT cLevel, Class, CtlCode, DbVersion FROM vCharacterPreview WHERE Name='DatGa'
SELECT G_Status FROM GuildMember WHERE Name='DatGa'
SELECT cLevel, Class, CtlCode, DbVersion FROM vCharacterPreview WHERE Name='fasdfasdf'
SELECT G_Status FROM GuildMember WHERE Name='fasdfasdf'
SELECT cLevel, Class, CtlCode, DbVersion FROM vCharacterPreview WHERE Name='asfasdfasf'
SELECT G_Status FROM GuildMember WHERE Name='asfasdfasf'
SELECT cLevel, Class, CtlCode, DbVersion FROM vCharacterPreview WHERE Name='dddddd'
SELECT G_Status FROM GuildMember WHERE Name='dddddd'
SELECT cLevel, Class, CtlCode, DbVersion FROM vCharacterPreview WHERE Name='test1'
SELECT G_Status FROM GuildMember WHERE Name='test1'
SELECT cLevel, Class, LevelUpPoint, Experience, Strength, Dexterity, Vitality, Energy, Money, Life, MaxLife, Mana, MaxMana, MapNumber, MapPosX, MapPosY, MapDir, PkCount, PkLevel, PkTime, CtlCode, DbVersion, Leadership, ChatLimitTime, FruitPoint, Resets FROM Character WHERE Name='DatGa'
UPDATE AccountCharacter SET GameIDC = 'DatGa' WHERE Id = 'datga'
SELECT * FROM OptionData WHERE Name='DatGa'
WZ_PeriodItemSelect 19, 'DatGa'
SELECT Money, DbVersion, pw FROM warehouse WHERE AccountID='datga'
UPDATE warehouse SET Money=279000390, pw=0, DbVersion=3 WHERE AccountID='datga'
UPDATE Character SET DbVersion=3 WHERE Name = 'DatGa'
EXEC WZ_GetItemSerial
UPDATE Character SET cLevel=286,Class=2,LevelUpPoint=627, Experience=275723900, Strength=30150, Dexterity=31300, Vitality=10210, Energy=30300, Money=12023026, Life=56162.000000, MaxLife=10742.000000, Mana=37564.000000, MaxMana=21876.000000, MapNumber=2, MapPosX=239, MapPosY=83, MapDir=5, PkCount=0, PkLevel=3, PkTime=0, DbVersion=3, Leadership=0, ChatLimitTime=0, FruitPoint=0 WHERE Name = 'DatGa'
Connection Closed, dwIoSize == 0 (Index:1)
[ VOZ ][ 127.0.0.1:55901 ] GameServer Close
SELECT ItemCount FROM GameServerInfo WHERE Number = 0
[ VOZ ][ 127.0.0.1:55901 ] GameServer Connect 
EXEC WZ_CS_GetCastleTotalInfo 0, 7
EXEC WZ_CS_GetCastleNpcInfo 0
EXEC WZ_CW_InfoLoad 0
Connection Closed, dwIoSize == 0 (Index:1)
[ VOZ ][ 127.0.0.1:55901 ] GameServer Close
SELECT ItemCount FROM GameServerInfo WHERE Number = 0
[ VOZ ][ 127.0.0.1:55901 ] GameServer Connect 
Connection Closed, dwIoSize == 0 (Index:1)
[ VOZ ][ 127.0.0.1:55901 ] GameServer Close
SELECT ItemCount FROM GameServerInfo WHERE Number = 0
[ VOZ ][ 127.0.0.1:55901 ] GameServer Connect 
EXEC WZ_CS_GetCastleTotalInfo 0, 7
EXEC WZ_CS_GetCastleNpcInfo 0
EXEC WZ_CW_InfoLoad 0
Connection Closed, dwIoSize == 0 (Index:1)
[ VOZ ][ 127.0.0.1:55901 ] GameServer Close
SELECT ItemCount FROM GameServerInfo WHERE Number = 0
[ VOZ ][ 127.0.0.1:55901 ] GameServer Connect 
EXEC WZ_CS_GetCastleTotalInfo 0, 7
EXEC WZ_CS_GetCastleNpcInfo 0
EXEC WZ_CW_InfoLoad 0
SELECT Summoner FROM AccountCharacter WHERE Id = 'datga'
SELECT * FROM AccountCharacter WHERE Id = 'datga'
SELECT cLevel, Class, CtlCode, DbVersion FROM vCharacterPreview WHERE Name='DatGa'
SELECT G_Status FROM GuildMember WHERE Name='DatGa'
SELECT cLevel, Class, CtlCode, DbVersion FROM vCharacterPreview WHERE Name='fasdfasdf'
SELECT G_Status FROM GuildMember WHERE Name='fasdfasdf'
SELECT cLevel, Class, CtlCode, DbVersion FROM vCharacterPreview WHERE Name='asfasdfasf'
SELECT G_Status FROM GuildMember WHERE Name='asfasdfasf'
SELECT cLevel, Class, CtlCode, DbVersion FROM vCharacterPreview WHERE Name='dddddd'
SELECT G_Status FROM GuildMember WHERE Name='dddddd'
SELECT cLevel, Class, CtlCode, DbVersion FROM vCharacterPreview WHERE Name='test1'
SELECT G_Status FROM GuildMember WHERE Name='test1'
SELECT cLevel, Class, LevelUpPoint, Experience, Strength, Dexterity, Vitality, Energy, Money, Life, MaxLife, Mana, MaxMana, MapNumber, MapPosX, MapPosY, MapDir, PkCount, PkLevel, PkTime, CtlCode, DbVersion, Leadership, ChatLimitTime, FruitPoint, Resets FROM Character WHERE Name='DatGa'
UPDATE AccountCharacter SET GameIDC = 'DatGa' WHERE Id = 'datga'
SELECT * FROM OptionData WHERE Name='DatGa'
WZ_PeriodItemSelect 19, 'DatGa'
UPDATE Character SET cLevel=286,Class=2,LevelUpPoint=627, Experience=275723900, Strength=30150, Dexterity=31300, Vitality=10210, Energy=30300, Money=12023026, Life=56152.000000, MaxLife=10742.000000, Mana=46807.000000, MaxMana=21876.000000, MapNumber=2, MapPosX=245, MapPosY=82, MapDir=4, PkCount=0, PkLevel=3, PkTime=0, DbVersion=3, Leadership=0, ChatLimitTime=0, FruitPoint=0 WHERE Name = 'DatGa'
SELECT Summoner FROM AccountCharacter WHERE Id = 'datga'
SELECT * FROM AccountCharacter WHERE Id = 'datga'
SELECT cLevel, Class, CtlCode, DbVersion FROM vCharacterPreview WHERE Name='DatGa'
SELECT G_Status FROM GuildMember WHERE Name='DatGa'
SELECT cLevel, Class, CtlCode, DbVersion FROM vCharacterPreview WHERE Name='fasdfasdf'
SELECT G_Status FROM GuildMember WHERE Name='fasdfasdf'
SELECT cLevel, Class, CtlCode, DbVersion FROM vCharacterPreview WHERE Name='asfasdfasf'
SELECT G_Status FROM GuildMember WHERE Name='asfasdfasf'
SELECT cLevel, Class, CtlCode, DbVersion FROM vCharacterPreview WHERE Name='dddddd'
SELECT G_Status FROM GuildMember WHERE Name='dddddd'
SELECT cLevel, Class, CtlCode, DbVersion FROM vCharacterPreview WHERE Name='test1'
SELECT G_Status FROM GuildMember WHERE Name='test1'
SELECT cLevel, Class, LevelUpPoint, Experience, Strength, Dexterity, Vitality, Energy, Money, Life, MaxLife, Mana, MaxMana, MapNumber, MapPosX, MapPosY, MapDir, PkCount, PkLevel, PkTime, CtlCode, DbVersion, Leadership, ChatLimitTime, FruitPoint, Resets FROM Character WHERE Name='DatGa'
UPDATE AccountCharacter SET GameIDC = 'DatGa' WHERE Id = 'datga'
SELECT * FROM OptionData WHERE Name='DatGa'
WZ_PeriodItemSelect 19, 'DatGa'
UPDATE Character SET cLevel=286,Class=2,LevelUpPoint=627, Experience=275723900, Strength=30150, Dexterity=31300, Vitality=10210, Energy=30300, Money=12023026, Life=56152.000000, MaxLife=10742.000000, Mana=27987.000000, MaxMana=21876.000000, MapNumber=2, MapPosX=207, MapPosY=81, MapDir=6, PkCount=0, PkLevel=3, PkTime=0, DbVersion=3, Leadership=0, ChatLimitTime=0, FruitPoint=0 WHERE Name = 'DatGa'
SELECT Summoner FROM AccountCharacter WHERE Id = 'datga'
SELECT * FROM AccountCharacter WHERE Id = 'datga'
SELECT cLevel, Class, CtlCode, DbVersion FROM vCharacterPreview WHERE Name='DatGa'
SELECT G_Status FROM GuildMember WHERE Name='DatGa'
SELECT cLevel, Class, CtlCode, DbVersion FROM vCharacterPreview WHERE Name='fasdfasdf'
SELECT G_Status FROM GuildMember WHERE Name='fasdfasdf'
SELECT cLevel, Class, CtlCode, DbVersion FROM vCharacterPreview WHERE Name='asfasdfasf'
SELECT G_Status FROM GuildMember WHERE Name='asfasdfasf'
SELECT cLevel, Class, CtlCode, DbVersion FROM vCharacterPreview WHERE Name='dddddd'
SELECT G_Status FROM GuildMember WHERE Name='dddddd'
SELECT cLevel, Class, CtlCode, DbVersion FROM vCharacterPreview WHERE Name='test1'
SELECT G_Status FROM GuildMember WHERE Name='test1'
SELECT cLevel, Class, LevelUpPoint, Experience, Strength, Dexterity, Vitality, Energy, Money, Life, MaxLife, Mana, MaxMana, MapNumber, MapPosX, MapPosY, MapDir, PkCount, PkLevel, PkTime, CtlCode, DbVersion, Leadership, ChatLimitTime, FruitPoint, Resets FROM Character WHERE Name='DatGa'
UPDATE AccountCharacter SET GameIDC = 'DatGa' WHERE Id = 'datga'
SELECT * FROM OptionData WHERE Name='DatGa'
WZ_PeriodItemSelect 19, 'DatGa'
UPDATE Character SET cLevel=286,Class=2,LevelUpPoint=627, Experience=275723900, Strength=30150, Dexterity=31300, Vitality=10210, Energy=30300, Money=12013026, Life=56152.000000, MaxLife=10742.000000, Mana=16043.000000, MaxMana=21876.000000, MapNumber=0, MapPosX=140, MapPosY=127, MapDir=5, PkCount=0, PkLevel=3, PkTime=0, DbVersion=3, Leadership=0, ChatLimitTime=0, FruitPoint=0 WHERE Name = 'DatGa'
SELECT Summoner FROM AccountCharacter WHERE Id = 'datga'
SELECT * FROM AccountCharacter WHERE Id = 'datga'
SELECT cLevel, Class, CtlCode, DbVersion FROM vCharacterPreview WHERE Name='DatGa'
SELECT G_Status FROM GuildMember WHERE Name='DatGa'
SELECT cLevel, Class, CtlCode, DbVersion FROM vCharacterPreview WHERE Name='fasdfasdf'
SELECT G_Status FROM GuildMember WHERE Name='fasdfasdf'
SELECT cLevel, Class, CtlCode, DbVersion FROM vCharacterPreview WHERE Name='asfasdfasf'
SELECT G_Status FROM GuildMember WHERE Name='asfasdfasf'
SELECT cLevel, Class, CtlCode, DbVersion FROM vCharacterPreview WHERE Name='dddddd'
SELECT G_Status FROM GuildMember WHERE Name='dddddd'
SELECT cLevel, Class, CtlCode, DbVersion FROM vCharacterPreview WHERE Name='test1'
SELECT G_Status FROM GuildMember WHERE Name='test1'
SELECT cLevel, Class, LevelUpPoint, Experience, Strength, Dexterity, Vitality, Energy, Money, Life, MaxLife, Mana, MaxMana, MapNumber, MapPosX, MapPosY, MapDir, PkCount, PkLevel, PkTime, CtlCode, DbVersion, Leadership, ChatLimitTime, FruitPoint, Resets FROM Character WHERE Name='DatGa'
UPDATE AccountCharacter SET GameIDC = 'DatGa' WHERE Id = 'datga'
SELECT * FROM OptionData WHERE Name='DatGa'
WZ_PeriodItemSelect 19, 'DatGa'
UPDATE Character SET cLevel=286,Class=2,LevelUpPoint=627, Experience=275723900, Strength=30150, Dexterity=31300, Vitality=10210, Energy=30300, Money=12013026, Life=56152.000000, MaxLife=10742.000000, Mana=6633.000000, MaxMana=21876.000000, MapNumber=0, MapPosX=141, MapPosY=130, MapDir=5, PkCount=0, PkLevel=3, PkTime=0, DbVersion=3, Leadership=0, ChatLimitTime=0, FruitPoint=0 WHERE Name = 'DatGa'
SELECT Summoner FROM AccountCharacter WHERE Id = 'datga'
SELECT * FROM AccountCharacter WHERE Id = 'datga'
SELECT cLevel, Class, CtlCode, DbVersion FROM vCharacterPreview WHERE Name='DatGa'
SELECT G_Status FROM GuildMember WHERE Name='DatGa'
SELECT cLevel, Class, CtlCode, DbVersion FROM vCharacterPreview WHERE Name='fasdfasdf'
SELECT G_Status FROM GuildMember WHERE Name='fasdfasdf'
SELECT cLevel, Class, CtlCode, DbVersion FROM vCharacterPreview WHERE Name='asfasdfasf'
SELECT G_Status FROM GuildMember WHERE Name='asfasdfasf'
SELECT cLevel, Class, CtlCode, DbVersion FROM vCharacterPreview WHERE Name='dddddd'
SELECT G_Status FROM GuildMember WHERE Name='dddddd'
SELECT cLevel, Class, CtlCode, DbVersion FROM vCharacterPreview WHERE Name='test1'
SELECT G_Status FROM GuildMember WHERE Name='test1'
SELECT cLevel, Class, LevelUpPoint, Experience, Strength, Dexterity, Vitality, Energy, Money, Life, MaxLife, Mana, MaxMana, MapNumber, MapPosX, MapPosY, MapDir, PkCount, PkLevel, PkTime, CtlCode, DbVersion, Leadership, ChatLimitTime, FruitPoint, Resets FROM Character WHERE Name='DatGa'
UPDATE AccountCharacter SET GameIDC = 'DatGa' WHERE Id = 'datga'
SELECT * FROM OptionData WHERE Name='DatGa'
WZ_PeriodItemSelect 19, 'DatGa'
UPDATE Character SET cLevel=286,Class=2,LevelUpPoint=627, Experience=275723900, Strength=30150, Dexterity=31300, Vitality=10210, Energy=30300, Money=12013026, Life=56152.000000, MaxLife=10742.000000, Mana=43939.000000, MaxMana=21876.000000, MapNumber=0, MapPosX=148, MapPosY=127, MapDir=4, PkCount=0, PkLevel=3, PkTime=0, DbVersion=3, Leadership=0, ChatLimitTime=0, FruitPoint=0 WHERE Name = 'DatGa'
Connection Closed, dwIoSize == 0 (Index:1)
[ VOZ ][ 127.0.0.1:55901 ] GameServer Close
SELECT ItemCount FROM GameServerInfo WHERE Number = 0
[ VOZ ][ 127.0.0.1:55901 ] GameServer Connect 
EXEC WZ_CS_GetCastleTotalInfo 0, 7
EXEC WZ_CS_GetCastleNpcInfo 0
EXEC WZ_CW_InfoLoad 0
Connection Closed, dwIoSize == 0 (Index:1)
[ VOZ ][ 127.0.0.1:55901 ] GameServer Close
SELECT ItemCount FROM GameServerInfo WHERE Number = 0
[ VOZ ][ 127.0.0.1:55901 ] GameServer Connect 
Connection Closed, dwIoSize == 0 (Index:1)
[ VOZ ][ 127.0.0.1:55901 ] GameServer Close
SELECT ItemCount FROM GameServerInfo WHERE Number = 0
[ VOZ ][ 127.0.0.1:55901 ] GameServer Connect 
EXEC WZ_CS_GetCastleTotalInfo 0, 7
EXEC WZ_CS_GetCastleNpcInfo 0
EXEC WZ_CW_InfoLoad 0
Connection Closed, dwIoSize == 0 (Index:1)
[ VOZ ][ 127.0.0.1:55901 ] GameServer Close
SELECT ItemCount FROM GameServerInfo WHERE Number = 0
[ VOZ ][ 127.0.0.1:55901 ] GameServer Connect 
