SELECT Summoner FROM AccountCharacter WHERE Id = 'datga'
SELECT * FROM AccountCharacter WHERE Id = 'datga'
SELECT cLevel, Class, CtlCode, DbVersion FROM vCharacterPreview WHERE Name='DatGa'
SELECT G_Status FROM GuildMember WHERE Name='DatGa'
SELECT cLevel, Class, CtlCode, DbVersion FROM vCharacterPreview WHERE Name='fasdfasdf'
SELECT G_Status FROM GuildMember WHERE Name='fasdfasdf'
SELECT cLevel, Class, CtlCode, DbVersion FROM vCharacterPreview WHERE Name='asfasdfasf'
SELECT G_Status FROM GuildMember WHERE Name='asfasdfasf'
SELECT cLevel, Class, CtlCode, DbVersion FROM vCharacterPreview WHERE Name='dddddd'
SELECT G_Status FROM GuildMember WHERE Name='dddddd'
SELECT cLevel, Class, CtlCode, DbVersion FROM vCharacterPreview WHERE Name='test1'
SELECT G_Status FROM GuildMember WHERE Name='test1'
SELECT cLevel, Class, LevelUpPoint, Experience, Strength, Dexterity, Vitality, Energy, Money, Life, MaxLife, Mana, MaxMana, MapNumber, MapPosX, MapPosY, MapDir, PkCount, PkLevel, PkTime, CtlCode, DbVersion, Leadership, ChatLimitTime, FruitPoint, Resets FROM Character WHERE Name='DatGa'
UPDATE AccountCharacter SET GameIDC = 'DatGa' WHERE Id = 'datga'
SELECT * FROM OptionData WHERE Name='DatGa'
WZ_PeriodItemSelect 19, 'DatGa'
UPDATE Character SET cLevel=184,Class=2,LevelUpPoint=617, Experience=64298880, Strength=3015, Dexterity=313, Vitality=1021, Energy=2030, Money=212881, Life=27950.000000, MaxLife=22550.000000, Mana=54880.000000, MaxMana=44260.000000, MapNumber=8, MapPosX=202, MapPosY=66, MapDir=4, PkCount=0, PkLevel=3, PkTime=0, DbVersion=3, Leadership=0, ChatLimitTime=0, FruitPoint=0 WHERE Name = 'DatGa'
SELECT Summoner FROM AccountCharacter WHERE Id = 'datga'
SELECT * FROM AccountCharacter WHERE Id = 'datga'
SELECT cLevel, Class, CtlCode, DbVersion FROM vCharacterPreview WHERE Name='DatGa'
SELECT G_Status FROM GuildMember WHERE Name='DatGa'
SELECT cLevel, Class, CtlCode, DbVersion FROM vCharacterPreview WHERE Name='fasdfasdf'
SELECT G_Status FROM GuildMember WHERE Name='fasdfasdf'
SELECT cLevel, Class, CtlCode, DbVersion FROM vCharacterPreview WHERE Name='asfasdfasf'
SELECT G_Status FROM GuildMember WHERE Name='asfasdfasf'
SELECT cLevel, Class, CtlCode, DbVersion FROM vCharacterPreview WHERE Name='dddddd'
SELECT G_Status FROM GuildMember WHERE Name='dddddd'
SELECT cLevel, Class, CtlCode, DbVersion FROM vCharacterPreview WHERE Name='test1'
SELECT G_Status FROM GuildMember WHERE Name='test1'
SELECT cLevel, Class, LevelUpPoint, Experience, Strength, Dexterity, Vitality, Energy, Money, Life, MaxLife, Mana, MaxMana, MapNumber, MapPosX, MapPosY, MapDir, PkCount, PkLevel, PkTime, CtlCode, DbVersion, Leadership, ChatLimitTime, FruitPoint, Resets FROM Character WHERE Name='DatGa'
UPDATE AccountCharacter SET GameIDC = 'DatGa' WHERE Id = 'datga'
SELECT * FROM OptionData WHERE Name='DatGa'
WZ_PeriodItemSelect 19, 'DatGa'
UPDATE Character SET cLevel=184,Class=2,LevelUpPoint=617, Experience=64298880, Strength=3015, Dexterity=313, Vitality=1021, Energy=2030, Money=212881, Life=27950.000000, MaxLife=22550.000000, Mana=54880.000000, MaxMana=44260.000000, MapNumber=8, MapPosX=202, MapPosY=61, MapDir=1, PkCount=0, PkLevel=3, PkTime=0, DbVersion=3, Leadership=0, ChatLimitTime=0, FruitPoint=0 WHERE Name = 'DatGa'
SELECT Summoner FROM AccountCharacter WHERE Id = 'tiendat287'
SELECT * FROM AccountCharacter WHERE Id = 'tiendat287'
SELECT cLevel, Class, CtlCode, DbVersion FROM vCharacterPreview WHERE Name='sdfasfasdf'
SELECT G_Status FROM GuildMember WHERE Name='sdfasfasdf'
SELECT cLevel, Class, CtlCode, DbVersion FROM vCharacterPreview WHERE Name='tamtam'
SELECT G_Status FROM GuildMember WHERE Name='tamtam'
SELECT cLevel, Class, LevelUpPoint, Experience, Strength, Dexterity, Vitality, Energy, Money, Life, MaxLife, Mana, MaxMana, MapNumber, MapPosX, MapPosY, MapDir, PkCount, PkLevel, PkTime, CtlCode, DbVersion, Leadership, ChatLimitTime, FruitPoint, Resets FROM Character WHERE Name='tamtam'
UPDATE AccountCharacter SET GameIDC = 'tamtam' WHERE Id = 'tiendat287'
SELECT * FROM OptionData WHERE Name='tamtam'
WZ_PeriodItemSelect 119, 'tamtam'
UPDATE Character SET cLevel=2,Class=16,LevelUpPoint=5, Experience=100, Strength=28, Dexterity=20, Vitality=25, Energy=10, Money=9000000, Life=1120.000000, MaxLife=1120.000000, Mana=205.000000, MaxMana=205.000000, MapNumber=0, MapPosX=184, MapPosY=123, MapDir=2, PkCount=0, PkLevel=3, PkTime=0, DbVersion=3, Leadership=0, ChatLimitTime=0, FruitPoint=0 WHERE Name = 'tamtam'
UPDATE Character SET cLevel=3,Class=16,LevelUpPoint=10, Experience=440, Strength=28, Dexterity=20, Vitality=25, Energy=10, Money=9000000, Life=1140.000000, MaxLife=1140.000000, Mana=210.000000, MaxMana=210.000000, MapNumber=0, MapPosX=185, MapPosY=123, MapDir=4, PkCount=0, PkLevel=3, PkTime=0, DbVersion=3, Leadership=0, ChatLimitTime=0, FruitPoint=0 WHERE Name = 'tamtam'
EXEC WZ_GetItemSerial
EXEC WZ_GetItemSerial
EXEC WZ_GetItemSerial
UPDATE Character SET cLevel=4,Class=16,LevelUpPoint=15, Experience=1080, Strength=28, Dexterity=20, Vitality=25, Energy=10, Money=9000000, Life=1160.000000, MaxLife=1160.000000, Mana=215.000000, MaxMana=215.000000, MapNumber=0, MapPosX=184, MapPosY=120, MapDir=6, PkCount=0, PkLevel=3, PkTime=0, DbVersion=3, Leadership=0, ChatLimitTime=0, FruitPoint=0 WHERE Name = 'tamtam'
EXEC WZ_GetItemSerial
EXEC WZ_GetItemSerial
SELECT Name FROM OptionData WHERE Name='tamtam'
UPDATE OptionData SET GameOption=10, Qkey=0, Wkey=0, Ekey=0, ChatWindow=0, Rkey=0, QWERLevel=9000000 WHERE Name='tamtam'
UPDATE Character SET cLevel=4,Class=16,LevelUpPoint=15, Experience=1080, Strength=28, Dexterity=20, Vitality=25, Energy=10, Money=9000059, Life=1160.000000, MaxLife=1160.000000, Mana=215.000000, MaxMana=215.000000, MapNumber=0, MapPosX=163, MapPosY=128, MapDir=7, PkCount=0, PkLevel=3, PkTime=0, DbVersion=3, Leadership=0, ChatLimitTime=0, FruitPoint=0 WHERE Name = 'tamtam'
SELECT Summoner FROM AccountCharacter WHERE Id = 'tiendat287'
SELECT * FROM AccountCharacter WHERE Id = 'tiendat287'
SELECT cLevel, Class, CtlCode, DbVersion FROM vCharacterPreview WHERE Name='sdfasfasdf'
SELECT G_Status FROM GuildMember WHERE Name='sdfasfasdf'
SELECT cLevel, Class, CtlCode, DbVersion FROM vCharacterPreview WHERE Name='tamtam'
SELECT G_Status FROM GuildMember WHERE Name='tamtam'
SELECT cLevel, Class, LevelUpPoint, Experience, Strength, Dexterity, Vitality, Energy, Money, Life, MaxLife, Mana, MaxMana, MapNumber, MapPosX, MapPosY, MapDir, PkCount, PkLevel, PkTime, CtlCode, DbVersion, Leadership, ChatLimitTime, FruitPoint, Resets FROM Character WHERE Name='tamtam'
UPDATE AccountCharacter SET GameIDC = 'tamtam' WHERE Id = 'tiendat287'
SELECT * FROM OptionData WHERE Name='tamtam'
WZ_PeriodItemSelect 119, 'tamtam'
UPDATE Character SET cLevel=5,Class=16,LevelUpPoint=5, Experience=2080, Strength=43, Dexterity=20, Vitality=25, Energy=10, Money=9000111, Life=1180.000000, MaxLife=1180.000000, Mana=220.000000, MaxMana=220.000000, MapNumber=0, MapPosX=180, MapPosY=128, MapDir=0, PkCount=0, PkLevel=3, PkTime=0, DbVersion=3, Leadership=0, ChatLimitTime=0, FruitPoint=0 WHERE Name = 'tamtam'
UPDATE Character SET cLevel=6,Class=16,LevelUpPoint=10, Experience=3500, Strength=43, Dexterity=20, Vitality=25, Energy=10, Money=9000295, Life=1200.000000, MaxLife=1200.000000, Mana=225.000000, MaxMana=225.000000, MapNumber=0, MapPosX=191, MapPosY=131, MapDir=5, PkCount=0, PkLevel=3, PkTime=0, DbVersion=3, Leadership=0, ChatLimitTime=0, FruitPoint=0 WHERE Name = 'tamtam'
EXEC WZ_GetItemSerial
EXEC WZ_GetItemSerial
UPDATE Character SET cLevel=7,Class=16,LevelUpPoint=15, Experience=5400, Strength=43, Dexterity=20, Vitality=25, Energy=10, Money=9000442, Life=1220.000000, MaxLife=1220.000000, Mana=230.000000, MaxMana=230.000000, MapNumber=0, MapPosX=187, MapPosY=136, MapDir=1, PkCount=0, PkLevel=3, PkTime=0, DbVersion=3, Leadership=0, ChatLimitTime=0, FruitPoint=0 WHERE Name = 'tamtam'
EXEC WZ_GetItemSerial
EXEC WZ_GetItemSerial
EXEC WZ_GetItemSerial
UPDATE Character SET cLevel=8,Class=16,LevelUpPoint=20, Experience=7840, Strength=43, Dexterity=20, Vitality=25, Energy=10, Money=9000672, Life=1240.000000, MaxLife=1240.000000, Mana=235.000000, MaxMana=235.000000, MapNumber=0, MapPosX=188, MapPosY=134, MapDir=6, PkCount=0, PkLevel=3, PkTime=0, DbVersion=3, Leadership=0, ChatLimitTime=0, FruitPoint=0 WHERE Name = 'tamtam'
EXEC WZ_GetItemSerial
EXEC WZ_GetItemSerial
UPDATE Character SET cLevel=9,Class=16,LevelUpPoint=5, Experience=10880, Strength=63, Dexterity=20, Vitality=25, Energy=10, Money=9001085, Life=1260.000000, MaxLife=1260.000000, Mana=240.000000, MaxMana=240.000000, MapNumber=0, MapPosX=182, MapPosY=154, MapDir=1, PkCount=0, PkLevel=3, PkTime=0, DbVersion=3, Leadership=0, ChatLimitTime=0, FruitPoint=0 WHERE Name = 'tamtam'
EXEC WZ_GetItemSerial
EXEC WZ_GetItemSerial
EXEC WZ_GetItemSerial
UPDATE Character SET cLevel=10,Class=16,LevelUpPoint=10, Experience=14580, Strength=63, Dexterity=20, Vitality=25, Energy=10, Money=9001336, Life=1280.000000, MaxLife=1280.000000, Mana=245.000000, MaxMana=245.000000, MapNumber=0, MapPosX=180, MapPosY=152, MapDir=1, PkCount=0, PkLevel=3, PkTime=0, DbVersion=3, Leadership=0, ChatLimitTime=0, FruitPoint=0 WHERE Name = 'tamtam'
EXEC WZ_GetItemSerial
EXEC WZ_GetItemSerial
UPDATE Character SET cLevel=11,Class=16,LevelUpPoint=5, Experience=19000, Strength=63, Dexterity=30, Vitality=25, Energy=10, Money=9001442, Life=1300.000000, MaxLife=1300.000000, Mana=250.000000, MaxMana=250.000000, MapNumber=0, MapPosX=177, MapPosY=156, MapDir=4, PkCount=0, PkLevel=3, PkTime=0, DbVersion=3, Leadership=0, ChatLimitTime=0, FruitPoint=0 WHERE Name = 'tamtam'
EXEC WZ_GetItemSerial
EXEC WZ_GetItemSerial
EXEC WZ_GetItemSerial
EXEC WZ_GetItemSerial
EXEC WZ_GetItemSerial
EXEC WZ_GetItemSerial
UPDATE Character SET cLevel=12,Class=16,LevelUpPoint=10, Experience=24200, Strength=63, Dexterity=30, Vitality=25, Energy=10, Money=9001723, Life=1320.000000, MaxLife=1320.000000, Mana=255.000000, MaxMana=255.000000, MapNumber=0, MapPosX=182, MapPosY=154, MapDir=0, PkCount=0, PkLevel=3, PkTime=0, DbVersion=3, Leadership=0, ChatLimitTime=0, FruitPoint=0 WHERE Name = 'tamtam'
EXEC WZ_GetItemSerial
EXEC WZ_GetItemSerial
EXEC WZ_GetItemSerial
EXEC WZ_GetItemSerial
EXEC WZ_GetItemSerial
UPDATE Character SET cLevel=13,Class=16,LevelUpPoint=15, Experience=30240, Strength=63, Dexterity=30, Vitality=25, Energy=10, Money=9002036, Life=1340.000000, MaxLife=1340.000000, Mana=260.000000, MaxMana=260.000000, MapNumber=0, MapPosX=179, MapPosY=155, MapDir=3, PkCount=0, PkLevel=3, PkTime=0, DbVersion=3, Leadership=0, ChatLimitTime=0, FruitPoint=0 WHERE Name = 'tamtam'
EXEC WZ_GetItemSerial
EXEC WZ_GetItemSerial
EXEC WZ_GetItemSerial
UPDATE Character SET cLevel=14,Class=16,LevelUpPoint=20, Experience=37180, Strength=63, Dexterity=30, Vitality=25, Energy=10, Money=9002506, Life=1360.000000, MaxLife=1360.000000, Mana=265.000000, MaxMana=265.000000, MapNumber=0, MapPosX=187, MapPosY=159, MapDir=4, PkCount=0, PkLevel=3, PkTime=0, DbVersion=3, Leadership=0, ChatLimitTime=0, FruitPoint=0 WHERE Name = 'tamtam'
EXEC WZ_GetItemSerial
EXEC WZ_GetItemSerial
UPDATE Character SET cLevel=14,Class=16,LevelUpPoint=20, Experience=39455, Strength=63, Dexterity=30, Vitality=25, Energy=10, Money=9004676, Life=1360.000000, MaxLife=1360.000000, Mana=265.000000, MaxMana=265.000000, MapNumber=0, MapPosX=169, MapPosY=128, MapDir=4, PkCount=0, PkLevel=3, PkTime=0, DbVersion=3, Leadership=0, ChatLimitTime=0, FruitPoint=0 WHERE Name = 'tamtam'
EXEC WZ_GetItemSerial
EXEC WZ_GetItemSerial
UPDATE Character SET cLevel=15,Class=16,LevelUpPoint=25, Experience=45080, Strength=63, Dexterity=30, Vitality=25, Energy=10, Money=9004863, Life=1380.000000, MaxLife=1380.000000, Mana=270.000000, MaxMana=270.000000, MapNumber=0, MapPosX=193, MapPosY=141, MapDir=5, PkCount=0, PkLevel=3, PkTime=0, DbVersion=3, Leadership=0, ChatLimitTime=0, FruitPoint=0 WHERE Name = 'tamtam'
EXEC WZ_GetItemSerial
EXEC WZ_GetItemSerial
EXEC WZ_GetItemSerial
EXEC WZ_GetItemSerial
EXEC WZ_GetItemSerial
EXEC WZ_GetItemSerial
EXEC WZ_GetItemSerial
UPDATE Character SET cLevel=16,Class=16,LevelUpPoint=30, Experience=54000, Strength=63, Dexterity=30, Vitality=25, Energy=10, Money=9005597, Life=1400.000000, MaxLife=1400.000000, Mana=275.000000, MaxMana=275.000000, MapNumber=0, MapPosX=196, MapPosY=160, MapDir=1, PkCount=0, PkLevel=3, PkTime=0, DbVersion=3, Leadership=0, ChatLimitTime=0, FruitPoint=0 WHERE Name = 'tamtam'
EXEC WZ_GetItemSerial
EXEC WZ_GetItemSerial
EXEC WZ_GetItemSerial
EXEC WZ_GetItemSerial
EXEC WZ_GetItemSerial
UPDATE Character SET cLevel=17,Class=16,LevelUpPoint=35, Experience=64000, Strength=63, Dexterity=30, Vitality=25, Energy=10, Money=9006350, Life=1420.000000, MaxLife=1420.000000, Mana=280.000000, MaxMana=280.000000, MapNumber=0, MapPosX=185, MapPosY=163, MapDir=4, PkCount=0, PkLevel=3, PkTime=0, DbVersion=3, Leadership=0, ChatLimitTime=0, FruitPoint=0 WHERE Name = 'tamtam'
EXEC WZ_GetItemSerial
EXEC WZ_GetItemSerial
EXEC WZ_GetItemSerial
EXEC WZ_GetItemSerial
EXEC WZ_GetItemSerial
EXEC WZ_GetItemSerial
EXEC WZ_GetItemSerial
EXEC WZ_GetItemSerial
UPDATE Character SET cLevel=18,Class=16,LevelUpPoint=40, Experience=75140, Strength=63, Dexterity=30, Vitality=25, Energy=10, Money=9006979, Life=1440.000000, MaxLife=1440.000000, Mana=285.000000, MaxMana=285.000000, MapNumber=0, MapPosX=199, MapPosY=168, MapDir=2, PkCount=0, PkLevel=3, PkTime=0, DbVersion=3, Leadership=0, ChatLimitTime=0, FruitPoint=0 WHERE Name = 'tamtam'
EXEC WZ_GetItemSerial
EXEC WZ_GetItemSerial
EXEC WZ_GetItemSerial
EXEC WZ_GetItemSerial
EXEC WZ_GetItemSerial
EXEC WZ_GetItemSerial
EXEC WZ_GetItemSerial
UPDATE Character SET cLevel=19,Class=16,LevelUpPoint=5, Experience=87480, Strength=83, Dexterity=50, Vitality=25, Energy=10, Money=9007702, Life=1460.000000, MaxLife=1460.000000, Mana=290.000000, MaxMana=290.000000, MapNumber=0, MapPosX=184, MapPosY=162, MapDir=2, PkCount=0, PkLevel=3, PkTime=0, DbVersion=3, Leadership=0, ChatLimitTime=0, FruitPoint=0 WHERE Name = 'tamtam'
EXEC WZ_GetItemSerial
EXEC WZ_GetItemSerial
EXEC WZ_GetItemSerial
UPDATE Character SET cLevel=20,Class=16,LevelUpPoint=10, Experience=101080, Strength=83, Dexterity=50, Vitality=25, Energy=10, Money=9008867, Life=1480.000000, MaxLife=1480.000000, Mana=295.000000, MaxMana=295.000000, MapNumber=0, MapPosX=185, MapPosY=163, MapDir=5, PkCount=0, PkLevel=3, PkTime=0, DbVersion=3, Leadership=0, ChatLimitTime=0, FruitPoint=0 WHERE Name = 'tamtam'
EXEC WZ_GetItemSerial
EXEC WZ_GetItemSerial
EXEC WZ_GetItemSerial
EXEC WZ_GetItemSerial
EXEC WZ_GetItemSerial
EXEC WZ_GetItemSerial
EXEC WZ_CS_ModifyMoney 0, 270
UPDATE Character SET cLevel=21,Class=16,LevelUpPoint=15, Experience=116000, Strength=83, Dexterity=50, Vitality=25, Energy=10, Money=9008724, Life=1500.000000, MaxLife=1500.000000, Mana=300.000000, MaxMana=300.000000, MapNumber=0, MapPosX=145, MapPosY=48, MapDir=7, PkCount=0, PkLevel=3, PkTime=0, DbVersion=3, Leadership=0, ChatLimitTime=0, FruitPoint=0 WHERE Name = 'tamtam'
EXEC WZ_GetItemSerial
EXEC WZ_GetItemSerial
UPDATE Character SET cLevel=21,Class=16,LevelUpPoint=15, Experience=127500, Strength=83, Dexterity=50, Vitality=25, Energy=10, Money=9009674, Life=1500.000000, MaxLife=1500.000000, Mana=300.000000, MaxMana=300.000000, MapNumber=0, MapPosX=85, MapPosY=66, MapDir=7, PkCount=0, PkLevel=3, PkTime=0, DbVersion=3, Leadership=0, ChatLimitTime=0, FruitPoint=0 WHERE Name = 'tamtam'
UPDATE Character SET cLevel=22,Class=16,LevelUpPoint=20, Experience=132300, Strength=83, Dexterity=50, Vitality=25, Energy=10, Money=9009993, Life=1520.000000, MaxLife=1520.000000, Mana=305.000000, MaxMana=305.000000, MapNumber=0, MapPosX=79, MapPosY=77, MapDir=3, PkCount=0, PkLevel=3, PkTime=0, DbVersion=3, Leadership=0, ChatLimitTime=0, FruitPoint=0 WHERE Name = 'tamtam'
EXEC WZ_GetItemSerial
EXEC WZ_GetItemSerial
UPDATE Character SET cLevel=23,Class=16,LevelUpPoint=25, Experience=150040, Strength=83, Dexterity=50, Vitality=25, Energy=10, Money=9011672, Life=1540.000000, MaxLife=1540.000000, Mana=310.000000, MaxMana=310.000000, MapNumber=0, MapPosX=69, MapPosY=126, MapDir=1, PkCount=0, PkLevel=3, PkTime=0, DbVersion=3, Leadership=0, ChatLimitTime=0, FruitPoint=0 WHERE Name = 'tamtam'
EXEC WZ_GetItemSerial
EXEC WZ_GetItemSerial
EXEC WZ_GetItemSerial
EXEC WZ_GetItemSerial
EXEC WZ_GetItemSerial
EXEC WZ_GetItemSerial
UPDATE Character SET cLevel=24,Class=16,LevelUpPoint=30, Experience=169280, Strength=83[ MuOnline ] connection successful !
[ DataServer ] created on port [ 55960 ]
SELECT ItemCount FROM GameServerInfo WHERE Number = 0
[ VOZ ][ 127.0.0.1:55901 ] GameServer Connect 
EXEC WZ_CS_GetCastleTotalInfo 0, 7
EXEC WZ_CS_GetCastleNpcInfo 0
EXEC WZ_CW_InfoLoad 0
Connection Closed, dwIoSize == 0 (Index:1)
[ VOZ ][ 127.0.0.1:55901 ] GameServer Close
SELECT ItemCount FROM GameServerInfo WHERE Number = 0
[ VOZ ][ 127.0.0.1:55901 ] GameServer Connect 
SELECT Summoner FROM AccountCharacter WHERE Id = 'datga'
SELECT * FROM AccountCharacter WHERE Id = 'datga'
SELECT cLevel, Class, CtlCode, DbVersion FROM vCharacterPreview WHERE Name='DatGa'
SELECT G_Status FROM GuildMember WHERE Name='DatGa'
SELECT cLevel, Class, CtlCode, DbVersion FROM vCharacterPreview WHERE Name='fasdfasdf'
SELECT G_Status FROM GuildMember WHERE Name='fasdfasdf'
SELECT cLevel, Class, CtlCode, DbVersion FROM vCharacterPreview WHERE Name='asfasdfasf'
SELECT G_Status FROM GuildMember WHERE Name='asfasdfasf'
SELECT cLevel, Class, CtlCode, DbVersion FROM vCharacterPreview WHERE Name='dddddd'
SELECT G_Status FROM GuildMember WHERE Name='dddddd'
SELECT cLevel, Class, CtlCode, DbVersion FROM vCharacterPreview WHERE Name='test1'
SELECT G_Status FROM GuildMember WHERE Name='test1'
SELECT cLevel, Class, LevelUpPoint, Experience, Strength, Dexterity, Vitality, Energy, Money, Life, MaxLife, Mana, MaxMana, MapNumber, MapPosX, MapPosY, MapDir, PkCount, PkLevel, PkTime, CtlCode, DbVersion, Leadership, ChatLimitTime, FruitPoint, Resets FROM Character WHERE Name='DatGa'
UPDATE AccountCharacter SET GameIDC = 'DatGa' WHERE Id = 'datga'
SELECT * FROM OptionData WHERE Name='DatGa'
WZ_PeriodItemSelect 19, 'DatGa'
UPDATE Character SET cLevel=184,Class=2,LevelUpPoint=617, Experience=64298880, Strength=3015, Dexterity=313, Vitality=1021, Energy=2030, Money=212881, Life=27950.000000, MaxLife=22550.000000, Mana=54880.000000, MaxMana=44260.000000, MapNumber=8, MapPosX=205, MapPosY=58, MapDir=5, PkCount=0, PkLevel=3, PkTime=0, DbVersion=3, Leadership=0, ChatLimitTime=0, FruitPoint=0 WHERE Name = 'DatGa'
SELECT Summoner FROM AccountCharacter WHERE Id = 'datga'
SELECT * FROM AccountCharacter WHERE Id = 'datga'
SELECT cLevel, Class, CtlCode, DbVersion FROM vCharacterPreview WHERE Name='DatGa'
SELECT G_Status FROM GuildMember WHERE Name='DatGa'
SELECT cLevel, Class, CtlCode, DbVersion FROM vCharacterPreview WHERE Name='fasdfasdf'
SELECT G_Status FROM GuildMember WHERE Name='fasdfasdf'
SELECT cLevel, Class, CtlCode, DbVersion FROM vCharacterPreview WHERE Name='asfasdfasf'
SELECT G_Status FROM GuildMember WHERE Name='asfasdfasf'
SELECT cLevel, Class, CtlCode, DbVersion FROM vCharacterPreview WHERE Name='dddddd'
SELECT G_Status FROM GuildMember WHERE Name='dddddd'
SELECT cLevel, Class, CtlCode, DbVersion FROM vCharacterPreview WHERE Name='test1'
SELECT G_Status FROM GuildMember WHERE Name='test1'
SELECT cLevel, Class, LevelUpPoint, Experience, Strength, Dexterity, Vitality, Energy, Money, Life, MaxLife, Mana, MaxMana, MapNumber, MapPosX, MapPosY, MapDir, PkCount, PkLevel, PkTime, CtlCode, DbVersion, Leadership, ChatLimitTime, FruitPoint, Resets FROM Character WHERE Name='DatGa'
UPDATE AccountCharacter SET GameIDC = 'DatGa' WHERE Id = 'datga'
SELECT * FROM OptionData WHERE Name='DatGa'
WZ_PeriodItemSelect 19, 'DatGa'
EXEC WZ_GetItemSerial
EXEC WZ_GetItemSerial
SELECT Name FROM OptionData WHERE Name='DatGa'
UPDATE OptionData SET GameOption=9, Qkey=0, Wkey=0, Ekey=0, ChatWindow=16, Rkey=0, QWERLevel=212881 WHERE Name='DatGa'
UPDATE Character SET cLevel=184,Class=2,LevelUpPoint=617, Experience=64558855, Strength=3015, Dexterity=313, Vitality=1021, Energy=2030, Money=212881, Life=27810.000000, MaxLife=22550.000000, Mana=54880.000000, MaxMana=44260.000000, MapNumber=8, MapPosX=171, MapPosY=128, MapDir=7, PkCount=0, PkLevel=3, PkTime=0, DbVersion=3, Leadership=0, ChatLimitTime=0, FruitPoint=0 WHERE Name = 'DatGa'
SELECT Summoner FROM AccountCharacter WHERE Id = 'datga'
SELECT * FROM AccountCharacter WHERE Id = 'datga'
SELECT cLevel, Class, CtlCode, DbVersion FROM vCharacterPreview WHERE Name='DatGa'
SELECT G_Status FROM GuildMember WHERE Name='DatGa'
SELECT cLevel, Class, CtlCode, DbVersion FROM vCharacterPreview WHERE Name='fasdfasdf'
SELECT G_Status FROM GuildMember WHERE Name='fasdfasdf'
SELECT cLevel, Class, CtlCode, DbVersion FROM vCharacterPreview WHERE Name='asfasdfasf'
SELECT G_Status FROM GuildMember WHERE Name='asfasdfasf'
SELECT cLevel, Class, CtlCode, DbVersion FROM vCharacterPreview WHERE Name='dddddd'
SELECT G_Status FROM GuildMember WHERE Name='dddddd'
SELECT cLevel, Class, CtlCode, DbVersion FROM vCharacterPreview WHERE Name='test1'
SELECT G_Status FROM GuildMember WHERE Name='test1'
SELECT Summoner FROM AccountCharacter WHERE Id = 'tiendat287'
SELECT * FROM AccountCharacter WHERE Id = 'tiendat287'
SELECT cLevel, Class, CtlCode, DbVersion FROM vCharacterPreview WHERE Name='sdfasfasdf'
SELECT G_Status FROM GuildMember WHERE Name='sdfasfasdf'
SELECT cLevel, Class, CtlCode, DbVersion FROM vCharacterPreview WHERE Name='tamtam'
SELECT G_Status FROM GuildMember WHERE Name='tamtam'
SELECT cLevel, Class, LevelUpPoint, Experience, Strength, Dexterity, Vitality, Energy, Money, Life, MaxLife, Mana, MaxMana, MapNumber, MapPosX, MapPosY, MapDir, PkCount, PkLevel, PkTime, CtlCode, DbVersion, Leadership, ChatLimitTime, FruitPoint, Resets FROM Character WHERE Name='tamtam'
UPDATE AccountCharacter SET GameIDC = 'tamtam' WHERE Id = 'tiendat287'
SELECT * FROM OptionData WHERE Name='tamtam'
WZ_PeriodItemSelect 119, 'tamtam'
EXEC WZ_CS_ModifyMoney 0, 1692
UPDATE Character SET cLevel=28,Class=16,LevelUpPoint=5, Experience=262440, Strength=93, Dexterity=85, Vitality=25, Energy=10, Money=8967428, Life=1640.000000, MaxLife=1640.000000, Mana=335.000000, MaxMana=335.000000, MapNumber=0, MapPosX=43, MapPosY=109, MapDir=7, PkCount=0, PkLevel=3, PkTime=0, DbVersion=3, Leadership=0, ChatLimitTime=0, FruitPoint=0 WHERE Name = 'tamtam'
EXEC WZ_GetItemSerial
EXEC WZ_GetItemSerial
EXEC WZ_GetItemSerial
EXEC WZ_GetItemSerial
UPDATE Character SET cLevel=29,Class=16,LevelUpPoint=10, Experience=290080, Strength=93, Dexterity=85, Vitality=25, Energy=10, Money=8968439, Life=1660.000000, MaxLife=1660.000000, Mana=340.000000, MaxMana=340.000000, MapNumber=0, MapPosX=22, MapPosY=82, MapDir=3, PkCount=0, PkLevel=3, PkTime=0, DbVersion=3, Leadership=0, ChatLimitTime=0, FruitPoint=0 WHERE Name = 'tamtam'
EXEC WZ_GetItemSerial
EXEC WZ_GetItemSerial
EXEC WZ_GetItemSerial
EXEC WZ_GetItemSerial
UPDATE Character SET cLevel=30,Class=16,LevelUpPoint=15, Experience=319580, Strength=93, Dexterity=85, Vitality=25, Energy=10, Money=8968439, Life=1680.000000, MaxLife=1680.000000, Mana=345.000000, MaxMana=345.000000, MapNumber=0, MapPosX=23, MapPosY=48, MapDir=2, PkCount=0, PkLevel=3, PkTime=0, DbVersion=3, Leadership=0, ChatLimitTime=0, FruitPoint=0 WHERE Name = 'tamtam'
EXEC WZ_GetItemSerial
UPDATE Character SET cLevel=31,Class=16,LevelUpPoint=20, Experience=351000, Strength=93, Dexterity=85, Vitality=25, Energy=10, Money=8971568, Life=1700.000000, MaxLife=1700.000000, Mana=350.000000, MaxMana=350.000000, MapNumber=0, MapPosX=31, MapPosY=72, MapDir=2, PkCount=0, PkLevel=3, PkTime=0, DbVersion=3, Leadership=0, ChatLimitTime=0, FruitPoint=0 WHERE Name = 'tamtam'
EXEC WZ_GetItemSerial
UPDATE Character SET cLevel=31,Class=16,LevelUpPoint=20, Experience=365075, Strength=93, Dexterity=85, Vitality=25, Energy=10, Money=8972612, Life=1690.000000, MaxLife=1700.000000, Mana=350.000000, MaxMana=350.000000, MapNumber=0, MapPosX=37, MapPosY=61, MapDir=1, PkCount=0, PkLevel=3, PkTime=0, DbVersion=3, Leadership=0, ChatLimitTime=0, FruitPoint=0 WHERE Name = 'tamtam'
SELECT Summoner FROM AccountCharacter WHERE Id = 'tiendat287'
SELECT * FROM AccountCharacter WHERE Id = 'tiendat287'
SELECT cLevel, Class, CtlCode, DbVersion FROM vCharacterPreview WHERE Name='sdfasfasdf'
SELECT G_Status FROM GuildMember WHERE Name='sdfasfasdf'
SELECT cLevel, Class, CtlCode, DbVersion FROM vCharacterPreview WHERE Name='tamtam'
SELECT G_Status FROM GuildMember WHERE Name='tamtam'
SELECT cLevel, Class, LevelUpPoint, Experience, Strength, Dexterity, Vitality, Energy, Money, Life, MaxLife, Mana, MaxMana, MapNumber, MapPosX, MapPosY, MapDir, PkCount, PkLevel, PkTime, CtlCode, DbVersion, Leadership, ChatLimitTime, FruitPoint, Resets FROM Character WHERE Name='tamtam'
UPDATE AccountCharacter SET GameIDC = 'tamtam' WHERE Id = 'tiendat287'
SELECT * FROM OptionData WHERE Name='tamtam'
WZ_PeriodItemSelect 119, 'tamtam'
UPDATE Character SET cLevel=31,Class=16,LevelUpPoint=20, Experience=365075, Strength=93, Dexterity=85, Vitality=25, Energy=10, Money=8972612, Life=1590.000000, MaxLife=1700.000000, Mana=350.000000, MaxMana=350.000000, MapNumber=0, MapPosX=40, MapPosY=60, MapDir=4, PkCount=0, PkLevel=3, PkTime=0, DbVersion=3, Leadership=0, ChatLimitTime=0, FruitPoint=0 WHERE Name = 'tamtam'
SELECT Summoner FROM AccountCharacter WHERE Id = 'tiendat287'
SELECT * FROM AccountCharacter WHERE Id = 'tiendat287'
SELECT cLevel, Class, CtlCode, DbVersion FROM vCharacterPreview WHERE Name='sdfasfasdf'
SELECT G_Status FROM GuildMember WHERE Name='sdfasfasdf'
SELECT cLevel, Class, CtlCode, DbVersion FROM vCharacterPreview WHERE Name='tamtam'
SELECT G_Status FROM GuildMember WHERE Name='tamtam'
SELECT cLevel, Class, LevelUpPoint, Experience, Strength, Dexterity, Vitality, Energy, Money, Life, MaxLife, Mana, MaxMana, MapNumber, MapPosX, MapPosY, MapDir, PkCount, PkLevel, PkTime, CtlCode, DbVersion, Leadership, ChatLimitTime, FruitPoint, Resets FROM Character WHERE Name='tamtam'
UPDATE AccountCharacter SET GameIDC = 'tamtam' WHERE Id = 'tiendat287'
SELECT * FROM OptionData WHERE Name='tamtam'
WZ_PeriodItemSelect 119, 'tamtam'
UPDATE Character SET cLevel=31,Class=16,LevelUpPoint=20, Experience=365075, Strength=93, Dexterity=85, Vitality=25, Energy=10, Money=8972612, Life=1390.000000, MaxLife=1700.000000, Mana=350.000000, MaxMana=350.000000, MapNumber=0, MapPosX=43, MapPosY=61, MapDir=1, PkCount=0, PkLevel=3, PkTime=0, DbVersion=3, Leadership=0, ChatLimitTime=0, FruitPoint=0 WHERE Name = 'tamtam'
SELECT Summoner FROM AccountCharacter WHERE Id = 'DATGA'
SELECT * FROM AccountCharacter WHERE Id = 'DATGA'
SELECT cLevel, Class, CtlCode, DbVersion FROM vCharacterPreview WHERE Name='DatGa'
SELECT G_Status FROM GuildMember WHERE Name='DatGa'
SELECT cLevel, Class, CtlCode, DbVersion FROM vCharacterPreview WHERE Name='fasdfasdf'
SELECT G_Status FROM GuildMember WHERE Name='fasdfasdf'
SELECT cLevel, Class, CtlCode, DbVersion FROM vCharacterPreview WHERE Name='asfasdfasf'
SELECT G_Status FROM GuildMember WHERE Name='asfasdfasf'
SELECT cLevel, Class, CtlCode, DbVersion FROM vCharacterPreview WHERE Name='dddddd'
SELECT G_Status FROM GuildMember WHERE Name='dddddd'
SELECT cLevel, Class, CtlCode, DbVersion FROM vCharacterPreview WHERE Name='test1'
SELECT G_Status FROM GuildMember WHERE Name='test1'
SELECT cLevel, Class, LevelUpPoint, Experience, Strength, Dexterity, Vitality, Energy, Money, Life, MaxLife, Mana, MaxMana, MapNumber, MapPosX, MapPosY, MapDir, PkCount, PkLevel, PkTime, CtlCode, DbVersion, Leadership, ChatLimitTime, FruitPoint, Resets FROM Character WHERE Name='DatGa'
UPDATE AccountCharacter SET GameIDC = 'DatGa' WHERE Id = 'DATGA'
SELECT * FROM OptionData WHERE Name='DatGa'
WZ_PeriodItemSelect 19, 'DatGa'
UPDATE Character SET cLevel=184,Class=2,LevelUpPoint=617, Experience=64558855, Strength=3015, Dexterity=313, Vitality=1021, Energy=2030, Money=212881, Life=27810.000000, MaxLife=22550.000000, Mana=54880.000000, MaxMana=44260.000000, MapNumber=8, MapPosX=171, MapPosY=128, MapDir=1, PkCount=0, PkLevel=3, PkTime=0, DbVersion=3, Leadership=0, ChatLimitTime=0, FruitPoint=0 WHERE Name = 'DatGa'
SELECT Summoner FROM AccountCharacter WHERE Id = 'tiendat287'
SELECT * FROM AccountCharacter WHERE Id = 'tiendat287'
SELECT cLevel, Class, CtlCode, DbVersion FROM vCharacterPreview WHERE Name='sdfasfasdf'
SELECT G_Status FROM GuildMember WHERE Name='sdfasfasdf'
SELECT cLevel, Class, CtlCode, DbVersion FROM vCharacterPreview WHERE Name='tamtam'
SELECT G_Status FROM GuildMember WHERE Name='tamtam'
SELECT cLevel, Class, LevelUpPoint, Experience, Strength, Dexterity, Vitality, Energy, Money, Life, MaxLife, Mana, MaxMana, MapNumber, MapPosX, MapPosY, MapDir, PkC[ MuOnline ] connection successful !
[ DataServer ] created on port [ 55960 ]
SELECT ItemCount FROM GameServerInfo WHERE Number = 0
[ VOZ ][ 127.0.0.1:55901 ] GameServer Connect 
EXEC WZ_CS_GetCastleTotalInfo 0, 7
EXEC WZ_CS_GetCastleNpcInfo 0
EXEC WZ_CW_InfoLoad 0
Connection Closed, dwIoSize == 0 (Index:1)
[ VOZ ][ 127.0.0.1:55901 ] GameServer Close
SELECT ItemCount FROM GameServerInfo WHERE Number = 0
[ VOZ ][ 127.0.0.1:55901 ] GameServer Connect 
SELECT Summoner FROM AccountCharacter WHERE Id = 'datga'
SELECT * FROM AccountCharacter WHERE Id = 'datga'
SELECT cLevel, Class, CtlCode, DbVersion FROM vCharacterPreview WHERE Name='DatGa'
SELECT G_Status FROM GuildMember WHERE Name='DatGa'
SELECT cLevel, Class, CtlCode, DbVersion FROM vCharacterPreview WHERE Name='fasdfasdf'
SELECT G_Status FROM GuildMember WHERE Name='fasdfasdf'
SELECT cLevel, Class, CtlCode, DbVersion FROM vCharacterPreview WHERE Name='asfasdfasf'
SELECT G_Status FROM GuildMember WHERE Name='asfasdfasf'
SELECT cLevel, Class, CtlCode, DbVersion FROM vCharacterPreview WHERE Name='dddddd'
SELECT G_Status FROM GuildMember WHERE Name='dddddd'
SELECT cLevel, Class, CtlCode, DbVersion FROM vCharacterPreview WHERE Name='test1'
SELECT G_Status FROM GuildMember WHERE Name='test1'
SELECT cLevel, Class, LevelUpPoint, Experience, Strength, Dexterity, Vitality, Energy, Money, Life, MaxLife, Mana, MaxMana, MapNumber, MapPosX, MapPosY, MapDir, PkCount, PkLevel, PkTime, CtlCode, DbVersion, Leadership, ChatLimitTime, FruitPoint, Resets FROM Character WHERE Name='asfasdfasf'
UPDATE AccountCharacter SET GameIDC = 'asfasdfasf' WHERE Id = 'datga'
SELECT * FROM OptionData WHERE Name='asfasdfasf'
WZ_PeriodItemSelect 19, 'asfasdfasf'
UPDATE Character SET cLevel=300,Class=66,LevelUpPoint=829, Experience=382743468, Strength=26000, Dexterity=19998, Vitality=20000, Energy=14999, Money=14683000, Life=27968.000000, MaxLife=11769.000000, Mana=43976.000000, MaxMana=31542.000000, MapNumber=3, MapPosX=154, MapPosY=118, MapDir=4, PkCount=0, PkLevel=3, PkTime=0, DbVersion=3, Leadership=25000, ChatLimitTime=0, FruitPoint=3 WHERE Name = 'asfasdfasf'
SELECT Summoner FROM AccountCharacter WHERE Id = 'datga'
SELECT * FROM AccountCharacter WHERE Id = 'datga'
SELECT cLevel, Class, CtlCode, DbVersion FROM vCharacterPreview WHERE Name='DatGa'
SELECT G_Status FROM GuildMember WHERE Name='DatGa'
SELECT cLevel, Class, CtlCode, DbVersion FROM vCharacterPreview WHERE Name='fasdfasdf'
SELECT G_Status FROM GuildMember WHERE Name='fasdfasdf'
SELECT cLevel, Class, CtlCode, DbVersion FROM vCharacterPreview WHERE Name='asfasdfasf'
SELECT G_Status FROM GuildMember WHERE Name='asfasdfasf'
SELECT cLevel, Class, CtlCode, DbVersion FROM vCharacterPreview WHERE Name='dddddd'
SELECT G_Status FROM GuildMember WHERE Name='dddddd'
SELECT cLevel, Class, CtlCode, DbVersion FROM vCharacterPreview WHERE Name='test1'
SELECT G_Status FROM GuildMember WHERE Name='test1'
SELECT cLevel, Class, LevelUpPoint, Experience, Strength, Dexterity, Vitality, Energy, Money, Life, MaxLife, Mana, MaxMana, MapNumber, MapPosX, MapPosY, MapDir, PkCount, PkLevel, PkTime, CtlCode, DbVersion, Leadership, ChatLimitTime, FruitPoint, Resets FROM Character WHERE Name='DatGa'
UPDATE AccountCharacter SET GameIDC = 'DatGa' WHERE Id = 'datga'
SELECT * FROM OptionData WHERE Name='DatGa'
WZ_PeriodItemSelect 19, 'DatGa'
UPDATE Character SET cLevel=184,Class=2,LevelUpPoint=617, Experience=64558855, Strength=3015, Dexterity=313, Vitality=1021, Energy=2030, Money=212881, Life=26060.000000, MaxLife=22550.000000, Mana=54880.000000, MaxMana=44260.000000, MapNumber=8, MapPosX=160, MapPosY=110, MapDir=4, PkCount=0, PkLevel=3, PkTime=0, DbVersion=3, Leadership=0, ChatLimitTime=0, FruitPoint=0 WHERE Name = 'DatGa'
SELECT Summoner FROM AccountCharacter WHERE Id = 'datga'
SELECT * FROM AccountCharacter WHERE Id = 'datga'
SELECT cLevel, Class, CtlCode, DbVersion FROM vCharacterPreview WHERE Name='DatGa'
SELECT G_Status FROM GuildMember WHERE Name='DatGa'
SELECT cLevel, Class, CtlCode, DbVersion FROM vCharacterPreview WHERE Name='fasdfasdf'
SELECT G_Status FROM GuildMember WHERE Name='fasdfasdf'
SELECT cLevel, Class, CtlCode, DbVersion FROM vCharacterPreview WHERE Name='asfasdfasf'
SELECT G_Status FROM GuildMember WHERE Name='asfasdfasf'
SELECT cLevel, Class, CtlCode, DbVersion FROM vCharacterPreview WHERE Name='dddddd'
SELECT G_Status FROM GuildMember WHERE Name='dddddd'
SELECT cLevel, Class, CtlCode, DbVersion FROM vCharacterPreview WHERE Name='test1'
SELECT G_Status FROM GuildMember WHERE Name='test1'
SELECT cLevel, Class, LevelUpPoint, Experience, Strength, Dexterity, Vitality, Energy, Money, Life, MaxLife, Mana, MaxMana, MapNumber, MapPosX, MapPosY, MapDir, PkCount, PkLevel, PkTime, CtlCode, DbVersion, Leadership, ChatLimitTime, FruitPoint, Resets FROM Character WHERE Name='DatGa'
UPDATE AccountCharacter SET GameIDC = 'DatGa' WHERE Id = 'datga'
SELECT * FROM OptionData WHERE Name='DatGa'
WZ_PeriodItemSelect 19, 'DatGa'
UPDATE Character SET cLevel=184,Class=2,LevelUpPoint=617, Experience=64558855, Strength=3015, Dexterity=313, Vitality=1021, Energy=2030, Money=212881, Life=25500.000000, MaxLife=22550.000000, Mana=54880.000000, MaxMana=44260.000000, MapNumber=8, MapPosX=164, MapPosY=109, MapDir=0, PkCount=0, PkLevel=3, PkTime=0, DbVersion=3, Leadership=0, ChatLimitTime=0, FruitPoint=0 WHERE Name = 'DatGa'
SELECT Summoner FROM AccountCharacter WHERE Id = 'datga'
SELECT * FROM AccountCharacter WHERE Id = 'datga'
SELECT cLevel, Class, CtlCode, DbVersion FROM vCharacterPreview WHERE Name='DatGa'
SELECT G_Status FROM GuildMember WHERE Name='DatGa'
SELECT cLevel, Class, CtlCode, DbVersion FROM vCharacterPreview WHERE Name='fasdfasdf'
SELECT G_Status FROM GuildMember WHERE Name='fasdfasdf'
SELECT cLevel, Class, CtlCode, DbVersion FROM vCharacterPreview WHERE Name='asfasdfasf'
SELECT G_Status FROM GuildMember WHERE Name='asfasdfasf'
SELECT cLevel, Class, CtlCode, DbVersion FROM vCharacterPreview WHERE Name='dddddd'
SELECT G_Status FROM GuildMember WHERE Name='dddddd'
SELECT cLevel, Class, CtlCode, DbVersion FROM vCharacterPreview WHERE Name='test1'
SELECT G_Status FROM GuildMember WHERE Name='test1'
SELECT cLevel, Class, LevelUpPoint, Experience, Strength, Dexterity, Vitality, Energy, Money, Life, MaxLife, Mana, MaxMana, MapNumber, MapPosX, MapPosY, MapDir, PkCount, PkLevel, PkTime, CtlCode, DbVersion, Leadership, ChatLimitTime, FruitPoint, Resets FROM Character WHERE Name='DatGa'
UPDATE AccountCharacter SET GameIDC = 'DatGa' WHERE Id = 'datga'
SELECT * FROM OptionData WHERE Name='DatGa'
WZ_PeriodItemSelect 19, 'DatGa'
EXEC WZ_GetItemSerial
EXEC WZ_GetItemSerial
EXEC WZ_GetItemSerial
EXEC WZ_GetItemSerial
EXEC WZ_GetItemSerial
EXEC WZ_GetItemSerial
