UPDATE Character SET cLevel=40,Class=2,LevelUpPoint=195, Experience=730080, Strength=3015, Dexterity=18, Vitality=1018, Energy=2030, Money=284359151, Life=21050.000000, MaxLife=21050.000000, Mana=44680.000000, MaxMana=41380.000000, MapNumber=3, MapPosX=148, MapPosY=141, MapDir=1, PkCount=0, PkLevel=4, PkTime=7160, DbVersion=3, Leadership=0, ChatLimitTime=0, FruitPoint=0 WHERE Name = 'DatGa'
EXEC WZ_GetItemSerial
EXEC WZ_GetItemSerial
SELECT Name FROM OptionData WHERE Name='DatGa'
UPDATE OptionData SET GameOption=10, Qkey=0, Wkey=0, Ekey=0, ChatWindow=0, Rkey=0, QWERLevel=11538625 WHERE Name='DatGa'
UPDATE Character SET cLevel=40,Class=2,LevelUpPoint=195, Experience=746234, Strength=3015, Dexterity=18, Vitality=1018, Energy=2030, Money=281515560, Life=21050.000000, MaxLife=21050.000000, Mana=44680.000000, MaxMana=41380.000000, MapNumber=3, MapPosX=197, MapPosY=121, MapDir=3, PkCount=0, PkLevel=4, PkTime=7369, DbVersion=3, Leadership=0, ChatLimitTime=0, FruitPoint=0 WHERE Name = 'DatGa'
SELECT Summoner FROM AccountCharacter WHERE Id = 'datga'
SELECT * FROM AccountCharacter WHERE Id = 'datga'
SELECT cLevel, Class, CtlCode, DbVersion FROM vCharacterPreview WHERE Name='DatGa'
SELECT G_Status FROM GuildMember WHERE Name='DatGa'
SELECT cLevel, Class, CtlCode, DbVersion FROM vCharacterPreview WHERE Name='fasdfasdf'
SELECT G_Status FROM GuildMember WHERE Name='fasdfasdf'
SELECT cLevel, Class, CtlCode, DbVersion FROM vCharacterPreview WHERE Name='asfasdfasf'
SELECT G_Status FROM GuildMember WHERE Name='asfasdfasf'
SELECT cLevel, Class, CtlCode, DbVersion FROM vCharacterPreview WHERE Name='test'
SELECT G_Status FROM GuildMember WHERE Name='test'
SELECT cLevel, Class, CtlCode, DbVersion FROM vCharacterPreview WHERE Name='test1'
SELECT G_Status FROM GuildMember WHERE Name='test1'
SELECT cLevel, Class, LevelUpPoint, Experience, Strength, Dexterity, Vitality, Energy, Money, Life, MaxLife, Mana, MaxMana, MapNumber, MapPosX, MapPosY, MapDir, PkCount, PkLevel, PkTime, CtlCode, DbVersion, Leadership, ChatLimitTime, FruitPoint, Resets FROM Character WHERE Name='asfasdfasf'
UPDATE AccountCharacter SET GameIDC = 'asfasdfasf' WHERE Id = 'datga'
SELECT * FROM OptionData WHERE Name='asfasdfasf'
WZ_PeriodItemSelect 19, 'asfasdfasf'
SELECT Name FROM OptionData WHERE Name='asfasdfasf'
UPDATE OptionData SET GameOption=9, Qkey=0, Wkey=0, Ekey=0, ChatWindow=0, Rkey=0, QWERLevel=281515560 WHERE Name='asfasdfasf'
UPDATE Character SET cLevel=300,Class=66,LevelUpPoint=826, Experience=17815305, Strength=26000, Dexterity=20000, Vitality=20000, Energy=15000, Money=964900, Life=57652.000000, MaxLife=11769.000000, Mana=31557.000000, MaxMana=31557.000000, MapNumber=3, MapPosX=174, MapPosY=101, MapDir=0, PkCount=0, PkLevel=3, PkTime=0, DbVersion=3, Leadership=25000, ChatLimitTime=0, FruitPoint=0 WHERE Name = 'asfasdfasf'
SELECT Summoner FROM AccountCharacter WHERE Id = 'datga'
SELECT * FROM AccountCharacter WHERE Id = 'datga'
SELECT cLevel, Class, CtlCode, DbVersion FROM vCharacterPreview WHERE Name='DatGa'
SELECT G_Status FROM GuildMember WHERE Name='DatGa'
SELECT cLevel, Class, CtlCode, DbVersion FROM vCharacterPreview WHERE Name='fasdfasdf'
SELECT G_Status FROM GuildMember WHERE Name='fasdfasdf'
SELECT cLevel, Class, CtlCode, DbVersion FROM vCharacterPreview WHERE Name='asfasdfasf'
SELECT G_Status FROM GuildMember WHERE Name='asfasdfasf'
SELECT cLevel, Class, CtlCode, DbVersion FROM vCharacterPreview WHERE Name='test'
SELECT G_Status FROM GuildMember WHERE Name='test'
SELECT cLevel, Class, CtlCode, DbVersion FROM vCharacterPreview WHERE Name='test1'
SELECT G_Status FROM GuildMember WHERE Name='test1'
SELECT cLevel, Class, LevelUpPoint, Experience, Strength, Dexterity, Vitality, Energy, Money, Life, MaxLife, Mana, MaxMana, MapNumber, MapPosX, MapPosY, MapDir, PkCount, PkLevel, PkTime, CtlCode, DbVersion, Leadership, ChatLimitTime, FruitPoint, Resets FROM Character WHERE Name='asfasdfasf'
UPDATE AccountCharacter SET GameIDC = 'asfasdfasf' WHERE Id = 'datga'
SELECT * FROM OptionData WHERE Name='asfasdfasf'
WZ_PeriodItemSelect 19, 'asfasdfasf'
SELECT Name FROM OptionData WHERE Name='asfasdfasf'
UPDATE OptionData SET GameOption=9, Qkey=0, Wkey=0, Ekey=0, ChatWindow=0, Rkey=0, QWERLevel=964900 WHERE Name='asfasdfasf'
UPDATE Character SET cLevel=300,Class=66,LevelUpPoint=826, Experience=17815305, Strength=26000, Dexterity=20000, Vitality=20000, Energy=15000, Money=964900, Life=60225.000000, MaxLife=11769.000000, Mana=31557.000000, MaxMana=31557.000000, MapNumber=3, MapPosX=174, MapPosY=101, MapDir=3, PkCount=0, PkLevel=3, PkTime=0, DbVersion=3, Leadership=25000, ChatLimitTime=0, FruitPoint=0 WHERE Name = 'asfasdfasf'
SELECT Summoner FROM AccountCharacter WHERE Id = 'datga'
SELECT * FROM AccountCharacter WHERE Id = 'datga'
SELECT cLevel, Class, CtlCode, DbVersion FROM vCharacterPreview WHERE Name='DatGa'
SELECT G_Status FROM GuildMember WHERE Name='DatGa'
SELECT cLevel, Class, CtlCode, DbVersion FROM vCharacterPreview WHERE Name='fasdfasdf'
SELECT G_Status FROM GuildMember WHERE Name='fasdfasdf'
SELECT cLevel, Class, CtlCode, DbVersion FROM vCharacterPreview WHERE Name='asfasdfasf'
SELECT G_Status FROM GuildMember WHERE Name='asfasdfasf'
SELECT cLevel, Class, CtlCode, DbVersion FROM vCharacterPreview WHERE Name='test'
SELECT G_Status FROM GuildMember WHERE Name='test'
SELECT cLevel, Class, CtlCode, DbVersion FROM vCharacterPreview WHERE Name='test1'
SELECT G_Status FROM GuildMember WHERE Name='test1'
SELECT Summoner FROM AccountCharacter WHERE Id = 'datga'
SELECT * FROM AccountCharacter WHERE Id = 'datga'
SELECT cLevel, Class, CtlCode, DbVersion FROM vCharacterPreview WHERE Name='DatGa'
SELECT G_Status FROM GuildMember WHERE Name='DatGa'
SELECT cLevel, Class, CtlCode, DbVersion FROM vCharacterPreview WHERE Name='fasdfasdf'
SELECT G_Status FROM GuildMember WHERE Name='fasdfasdf'
SELECT cLevel, Class, CtlCode, DbVersion FROM vCharacterPreview WHERE Name='asfasdfasf'
SELECT G_Status FROM GuildMember WHERE Name='asfasdfasf'
SELECT cLevel, Class, CtlCode, DbVersion FROM vCharacterPreview WHERE Name='test'
SELECT G_Status FROM GuildMember WHERE Name='test'
SELECT cLevel, Class, CtlCode, DbVersion FROM vCharacterPreview WHERE Name='test1'
SELECT G_Status FROM GuildMember WHERE Name='test1'
SELECT cLevel, Class, LevelUpPoint, Experience, Strength, Dexterity, Vitality, Energy, Money, Life, MaxLife, Mana, MaxMana, MapNumber, MapPosX, MapPosY, MapDir, PkCount, PkLevel, PkTime, CtlCode, DbVersion, Leadership, ChatLimitTime, FruitPoint, Resets FROM Character WHERE Name='test1'
UPDATE AccountCharacter SET GameIDC = 'test1' WHERE Id = 'datga'
SELECT * FROM OptionData WHERE Name='test1'
SELECT Pet_Level, Pet_Exp FROM T_PetItem_Info WHERE ItemSerial=12087
SELECT Pet_Level, Pet_Exp FROM T_PetItem_Info WHERE ItemSerial=12066
WZ_PeriodItemSelect 19, 'test1'
UPDATE Character SET cLevel=163,Class=64,LevelUpPoint=224, Experience=44877240, Strength=4550, Dexterity=2400, Vitality=326, Energy=1026, Money=478313461, Life=11300.000000, MaxLife=9450.000000, Mana=20585.000000, MaxMana=17185.000000, MapNumber=3, MapPosX=171, MapPosY=116, MapDir=1, PkCount=0, PkLevel=3, PkTime=0, DbVersion=3, Leadership=225, ChatLimitTime=0, FruitPoint=0 WHERE Name = 'test1'
UPDATE T_PetItem_Info SET Pet_Level=13, Pet_Exp=6585207 WHERE ItemSerial=12087
UPDATE T_PetItem_Info SET Pet_Level=13, Pet_Exp=6585596 WHERE ItemSerial=12066
SELECT Summoner FROM AccountCharacter WHERE Id = 'datga'
SELECT * FROM AccountCharacter WHERE Id = 'datga'
SELECT cLevel, Class, CtlCode, DbVersion FROM vCharacterPreview WHERE Name='DatGa'
SELECT G_Status FROM GuildMember WHERE Name='DatGa'
SELECT cLevel, Class, CtlCode, DbVersion FROM vCharacterPreview WHERE Name='fasdfasdf'
SELECT G_Status FROM GuildMember WHERE Name='fasdfasdf'
SELECT cLevel, Class, CtlCode, DbVersion FROM vCharacterPreview WHERE Name='asfasdfasf'
SELECT G_Status FROM GuildMember WHERE Name='asfasdfasf'
SELECT cLevel, Class, CtlCode, DbVersion FROM vCharacterPreview WHERE Name='test'
SELECT G_Status FROM GuildMember WHERE Name='test'
SELECT cLevel, Class, CtlCode, DbVersion FROM vCharacterPreview WHERE Name='test1'
SELECT G_Status FROM GuildMember WHERE Name='test1'
SELECT cLevel, Class, LevelUpPoint, Experience, Strength, Dexterity, Vitality, Energy, Money, Life, MaxLife, Mana, MaxMana, MapNumber, MapPosX, MapPosY, MapDir, PkCount, PkLevel, PkTime, CtlCode, DbVersion, Leadership, ChatLimitTime, FruitPoint, Resets FROM Character WHERE Name='asfasdfasf'
UPDATE AccountCharacter SET GameIDC = 'asfasdfasf' WHERE Id = 'datga'
SELECT * FROM OptionData WHERE Name='asfasdfasf'
WZ_PeriodItemSelect 19, 'asfasdfasf'
SELECT Name FROM OptionData WHERE Name='asfasdfasf'
UPDATE OptionData SET GameOption=9, Qkey=0, Wkey=0, Ekey=0, ChatWindow=0, Rkey=0, QWERLevel=478281728 WHERE Name='asfasdfasf'
UPDATE Character SET cLevel=300,Class=66,LevelUpPoint=826, Experience=17815305, Strength=26000, Dexterity=20000, Vitality=20000, Energy=15000, Money=964900, Life=6100.000000, MaxLife=11769.000000, Mana=31557.000000, MaxMana=31557.000000, MapNumber=3, MapPosX=176, MapPosY=107, MapDir=7, PkCount=0, PkLevel=3, PkTime=0, DbVersion=3, Leadership=25000, ChatLimitTime=0, FruitPoint=0 WHERE Name = 'asfasdfasf'
SELECT Summoner FROM AccountCharacter WHERE Id = 'datga'
SELECT * FROM AccountCharacter WHERE Id = 'datga'
SELECT cLevel, Class, CtlCode, DbVersion FROM vCharacterPreview WHERE Name='DatGa'
SELECT G_Status FROM GuildMember WHERE Name='DatGa'
SELECT cLevel, Class, CtlCode, DbVersion FROM vCharacterPreview WHERE Name='fasdfasdf'
SELECT G_Status FROM GuildMember WHERE Name='fasdfasdf'
SELECT cLevel, Class, CtlCode, DbVersion FROM vCharacterPreview WHERE Name='asfasdfasf'
SELECT G_Status FROM GuildMember WHERE Name='asfasdfasf'
SELECT cLevel, Class, CtlCode, DbVersion FROM vCharacterPreview WHERE Name='test'
SELECT G_Status FROM GuildMember WHERE Name='test'
SELECT cLevel, Class, CtlCode, DbVersion FROM vCharacterPreview WHERE Name='test1'
SELECT G_Status FROM GuildMember WHERE Name='test1'
SELECT cLevel, Class, LevelUpPoint, Experience, Strength, Dexterity, Vitality, Energy, Money, Life, MaxLife, Mana, MaxMana, MapNumber, MapPosX, MapPosY, MapDir, PkCount, PkLevel, PkTime, CtlCode, DbVersion, Leadership, ChatLimitTime, FruitPoint, Resets FROM Character WHERE Name='DatGa'
UPDATE AccountCharacter SET GameIDC = 'DatGa' WHERE Id = 'datga'
SELECT * FROM OptionData WHERE Name='DatGa'
WZ_PeriodItemSelect 19, 'DatGa'
UPDATE Character SET cLevel=40,Class=2,LevelUpPoint=195, Experience=746234, Strength=3015, Dexterity=18, Vitality=1018, Energy=2030, Money=281515560, Life=21050.000000, MaxLife=21050.000000, Mana=44680.000000, MaxMana=41380.000000, MapNumber=3, MapPosX=173, MapPosY=117, MapDir=6, PkCount=0, PkLevel=4, PkTime=7530, DbVersion=3, Leadership=0, ChatLimitTime=0, FruitPoint=0 WHERE Name = 'DatGa'
SELECT Summoner FROM AccountCharacter WHERE Id = 'datga'
SELECT * FROM AccountCharacter WHERE Id = 'datga'
SELECT cLevel, Class, CtlCode, DbVersion FROM vCharacterPreview WHERE Name='DatGa'
SELECT G_Status FROM GuildMember WHERE Name='DatGa'
SELECT cLevel, Class, CtlCode, DbVersion FROM vCharacterPreview WHERE Name='fasdfasdf'
SELECT G_Status FROM GuildMember WHERE Name='fasdfasdf'
SELECT cLevel, Class, CtlCode, DbVersion FROM vCharacterPreview WHERE Name='asfasdfasf'
SELECT G_Status FROM GuildMember WHERE Name='asfasdfasf'
SELECT cLevel, Class, CtlCode, DbVersion FROM vCharacterPreview WHERE Name='test'
SELECT G_Status FROM GuildMember WHERE Name='test'
SELECT cLevel, Class, CtlCode, DbVersion FROM vCharacterPreview WHERE Name='test1'
SELECT G_Status FROM GuildMember WHERE Name='test1'
SELECT cLevel, Class, LevelUpPoint, Experience, Strength, Dexterity, Vitality, Energy, Money, Life, MaxLife, Mana, MaxMana, MapNumber, MapPosX, MapPosY, MapDir, PkCount, PkLevel, PkTime, CtlCode, DbVersion, Leadership, ChatLimitTime, FruitPoint, Resets FROM Character WHERE Name='DatGa'
UPDATE AccountCharacter SET GameIDC = 'DatGa' WHERE Id = 'datga'
SELECT * FROM OptionData WHERE Name='DatGa'
WZ_PeriodItemSelect 19, 'DatGa'
EXEC WZ_GetItemSerial
EXEC WZ_GetItemSerial
EXEC WZ_GetItemSerial
EXEC WZ_GetItemSerial
EXEC WZ_GetItemSerial
EXEC WZ_GetItemSerial
EXEC WZ_GetItemSerial
EXEC WZ_GetItemSerial
EXEC WZ_GetItemSerial
EXEC WZ_GetItemSerial
EXEC WZ_GetItemS[ MuOnline ] connection successful !
[ DataServer ] created on port [ 55960 ]
SELECT ItemCount FROM GameServerInfo WHERE Number = 0
[ VOZ ][ 127.0.0.1:55901 ] GameServer Connect 
EXEC WZ_CS_GetCastleTotalInfo 0, 7
EXEC WZ_CS_GetCastleNpcInfo 0
EXEC WZ_CW_InfoLoad 0
Connection Closed, dwIoSize == 0 (Index:1)
[ VOZ ][ 127.0.0.1:55901 ] GameServer Close
SELECT ItemCount FROM GameServerInfo WHERE Number = 0
[ VOZ ][ 127.0.0.1:55901 ] GameServer Connect 
SELECT Summoner FROM AccountCharacter WHERE Id = 'datga'
SELECT * FROM AccountCharacter WHERE Id = 'datga'
SELECT cLevel, Class, CtlCode, DbVersion FROM vCharacterPreview WHERE Name='DatGa'
SELECT G_Status FROM GuildMember WHERE Name='DatGa'
SELECT cLevel, Class, CtlCode, DbVersion FROM vCharacterPreview WHERE Name='fasdfasdf'
SELECT G_Status FROM GuildMember WHERE Name='fasdfasdf'
SELECT cLevel, Class, CtlCode, DbVersion FROM vCharacterPreview WHERE Name='asfasdfasf'
SELECT G_Status FROM GuildMember WHERE Name='asfasdfasf'
SELECT cLevel, Class, CtlCode, DbVersion FROM vCharacterPreview WHERE Name='test'
SELECT G_Status FROM GuildMember WHERE Name='test'
SELECT cLevel, Class, CtlCode, DbVersion FROM vCharacterPreview WHERE Name='test1'
SELECT G_Status FROM GuildMember WHERE Name='test1'
SELECT cLevel, Class, LevelUpPoint, Experience, Strength, Dexterity, Vitality, Energy, Money, Life, MaxLife, Mana, MaxMana, MapNumber, MapPosX, MapPosY, MapDir, PkCount, PkLevel, PkTime, CtlCode, DbVersion, Leadership, ChatLimitTime, FruitPoint, Resets FROM Character WHERE Name='DatGa'
UPDATE AccountCharacter SET GameIDC = 'DatGa' WHERE Id = 'datga'
SELECT * FROM OptionData WHERE Name='DatGa'
WZ_PeriodItemSelect 19, 'DatGa'
EXEC WZ_GetItemSerial
SELECT Name FROM OptionData WHERE Name='DatGa'
UPDATE OptionData SET GameOption=9, Qkey=0, Wkey=0, Ekey=0, ChatWindow=0, Rkey=0, QWERLevel=0 WHERE Name='DatGa'
UPDATE Character SET cLevel=44,Class=2,LevelUpPoint=215, Experience=1015480, Strength=3015, Dexterity=18, Vitality=1018, Energy=2030, Money=281519102, Life=21090.000000, MaxLife=21090.000000, Mana=44760.000000, MaxMana=41460.000000, MapNumber=3, MapPosX=163, MapPosY=113, MapDir=6, PkCount=0, PkLevel=4, PkTime=9375, DbVersion=3, Leadership=0, ChatLimitTime=0, FruitPoint=0 WHERE Name = 'DatGa'
SELECT Summoner FROM AccountCharacter WHERE Id = 'datga'
SELECT * FROM AccountCharacter WHERE Id = 'datga'
SELECT cLevel, Class, CtlCode, DbVersion FROM vCharacterPreview WHERE Name='DatGa'
SELECT G_Status FROM GuildMember WHERE Name='DatGa'
SELECT cLevel, Class, CtlCode, DbVersion FROM vCharacterPreview WHERE Name='fasdfasdf'
SELECT G_Status FROM GuildMember WHERE Name='fasdfasdf'
SELECT cLevel, Class, CtlCode, DbVersion FROM vCharacterPreview WHERE Name='asfasdfasf'
SELECT G_Status FROM GuildMember WHERE Name='asfasdfasf'
SELECT cLevel, Class, CtlCode, DbVersion FROM vCharacterPreview WHERE Name='test'
SELECT G_Status FROM GuildMember WHERE Name='test'
SELECT cLevel, Class, CtlCode, DbVersion FROM vCharacterPreview WHERE Name='test1'
SELECT G_Status FROM GuildMember WHERE Name='test1'
Connection Closed, dwIoSize == 0 (Index:1)
[ VOZ ][ 127.0.0.1:55901 ] GameServer Close
SELECT ItemCount FROM GameServerInfo WHERE Number = 0
[ VOZ ][ 127.0.0.1:55901 ] GameServer Connect 
EXEC WZ_CS_GetCastleTotalInfo 0, 7
EXEC WZ_CS_GetCastleNpcInfo 0
EXEC WZ_CW_InfoLoad 0
Connection Closed, dwIoSize == 0 (Index:1)
[ VOZ ][ 127.0.0.1:55901 ] GameServer Close
SELECT ItemCount FROM GameServerInfo WHERE Number = 0
[ VOZ ][ 127.0.0.1:55901 ] GameServer Connect 
SELECT Summoner FROM AccountCharacter WHERE Id = 'datga'
SELECT * FROM AccountCharacter WHERE Id = 'datga'
SELECT cLevel, Class, CtlCode, DbVersion FROM vCharacterPreview WHERE Name='DatGa'
SELECT G_Status FROM GuildMember WHERE Name='DatGa'
SELECT cLevel, Class, CtlCode, DbVersion FROM vCharacterPreview WHERE Name='fasdfasdf'
SELECT G_Status FROM GuildMember WHERE Name='fasdfasdf'
SELECT cLevel, Class, CtlCode, DbVersion FROM vCharacterPreview WHERE Name='asfasdfasf'
SELECT G_Status FROM GuildMember WHERE Name='asfasdfasf'
SELECT cLevel, Class, CtlCode, DbVersion FROM vCharacterPreview WHERE Name='test'
SELECT G_Status FROM GuildMember WHERE Name='test'
SELECT cLevel, Class, CtlCode, DbVersion FROM vCharacterPreview WHERE Name='test1'
SELECT G_Status FROM GuildMember WHERE Name='test1'
SELECT cLevel, Class, LevelUpPoint, Experience, Strength, Dexterity, Vitality, Energy, Money, Life, MaxLife, Mana, MaxMana, MapNumber, MapPosX, MapPosY, MapDir, PkCount, PkLevel, PkTime, CtlCode, DbVersion, Leadership, ChatLimitTime, FruitPoint, Resets FROM Character WHERE Name='DatGa'
UPDATE AccountCharacter SET GameIDC = 'DatGa' WHERE Id = 'datga'
SELECT * FROM OptionData WHERE Name='DatGa'
WZ_PeriodItemSelect 19, 'DatGa'
SELECT Name FROM OptionData WHERE Name='DatGa'
UPDATE OptionData SET GameOption=9, Qkey=0, Wkey=0, Ekey=0, ChatWindow=0, Rkey=0, QWERLevel=0 WHERE Name='DatGa'
UPDATE Character SET cLevel=44,Class=2,LevelUpPoint=215, Experience=1015480, Strength=3015, Dexterity=18, Vitality=1018, Energy=2030, Money=281499102, Life=21090.000000, MaxLife=21090.000000, Mana=44760.000000, MaxMana=41460.000000, MapNumber=2, MapPosX=220, MapPosY=52, MapDir=5, PkCount=0, PkLevel=4, PkTime=9529, DbVersion=3, Leadership=0, ChatLimitTime=0, FruitPoint=0 WHERE Name = 'DatGa'
SELECT Summoner FROM AccountCharacter WHERE Id = 'datga'
SELECT * FROM AccountCharacter WHERE Id = 'datga'
SELECT cLevel, Class, CtlCode, DbVersion FROM vCharacterPreview WHERE Name='DatGa'
SELECT G_Status FROM GuildMember WHERE Name='DatGa'
SELECT cLevel, Class, CtlCode, DbVersion FROM vCharacterPreview WHERE Name='fasdfasdf'
SELECT G_Status FROM GuildMember WHERE Name='fasdfasdf'
SELECT cLevel, Class, CtlCode, DbVersion FROM vCharacterPreview WHERE Name='asfasdfasf'
SELECT G_Status FROM GuildMember WHERE Name='asfasdfasf'
SELECT cLevel, Class, CtlCode, DbVersion FROM vCharacterPreview WHERE Name='test'
SELECT G_Status FROM GuildMember WHERE Name='test'
SELECT cLevel, Class, CtlCode, DbVersion FROM vCharacterPreview WHERE Name='test1'
SELECT G_Status FROM GuildMember WHERE Name='test1'
SELECT cLevel, Class, LevelUpPoint, Experience, Strength, Dexterity, Vitality, Energy, Money, Life, MaxLife, Mana, MaxMana, MapNumber, MapPosX, MapPosY, MapDir, PkCount, PkLevel, PkTime, CtlCode, DbVersion, Leadership, ChatLimitTime, FruitPoint, Resets FROM Character WHERE Name='asfasdfasf'
UPDATE AccountCharacter SET GameIDC = 'asfasdfasf' WHERE Id = 'datga'
SELECT * FROM OptionData WHERE Name='asfasdfasf'
WZ_PeriodItemSelect 19, 'asfasdfasf'
SELECT Name FROM OptionData WHERE Name='asfasdfasf'
UPDATE OptionData SET GameOption=9, Qkey=0, Wkey=0, Ekey=0, ChatWindow=0, Rkey=0, QWERLevel=1991250113 WHERE Name='asfasdfasf'
UPDATE Character SET cLevel=300,Class=66,LevelUpPoint=826, Experience=17815305, Strength=26000, Dexterity=20000, Vitality=20000, Energy=15000, Money=964900, Life=21560.000000, MaxLife=11769.000000, Mana=31557.000000, MaxMana=31557.000000, MapNumber=3, MapPosX=175, MapPosY=110, MapDir=4, PkCount=0, PkLevel=3, PkTime=0, DbVersion=3, Leadership=25000, ChatLimitTime=0, FruitPoint=0 WHERE Name = 'asfasdfasf'
SELECT Summoner FROM AccountCharacter WHERE Id = 'datga'
SELECT * FROM AccountCharacter WHERE Id = 'datga'
SELECT cLevel, Class, CtlCode, DbVersion FROM vCharacterPreview WHERE Name='DatGa'
SELECT G_Status FROM GuildMember WHERE Name='DatGa'
SELECT cLevel, Class, CtlCode, DbVersion FROM vCharacterPreview WHERE Name='fasdfasdf'
SELECT G_Status FROM GuildMember WHERE Name='fasdfasdf'
SELECT cLevel, Class, CtlCode, DbVersion FROM vCharacterPreview WHERE Name='asfasdfasf'
SELECT G_Status FROM GuildMember WHERE Name='asfasdfasf'
SELECT cLevel, Class, CtlCode, DbVersion FROM vCharacterPreview WHERE Name='test'
SELECT G_Status FROM GuildMember WHERE Name='test'
SELECT cLevel, Class, CtlCode, DbVersion FROM vCharacterPreview WHERE Name='test1'
SELECT G_Status FROM GuildMember WHERE Name='test1'
SELECT cLevel, Class, LevelUpPoint, Experience, Strength, Dexterity, Vitality, Energy, Money, Life, MaxLife, Mana, MaxMana, MapNumber, MapPosX, MapPosY, MapDir, PkCount, PkLevel, PkTime, CtlCode, DbVersion, Leadership, ChatLimitTime, FruitPoint, Resets FROM Character WHERE Name='DatGa'
UPDATE AccountCharacter SET GameIDC = 'DatGa' WHERE Id = 'datga'
SELECT * FROM OptionData WHERE Name='DatGa'
WZ_PeriodItemSelect 19, 'DatGa'
UPDATE Character SET cLevel=45,Class=2,LevelUpPoint=220, Experience=1026080, Strength=3015, Dexterity=18, Vitality=1018, Energy=2030, Money=281499102, Life=21100.000000, MaxLife=21100.000000, Mana=44780.000000, MaxMana=41480.000000, MapNumber=2, MapPosX=224, MapPosY=84, MapDir=5, PkCount=0, PkLevel=4, PkTime=9638, DbVersion=3, Leadership=0, ChatLimitTime=0, FruitPoint=0 WHERE Name = 'DatGa'
EXEC WZ_GetItemSerial
EXEC WZ_GetItemSerial
EXEC WZ_GetItemSerial
UPDATE Character SET cLevel=46,Class=2,LevelUpPoint=225, Experience=1093500, Strength=3015, Dexterity=18, Vitality=1018, Energy=2030, Money=281499102, Life=21110.000000, MaxLife=21110.000000, Mana=44800.000000, MaxMana=41500.000000, MapNumber=2, MapPosX=220, MapPosY=112, MapDir=6, PkCount=0, PkLevel=4, PkTime=9932, DbVersion=3, Leadership=0, ChatLimitTime=0, FruitPoint=0 WHERE Name = 'DatGa'
EXEC WZ_GetItemSerial
EXEC WZ_GetItemSerial
EXEC WZ_GetItemSerial
EXEC WZ_GetItemSerial
EXEC WZ_GetItemSerial
UPDATE Character SET cLevel=47,Class=2,LevelUpPoint=230, Experience=1163800, Strength=3015, Dexterity=18, Vitality=1018, Energy=2030, Money=281499102, Life=21120.000000, MaxLife=21120.000000, Mana=44840.000000, MaxMana=41520.000000, MapNumber=2, MapPosX=205, MapPosY=149, MapDir=5, PkCount=0, PkLevel=4, PkTime=10181, DbVersion=3, Leadership=0, ChatLimitTime=0, FruitPoint=0 WHERE Name = 'DatGa'
EXEC WZ_GetItemSerial
EXEC WZ_GetItemSerial
UPDATE Character SET cLevel=48,Class=2,LevelUpPoint=235, Experience=1237040, Strength=3015, Dexterity=18, Vitality=1018, Energy=2030, Money=281502577, Life=21130.000000, MaxLife=21130.000000, Mana=44860.000000, MaxMana=41540.000000, MapNumber=2, MapPosX=205, MapPosY=169, MapDir=2, PkCount=0, PkLevel=4, PkTime=10342, DbVersion=3, Leadership=0, ChatLimitTime=0, FruitPoint=0 WHERE Name = 'DatGa'
EXEC WZ_GetItemSerial
UPDATE Character SET cLevel=49,Class=2,LevelUpPoint=240, Experience=1313280, Strength=3015, Dexterity=18, Vitality=1018, Energy=2030, Money=281502577, Life=21140.000000, MaxLife=21140.000000, Mana=44880.000000, MaxMana=41560.000000, MapNumber=2, MapPosX=199, MapPosY=189, MapDir=0, PkCount=0, PkLevel=4, PkTime=10560, DbVersion=3, Leadership=0, ChatLimitTime=0, FruitPoint=0 WHERE Name = 'DatGa'
SELECT Name FROM OptionData WHERE Name='DatGa'
UPDATE OptionData SET GameOption=9, Qkey=0, Wkey=0, Ekey=0, ChatWindow=0, Rkey=0, QWERLevel=281502577 WHERE Name='DatGa'
UPDATE Character SET cLevel=49,Class=2,LevelUpPoint=240, Experience=1361255, Strength=3015, Dexterity=18, Vitality=1018, Energy=2030, Money=281502577, Life=13836.000000, MaxLife=21140.000000, Mana=44880.000000, MaxMana=41560.000000, MapNumber=2, MapPosX=200, MapPosY=209, MapDir=4, PkCount=0, PkLevel=4, PkTime=10713, DbVersion=3, Leadership=0, ChatLimitTime=0, FruitPoint=0 WHERE Name = 'DatGa'
SELECT Summoner FROM AccountCharacter WHERE Id = 'datga'
SELECT * FROM AccountCharacter WHERE Id = 'datga'
SELECT cLevel, Class, CtlCode, DbVersion FROM vCharacterPreview WHERE Name='DatGa'
SELECT G_Status FROM GuildMember WHERE Name='DatGa'
SELECT cLevel, Class, CtlCode, DbVersion FROM vCharacterPreview WHERE Name='fasdfasdf'
SELECT G_Status FROM GuildMember WHERE Name='fasdfasdf'
SELECT cLevel, Class, CtlCode, DbVersion FROM vCharacterPreview WHERE Name='asfasdfasf'
SELECT G_Status FROM GuildMember WHERE Name='asfasdfasf'
SELECT cLevel, Class, CtlCode, DbVersion FROM vCharacterPreview WHERE Name='test'
SELECT G_Status FROM GuildMember WHERE Name='test'
SELECT cLevel, Class, CtlCode, DbVersion FROM vCharacterPreview WHERE Name='test1'
SELECT G_Status FROM GuildMember WHERE Name='test1'
SELECT cLevel, Class, LevelUpPoint, Experience, Strength, Dexterity, Vitality, Energy, Money, Life, MaxLife, Mana, MaxMana, MapNumber, MapPosX, MapPosY, MapDir, PkCount, PkLevel, PkTime, CtlCode, DbVersion, Leadership, ChatLimitTime, FruitPoint, Resets FROM Character WHERE Name='DatGa'
UPDATE AccountCharacter SET GameIDC = 'DatGa' WHERE Id = 'datga'
SELECT * FROM OptionData WHERE Name='DatGa'
WZ_PeriodItemSelect 19, 'DatGa'
UPDATE Character SET cLevel=49,Class=2,LevelUpPoint=240, Experience=1357290, Strength=3015, Dexterity=18, Vitality=1018, Energy=2030, Money=278687552, Life=0.000000, MaxLife=21140.000000, Mana=44880.000000, MaxMana=41560.000000, MapNumber=2, MapPosX=202, MapPosY=239, MapDir=1, PkCount=0, PkLevel=4, PkTime=10758, DbVersion=3, Leadership=0, ChatLimitTime=0, FruitPoint=0 WHERE Name = 'DatGa'
SELECT Summoner FROM AccountCharacter WHERE Id = 'datga'
SELECT * FROM AccountCharacter WHERE Id = 'datga'
SELECT cLevel, Class, CtlCode, DbVersion FROM vCharacterPreview WHERE Name='DatGa'
SELECT G_Status FROM GuildMember WHERE Name='DatGa'
SELECT cLevel, Class, CtlCode, DbVersion FROM vCharacterPreview WHERE Name='fasdfasdf'
SELECT G_Status FROM GuildMember WHERE Name='fasdfasdf'
SELECT cLevel, Class, CtlCode, DbVersion FROM vCharacterPreview WHERE Name='asfasdfasf'
SELECT G_Status FROM GuildMember WHERE Name='asfasdfasf'
SELECT cLevel, Class, CtlCode, DbVersion FROM vCharacterPreview WHERE Name='test'
SELECT G_Status FROM GuildMember WHERE Name='test'
SELECT cLevel, Class, CtlCode, DbVersion FROM vCharacterPreview WHERE Name='test1'
SELECT G_Status FROM GuildMember WHERE Name='test1'
SELECT cLevel, Class, LevelUpPoint, Experience, Strength, Dexterity, Vitality, Energy, Money, Life, MaxLife, Mana, MaxMana, MapNumber, MapPosX, MapPosY, MapDir, PkCount, PkLevel, PkTime, CtlCode, DbVersion, Leadership, ChatLimitTime, FruitPoint, Resets FROM Character WHERE Name='DatGa'
UPDATE AccountCharacter SET GameIDC = 'DatGa' WHERE Id = 'datga'
SELECT * FROM OptionData WHERE Name='DatGa'
WZ_PeriodItemSelect 19, 'DatGa'
UPDATE Character SET cLevel=49,Class=2,LevelUpPoint=240, Experience=1353325, Strength=3015, Dexterity=18, Vitality=1018, Energy=2030, Money=275900677, Life=21140.000000, MaxLife=21140.000000, Mana=44880.000000, MaxMana=41560.000000, MapNumber=2, MapPosX=199, MapPosY=35, MapDir=1, PkCount=0, PkLevel=4, PkTime=10797, DbVersion=3, Leadership=0, ChatLimitTime=0, FruitPoint=0 WHERE Name = 'DatGa'
Connection Closed, dwIoSize == 0 (Index:1)
[ VOZ ][ 127.0.0.1:55901 ] GameServer Close
SELECT ItemCount FROM GameServerInfo WHERE Number = 0
[ VOZ ][ 127.0.0.1:55901 ] GameServer Connect 
EXEC WZ_CS_GetCastleTotalInfo 0, 7
EXEC WZ_CS_GetCastleNpcInfo 0
EXEC WZ_CW_InfoLoad 0
Connection Closed, dwIoSize == 0 (Index:1)
[ VOZ ][ 127.0.0.1:55901 ] GameServer Close
SELECT ItemCount FROM GameServerInfo WHERE Number = 0
[ VOZ ][ 127.0.0.1:55901 ] GameServer Connect 
UPDATE Character SET cLevel=220,Class=32,LevelUpPoint=19, Experience=109351080, Strength=54, Dexterity=64, Vitality=20, Energy=30, Money=921936360, Life=2990.000000, MaxLife=2990.000000, Mana=3810.000000, MaxMana=3810.000000, MapNumber=0, MapPosX=124, MapPosY=127, MapDir=7, PkCount=0, PkLevel=3, PkTime=0, DbVersion=3, Leadership=0, ChatLimitTime=0, FruitPoint=0 WHERE Name = 'fasdfasdf'
SELECT Summoner FROM AccountCharacter WHERE Id = 'datga'
SELECT * FROM AccountCharacter WHERE Id = 'datga'
SELECT cLevel, Class, CtlCode, DbVersion FROM vCharacterPreview WHERE Name='DatGa'
SELECT G_Status FROM GuildMember WHERE Name='DatGa'
SELECT cLevel, Class, CtlCode, DbVersion FROM vCharacterPreview WHERE Name='fasdfasdf'
SELECT G_Status FROM GuildMember WHERE Name='fasdfasdf'
SELECT cLevel, Class, CtlCode, DbVersion FROM vCharacterPreview WHERE Name='asfasdfasf'
SELECT G_Status FROM GuildMember WHERE Name='asfasdfasf'
SELECT cLevel, Class, CtlCode, DbVersion FROM vCharacterPreview WHERE Name='test'
SELECT G_Status FROM GuildMember WHERE Name='test'
SELECT cLevel, Class, CtlCode, DbVersion FROM vCharacterPreview WHERE Name='test1'
SELECT G_Status FROM GuildMember WHERE Name='test1'
SELECT Summoner FROM AccountCharacter WHERE Id = 'datga'
SELECT * FROM AccountCharacter WHERE Id = 'datga'
SELECT cLevel, Class, CtlCode, DbVersion FROM vCharacterPreview WHERE Name='DatGa'
SELECT G_Status FROM GuildMember WHERE Name='DatGa'
SELECT cLevel, Class, CtlCode, DbVersion FROM vCharacterPreview WHERE Name='fasdfasdf'
SELECT G_Status FROM GuildMember WHERE Name='fasdfasdf'
SELECT cLevel, Class, CtlCode, DbVersion FROM vCharacterPreview WHERE Name='asfasdfasf'
SELECT G_Status FROM GuildMember WHERE Name='asfasdfasf'
SELECT cLevel, Class, CtlCode, DbVersion FROM vCharacterPreview WHERE Name='test'
SELECT G_Status FROM GuildMember WHERE Name='test'
SELECT cLevel, Class, CtlCode, DbVersion FROM vCharacterPreview WHERE Name='test1'
SELECT G_Status FROM GuildMember WHERE Name='test1'
SELECT cLevel, Class, LevelUpPoint, Experience, Strength, Dexterity, Vitality, Energy, Money, Life, MaxLife, Mana, MaxMana, MapNumber, MapPosX, MapPosY, MapDir, PkCount, PkLevel, PkTime, CtlCode, DbVersion, Leadership, ChatLimitTime, FruitPoint, Resets FROM Character WHERE Name='DatGa'
UPDATE AccountCharacter SET GameIDC = 'DatGa' WHERE Id = 'datga'
SELECT * FROM OptionData WHERE Name='DatGa'
WZ_PeriodItemSelect 19, 'DatGa'
UPDATE Character SET cLevel=49,Class=2,LevelUpPoint=240, Experience=1353325, Strength=3015, Dexterity=18, Vitality=1018, Energy=2030, Money=275900677, Life=21140.000000, MaxLife=21140.000000, Mana=44880.000000, MaxMana=41560.000000, MapNumber=2, MapPosX=199, MapPosY=35, MapDir=3, PkCount=0, PkLevel=3, PkTime=0, DbVersion=3, Leadership=0, ChatLimitTime=0, FruitPoint=0 WHERE Name = 'DatGa'
SELECT Summoner FROM AccountCharacter WHERE Id = 'datga'
SELECT * FROM AccountCharacter WHERE Id = 'datga'
SELECT cLevel, Class, CtlCode, DbVersion FROM vCharacterPreview WHERE Name='DatGa'
SELECT G_Status FROM GuildMember WHERE Name='DatGa'
SELECT cLevel, Class, CtlCode, DbVersion FROM vCharacterPreview WHERE Name='fasdfasdf'
SELECT G_Status FROM GuildMember WHERE Name='fasdfasdf'
SELECT cLevel, Class, CtlCode, DbVersion FROM vCharacterPreview WHERE Name='asfasdfasf'
SELECT G_Status FROM GuildMember WHERE Name='asfasdfasf'
SELECT cLevel, Class, CtlCode, DbVersion FROM vCharacterPreview WHERE Name='test'
SELECT G_Status FROM GuildMember WHERE Name='test'
SELECT cLevel, Class, CtlCode, DbVersion FROM vCharacterPreview WHERE Name='test1'
SELECT G_Status FROM GuildMember WHERE Name='test1'
SELECT cLevel, Class, LevelUpPoint, Experience, Strength, Dexterity, Vitality, Energy, Money, Life, MaxLife, Mana, MaxMana, MapNumber, MapPosX, MapPosY, MapDir, PkCount, PkLevel, PkTime, CtlCode, DbVersion, Leadership, ChatLimitTime, FruitPoint, Resets FROM Character WHERE Name='fasdfasdf'
UPDATE AccountCharacter SET GameIDC = 'fasdfasdf' WHERE Id = 'datga'
SELECT * FROM OptionData WHERE Name='fasdfasdf'
WZ_PeriodItemSelect 19, 'fasdfasdf'
UPDATE Character SET cLevel=220,Class=32,LevelUpPoint=19, Experience=109351080, Strength=54, Dexterity=64, Vitality=20, Energy=30, Money=921936360, Life=2990.000000, MaxLife=2990.000000, Mana=3810.000000, MaxMana=3810.000000, MapNumber=0, MapPosX=124, MapPosY=127, MapDir=4, PkCount=0, PkLevel=3, PkTime=0, DbVersion=3, Leadership=0, ChatLimitTime=0, FruitPoint=0 WHERE Name = 'fasdfasdf'
SELECT Summoner FROM AccountCharacter WHERE Id = 'datga'
SELECT * FROM AccountCharacter WHERE Id = 'datga'
SELECT cLevel, Class, CtlCode, DbVersion FROM vCharacterPreview WHERE Name='DatGa'
SELECT G_Status FROM GuildMember WHERE Name='DatGa'
SELECT cLevel, Class, CtlCode, DbVersion FROM vCharacterPreview WHERE Name='fasdfasdf'
SELECT G_Status FROM GuildMember WHERE Name='fasdfasdf'
SELECT cLevel, Class, CtlCode, DbVersion FROM vCharacterPreview WHERE Name='asfasdfasf'
SELECT G_Status FROM GuildMember WHERE Name='asfasdfasf'
SELECT cLevel, Class, CtlCode, DbVersion FROM vCharacterPreview WHERE Name='test'
SELECT G_Status FROM GuildMember WHERE Name='test'
SELECT cLevel, Class, CtlCode, DbVersion FROM vCharacterPreview WHERE Name='test1'
SELECT G_Status FROM GuildMember WHERE Name='test1'
SELECT cLevel, Class, LevelUpPoint, Experience, Strength, Dexterity, Vitality, Energy, Money, Life, MaxLife, Mana, MaxMana, MapNumber, MapPosX, MapPosY, MapDir, PkCount, PkLevel, PkTime, CtlCode, DbVersion, Leadership, ChatLimitTime, FruitPoint, Resets FROM Character WHERE Name='DatGa'
UPDATE AccountCharacter SET GameIDC = 'DatGa' WHERE Id = 'datga'
SELECT * FROM OptionData WHERE Name='DatGa'
WZ_PeriodI