EXEC WZ_CW_InfoSave 0, 3, 2
EXEC WZ_CW_InfoSave 0, 5, 1
EXEC WZ_CW_InfoSave 0, 5, 1
EXEC WZ_CW_InfoSave 0, 6, 1
EXEC WZ_CW_InfoSave 0, 1, 1
EXEC WZ_CW_InfoSave 0, 2, 2
EXEC WZ_CW_InfoSave 0, 3, 2
EXEC WZ_CW_InfoSave 0, 5, 1
EXEC WZ_CW_InfoSave 0, 5, 1
EXEC WZ_CW_InfoSave 0, 6, 1
EXEC WZ_CW_InfoSave 0, 1, 1
EXEC WZ_CW_InfoSave 0, 2, 2
EXEC WZ_CW_InfoSave 0, 3, 2
EXEC WZ_CW_InfoSave 0, 5, 1
EXEC WZ_CW_InfoSave 0, 5, 1
EXEC WZ_CW_InfoSave 0, 6, 1
EXEC WZ_CW_InfoSave 0, 1, 1
EXEC WZ_CW_InfoSave 0, 2, 2
EXEC WZ_CW_InfoSave 0, 3, 2
EXEC WZ_CW_InfoSave 0, 5, 1
EXEC WZ_CW_InfoSave 0, 5, 1
EXEC WZ_CW_InfoSave 0, 6, 1
EXEC WZ_CW_InfoSave 0, 1, 1
EXEC WZ_CW_InfoSave 0, 2, 2
EXEC WZ_CW_InfoSave 0, 3, 2
EXEC WZ_CW_InfoSave 0, 5, 1
EXEC WZ_CW_InfoSave 0, 5, 1
EXEC WZ_CW_InfoSave 0, 6, 1
EXEC WZ_CW_InfoSave 0, 1, 1
EXEC WZ_CW_InfoSave 0, 2, 2
EXEC WZ_CW_InfoSave 0, 3, 2
EXEC WZ_CW_InfoSave 0, 5, 1
EXEC WZ_CW_InfoSave 0, 5, 1
EXEC WZ_CW_InfoSave 0, 6, 1
EXEC WZ_CW_InfoSave 0, 1, 1
EXEC WZ_CW_InfoSave 0, 2, 2
EXEC WZ_CW_InfoSave 0, 3, 2
EXEC WZ_CW_InfoSave 0, 5, 1
EXEC WZ_CW_InfoSave 0, 5, 1
EXEC WZ_CW_InfoSave 0, 6, 1
EXEC WZ_CW_InfoSave 0, 1, 1
EXEC WZ_CW_InfoSave 0, 2, 2
EXEC WZ_CW_InfoSave 0, 3, 2
EXEC WZ_CW_InfoSave 0, 5, 1
EXEC WZ_CW_InfoSave 0, 5, 1
EXEC WZ_CW_InfoSave 0, 6, 1
EXEC WZ_CW_InfoSave 0, 1, 1
EXEC WZ_CW_InfoSave 0, 2, 2
EXEC WZ_CW_InfoSave 0, 3, 2
EXEC WZ_CW_InfoSave 0, 5, 1
EXEC WZ_CW_InfoSave 0, 5, 1
EXEC WZ_CW_InfoSave 0, 6, 1
EXEC WZ_CW_InfoSave 0, 1, 1
SELECT Summoner FROM AccountCharacter WHERE Id = 'datga'
SELECT * FROM AccountCharacter WHERE Id = 'datga'
SELECT cLevel, Class, CtlCode, DbVersion FROM vCharacterPreview WHERE Name='DatGa'
SELECT G_Status FROM GuildMember WHERE Name='DatGa'
SELECT cLevel, Class, CtlCode, DbVersion FROM vCharacterPreview WHERE Name='fasdfasdf'
SELECT G_Status FROM GuildMember WHERE Name='fasdfasdf'
SELECT cLevel, Class, CtlCode, DbVersion FROM vCharacterPreview WHERE Name='asfasdfasf'
SELECT G_Status FROM GuildMember WHERE Name='asfasdfasf'
SELECT cLevel, Class, CtlCode, DbVersion FROM vCharacterPreview WHERE Name='dddddd'
SELECT G_Status FROM GuildMember WHERE Name='dddddd'
SELECT cLevel, Class, CtlCode, DbVersion FROM vCharacterPreview WHERE Name='test1'
SELECT G_Status FROM GuildMember WHERE Name='test1'
SELECT cLevel, Class, LevelUpPoint, Experience, Strength, Dexterity, Vitality, Energy, Money, Life, MaxLife, Mana, MaxMana, MapNumber, MapPosX, MapPosY, MapDir, PkCount, PkLevel, PkTime, CtlCode, DbVersion, Leadership, ChatLimitTime, FruitPoint, Resets FROM Character WHERE Name='DatGa'
UPDATE AccountCharacter SET GameIDC = 'DatGa' WHERE Id = 'datga'
SELECT * FROM OptionData WHERE Name='DatGa'
WZ_PeriodItemSelect 19, 'DatGa'
EXEC WZ_GetItemSerial
EXEC WZ_GetItemSerial
EXEC WZ_GetItemSerial
EXEC WZ_GetItemSerial
EXEC WZ_GetItemSerial
EXEC WZ_GetItemSerial
EXEC WZ_GetItemSerial
EXEC WZ_GetItemSerial
EXEC WZ_GetItemSerial
EXEC WZ_GetItemSerial
EXEC WZ_GetItemSerial
EXEC WZ_GetItemSerial
EXEC WZ_GetItemSerial
EXEC WZ_GetItemSerial
EXEC WZ_GetItemSerial
EXEC WZ_GetItemSerial
EXEC WZ_GetItemSerial
EXEC WZ_GetItemSerial
EXEC WZ_GetItemSerial
EXEC WZ_GetItemSerial
EXEC WZ_GetItemSerial
EXEC WZ_GetItemSerial
EXEC WZ_GetItemSerial
EXEC WZ_GetItemSerial
EXEC WZ_GetItemSerial
EXEC WZ_GetItemSerial
EXEC WZ_GetItemSerial
EXEC WZ_GetItemSerial
EXEC WZ_GetItemSerial
EXEC WZ_GetItemSerial
EXEC WZ_GetItemSerial
EXEC WZ_GetItemSerial
EXEC WZ_GetItemSerial
EXEC WZ_GetItemSerial
EXEC WZ_GetItemSerial
EXEC WZ_GetItemSerial
EXEC WZ_GetItemSerial
EXEC WZ_GetItemSerial
EXEC WZ_GetItemSerial
EXEC WZ_GetItemSerial
EXEC WZ_GetItemSerial
EXEC WZ_GetItemSerial
EXEC WZ_GetItemSerial
EXEC WZ_GetItemSerial
EXEC WZ_GetItemSerial
EXEC WZ_GetItemSerial
EXEC WZ_GetItemSerial
EXEC WZ_GetItemSerial
EXEC WZ_GetItemSerial
EXEC WZ_GetItemSerial
EXEC WZ_GetItemSerial
EXEC WZ_GetItemSerial
EXEC WZ_GetItemSerial
EXEC WZ_GetItemSerial
EXEC WZ_GetItemSerial
EXEC WZ_GetItemSerial
EXEC WZ_GetItemSerial
EXEC WZ_GetItemSerial
EXEC WZ_GetItemSerial
EXEC WZ_GetItemSerial
EXEC WZ_GetItemSerial
EXEC WZ_GetItemSerial
EXEC WZ_GetItemSerial
EXEC WZ_GetItemSerial
EXEC WZ_GetItemSerial
EXEC WZ_GetItemSerial
EXEC WZ_GetItemSerial
EXEC WZ_GetItemSerial
EXEC WZ_GetItemSerial
EXEC WZ_GetItemSerial
EXEC WZ_GetItemSerial
EXEC WZ_GetItemSerial
EXEC WZ_GetItemSerial
EXEC WZ_GetItemSerial
EXEC WZ_GetItemSerial
EXEC WZ_GetItemSerial
UPDATE Character SET cLevel=400,Class=1,LevelUpPoint=733, Experience=280115275, Strength=30150, Dexterity=31300, Vitality=10210, Energy=30300, Money=577286766, Life=53532.000000, MaxLife=11882.000000, Mana=15834.000000, MaxMana=24156.000000, MapNumber=6, MapPosX=47, MapPosY=57, MapDir=4, PkCount=0, PkLevel=3, PkTime=0, DbVersion=3, Leadership=0, ChatLimitTime=0, FruitPoint=0 WHERE Name = 'DatGa'
EXEC WZ_CW_InfoSave 0, 2, 2
EXEC WZ_CW_InfoSave 0, 3, 2
EXEC WZ_CW_InfoSave 0, 5, 1
EXEC WZ_CW_InfoSave 0, 5, 1
EXEC WZ_CW_InfoSave 0, 6, 1
EXEC WZ_CW_InfoSave 0, 1, 1
EXEC WZ_CW_InfoSave 0, 2, 2
EXEC WZ_CW_InfoSave 0, 3, 2
EXEC WZ_CW_InfoSave 0, 5, 1
EXEC WZ_CW_InfoSave 0, 5, 1
EXEC WZ_CW_InfoSave 0, 6, 1
EXEC WZ_CW_InfoSave 0, 1, 1
EXEC WZ_CW_InfoSave 0, 2, 2
EXEC WZ_CW_InfoSave 0, 3, 2
EXEC WZ_CW_InfoSave 0, 5, 1
EXEC WZ_CW_InfoSave 0, 5, 1
EXEC WZ_CW_InfoSave 0, 6, 1
EXEC WZ_CW_InfoSave 0, 1, 1
EXEC WZ_CW_InfoSave 0, 2, 2
EXEC WZ_CW_InfoSave 0, 3, 2
EXEC WZ_CW_InfoSave 0, 5, 1
EXEC WZ_CW_InfoSave 0, 5, 1
EXEC WZ_CW_InfoSave 0, 6, 1
EXEC WZ_CW_InfoSave 0, 1, 1
EXEC WZ_CW_InfoSave 0, 2, 2
EXEC WZ_CW_InfoSave 0, 3, 2
EXEC WZ_CW_InfoSave 0, 5, 1
EXEC WZ_CW_InfoSave 0, 5, 1
EXEC WZ_CW_InfoSave 0, 6, 1
EXEC WZ_CW_InfoSave 0, 1, 1
EXEC WZ_CW_InfoSave 0, 2, 2
EXEC WZ_CW_InfoSave 0, 3, 2
EXEC WZ_CW_InfoSave 0, 5, 1
EXEC WZ_CW_InfoSave 0, 5, 1
EXEC WZ_CW_InfoSave 0, 6, 1
EXEC WZ_CW_InfoSave 0, 1, 1
EXEC WZ_CW_InfoSave 0, 2, 2
EXEC WZ_CW_InfoSave 0, 3, 2
EXEC WZ_CW_InfoSave 0, 5, 1
EXEC WZ_CW_InfoSave 0, 5, 1
EXEC WZ_CW_InfoSave 0, 6, 1
EXEC WZ_CW_InfoSave 0, 1, 1
EXEC WZ_CW_InfoSave 0, 2, 2
EXEC WZ_CW_InfoSave 0, 3, 2
EXEC WZ_CW_InfoSave 0, 5, 1
EXEC WZ_CW_InfoSave 0, 5, 1
EXEC WZ_CW_InfoSave 0, 6, 1
EXEC WZ_CW_InfoSave 0, 1, 1
EXEC WZ_CW_InfoSave 0, 2, 2
EXEC WZ_CW_InfoSave 0, 3, 2
EXEC WZ_CW_InfoSave 0, 5, 1
EXEC WZ_CW_InfoSave 0, 5, 1
EXEC WZ_CW_InfoSave 0, 6, 1
EXEC WZ_CW_InfoSave 0, 1, 1
EXEC WZ_CW_InfoSave 0, 2, 2
EXEC WZ_CW_InfoSave 0, 3, 2
EXEC WZ_CW_InfoSave 0, 5, 1
EXEC WZ_CW_InfoSave 0, 5, 1
EXEC WZ_CW_InfoSave 0, 6, 1
EXEC WZ_CW_InfoSave 0, 1, 1
EXEC WZ_CW_InfoSave 0, 2, 2
EXEC WZ_CW_InfoSave 0, 3, 2
EXEC WZ_CW_InfoSave 0, 5, 1
EXEC WZ_CW_InfoSave 0, 5, 1
EXEC WZ_CW_InfoSave 0, 6, 1
EXEC WZ_CW_InfoSave 0, 1, 1
EXEC WZ_CW_InfoSave 0, 2, 2
EXEC WZ_CW_InfoSave 0, 3, 2
EXEC WZ_CW_InfoSave 0, 5, 1
EXEC WZ_CW_InfoSave 0, 5, 1
EXEC WZ_CW_InfoSave 0, 6, 1
EXEC WZ_CW_InfoSave 0, 1, 1
EXEC WZ_CW_InfoSave 0, 2, 2
EXEC WZ_CW_InfoSave 0, 3, 2
EXEC WZ_CW_InfoSave 0, 5, 1
EXEC WZ_CW_InfoSave 0, 5, 1
EXEC WZ_CW_InfoSave 0, 6, 1
EXEC WZ_CW_InfoSave 0, 1, 1
EXEC WZ_CW_InfoSave 0, 2, 2
EXEC WZ_CW_InfoSave 0, 3, 2
EXEC WZ_CW_InfoSave 0, 5, 1
EXEC WZ_CW_InfoSave 0, 5, 1
EXEC WZ_CW_InfoSave 0, 6, 1
EXEC WZ_CW_InfoSave 0, 1, 1
EXEC WZ_CW_InfoSave 0, 2, 2
EXEC WZ_CW_InfoSave 0, 3, 2
EXEC WZ_CW_InfoSave 0, 5, 1
EXEC WZ_CW_InfoSave 0, 5, 1
EXEC WZ_CW_InfoSave 0, 6, 1
EXEC WZ_CW_InfoSave 0, 1, 1
EXEC WZ_CW_InfoSave 0, 2, 2
EXEC WZ_CW_InfoSave 0, 3, 2
EXEC WZ_CW_InfoSave 0, 5, 1
EXEC WZ_CW_InfoSave 0, 5, 1
EXEC WZ_CW_InfoSave 0, 6, 1
EXEC WZ_CW_InfoSave 0, 1, 1
EXEC WZ_CW_InfoSave 0, 2, 2
EXEC WZ_CW_InfoSave 0, 3, 2
EXEC WZ_CW_InfoSave 0, 5, 1
EXEC WZ_CW_InfoSave 0, 5, 1
EXEC WZ_CW_InfoSave 0, 6, 1
EXEC WZ_CW_InfoSave 0, 1, 1
EXEC WZ_CW_InfoSave 0, 2, 2
EXEC WZ_CW_InfoSave 0, 3, 2
EXEC WZ_CW_InfoSave 0, 5, 1
EXEC WZ_CW_InfoSave 0, 5, 1
EXEC WZ_CW_InfoSave 0, 6, 1
EXEC WZ_CW_InfoSave 0, 1, 1
EXEC WZ_CW_InfoSave 0, 2, 2
EXEC WZ_CW_InfoSave 0, 3, 2
EXEC WZ_CW_InfoSave 0, 5, 1
EXEC WZ_CW_InfoSave 0, 5, 1
EXEC WZ_CW_InfoSave 0, 6, 1
EXEC WZ_CW_InfoSave 0, 1, 1
EXEC WZ_CW_InfoSave 0, 2, 2
EXEC WZ_CW_InfoSave 0, 3, 2
EXEC WZ_CW_InfoSave 0, 5, 1
EXEC WZ_CW_InfoSave 0, 5, 1
EXEC WZ_CW_InfoSave 0, 6, 1
EXEC WZ_CW_InfoSave 0, 1, 1
EXEC WZ_CW_InfoSave 0, 2, 2
EXEC WZ_CW_InfoSave 0, 3, 2
EXEC WZ_CW_InfoSave 0, 5, 1
EXEC WZ_CW_InfoSave 0, 5, 1
EXEC WZ_CW_InfoSave 0, 6, 1
EXEC WZ_CW_InfoSave 0, 1, 1
EXEC WZ_CW_InfoSave 0, 2, 2
EXEC WZ_CW_InfoSave 0, 3, 2
EXEC WZ_CW_InfoSave 0, 5, 1
EXEC WZ_CW_InfoSave 0, 5, 1
EXEC WZ_CW_InfoSave 0, 6, 1
EXEC WZ_CW_InfoSave 0, 1, 1
EXEC WZ_CW_InfoSave 0, 2, 2
EXEC WZ_CW_InfoSave 0, 3, 2
EXEC WZ_CW_InfoSave 0, 5, 1
EXEC WZ_CW_InfoSave 0, 5, 1
EXEC WZ_CW_InfoSave 0, 6, 1
EXEC WZ_CW_InfoSave 0, 1, 1
EXEC WZ_CW_InfoSave 0, 2, 2
EXEC WZ_CW_InfoSave 0, 3, 2
EXEC WZ_CW_InfoSave 0, 5, 1
EXEC WZ_CW_InfoSave 0, 5, 1
EXEC WZ_CW_InfoSave 0, 6, 1
EXEC WZ_CW_InfoSave 0, 1, 1
EXEC WZ_CW_InfoSave 0, 2, 2
