[ MuEvent ] connection successful !
[ MuOnline ] connection successful !
[ EventServer ] created on port [ 44456 ]
21:40:14 [SUMMON PET] Data request (DatGa)
21:40:42 [SUMMON PET] Data request (asfasdfasf)
Connection Closed, dwIoSize == 0 (Index:1)
[  ][ 127.0.0.1:0 ] GameServer Close
21:54:21 [SUMMON PET] Data request (asfasdfasf)
21:54:52 [SUMMON PET] Data request (DatGa)
22:06:10 [SUMMON PET] Data request (DatGa)
22:06:29 [SUMMON PET] Data request (asfasdfasf)
22:07:11 [SUMMON PET] Data request (asfasdfasf)
22:08:15 [SUMMON PET] Data request (asfasdfasf)
Connection Closed, dwIoSize == 0 (Index:1)
[  ][ 127.0.0.1:0 ] GameServer Close
22:13:06 [SUMMON PET] Data request (asfasdfasf)
22:13:47 [SUMMON PET] Data request (asfasdfasf)
22:14:21 [SUMMON PET] Data request (asfasdfasf)
22:14:42 [SUMMON PET] Data request (asfasdfasf)
22:15:30 [SUMMON PET] Data request (asfasdfasf)
22:16:43 [SUMMON PET] Data request (asfasdfasf)
22:24:22 [SUMMON PET] Data request (asfasdfasf)
22:28:14 [SUMMON PET] Data request (asfasdfasf)
22:34:16 [SUMMON PET] Data request (asfasdfasf)
22:51:45 [SUMMON PET] Data request (asfasdfasf)
22:53:27 [SUMMON PET] Data request (asfasdfasf)
22:56:39 [SUMMON PET] Data request (asfasdfasf)
23:00:16 [SUMMON PET] Data request (asfasdfasf)
23:02:08 [SUMMON PET] Data request (asfasdfasf)
23:03:03 [SUMMON PET] Data request (asfasdfasf)
Connection Closed, dwIoSize == 0 (Index:1)
[  ][ 127.0.0.1:0 ] GameServer Close
23:22:40 [SUMMON PET] Data request (asfasdfasf)
23:24:16 [SUMMON PET] Data request (asfasdfasf)
