[ MuEvent ] connection successful !
[ MuOnline ] connection successful !
[ EventServer ] created on port [ 44456 ]
21:06:21 [SUMMON PET] Data request (DatGa)
22:09:15 [SUMMON PET] Data request (DatGa)
22:10:17 [SUMMON PET] Data request (DatGa)
22:12:26 [SUMMON PET] Data request (DatGa)
22:14:37 [SUMMON PET] Data request (DatGa)
22:15:03 [SUMMON PET] Data request (asfasdfasf)
23:12:44 [SUMMON PET] Data request (DatGa)
23:13:36 [SUMMON PET] Data request (DatGa)
23:22:21 [SUMMON PET] Data request (DatGa)
23:23:01 [SUMMON PET] Data request (DatGa)
23:27:07 [SUMMON PET] Data request (DatGa)
23:29:35 [SUMMON PET] Data request (DatGa)
23:30:40 [SUMMON PET] Data request (DatGa)
23:34:19 [SUMMON PET] Data request (DatGa)
23:40:15 [SUMMON PET] Data request (DatGa)
23:42:35 [SUMMON PET] Data request (DatGa)
23:51:29 [SUMMON PET] Data request (DatGa)
23:52:37 [SUMMON PET] Data request (DatGa)
23:53:08 [SUMMON PET] Data request (DatGa)
23:59:18 [SUMMON PET] Data request (DatGa)
00:00:44 [SUMMON PET] Data request (DatGa)
