[ MuEvent ] connection successful !
[ MuOnline ] connection successful !
[ EventServer ] created on port [ 44456 ]
Connection Closed, dwIoSize == 0 (Index:1)
[  ][ 127.0.0.1:0 ] GameServer Close
Connection Closed, dwIoSize == 0 (Index:1)
[  ][ 127.0.0.1:0 ] GameServer Close
20:20:45 [SUMMON PET] Data request (DatGa)
20:25:24 [SUMMON PET] Data request (DatGa)
20:26:33 [SUMMON PET] Data request (DatGa)
20:49:36 [SUMMON PET] Data request (DatGa)
20:52:12 [SUMMON PET] Data request (DatGa)
21:17:02 [SUMMON PET] Data request (DatGa)
21:25:43 [SUMMON PET] Data request (DatGa)
Connection Closed, dwIoSize == 0 (Index:1)
[  ][ 127.0.0.1:0 ] GameServer Close
21:55:15 [SUMMON PET] Data request (DatGa)
22:01:06 [SUMMON PET] Data request (DatGa)
22:02:19 [SUMMON PET] Data request (DatGa)
Connection Closed, dwIoSize == 0 (Index:1)
[  ][ 127.0.0.1:0 ] GameServer Close
22:05:37 [SUMMON PET] Data request (DatGa)
22:06:27 [SUMMON PET] Data request (test)
Connection Closed, dwIoSize == 0 (Index:1)
[  ][ 127.0.0.1:0 ] GameServer Close
22:20:56 [SUMMON PET] Data request (DatGa)
Connection Closed, dwIoSize == 0 (Index:2)
[ Name Server ][ 127.0.0.1:55901 ] GameServer Close
22:27:40 [SUMMON PET] Data request (DatGa)
22:37:45 [SUMMON PET] Data request (DatGa)
22:38:32 [SUMMON PET] Data request (test1)
22:58:01 [SUMMON PET] Data request (asfasdfasf)
23:01:12 [SUMMON PET] Data request (DatGa)
23:01:58 [SUMMON PET] Data request (asfasdfasf)
Connection Closed, dwIoSize == 0 (Index:2)
[ Name Server ][ 127.0.0.1:55901 ] GameServer Close
23:04:39 [SUMMON PET] Data request (DatGa)
23:04:52 [SUMMON PET] Data request (asfasdfasf)
23:24:10 [SUMMON PET] Data request (asfasdfasf)
23:25:22 [SUMMON PET] Data request (asfasdfasf)
23:27:24 [SUMMON PET] Data request (DatGa)
23:28:06 [SUMMON PET] Data request (DatGa)
Connection Closed, dwIoSize == 0 (Index:2)
[ Name Server ][ 127.0.0.1:55901 ] GameServer Close
23:28:47 [SUMMON PET] Data request (DatGa)
23:31:42 [SUMMON PET] Data request (asfasdfasf)
23:34:41 [SUMMON PET] Data request (DatGa)
23:35:36 [SUMMON PET] Data request (asfasdfasf)
23:36:20 [SUMMON PET] Data request (asfasdfasf)
23:38:05 [SUMMON PET] Data request (DatGa)
23:38:59 [SUMMON PET] Data request (asfasdfasf)
23:41:05 [SUMMON PET] Data request (asfasdfasf)
23:41:58 [SUMMON PET] Data request (asfasdfasf)
23:42:36 [SUMMON PET] Data request (asfasdfasf)
23:48:51 [SUMMON PET] Data request (asfasdfasf)
23:55:05 [SUMMON PET] Data request (asfasdfasf)
23:56:09 [SUMMON PET] Data request (test1)
23:57:50 [SUMMON PET] Data request (DatGa)
23:58:38 [SUMMON PET] Data request (DatGa)
