[ MuEvent ] connection successful !
[ MuOnline ] connection successful !
[ EventServer ] created on port [ 44456 ]
Connection Closed, dwIoSize == 0 (Index:1)
[  ][ 127.0.0.1:0 ] GameServer Close
16:11:27 [SUMMON PET] Data request (DatGa)
16:12:04 [SUMMON PET] Data request (DatGa)
16:18:08 [SUMMON PET] Data request (DatGa)
16:18:42 [SUMMON PET] Data request (DatGa)
16:32:19 [SUMMON PET] Data request (DatGa)
16:33:34 [SUMMON PET] Data request (DatGa)
18:43:05 [SUMMON PET] Data request (DatGa)
18:46:48 [SUMMON PET] Data request (asfasdfasf)
18:49:38 [SUMMON PET] Data request (DatGa)
19:00:53 [SUMMON PET] Data request (DatGa)
21:01:56 [SUMMON PET] Data request (DatGa)
21:27:41 [SUMMON PET] Data request (DatGa)
21:29:00 [SUMMON PET] Data request (DatGa)
21:31:08 [SUMMON PET] Data request (DatGa)
21:32:36 [SUMMON PET] Data request (asfasdfasf)
21:48:45 [SUMMON PET] Data request (DatGa)
22:04:29 [SUMMON PET] Data request (test1)
22:07:48 [SUMMON PET] Data request (DatGa)
22:25:18 [SUMMON PET] Data request (DatGa)
Connection Closed, dwIoSize == 0 (Index:1)
[  ][ 127.0.0.1:0 ] GameServer Close
23:29:59 [SUMMON PET] Data request (asfasdfasf)
00:00:24 [SUMMON PET] Data request (test1)
