04:06:48p select * from dbo.sysobjects where id = object_id(N'[dbo].[T_CGuid]') and OBJECTPROPERTY(id, N'IsUserTable')=1
04:06:48p select * from dbo.sysobjects where id = object_id(N'[dbo].[T_FriendList]') and OBJECTPROPERTY(id, N'IsUserTable')=1
04:06:48p select * from dbo.sysobjects where id = object_id(N'[dbo].[T_FriendMail]') and OBJECTPROPERTY(id, N'IsUserTable')=1
04:06:48p select * from dbo.sysobjects where id = object_id(N'[dbo].[T_FriendMain]') and OBJECTPROPERTY(id, N'IsUserTable')=1
04:06:48p select * from dbo.sysobjects where id = object_id(N'[dbo].[T_WaitFriend]') and OBJECTPROPERTY(id, N'IsUserTable')=1
04:06:48p select * from dbo.sysobjects where id = object_id(N'[dbo].[WZ_FriendAdd]') and OBJECTPROPERTY(id, N'IsProcedure')=1
04:06:48p select * from dbo.sysobjects where id = object_id(N'[dbo].[WZ_FriendDel]') and OBJECTPROPERTY(id, N'IsProcedure')=1
04:06:48p select * from dbo.sysobjects where id = object_id(N'[dbo].[WZ_WaitFriendAdd]') and OBJECTPROPERTY(id, N'IsProcedure')=1
04:06:48p select * from dbo.sysobjects where id = object_id(N'[dbo].[WZ_GuildCreate]') and OBJECTPROPERTY(id, N'IsProcedure')=1
04:06:48p select * from dbo.sysobjects where id = object_id(N'[dbo].[WZ_WaitFriendDel]') and OBJECTPROPERTY(id, N'IsProcedure')=1
04:06:48p select * from dbo.sysobjects where id = object_id(N'[dbo].[WZ_WriteMail]') and OBJECTPROPERTY(id, N'IsProcedure')=1
04:06:48p select * from dbo.sysobjects where id = object_id(N'[dbo].[WZ_DelMail]') and OBJECTPROPERTY(id, N'IsProcedure')=1
04:06:48p exec WZ_Get_DBID
04:06:48p select * from dbo.sysobjects where id = object_id(N'[dbo].[Guild]') and OBJECTPROPERTY(id, N'IsUserTable')=1
04:06:48p select * from dbo.sysobjects where id = object_id(N'[dbo].[GuildMember]') and OBJECTPROPERTY(id, N'IsUserTable')=1
04:06:48p select * from dbo.sysobjects where id = object_id(N'[dbo].[WZ_GuildCreate]') and OBJECTPROPERTY(id, N'IsProcedure')=1
04:06:48p select count(*) from Guild
04:06:48p select count(*) from Guild
04:06:48p select * from dbo.sysobjects where id = object_id(N'[dbo].[MuCastle_SIEGE_GUILDLIST]') and OBJECTPROPERTY(id, N'IsUserTable')=1
04:06:48p select * from dbo.sysobjects where id = object_id(N'[dbo].[WZ_CS_CheckSiegeGuildList]') and OBJECTPROPERTY(id, N'IsProcedure')=1
 GuildOnOff system : 0 Count: 1
04:06:48p SELECT * FROM Guild
[TEST] Create Guild  Master = test1
04:06:48p SELECT * FROM GuildMember where G_Name = 'TEST'
Total 1 / Guild data load complete. 62(ms)
 GuildOnOff system : 1 Count: 0
04:06:49p ExDB Server Start!!
Server Connect : index: (0)
04:06:51p ChatServer Connected : (127.0.0.1) 0
Server Connect : index: (1)
04:07:33p GameServer Connected (VOZ) : 1
04:08:28p SELECT G_Name, G_Level, G_Status FROM GuildMember where Name='fasdfasdf'
04:08:28p Friend Login request : fasdfasdf 8400 server:0
[8400] New Friend Master = fasdfasdf
04:08:28p SELECT GUID, MemoTotal FROM T_FriendMain where Name = 'fasdfasdf'
04:08:28p SELECT FriendGuid, FriendName, Del FROM T_FriendList where GUID = 2083
04:08:28p SELECT FriendName FROM T_WaitFriend where GUID=2083
04:08:28p SELECT MemoIndex, FriendName, wDate, Subject, bRead FROM T_FriendMail where GUID=2083
04:10:49p Friend LogOut Queue Name: ( fasdfasdf )
04:10:53p SELECT G_Name, G_Level, G_Status FROM GuildMember where Name='dddddd'
04:10:53p Friend Login request : dddddd 8400 server:0
[8400] New Friend Master = dddddd
04:10:53p SELECT GUID, MemoTotal FROM T_FriendMain where Name = 'dddddd'
04:10:53p SELECT FriendGuid, FriendName, Del FROM T_FriendList where GUID = 2150
04:10:53p SELECT FriendName FROM T_WaitFriend where GUID=2150
04:10:53p SELECT MemoIndex, FriendName, wDate, Subject, bRead FROM T_FriendMail where GUID=2150
04:11:15p Friend LogOut Queue Name: ( dddddd )
04:16:21p SELECT G_Name, G_Level, G_Status FROM GuildMember where Name='dddddd'
04:16:21p Friend Login request : dddddd 8401 server:0
[8401] New Friend Master = dddddd
04:16:21p SELECT GUID, MemoTotal FROM T_FriendMain where Name = 'dddddd'
04:16:21p SELECT FriendGuid, FriendName, Del FROM T_FriendList where GUID = 2150
04:16:21p SELECT FriendName FROM T_