10:50:36p select * from dbo.sysobjects where id = object_id(N'[dbo].[T_CGuid]') and OBJECTPROPERTY(id, N'IsUserTable')=1
10:50:36p select * from dbo.sysobjects where id = object_id(N'[dbo].[T_FriendList]') and OBJECTPROPERTY(id, N'IsUserTable')=1
10:50:36p select * from dbo.sysobjects where id = object_id(N'[dbo].[T_FriendMail]') and OBJECTPROPERTY(id, N'IsUserTable')=1
10:50:36p select * from dbo.sysobjects where id = object_id(N'[dbo].[T_FriendMain]') and OBJECTPROPERTY(id, N'IsUserTable')=1
10:50:36p select * from dbo.sysobjects where id = object_id(N'[dbo].[T_WaitFriend]') and OBJECTPROPERTY(id, N'IsUserTable')=1
10:50:36p select * from dbo.sysobjects where id = object_id(N'[dbo].[WZ_FriendAdd]') and OBJECTPROPERTY(id, N'IsProcedure')=1
10:50:36p select * from dbo.sysobjects where id = object_id(N'[dbo].[WZ_FriendDel]') and OBJECTPROPERTY(id, N'IsProcedure')=1
10:50:36p select * from dbo.sysobjects where id = object_id(N'[dbo].[WZ_WaitFriendAdd]') and OBJECTPROPERTY(id, N'IsProcedure')=1
10:50:36p select * from dbo.sysobjects where id = object_id(N'[dbo].[WZ_GuildCreate]') and OBJECTPROPERTY(id, N'IsProcedure')=1
10:50:36p select * from dbo.sysobjects where id = object_id(N'[dbo].[WZ_WaitFriendDel]') and OBJECTPROPERTY(id, N'IsProcedure')=1
10:50:36p select * from dbo.sysobjects where id = object_id(N'[dbo].[WZ_WriteMail]') and OBJECTPROPERTY(id, N'IsProcedure')=1
10:50:36p select * from dbo.sysobjects where id = object_id(N'[dbo].[WZ_DelMail]') and OBJECTPROPERTY(id, N'IsProcedure')=1
10:50:36p exec WZ_Get_DBID
10:50:36p select * from dbo.sysobjects where id = object_id(N'[dbo].[Guild]') and OBJECTPROPERTY(id, N'IsUserTable')=1
10:50:36p select * from dbo.sysobjects where id = object_id(N'[dbo].[GuildMember]') and OBJECTPROPERTY(id, N'IsUserTable')=1
10:50:36p select * from dbo.sysobjects where id = object_id(N'[dbo].[WZ_GuildCreate]') and OBJECTPROPERTY(id, N'IsProcedure')=1
10:50:36p select count(*) from Guild
10:50:36p select count(*) from Guild
10:50:36p select * from dbo.sysobjects where id = object_id(N'[dbo].[MuCastle_SIEGE_GUILDLIST]') and OBJECTPROPERTY(id, N'IsUserTable')=1
10:50:36p select * from dbo.sysobjects where id = object_id(N'[dbo].[WZ_CS_CheckSiegeGuildList]') and OBJECTPROPERTY(id, N'IsProcedure')=1
 GuildOnOff system : 0 Count: 1
10:50:36p SELECT * FROM Guild
[TEST] Create Guild  Master = test1
10:50:36p SELECT * FROM GuildMember where G_Name = 'TEST'
Total 1 / Guild data load complete. 0(ms)
 GuildOnOff system : 1 Count: 0
10:50:37p ExDB Server Start!!
Server Connect : index: (0)
10:50:40p ChatServer Connected : (127.0.0.1) 0
Server Connect : index: (1)
10:51:52p GameServer Connected (VOZ) : 1
10:55:04p SELECT G_Name, G_Level, G_Status FROM GuildMember where Name='DatGa'
10:55:04p Friend Login request : DatGa 8400 server:0
[8400] New Friend Master = DatGa
10:55:04p SELECT GUID, MemoTotal FROM T_FriendMain where Name = 'DatGa'
10:55:04p SELECT FriendGuid, FriendName, Del FROM T_FriendList where GUID = 2053
10:55:04p SELECT FriendName FROM T_WaitFriend where GUID=2053
10:55:04p SELECT MemoIndex, FriendName, wDate, Subject, bRead FROM T_FriendMail where GUID=2053
10:55:16p Friend LogOut Queue Name: ( DatGa )
10:59:54p SELECT G_Name, G_Level, G_Status FROM GuildMember where Name='DatGa'
10:59:54p Friend Login request : DatGa 8401 server:0
[8401] New Friend Master = DatGa
10:59:54p SELECT GUID, MemoTotal FROM T_FriendMain where Name = 'DatGa'
10:59:54p SELECT FriendGuid, FriendName, Del FROM T_FriendList where GUID = 2053
10:59:54p SELECT FriendName FROM T_WaitFriend where GUID=2053
10:59:55p SELECT MemoIndex, FriendName, wDate, Subject, bRead FROM T_FriendMail where GUID=2053
11:00:14p Friend LogOut Queue Name: ( DatGa )
11:03:28p SELECT G_Name, G_Level, G_Status FROM GuildMember where Name='DatGa'
11:03:28p Friend Login request : DatGa 8402 server:0
[8402] New Friend Master = DatGa
11:03:28p SELECT GUID, MemoTotal FROM T_FriendMain where Name = 'DatGa'
11:03:28p SELECT FriendGuid, FriendName, Del FROM T_FriendList where GUID = 2053
11:03:28p SELECT FriendName FROM T_WaitFriend where GUID=2053
11:03:28p SELECT MemoIndex, FriendName, wDate, Subject, bRead FROM T_FriendMail where GUID=2053
11:07:44p Friend LogOut Queue Name: ( DatGa )
11:57:29p SELECT G_Name, G_Level, G_Status FROM GuildMember where Name='DatGa'
11:57:29p Friend Login request : DatGa 8410 server:0
[8410] New Friend Master = DatGa
11:57:29p SELECT GUID, MemoTotal FROM T_FriendMain where Name = 'DatGa'
11:57:29p SELECT FriendGuid, FriendName, Del FROM T_FriendList where GUID = 2053
11:57:29p SELECT FriendName FROM T_WaitFriend where GUID=2053
11:57:29p SELECT MemoIndex, FriendName, wDate, Subject, bRead FROM T_FriendMail where GUID=2053
11:59:53p Friend LogOut Queue Name: ( DatGa )
