09:21:17p select * from dbo.sysobjects where id = object_id(N'[dbo].[T_CGuid]') and OBJECTPROPERTY(id, N'IsUserTable')=1
09:21:17p select * from dbo.sysobjects where id = object_id(N'[dbo].[T_FriendList]') and OBJECTPROPERTY(id, N'IsUserTable')=1
09:21:17p select * from dbo.sysobjects where id = object_id(N'[dbo].[T_FriendMail]') and OBJECTPROPERTY(id, N'IsUserTable')=1
09:21:17p select * from dbo.sysobjects where id = object_id(N'[dbo].[T_FriendMain]') and OBJECTPROPERTY(id, N'IsUserTable')=1
09:21:17p select * from dbo.sysobjects where id = object_id(N'[dbo].[T_WaitFriend]') and OBJECTPROPERTY(id, N'IsUserTable')=1
09:21:17p select * from dbo.sysobjects where id = object_id(N'[dbo].[WZ_FriendAdd]') and OBJECTPROPERTY(id, N'IsProcedure')=1
09:21:17p select * from dbo.sysobjects where id = object_id(N'[dbo].[WZ_FriendDel]') and OBJECTPROPERTY(id, N'IsProcedure')=1
09:21:17p select * from dbo.sysobjects where id = object_id(N'[dbo].[WZ_WaitFriendAdd]') and OBJECTPROPERTY(id, N'IsProcedure')=1
09:21:17p select * from dbo.sysobjects where id = object_id(N'[dbo].[WZ_GuildCreate]') and OBJECTPROPERTY(id, N'IsProcedure')=1
09:21:17p select * from dbo.sysobjects where id = object_id(N'[dbo].[WZ_WaitFriendDel]') and OBJECTPROPERTY(id, N'IsProcedure')=1
09:21:17p select * from dbo.sysobjects where id = object_id(N'[dbo].[WZ_WriteMail]') and OBJECTPROPERTY(id, N'IsProcedure')=1
09:21:17p select * from dbo.sysobjects where id = object_id(N'[dbo].[WZ_DelMail]') and OBJECTPROPERTY(id, N'IsProcedure')=1
09:21:17p exec WZ_Get_DBID
09:21:17p select * from dbo.sysobjects where id = object_id(N'[dbo].[Guild]') and OBJECTPROPERTY(id, N'IsUserTable')=1
09:21:17p select * from dbo.sysobjects where id = object_id(N'[dbo].[GuildMember]') and OBJECTPROPERTY(id, N'IsUserTable')=1
09:21:17p select * from dbo.sysobjects where id = object_id(N'[dbo].[WZ_GuildCreate]') and OBJECTPROPERTY(id, N'IsProcedure')=1
09:21:17p select count(*) from Guild
09:21:17p select count(*) from Guild
09:21:17p select * from dbo.sysobjects where id = object_id(N'[dbo].[MuCastle_SIEGE_GUILDLIST]') and OBJECTPROPERTY(id, N'IsUserTable')=1
09:21:17p select * from dbo.sysobjects where id = object_id(N'[dbo].[WZ_CS_CheckSiegeGuildList]') and OBJECTPROPERTY(id, N'IsProcedure')=1
 GuildOnOff system : 0 Count: 1
09:21:17p SELECT * FROM Guild
[Kinggggg] Create Guild  Master = BinhDuong
09:21:17p SELECT * FROM GuildMember where G_Name = 'Kinggggg'
[TEST] Create Guild  Master = test1
09:21:17p SELECT * FROM GuildMember where G_Name = 'TEST'
Total 2 / Guild data load complete. 0(ms)
 GuildOnOff system : 1 Count: 0
09:21:18p ExDB Server Start!!
Server Connect : index: (0)
09:21:21p ChatServer Connected : (127.0.0.1) 0
Server Connect : index: (1)
09:21:54p GameServer Connected (VOZ) : 1
09:44:26p SELECT G_Name, G_Level, G_Status FROM GuildMember where Name='DatGa'
09:44:26p Friend Login request : DatGa 8401 server:0
[8401] New Friend Master = DatGa
09:44:26p SELECT GUID, MemoTotal FROM T_FriendMain where Name = 'DatGa'
09:44:26p SELECT FriendGuid, FriendName, Del FROM T_FriendList where GUID = 2053
09:44:26p SELECT FriendName FROM T_WaitFriend where GUID=2053
09:44:26p SELECT MemoIndex, FriendName, wDate, Subject, bRead FROM T_FriendMail where GUID=2053
09:47:36p Friend LogOut Queue Name: ( DatGa )
09:48:46p SELECT G_Name, G_Level, G_Status FROM GuildMember where Name='DatGa'
09:48:46p Friend Login request : DatGa 8402 server:0
[8402] New Friend Master = DatGa
09:48:46p SELECT GUID, MemoTotal FROM T_FriendMain where Name = 'DatGa'
09:48:46p SELECT FriendGuid, FriendName, Del FROM T_FriendList where GUID = 2053
09:48:46p SELECT FriendName FROM T_WaitFriend where GUID=2053
09:48:46p SELECT MemoIndex, FriendName, wDate, Subject, bRead FROM T_FriendMail where GUID=2053
09:49:42p SELECT G_Name, G_Level, G_Status FROM GuildMember where Name='asfasdfasf'
09:49:42p Friend Login request : asfasdfasf 8403 server:0
[8403] New Friend Master = asfasdfasf
09:49:42p SELECT GUID, MemoTotal FROM T_FriendMain where Name = 'asfasdfasf'
09:49:42p SELECT FriendGuid, FriendName, Del FROM T_FriendList whe