11:18:20p select * from dbo.sysobjects where id = object_id(N'[dbo].[T_CGuid]') and OBJECTPROPERTY(id, N'IsUserTable')=1
11:18:20p select * from dbo.sysobjects where id = object_id(N'[dbo].[T_FriendList]') and OBJECTPROPERTY(id, N'IsUserTable')=1
11:18:20p select * from dbo.sysobjects where id = object_id(N'[dbo].[T_FriendMail]') and OBJECTPROPERTY(id, N'IsUserTable')=1
11:18:20p select * from dbo.sysobjects where id = object_id(N'[dbo].[T_FriendMain]') and OBJECTPROPERTY(id, N'IsUserTable')=1
11:18:20p select * from dbo.sysobjects where id = object_id(N'[dbo].[T_WaitFriend]') and OBJECTPROPERTY(id, N'IsUserTable')=1
11:18:20p select * from dbo.sysobjects where id = object_id(N'[dbo].[WZ_FriendAdd]') and OBJECTPROPERTY(id, N'IsProcedure')=1
11:18:20p select * from dbo.sysobjects where id = object_id(N'[dbo].[WZ_FriendDel]') and OBJECTPROPERTY(id, N'IsProcedure')=1
11:18:21p select * from dbo.sysobjects where id = object_id(N'[dbo].[WZ_WaitFriendAdd]') and OBJECTPROPERTY(id, N'IsProcedure')=1
11:18:21p select * from dbo.sysobjects where id = object_id(N'[dbo].[WZ_GuildCreate]') and OBJECTPROPERTY(id, N'IsProcedure')=1
11:18:21p select * from dbo.sysobjects where id = object_id(N'[dbo].[WZ_WaitFriendDel]') and OBJECTPROPERTY(id, N'IsProcedure')=1
11:18:21p select * from dbo.sysobjects where id = object_id(N'[dbo].[WZ_WriteMail]') and OBJECTPROPERTY(id, N'IsProcedure')=1
11:18:21p select * from dbo.sysobjects where id = object_id(N'[dbo].[WZ_DelMail]') and OBJECTPROPERTY(id, N'IsProcedure')=1
11:18:21p exec WZ_Get_DBID
11:18:21p select * from dbo.sysobjects where id = object_id(N'[dbo].[Guild]') and OBJECTPROPERTY(id, N'IsUserTable')=1
11:18:21p select * from dbo.sysobjects where id = object_id(N'[dbo].[GuildMember]') and OBJECTPROPERTY(id, N'IsUserTable')=1
11:18:21p select * from dbo.sysobjects where id = object_id(N'[dbo].[WZ_GuildCreate]') and OBJECTPROPERTY(id, N'IsProcedure')=1
11:18:21p select count(*) from Guild
11:18:21p select count(*) from Guild
11:18:21p select * from dbo.sysobjects where id = object_id(N'[dbo].[MuCastle_SIEGE_GUILDLIST]') and OBJECTPROPERTY(id, N'IsUserTable')=1
11:18:21p select * from dbo.sysobjects where id = object_id(N'[dbo].[WZ_CS_CheckSiegeGuildList]') and OBJECTPROPERTY(id, N'IsProcedure')=1
 GuildOnOff system : 0 Count: 1
11:18:21p SELECT * FROM Guild
[Kinggggg] Create Guild  Master = BinhDuong
11:18:21p SELECT * FROM GuildMember where G_Name = 'Kinggggg'
[TEST] Create Guild  Master = test1
11:18:21p SELECT * FROM GuildMember where G_Name = 'TEST'
Total 2 / Guild data load complete. 0(ms)
 GuildOnOff system : 1 Count: 0
11:18:22p ExDB Server Start!!
Server Connect : index: (0)
11:18:24p ChatServer Connected : (127.0.0.1) 0
Server Connect : index: (1)
11:18:47p GameServer Connected (VOZ) : 1
11:42:10p SELECT G_Name, G_Level, G_Status FROM GuildMember where Name='DatGa'
11:42:10p Friend Login request : DatGa 8401 server:0
[8401] New Friend Master = DatGa
11:42:10p SELECT GUID, MemoTotal FROM T_FriendMain where Name = 'DatGa'
11:42:10p SELECT FriendGuid, FriendName, Del FROM T_FriendList where GUID = 2053
11:42:10p SELECT FriendName FROM T_WaitFriend where GUID=2053
11:42:10p SELECT MemoIndex, FriendName, wDate, Subject, bRead FROM T_FriendMail where GUID=2053
