[..\data\Gate.txt] Gate information data load complete.
(..\data\lang\kor\skill(kor).txt) Skill information data load complete
[Quest] (EmperorScroll) Load : Index 0, SubInfoCount 2
[Quest] (ClassChange) Load : Index 1, SubInfoCount 3
[Quest] (HeroStatus) Load : Index 2, SubInfoCount 2
[Quest] (DarkStone) Load : Index 3, SubInfoCount 1
[Quest] (Certificate of Strength) Load : Index 4, SubInfoCount 9
[Quest] (Infiltration of Barracks of Ballgass) Load : Index 5, SubInfoCount 3
[Quest] (Into The Darkness) Load : Index 6, SubInfoCount 1
15:30:31 [Quest] [SetQuestItem] Scroll of Emperor
15:30:31 [Quest] [SetQuestItem] Scroll of Emperor
15:30:31 [Quest] [SetQuestItem] Broken Sword
15:30:31 [Quest] [SetQuestItem] Tear of Elf
15:30:31 [Quest] [SetQuestItem] Soul of Wizard
15:30:31 [Quest] [SetQuestItem] Scroll of Emperor
15:30:31 [Quest] [SetQuestItem] Scroll of Emperor
15:30:31 [Quest] [SetQuestItem] Broken Sword
15:30:31 [Quest] [SetQuestItem] Flame of Death Beam Knight
15:30:31 [Quest] [SetQuestItem] Horn of Hell Maine
15:30:31 [Quest] [SetQuestItem] Feather of Phoenix
15:30:31 [Quest] [SetQuestItem] Flame of Death Beam Knight
15:30:31 [Quest] [SetQuestItem] Horn of Hell Maine
15:30:31 [Quest] [SetQuestItem] Feather of Phoenix
15:30:31 [Quest] [SetQuestItem] Flame of Death Beam Knight
15:30:31 [Quest] [SetQuestItem] Horn of Hell Maine
15:30:31 [Quest] [SetQuestItem] Feather of Phoenix
[Monster Element] - ..\data\MonsterSkillElement.txt file is Loaded
[Monster Skill Unit] - Found SkillElement (1)(스턴1)
[Monster Skill Unit] - Found SkillElement (45)(일반공격)
[Monster Skill Unit] - Found SkillElement (45)(일반공격)
[Monster Skill Unit] - Found SkillElement (7)(밀기)
[Monster Skill Unit] - Found SkillElement (11)(내구도)
[Monster Skill Unit] - Found SkillElement (45)(일반공격)
[Monster Skill Unit] - Found SkillElement (17)(방향해제)
[Monster Skill Unit] - Found SkillElement (23)(방향안걸림)
[Monster Skill Unit] - Found SkillElement (45)(일반공격)
[Monster Skill Unit] - Found SkillElement (3)(MP감소)
[Monster Skill Unit] - Found SkillElement (45)(일반공격)
[Monster Skill Unit] - Found SkillElement (16)(소환)
[Monster Skill Unit] - Found SkillElement (13)(치료)
[Monster Skill Unit] - Found SkillElement (43)(스턴2)
[Monster Skill Unit] - Found SkillElement (45)(일반공격)
[Monster Skill Unit] - Found SkillElement (17)(방향해제)
[Monster Skill Unit] - Found SkillElement (45)(일반공격)
[Monster Skill Unit] - Found SkillElement (3)(MP감소)
[Monster Skill Unit] - Found SkillElement (4)(AG감소)
[Monster Skill Unit] - Found SkillElement (45)(일반공격)
[Monster Skill Unit] - Found SkillElement (44)(밀기2)
[Monster Skill Unit] - Found SkillElement (45)(일반공격)
[Monster Skill Unit] - Found SkillElement (44)(밀기2)
[Monster Skill Unit] - Found SkillElement (1)(스턴1)
[Monster Skill Unit] - Found SkillElement (17)(방향해제)
[Monster Skill Unit] - Found SkillElement (45)(일반공격)
[Monster Skill Unit] - Found SkillElement (44)(밀기2)
[Monster Skill Unit] - Found SkillElement (1)(스턴1)
[Monster Skill Unit] - Found SkillElement (1)(스턴1)
[Monster Skill Unit] - Found SkillElement (45)(일반공격)
[Monster Skill Unit] - Found SkillElement (24)(켄타우로스-멀티)
[Monster Skill Unit] - Found SkillElement (25)(페르소나-악령)
[Monster Skill Unit] - Found SkillElement (26)(트윈테일-일반)
[Monster Skill Unit] - Found SkillElement (27)(트윈테일-독)
[Monster Skill Unit] - Found SkillElement (28)(드레드피어-2회베기)
[Monster Skill Unit] - Found SkillElement (29)(나이트-독)
[Monster Skill Unit] - Found SkillElement (30)(나이트-독-일반)
[Monster Skill Unit] - Found SkillElement (31)(나이트-돌개-일반)
[Monster Skill Unit] - Found SkillElement (32)(나이트-화염진-일반)
[Monster Skill Unit] - Found SkillElement (33)(나이트-화염진-밀기)
[Monster Skill Unit] - Found SkillElement (34)(나이트메어-워프)
[Monster Skill Unit] - Found SkillElement (35)(마야의손-프레셔-일반#)
[Monster Skill Unit] - Found SkillElement (36)(마야의손-프레셔-밀기$)
[Monster Skill Unit] - Found SkillElement (37)(마야의손-프레셔-내구%)
[Monster Skill Unit] - Found SkillElement (38)(마야의손-파워-일반)
[Monster Skill Unit] - Found SkillElement (39)(마야-아이스스톰-밀기')
[Monster Skill Unit] - Found SkillElement (40)(마야-아이스스톰-일반()
[Monster Skill Unit] - Found SkillElement (41)(마야-브로큰샤워-일반))
[Monster Skill Unit] - Found SkillElement (42)(마야-브로큰샤워-스턴*)
[Monster Skill Unit] - ..\data\MonsterSkillUnit.txt file is Loaded
[Monster Skill Manager] - ..\data\MonsterSkill.txt file is Loaded
[Monster AI Element] - ..\data\MonsterAIElement.txt file is Loaded
[Monster AI MovePath ] - ..\data\MovePath_35.dat file is Loaded
[Monster AI Automata] Loaded Transition Desc . [ 일반->적없음->일반 ]
[Monster AI Automata] Loaded Transition Desc . [ 일반->밖에적->일반 ]
[Monster AI Automata] Loaded Transition Desc . [ 일반->안에적->일반 ]
[Monster AI Automata] Loaded Transition Desc . [ 일반->적없음->이동 ]
[Monster AI Automata] Loaded Transition Desc . [ 일반->밖에적->이동 ]
[Monster AI Automata] Loaded Transition Desc . [ 일반->안에적->공격 ]
[Monster AI Automata] Loaded Transition Desc . [ 이동->안에적->공격 ]
[Monster AI Automata] Loaded Transition Desc . [ 이동->적없음->이동 ]
[Monster AI Automata] Loaded Transition Desc . [ 이동->밖에적->이동 ]
[Monster AI Automata] Loaded Transition Desc . [ 공격->적없음->이동 ]
[Monster AI Automata] Loaded Transition Desc . [ 공격->HP감소->회피 ]
[Monster AI Automata] Loaded Transition Desc . [ 공격->안에적->공격 ]
[Monster AI Automata] Loaded Transition Desc . [ 공격->밖에적->이동 ]
[Monster AI Automata] Loaded Transition Desc . [ 공격->안에적->공격 ]
[Monster AI Automata] Loaded Transition Desc . [ 회피->적없음->일반 ]
[Monster AI Automata] Loaded Transition Desc . [ 회피->AGRO대->공격 ]
[Monster AI Automata] Loaded Transition Desc . [ 회피->밖에적->이동 ]
[Monster AI Automata] Loaded Transition Desc . [ 회피->안에적->공격 ]
[Monster AI Automata] Loaded Transition Desc . [ 회피->안에적->회피 ]
[Monster AI Automata] Loaded Transition Desc . [ 회피->HP감소->회피 ]
[Monster AI Automata] Loaded Transition Desc . [ 회피->HP감소->회피 ]
[Monster AI Automata] Loaded Transition Desc . [ 회피->안에적->일반 ]
[Monster AI Automata] Loaded Transition Desc . [ 회피->밖에적->일반 ]
[Monster AI Automata] Loaded Transition Desc . [ 일반->적없음->이동 ]
[Monster AI Automata] Loaded Transition Desc . [ 일반->적없음->치료 ]
[Monster AI Automata] Loaded Transition Desc . [ 일반->적없음->소환 ]
[Monster AI Automata] Loaded Transition Desc . [ 일반->밖에적->이동 ]
[Monster AI Automata] Loaded Transition Desc . [ 일반->밖에적->소환 ]
[Monster AI Automata] Loaded Transition Desc . [ 일반->안에적->치료 ]
[Monster AI Automata] Loaded Transition Desc . [ 일반->안에적->이동 ]
[Monster AI Automata] Loaded Transition Desc . [ 이동->안에적->치료 ]
[Monster AI Automata] Loaded Transition Desc . [ 이동->안에적->공격 ]
[Monster AI Automata] Loaded Transition Desc . [ 이동->안에적->이동 ]
[Monster AI Automata] Loaded Transition Desc . [ 이동->적없음->소환 ]
[Monster AI Automata] Loaded Transition Desc . [ 이동->적없음->이동 ]
[Monster AI Automata] Loaded Transition Desc . [ 이동->밖에적->소환 ]
[Monster AI Automata] Loaded Transition Desc . [ 이동->밖에적->이동 ]
[Monster AI Automata] Loaded Transition Desc . [ 공격->적없음->이동 ]
[Monster AI Automata] Loaded Transition Desc . [ 공격->HP감소->치료 ]
[Monster AI Automata] Loaded Transition Desc . [ 공격->밖에적->이동 ]
[Monster AI Automata] Loaded Transition Desc . [ 공격->안에적->공격 ]
[Monster AI Automata] Loaded Transition Desc . [ 공격->안에적->일반 ]
[Monster AI Automata] Loaded Transition Desc . [ 치료->적없음->일반 ]
[Monster AI Automata] Loaded Transition Desc . [ 치료->밖에적->일반 ]
[Monster AI Automata] Loaded Transition Desc . [ 치료->안에적->일반 ]
[Monster AI Automata] Loaded Transition Desc . [ 소환->적없음->일반 ]
[Monster AI Automata] Loaded Transition Desc . [ 소환->밖에적->일반 ]
[Monster AI Automata] Loaded Transition Desc . [ 소환->안에적->일반 ]
[Monster AI Automata] Loaded Transition Desc . [ 일반->적없음->공격 ]
[Monster AI Automata] Loaded Transition Desc . [ 일반->밖에적->공격 ]
[Monster AI Automata] Loaded Transition Desc . [ 일반->안에적->공격 ]
[Monster AI Automata] Loaded Transition Desc . [ 공격->적없음->일반 ]
[Monster AI Automata] Loaded Transition Desc . [ 공격->밖에적->일반 ]
[Monster AI Automata] Loaded Transition Desc . [ 공격->안에적->일반 ]
[Monster AI Automata] Loaded Transition Desc . [ 일반->적없음->이동 ]
[Monster AI Automata] Loaded Transition Desc . [ 일반->밖에적->이동 ]
[Monster AI Automata] Loaded Transition Desc . [ 일반->안에적->공격 ]
[Monster AI Automata] Loaded Transition Desc . [ 이동->적없음->이동 ]
[Monster AI Automata] Loaded Transition Desc . [ 이동->안에적->공격 ]
[Monster AI Automata] Loaded Transition Desc . [ 이동->밖에적->이동 ]
[Monster AI Automata] Loaded Transition Desc . [ 공격->적없음->이동 ]
[Monster AI Automata] Loaded Transition Desc . [ 공격->밖에적->이동 ]
[Monster AI Automata] Loaded Transition Desc . [ 공격->안에적->공격 ]
[Monster AI Automata] Loaded Transition Desc . [ 공격->안에적->일반 ]
[Monster AI Automata] Loaded Transition Desc . [ 무적->적없음->일반 ]
[Monster AI Automata] Loaded Transition Desc . [ 무적->안에적->일반 ]
[Monster AI Automata] Loaded Transition Desc . [ 무적->밖에적->일반 ]
[Monster AI Automata] Loaded Transition Desc . [ 일반->적없음->이동 ]
[Monster AI Automata] Loaded Transition Desc . [ 일반->안에적->공격 ]
[Monster AI Automata] Loaded Transition Desc . [ 일반->밖에적->이동 ]
[Monster AI Automata] Loaded Transition Desc . [ 이동->적없음->이동 ]
[Monster AI Automata] Loaded Transition Desc . [ 이동->안에적->공격 ]
[Monster AI Automata] Loaded Transition Desc . [ 이동->밖에적->이동 ]
[Monster AI Automata] Loaded Transition Desc . [ 공격->적없음->이동 ]
[Monster AI Automata] Loaded Transition Desc . [ 공격->안에적->공격 ]
[Monster AI Automata] Loaded Transition Desc . [ 공격->밖에적->이동 ]
[Monster AI Automata] Loaded Transition Desc . [ 공격->안에적->일반 ]
[Monster AI Automata] Loaded Transition Desc . [ 일반->적없음->이동 ]
[Monster AI Automata] Loaded Transition Desc . [ 일반->안에적->공격 ]
[Monster AI Automata] Loaded Transition Desc . [ 일반->밖에적->이동 ]
[Monster AI Automata] Loaded Transition Desc . [ 이동->적없음->이동 ]
[Monster AI Automata] Loaded Transition Desc . [ 이동->안에적->공격 ]
[Monster AI Automata] Loaded Transition Desc . [ 이동->밖에적->이동 ]
[Monster AI Automata] Loaded Transition Desc . [ 공격->적없음->이동 ]
[Monster AI Automata] Loaded Transition Desc . [ 공격->AGRO대->공격 ]
[Monster AI Automata] Loaded Transition Desc . [ 공격->안에적->공격 ]
[Monster AI Automata] Loaded Transition Desc . [ 공격->밖에적->이동 ]
[Monster AI Automata] Loaded Transition Desc . [ 공격->HP감소->회피 ]
[Monster AI Automata] Loaded Transition Desc . [ 회피->적없음->일반 ]
[Monster AI Automata] Loaded Transition Desc . [ 회피->AGRO대->공격 ]
[Monster AI Automata] Loaded Transition Desc . [ 회피->밖에적->이동 ]
[Monster AI Automata] Loaded Transition Desc . [ 회피->안에적->공격 ]
[Monster AI Automata] Loaded Transition Desc . [ 회피->안에적->회피 ]
[Monster AI Automata] Loaded Transition Desc . [ 회피->HP감소->회피 ]
[Monster AI Automata] Loaded Transition Desc . [ 회피->안에적->일반 ]
[Monster AI Automata] Loaded Transition Desc . [ 회피->밖에적->일반 ]
[Monster AI Automata] Loaded Transition Desc . [ 일반->적없음->무적 ]
[Monster AI Automata] Loaded Transition Desc . [ 일반->안에적->무적 ]
[Monster AI Automata] Loaded Transition Desc . [ 일반->밖에적->무적 ]
[Monster AI Automata] Loaded Transition Desc . [ 무적->적없음->무적 ]
[Monster AI Automata] Loaded Transition Desc . [ 무적->안에적->무적 ]
[Monster AI Automata] Loaded Transition Desc . [ 무적->밖에적->무적 ]
[Monster AI Automata] Loaded Transition Desc . [ 일반->적없음->이동 ]
[Monster AI Automata] Loaded Transition Desc . [ 일반->밖에적->이동 ]
[Monster AI Automata] Loaded Transition Desc . [ 일반->체력DD->소환 ]
[Monster AI Automata] Loaded Transition Desc . [ 일반->안에적->공격 ]
[Monster AI Automata] Loaded Transition Desc . [ 이동->적없음->이동 ]
[Monster AI Automata] Loaded Transition Desc . [ 이동->체력DD->소환 ]
[Monster AI Automata] Loaded Transition Desc . [ 이동->안에적->공격 ]
[Monster AI Automata] Loaded Transition Desc . [ 이동->밖에적->이동 ]
[Monster AI Automata] Loaded Transition Desc . [ 공격->적없음->일반 ]
[Monster AI Automata] Loaded Transition Desc . [ 공격->밖에적->일반 ]
[Monster AI Automata] Loaded Transition Desc . [ 공격->체력DD->소환 ]
[Monster AI Automata] Loaded Transition Desc . [ 공격->안에적->공격 ]
[Monster AI Automata] Loaded Transition Desc . [ 소환->무조건->무적 ]
[Monster AI Automata] Loaded Transition Desc . [ 무적->무조건->워프 ]
[Monster AI Automata] Loaded Transition Desc . [ 워프->무조건->AI ]
[Monster AI Automata] Loaded Transition Desc . [ AI->적없음->이동 ]
[Monster AI Automata] Loaded Transition Desc . [ AI->밖에적->이동 ]
[Monster AI Automata] Loaded Transition Desc . [ AI->안에적->이동 ]
[Monster AI Automata] Loaded Transition Desc . [ 일반->적없음->이동 ]
[Monster AI Automata] Loaded Transition Desc . [ 일반->밖에적->이동 ]
[Monster AI Automata] Loaded Transition Desc . [ 일반->안에적->공격 ]
[Monster AI Automata] Loaded Transition Desc . [ 이동->적없음->이동 ]
[Monster AI Automata] Loaded Transition Desc . [ 이동->안에적->공격 ]
[Monster AI Automata] Loaded Transition Desc . [ 이동->밖에적->이동 ]
[Monster AI Automata] Loaded Transition Desc . [ 공격->적없음->일반 ]
[Monster AI Automata] Loaded Transition Desc . [ 공격->밖에적->일반 ]
[Monster AI Automata] Loaded Transition Desc . [ 공격->체력DD->소환 ]
[Monster AI Automata] Loaded Transition Desc . [ 공격->안에적->공격 ]
[Monster AI Automata] Loaded Transition Desc . [ 소환->무조건->무적 ]
[Monster AI Automata] Loaded Transition Desc . [ 무적->무조건->워프 ]
[Monster AI Automata] Loaded Transition Desc . [ 워프->무조건->AI ]
[Monster AI Automata] Loaded Transition Desc . [ AI->적없음->이동 ]
[Monster AI Automata] Loaded Transition Desc . [ AI->밖에적->이동 ]
[Monster AI Automata] Loaded Transition Desc . [ AI->안에적->이동 ]
[Monster AI Automata] Loaded Transition Desc . [ 일반->적없음->이동 ]
[Monster AI Automata] Loaded Transition Desc . [ 일반->밖에적->이동 ]
[Monster AI Automata] Loaded Transition Desc . [ 일반->안에적->공격 ]
[Monster AI Automata] Loaded Transition Desc . [ 이동->적없음->이동 ]
[Monster AI Automata] Loaded Transition Desc . [ 이동->안에적->공격 ]
[Monster AI Automata] Loaded Transition Desc . [ 이동->밖에적->이동 ]
[Monster AI Automata] Loaded Transition Desc . [ 공격->적없음->일반 ]
[Monster AI Automata] Loaded Transition Desc . [ 공격->밖에적->일반 ]
[Monster AI Automata] Loaded Transition Desc . [ 공격->체력DD->소환 ]
[Monster AI Automata] Loaded Transition Desc . [ 공격->안에적->공격 ]
[Monster AI Automata] Loaded Transition Desc . [ 소환->무조건->무적 ]
[Monster AI Automata] Loaded Transition Desc . [ 무적->무조건->워프 ]
[Monster AI Automata] Loaded Transition Desc . [ 워프->무조건->AI ]
[Monster AI Automata] Loaded Transition Desc . [ AI->적없음->이동 ]
[Monster AI Automata] Loaded Transition Desc . [ AI->밖에적->이동 ]
[Monster AI Automata] Loaded Transition Desc . [ AI->안에적->이동 ]
[Monster AI Automata] Loaded Transition Desc . [ 일반->적없음->이동 ]
[Monster AI Automata] Loaded Transition Desc . [ 일반->밖에적->이동 ]
[Monster AI Automata] Loaded Transition Desc . [ 일반->안에적->공격 ]
[Monster AI Automata] Loaded Transition Desc . [ 이동->적없음->이동 ]
[Monster AI Automata] Loaded Transition Desc . [ 이동->안에적->공격 ]
[Monster AI Automata] Loaded Transition Desc . [ 이동->밖에적->이동 ]
[Monster AI Automata] Loaded Transition Desc . [ 공격->적없음->일반 ]
[Monster AI Automata] Loaded Transition Desc . [ 공격->밖에적->일반 ]
[Monster AI Automata] Loaded Transition Desc . [ 공격->안에적->공격 ]
[Monster AI Automata] Loaded Transition Desc . [ AI->적없음->이동 ]
[Monster AI Automata] Loaded Transition Desc . [ AI->밖에적->이동 ]
[Monster AI Automata] Loaded Transition Desc . [ AI->안에적->이동 ]
[Monster AI Automata] - ..\data\MonsterAutomata.txt file is Loaded
15:30:31 [Monster AI Element] FindAIElement() Error - (ElementNumber=-1) 
15:30:31 [Monster AI Element] FindAIElement() Error - (ElementNumber=-1) 
15:30:31 [Monster AI Element] FindAIElement() Error - (ElementNumber=-1) 
15:30:31 [Monster AI Element] FindAIElement() Error - (ElementNumber=-1) 
15:30:31 [Monster AI Element] FindAIElement() Error - (ElementNumber=-1) 
15:30:31 [Monster AI Element] FindAIElement() Error - (ElementNumber=-1) 
15:30:31 [Monster AI Element] FindAIElement() Error - (ElementNumber=-1) 
15:30:31 [Monster AI Element] FindAIElement() Error - (ElementNumber=-1) 
15:30:31 [Monster AI Element] FindAIElement() Error - (ElementNumber=-1) 
15:30:31 [Monster AI Element] FindAIElement() Error - (ElementNumber=-1) 
15:30:31 [Monster AI Element] FindAIElement() Error - (ElementNumber=-1) 
15:30:31 [Monster AI Element] FindAIElement() Error - (ElementNumber=-1) 
15:30:31 [Monster AI Element] FindAIElement() Error - (ElementNumber=-1) 
15:30:31 [Monster AI Element] FindAIElement() Error - (ElementNumber=-1) 
15:30:31 [Monster AI Element] FindAIElement() Error - (ElementNumber=-1) 
15:30:31 [Monster AI Element] FindAIElement() Error - (ElementNumber=-1) 
15:30:31 [Monster AI Element] FindAIElement() Error - (ElementNumber=-1) 
15:30:31 [Monster AI Element] FindAIElement() Error - (ElementNumber=-1) 
15:30:31 [Monster AI Element] FindAIElement() Error - (ElementNumber=-1) 
15:30:31 [Monster AI Element] FindAIElement() Error - (ElementNumber=-1) 
15:30:31 [Monster AI Element] FindAIElement() Error - (ElementNumber=-1) 
15:30:31 [Monster AI Element] FindAIElement() Error - (ElementNumber=-1) 
15:30:31 [Monster AI Element] FindAIElement() Error - (ElementNumber=-1) 
15:30:31 [Monster AI Element] FindAIElement() Error - (ElementNumber=-1) 
15:30:31 [Monster AI Element] FindAIElement() Error - (ElementNumber=-1) 
15:30:31 [Monster AI Element] FindAIElement() Error - (ElementNumber=-1) 
15:30:31 [Monster AI Element] FindAIElement() Error - (ElementNumber=-1) 
15:30:31 [Monster AI Element] FindAIElement() Error - (ElementNumber=-1) 
15:30:31 [Monster AI Element] FindAIElement() Error - (ElementNumber=-1) 
15:30:31 [Monster AI Element] FindAIElement() Error - (ElementNumber=-1) 
15:30:31 [Monster AI Element] FindAIElement() Error - (ElementNumber=-1) 
15:30:31 [Monster AI Element] FindAIElement() Error - (ElementNumber=-1) 
15:30:31 [Monster AI Element] FindAIElement() Error - (ElementNumber=-1) 
15:30:31 [Monster AI Element] FindAIElement() Error - (ElementNumber=-1) 
15:30:31 [Monster AI Element] FindAIElement() Error - (ElementNumber=-1) 
15:30:31 [Monster AI Element] FindAIElement() Error - (ElementNumber=-1) 
15:30:31 [Monster AI Element] FindAIElement() Error - (ElementNumber=-1) 
15:30:31 [Monster AI Element] FindAIElement() Error - (ElementNumber=-1) 
15:30:31 [Monster AI Element] FindAIElement() Error - (ElementNumber=-1) 
15:30:31 [Monster AI Element] FindAIElement() Error - (ElementNumber=-1) 
15:30:31 [Monster AI Element] FindAIElement() Error - (ElementNumber=-1) 
15:30:31 [Monster AI Element] FindAIElement() Error - (ElementNumber=-1) 
15:30:31 [Monster AI Element] FindAIElement() Error - (ElementNumber=-1) 
15:30:31 [Monster AI Element] FindAIElement() Error - (ElementNumber=-1) 
15:30:31 [Monster AI Element] FindAIElement() Error - (ElementNumber=-1) 
15:30:31 [Monster AI Element] FindAIElement() Error - (ElementNumber=-1) 
15:30:31 [Monster AI Element] FindAIElement() Error - (ElementNumber=-1) 
15:30:31 [Monster AI Element] FindAIElement() Error - (ElementNumber=-1) 
15:30:31 [Monster AI Element] FindAIElement() Error - (ElementNumber=-1) 
15:30:31 [Monster AI Element] FindAIElement() Error - (ElementNumber=-1) 
15:30:31 [Monster AI Element] FindAIElement() Error - (ElementNumber=-1) 
15:30:31 [Monster AI Element] FindAIElement() Error - (ElementNumber=-1) 
15:30:31 [Monster AI Element] FindAIElement() Error - (ElementNumber=-1) 
15:30:31 [Monster AI Element] FindAIElement() Error - (ElementNumber=-1) 
15:30:31 [Monster AI Element] FindAIElement() Error - (ElementNumber=-1) 
15:30:31 [Monster AI Element] FindAIElement() Error - (ElementNumber=-1) 
15:30:31 [Monster AI Element] FindAIElement() Error - (ElementNumber=-1) 
15:30:31 [Monster AI Element] FindAIElement() Error - (ElementNumber=-1) 
15:30:31 [Monster AI Element] FindAIElement() Error - (ElementNumber=-1) 
15:30:31 [Monster AI Element] FindAIElement() Error - (ElementNumber=-1) 
15:30:31 [Monster AI Element] FindAIElement() Error - (ElementNumber=-1) 
15:30:31 [Monster AI Element] FindAIElement() Error - (ElementNumber=-1) 
15:30:31 [Monster AI Element] FindAIElement() Error - (ElementNumber=-1) 
15:30:31 [Monster AI Element] FindAIElement() Error - (ElementNumber=-1) 
15:30:31 [Monster AI Element] FindAIElement() Error - (ElementNumber=-1) 
15:30:31 [Monster AI Element] FindAIElement() Error - (ElementNumber=-1) 
15:30:31 [Monster AI Element] FindAIElement() Error - (ElementNumber=-1) 
15:30:31 [Monster AI Element] FindAIElement() Error - (ElementNumber=-1) 
15:30:31 [Monster AI Element] FindAIElement() Error - (ElementNumber=-1) 
15:30:31 [Monster AI Element] FindAIElement() Error - (ElementNumber=-1) 
15:30:31 [Monster AI Element] FindAIElement() Error - (ElementNumber=-1) 
15:30:31 [Monster AI Element] FindAIElement() Error - (ElementNumber=-1) 
15:30:31 [Monster AI Element] FindAIElement() Error - (ElementNumber=-1) 
15:30:31 [Monster AI Element] FindAIElement() Error - (ElementNumber=-1) 
15:30:31 [Monster AI Element] FindAIElement() Error - (ElementNumber=-1) 
15:30:31 [Monster AI Element] FindAIElement() Error - (ElementNumber=-1) 
15:30:31 [Monster AI Element] FindAIElement() Error - (ElementNumber=-1) 
15:30:31 [Monster AI Element] FindAIElement() Error - (ElementNumber=-1) 
15:30:31 [Monster AI Element] FindAIElement() Error - (ElementNumber=-1) 
15:30:31 [Monster AI Element] FindAIElement() Error - (ElementNumber=-1) 
15:30:31 [Monster AI Element] FindAIElement() Error - (ElementNumber=-1) 
15:30:31 [Monster AI Element] FindAIElement() Error - (ElementNumber=-1) 
15:30:31 [Monster AI Element] FindAIElement() Error - (ElementNumber=-1) 
15:30:31 [Monster AI Element] FindAIElement() Error - (ElementNumber=-1) 
15:30:31 [Monster AI Element] FindAIElement() Error - (ElementNumber=-1) 
15:30:31 [Monster AI Element] FindAIElement() Error - (ElementNumber=-1) 
15:30:31 [Monster AI Element] FindAIElement() Error - (ElementNumber=-1) 
15:30:31 [Monster AI Element] FindAIElement() Error - (ElementNumber=-1) 
15:30:31 [Monster AI Element] FindAIElement() Error - (ElementNumber=-1) 
15:30:31 [Monster AI Element] FindAIElement() Error - (ElementNumber=-1) 
15:30:31 [Monster AI Element] FindAIElement() Error - (ElementNumber=-1) 
15:30:31 [Monster AI Element] FindAIElement() Error - (ElementNumber=-1) 
15:30:31 [Monster AI Element] FindAIElement() Error - (ElementNumber=-1) 
15:30:31 [Monster AI Element] FindAIElement() Error - (ElementNumber=-1) 
15:30:31 [Monster AI Element] FindAIElement() Error - (ElementNumber=-1) 
15:30:31 [Monster AI Element] FindAIElement() Error - (ElementNumber=-1) 
15:30:31 [Monster AI Element] FindAIElement() Error - (ElementNumber=-1) 
15:30:31 [Monster AI Element] FindAIElement() Error - (ElementNumber=-1) 
15:30:31 [Monster AI Element] FindAIElement() Error - (ElementNumber=-1) 
15:30:31 [Monster AI Element] FindAIElement() Error - (ElementNumber=-1) 
15:30:31 [Monster AI Element] FindAIElement() Error - (ElementNumber=-1) 
15:30:31 [Monster AI Element] FindAIElement() Error - (ElementNumber=-1) 
15:30:31 [Monster AI Element] FindAIElement() Error - (ElementNumber=-1) 
15:30:31 [Monster AI Element] FindAIElement() Error - (ElementNumber=-1) 
15:30:31 [Monster AI Element] FindAIElement() Error - (ElementNumber=-1) 
15:30:31 [Monster AI Element] FindAIElement() Error - (ElementNumber=-1) 
15:30:31 [Monster AI Element] FindAIElement() Error - (ElementNumber=-1) 
15:30:31 [Monster AI Element] FindAIElement() Error - (ElementNumber=-1) 
15:30:31 [Monster AI Element] FindAIElement() Error - (ElementNumber=-1) 
15:30:31 [Monster AI Element] FindAIElement() Error - (ElementNumber=-1) 
15:30:31 [Monster AI Element] FindAIElement() Error - (ElementNumber=-1) 
15:30:31 [Monster AI Element] FindAIElement() Error - (ElementNumber=-1) 
15:30:31 [Monster AI Element] FindAIElement() Error - (ElementNumber=-1) 
15:30:31 [Monster AI Element] FindAIElement() Error - (ElementNumber=-1) 
15:30:31 [Monster AI Element] FindAIElement() Error - (ElementNumber=-1) 
15:30:31 [Monster AI Element] FindAIElement() Error - (ElementNumber=-1) 
15:30:31 [Monster AI Element] FindAIElement() Error - (ElementNumber=-1) 
15:30:31 [Monster AI Element] FindAIElement() Error - (ElementNumber=-1) 
15:30:31 [Monster AI Element] FindAIElement() Error - (ElementNumber=-1) 
15:30:31 [Monster AI Element] FindAIElement() Error - (ElementNumber=-1) 
15:30:31 [Monster AI Element] FindAIElement() Error - (ElementNumber=-1) 
15:30:31 [Monster AI Element] FindAIElement() Error - (ElementNumber=-1) 
15:30:31 [Monster AI Element] FindAIElement() Error - (ElementNumber=-1) 
15:30:31 [Monster AI Element] FindAIElement() Error - (ElementNumber=-1) 
15:30:31 [Monster AI Element] FindAIElement() Error - (ElementNumber=-1) 
15:30:31 [Monster AI Element] FindAIElement() Error - (ElementNumber=-1) 
15:30:31 [Monster AI Element] FindAIElement() Error - (ElementNumber=-1) 
15:30:31 [Monster AI Element] FindAIElement() Error - (ElementNumber=-1) 
15:30:31 [Monster AI Element] FindAIElement() Error - (ElementNumber=-1) 
15:30:31 [Monster AI Element] FindAIElement() Error - (ElementNumber=-1) 
15:30:31 [Monster AI Element] FindAIElement() Error - (ElementNumber=-1) 
15:30:31 [Monster AI Element] FindAIElement() Error - (ElementNumber=-1) 
15:30:31 [Monster AI Element] FindAIElement() Error - (ElementNumber=-1) 
15:30:31 [Monster AI Element] FindAIElement() Error - (ElementNumber=-1) 
15:30:31 [Monster AI Element] FindAIElement() Error - (ElementNumber=-1) 
15:30:31 [Monster AI Element] FindAIElement() Error - (ElementNumber=-1) 
15:30:31 [Monster AI Element] FindAIElement() Error - (ElementNumber=-1) 
15:30:31 [Monster AI Element] FindAIElement() Error - (ElementNumber=-1) 
15:30:31 [Monster AI Element] FindAIElement() Error - (ElementNumber=-1) 
15:30:31 [Monster AI Element] FindAIElement() Error - (ElementNumber=-1) 
15:30:31 [Monster AI Element] FindAIElement() Error - (ElementNumber=-1) 
15:30:31 [Monster AI Element] FindAIElement() Error - (ElementNumber=-1) 
15:30:31 [Monster AI Element] FindAIElement() Error - (ElementNumber=-1) 
15:30:31 [Monster AI Element] FindAIElement() Error - (ElementNumber=-1) 
15:30:31 [Monster AI Element] FindAIElement() Error - (ElementNumber=-1) 
15:30:31 [Monster AI Element] FindAIElement() Error - (ElementNumber=-1) 
15:30:31 [Monster AI Element] FindAIElement() Error - (ElementNumber=-1) 
15:30:31 [Monster AI Element] FindAIElement() Error - (ElementNumber=-1) 
15:30:31 [Monster AI Element] FindAIElement() Error - (ElementNumber=-1) 
[Monster AI Unit] - ..\data\MonsterAIUnit.txt file is Loaded
[Monster AI Rule ] - ..\data\MonsterAIRule.txt file is Loaded
[Monster AI Group ] - ..\data\MonsterAIGroup.txt file is Loaded
[ Crywolf ] State (0) -> NONE
[ Crywolf ] SetState - StateInfo : Occupation/0, State/0
[Crywolf Main Job] - ..\data\Event\Crywolf.dat file is Loaded
15:30:31 [Skill Addition Info] [Infinity Arrow] Skill Time[3600], UseLevel[220], Arrow MP Consumption +0[5] +1[7] +2[10]
15:30:31 [Skill Addition Info] [Fire Scream] Use(1) : Explosion Distance(2) - Rate(3000), MaxAttack_SameSerial(3), SerialInitCount(100), Check Serial(1)
[ KANTURU ] - ..\data\Event\Kanturu.dat file is Loaded
[ KANTURU ][ BattleStanby ] ..\data\Event\Kanturu.dat file is Loaded
15:30:31 [ KANTURU ][ BattleOfMaya ] IceStorm Using Rate Load: 60
[ KANTURU ][ BattleOfMaya ] ..\data\Event\Kanturu.dat file is Loaded
[ KANTURU ][ BattleOfNightmare ]  ..\data\Event\Kanturu.dat file is Loaded
[ KANTURU ][ TowerOfRefinement ] ..\data\Event\Kanturu.dat file is Loaded
[ KANTURU ][ MonsterSetBase ] - ..\data\Event\KanturuMonsterSetBase.txt file is Loaded
15:30:31 [Option Reload] ★★★ MaxUser ☆☆☆  : 500
Guild creation option 1
Guild delete option 1
Above level 300 can create guild
15:30:31 (Option) Trade on
[Option] ChaosBox = 1
[Option] ChaosEvent = 1
[Option] ChaosEventServer = 127.0.0.1	; [0] No 
[Option] AttackEventRegenTime = 0
15:30:31 [Option] Auto Looting Time Set : 20
15:30:31 (Option) Dropping item when killed by Murderer
15:30:31 (Option) Item drop rate : 25 %
15:30:31 [DevilSquare] Close
15:30:31 [DevilSquare] Sync Open Time. [28]min remain
15:30:31 [Illusion Temple] (1) Sync Start Time. [359] min remain (START HOUR:21, MIN:30)
15:30:31 [Illusion Temple] (1) SetState_CLOSED
15:30:31 [Illusion Temple] (2) Sync Start Time. [359] min remain (START HOUR:21, MIN:30)
15:30:31 [Illusion Temple] (2) SetState_CLOSED
15:30:31 [Illusion Temple] (3) Sync Start Time. [359] min remain (START HOUR:21, MIN:30)
15:30:31 [Illusion Temple] (3) SetState_CLOSED
15:30:31 [Illusion Temple] (4) Sync Start Time. [359] min remain (START HOUR:21, MIN:30)
15:30:31 [Illusion Temple] (4) SetState_CLOSED
15:30:31 [Illusion Temple] (5) Sync Start Time. [359] min remain (START HOUR:21, MIN:30)
15:30:31 [Illusion Temple] (5) SetState_CLOSED
15:30:31 (Option) Connect Server IP(127.0.0.1) / PORT(55557)
ator]
..\data\EventItemBag\eventitembag.txt Item Load Complete
..\data\EventItemBag\eventitembag2.txt Item Load Complete
..\data\EventItemBag\eventitembag3.txt Item Load Complete
15:30:31 [Star of Sacred Birch] Eventitemnum = 7179,EventItemLevel = 1, EventItemDropRate = 5, ItemDropRate = 150, ExItemDropRate = 100
..\data\EventItemBag\eventitembag4.txt Item Load Complete
..\data\EventItemBag\eventitembag5.txt Item Load Complete
..\data\EventItemBag\eventitembag5.txt Item Load Complete
..\data\EventItemBag\eventitembag6.txt Item Load Complete
..\data\EventItemBag\eventitembag7.txt Item Load Complete
..\data\EventItemBag\eventitembag8.txt Item Load Complete
..\data\EventItemBag\eventitembag9.txt Item Load Complete
..\data\EventItemBag\eventitembag10.txt Item Load Complete
..\data\EventItemBag\eventitembag11.txt Item Load Complete
..\data\EventItemBag\eventitembag12.txt Item Load Complete
..\data\EventItemBag\eventitembag13.txt Item Load Complete
..\data\EventItemBag\eventitembag14.txt Item Load Complete
..\data\EventItemBag\eventitembag15.txt Item Load Complete
15:30:31 [Kundun] Eventitemnum = 0,EventItemLevel = 0, EventItemDropRate = 0, ItemDropRate = 100, ExItemDropRate = 1
..\data\EventItemBag\eventitembag17.txt Item Load Complete
15:30:31 [Erohim] Eventitemnum = 0,EventItemLevel = 0, EventItemDropRate = 0, ItemDropRate = 100, ExItemDropRate = 1
..\data\EventItemBag\eventitembag18.txt Item Load Complete
15:30:31 [LordMix] Eventitemnum = 0,EventItemLevel = 0, EventItemDropRate = 0, ItemDropRate = 100, ExItemDropRate = 1
..\data\EventItemBag\eventitembag19.txt Item Load Complete
15:30:31 [Crystal Event] Eventitemnum = 0,EventItemLevel = 0, EventItemDropRate = 0, ItemDropRate = 100, ExItemDropRate = 1000
..\data\EventItemBag\eventitembag20.txt Item Load Complete
15:30:31 [Red Ribbon] Eventitemnum = 0,EventItemLevel = 0, EventItemDropRate = 0, ItemDropRate = 10, ExItemDropRate = 100
..\data\EventItemBag\eventitembag21.txt Item Load Complete
15:30:31 [Green Ribbon] Eventitemnum = 0,EventItemLevel = 0, EventItemDropRate = 0, ItemDropRate = 10, ExItemDropRate = 100
..\data\EventItemBag\eventitembag22.txt Item Load Complete
15:30:31 [Blue Ribbon] Eventitemnum = 0,EventItemLevel = 0, EventItemDropRate = 0, ItemDropRate = 100, ExItemDropRate = 1000
..\data\EventItemBag\eventitembag23.txt Item Load Complete
15:30:31 [Pink Chocolate] Eventitemnum = 0,EventItemLevel = 0, EventItemDropRate = 0, ItemDropRate = 100, ExItemDropRate = 1000
..\data\EventItemBag\eventitembag24.txt Item Load Complete
15:30:31 [Red Chocolate] Eventitemnum = 0,EventItemLevel = 0, EventItemDropRate = 0, ItemDropRate = 100, ExItemDropRate = 1000
..\data\EventItemBag\eventitembag25.txt Item Load Complete
15:30:31 [Blue Chocolate] Eventitemnum = 0,EventItemLevel = 0, EventItemDropRate = 0, ItemDropRate = 100, ExItemDropRate = 1000
..\data\EventItemBag\eventitembag26.txt Item Load Complete
15:30:31 [LightPurpleCandy] Eventitemnum = 0,EventItemLevel = 0, EventItemDropRate = 0, ItemDropRate = 100, ExItemDropRate = 1000
..\data\EventItemBag\eventitembag27.txt Item Load Complete
15:30:31 [VermilionCandy] Eventitemnum = 0,EventItemLevel = 0, EventItemDropRate = 0, ItemDropRate = 100, ExItemDropRate = 1000
..\data\EventItemBag\eventitembag28.txt Item Load Complete
15:30:31 [DeepBlueCandy] Eventitemnum = 0,EventItemLevel = 0, EventItemDropRate = 0, ItemDropRate = 100, ExItemDropRate = 1000
..\data\EventItemBag\eventitembag29.txt Item Load Complete
15:30:31 [Dark Elf] Eventitemnum = 0,EventItemLevel = 0, EventItemDropRate = 0, ItemDropRate = 100, ExItemDropRate = 1
..\data\EventItemBag\eventitembag30.txt Item Load Complete
15:30:31 [Balgass] Eventitemnum = 0,EventItemLevel = 0, EventItemDropRate = 0, ItemDropRate = 100, ExItemDropRate = 1
..\data\EventItemBag\eventitembag31.txt Item Load Complete
15:30:31 [Maya Hands] Eventitemnum = 0,EventItemLevel = 0, EventItemDropRate = 0, ItemDropRate = 100, ExItemDropRate = 1
..\data\EventItemBag\eventitembag32.txt Item Load Complete
15:30:31 [Nightmare] Eventitemnum = 0,EventItemLevel = 0, EventItemDropRate = 0, ItemDropRate = 100, ExItemDropRate = 1
..\data\EventItemBag\eventitembag33.txt Item Load Complete
15:30:31 [Nightmare] Eventitemnum = 0,EventItemLevel = 0, EventItemDropRate = 0, ItemDropRate = 100, ExItemDropRate = 1
..\data\EventItemBag\eventitembag34.txt Item Load Complete
15:30:31 [Nightmare] Eventitemnum = 0,EventItemLevel = 0, EventItemDropRate = 0, ItemDropRate = 100, ExItemDropRate = 1
..\data\Custom\GoldenArcherItemBag.txt Item Load Complete
15:30:31 [Nightmare] Eventitemnum = 0,EventItemLevel = 0, EventItemDropRate = 0, ItemDropRate = 100, ExItemDropRate = 1
..\data\Custom\Gambler\Category1.txt Item Load Complete
15:30:31 [Nightmare] Eventitemnum = 0,EventItemLevel = 0, EventItemDropRate = 0, ItemDropRate = 100, ExItemDropRate = 1
..\data\Custom\Gambler\Category2.txt Item Load Complete
15:30:31 [Nightmare] Eventitemnum = 0,EventItemLevel = 0, EventItemDropRate = 0, ItemDropRate = 100, ExItemDropRate = 1
..\data\Custom\Gambler\Category3.txt Item Load Complete
15:30:31 [Nightmare] Eventitemnum = 0,EventItemLevel = 0, EventItemDropRate = 0, ItemDropRate = 100, ExItemDropRate = 1
..\data\Custom\Gambler\Category4.txt Item Load Complete
15:30:31 [Nightmare] Eventitemnum = 0,EventItemLevel = 0, EventItemDropRate = 0, ItemDropRate = 100, ExItemDropRate = 1
..\data\Custom\Gambler\Category5.txt Item Load Complete
..\data\Event\DevilSquare.dat file load!
..\data\Event\BloodCastle.dat file load!
..\data\Event\RingAttackEvent.dat file load!
15:30:31 [Ring Event] Sync Start Time. [509] min remain (START HOUR:0, MIN:0)
..\data\Event\CastleDeepEvent.dat file load!
..\data\Event\ChaosCastle.dat file load!
[DOTH] ..\data\Event\EventManagement.dat file load!
15:30:31 [CashShop][OptionLoad] - CashShop Option Load Begin
15:30:31 [CashShop][ShopOption] - Shop Option Reload '..\data\CashShopOption.dat'
15:30:31 [CashShop][Load Cash Item List] - Add List - (14/53) Level:0, Dur:1, Skill:0, Luck:0, Add:0, Ex:0, X:0, Y:0, Scale:50
15:30:31 [CashShop][Load Cash Item List] - Add List - (14/96) Level:0, Dur:0, Skill:0, Luck:0, Add:0, Ex:0, X:0, Y:0, Scale:50
15:30:31 [CashShop][Load Cash Item List] - Add List - (14/54) Level:0, Dur:1, Skill:0, Luck:0, Add:0, Ex:0, X:0, Y:0, Scale:50
15:30:31 [CashShop][Load Cash Item List] - Add List - (14/92) Level:0, Dur:0, Skill:0, Luck:0, Add:0, Ex:0, X:0, Y:0, Scale:50
15:30:31 [CashShop][Load Cash Item List] - Add List - (14/93) Level:0, Dur:0, Skill:0, Luck:0, Add:0, Ex:0, X:0, Y:0, Scale:50
15:30:31 [CashShop][Load Cash Item List] - Add List - (14/95) Level:0, Dur:0, Skill:0, Luck:0, Add:0, Ex:0, X:0, Y:0, Scale:50
15:30:31 [CashShop][Load Cash Item List] - Add List - (13/43) Level:0, Dur:0, Skill:0, Luck:0, Add:0, Ex:0, X:0, Y:0, Scale:50
15:30:31 [CashShop][Load Cash Item List] - Add List - (13/44) Level:0, Dur:0, Skill:0, Luck:0, Add:0, Ex:0, X:0, Y:0, Scale:50
15:30:31 [CashShop][Load Cash Item List] - Add List - (13/45) Level:0, Dur:0, Skill:0, Luck:0, Add:0, Ex:0, X:0, Y:0, Scale:50
15:30:31 [CashShop][Load Cash Item List] - Add List - (13/59) Level:0, Dur:0, Skill:0, Luck:0, Add:0, Ex:0, X:0, Y:0, Scale:50
15:30:31 [CashShop][Load Cash Item List] - Add List - (13/62) Level:0, Dur:0, Skill:0, Luck:0, Add:0, Ex:0, X:0, Y:0, Scale:50
15:30:31 [CashShop][Load Cash Item List] - Add List - (13/63) Level:0, Dur:0, Skill:0, Luck:0, Add:0, Ex:0, X:0, Y:0, Scale:50
15:30:31 [CashShop][Load Cash Item List] - Add List - (13/46) Level:0, Dur:10, Skill:0, Luck:0, Add:0, Ex:0, X:0, Y:0, Scale:50
15:30:31 [CashShop][Load Cash Item List] - Add List - (13/47) Level:0, Dur:10, Skill:0, Luck:0, Add:0, Ex:0, X:0, Y:0, Scale:50
15:30:31 [CashShop][Load Cash Item List] - Add List - (13/48) Level:0, Dur:10, Skill:0, Luck:0, Add:0, Ex:0, X:0, Y:0, Scale:50
15:30:31 [CashShop][Load Cash Item List] - Add List - (13/61) Level:0, Dur:10, Skill:0, Luck:0, Add:0, Ex:0, X:0, Y:0, Scale:50
15:30:31 [CashShop][Load Cash Item List] - Add List - (14/72) Level:0, Dur:1, Skill:0, Luck:0, Add:0, Ex:0, X:0, Y:0, Scale:50
15:30:31 [CashShop][Load Cash Item List] - Add List - (14/73) Level:0, Dur:1, Skill:0, Luck:0, Add:0, Ex:0, X:0, Y:0, Scale:50
15:30:31 [CashShop][Load Cash Item List] - Add List - (14/74) Level:0, Dur:1, Skill:0, Luck:0, Add:0, Ex:0, X:0, Y:0, Scale:50
15:30:31 [CashShop][Load Cash Item List] - Add List - (14/75) Level:0, Dur:1, Skill:0, Luck:0, Add:0, Ex:0, X:0, Y:0, Scale:50
15:30:31 [CashShop][Load Cash Item List] - Add List - (14/76) Level:0, Dur:1, Skill:0, Luck:0, Add:0, Ex:0, X:0, Y:0, Scale:50
15:30:31 [CashShop][Load Cash Item List] - Add List - (14/77) Level:0, Dur:1, Skill:0, Luck:0, Add:0, Ex:0, X:0, Y:0, Scale:50
15:30:31 [CashShop][Load Cash Item List] - Add List - (14/97) Level:0, Dur:0, Skill:0, Luck:0, Add:0, Ex:0, X:0, Y:0, Scale:50
15:30:31 [CashShop][Load Cash Item List] - Add List - (14/98) Level:0, Dur:0, Skill:0, Luck:0, Add:0, Ex:0, X:0, Y:0, Scale:50
15:30:31 [CashShop][Load Cash Item List] - Add List - (14/78) Level:0, Dur:1, Skill:0, Luck:0, Add:0, Ex:0, X:0, Y:0, Scale:50
15:30:31 [CashShop][Load Cash Item List] - Add List - (14/79) Level:0, Dur:1, Skill:0, Luck:0, Add:0, Ex:0, X:0, Y:0, Scale:50
15:30:31 [CashShop][Load Cash Item List] - Add List - (14/80) Level:0, Dur:1, Skill:0, Luck:0, Add:0, Ex:0, X:0, Y:0, Scale:50
15:30:31 [CashShop][Load Cash Item List] - Add List - (14/81) Level:0, Dur:1, Skill:0, Luck:0, Add:0, Ex:0, X:0, Y:0, Scale:50
15:30:31 [CashShop][Load Cash Item List] - Add List - (14/82) Level:0, Dur:1, Skill:0, Luck:0, Add:0, Ex:0, X:0, Y:0, Scale:50
15:30:31 [CashShop][Load Cash Item List] - Add List - (13/64) Level:0, Dur:0, Skill:0, Luck:0, Add:0, Ex:0, X:0, Y:0, Scale:50
15:30:31 [CashShop][Load Cash Item List] - Add List - (13/65) Level:0, Dur:0, Skill:0, Luck:0, Add:0, Ex:0, X:0, Y:0, Scale:50
15:30:31 [CashShop][Load Cash Item List] - Add List - (13/54) Level:0, Dur:0, Skill:0, Luck:0, Add:0, Ex:0, X:0, Y:0, Scale:50
15:30:31 [CashShop][Load Cash Item List] - Add List - (13/55) Level:0, Dur:100, Skill:0, Luck:0, Add:0, Ex:0, X:0, Y:0, Scale:50
15:30:31 [CashShop][Load Cash Item List] - Add List - (13/56) Level:0, Dur:100, Skill:0, Luck:0, Add:0, Ex:0, X:0, Y:0, Scale:50
15:30:31 [CashShop][Load Cash Item List] - Add List - (13/57) Level:0, Dur:100, Skill:0, Luck:0, Add:0, Ex:0, X:0, Y:0, Scale:50
15:30:31 [CashShop][Load Cash Item List] - Add List - (13/58) Level:0, Dur:100, Skill:0, Luck:0, Add:0, Ex:0, X:0, Y:0, Scale:50
15:30:31 [CashShop][Load Cash Item List] - Add List - (14/91) Level:0, Dur:0, Skill:0, Luck:0, Add:0, Ex:0, X:0, Y:0, Scale:50
15:30:31 [CashShop][Load Cash Item List] - Add List - (14/99) Level:0, Dur:1, Skill:0, Luck:0, Add:0, Ex:0, X:0, Y:0, Scale:50
15:30:31 [CashShop][Load Cash Item List] - Add List - (14/100) Level:0, Dur:1, Skill:0, Luck:0, Add:0, Ex:0, X:0, Y:0, Scale:50
15:30:31 [CashShop][Load Cash Item List] - Add List - (14/101) Level:0, Dur:1, Skill:0, Luck:0, Add:0, Ex:0, X:0, Y:0, Scale:50
15:30:31 [CashShop][Load Cash Item List] - Add List - (14/102) Level:0, Dur:1, Skill:0, Luck:0, Add:0, Ex:0, X:0, Y:0, Scale:50
15:30:31 [CashShop][Load Cash Item List] - Complete! - Total:41
15:30:31 [CashShop] Request Cash Branch Item List to ShopServer.
15:30:31 [CashShop] Request Cash Item List to ShopServer.
15:30:31 [CashShop] Request Cash Package Item List to ShopServer.
15:30:31 [CashShop][OptionLoad] - CashShop Option Load finish
15:30:31 [Nightmare] Eventitemnum = 0,EventItemLevel = 0, EventItemDropRate = 0, ItemDropRate = 100, ExItemDropRate = 1
..\data\Custom\\MarryItemBag.txt Item Load Complete
..\data\Custom\customserver.cfg file load!
15:30:31 [Soldier Event] Sync Start Time. [449] min remain (START HOUR:23, MIN:0)
error-L3 : Monster Level Overflow~ E:\Developement\Sources\C++\Mu-Studio_S3_EP1\GameServer\SOURCE\MonsterItemMng.cpp 126
15:30:33 [Custom drop] Loaded (26) items
Shop data load complete
15:30:33 [CashShop] Receive Cash Item List from ShopServer. (28)
15:30:33 [CashShop][ShopList] (Category:0, Guid:1) ItemInfo(Type : 13, Index : 43, Name : Seal of Kingdom, Price : 10(10) Amount : 0, UseTime : 60, SPOP:0 
15:30:33 [CashShop][ShopList] (Category:0, Guid:2) ItemInfo(Type : 13, Index : 43, Name : Seal of Kingdom, Price : 27(10) Amount : 0, UseTime : 180, SPOP:0 
15:30:33 [CashShop][ShopList] (Category:0, Guid:3) ItemInfo(Type : 13, Index : 43, Name : Seal of Kingdom, Price : 48(10) Amount : 0, UseTime : 360, SPOP:0 
15:30:33 [CashShop][ShopList] (Category:0, Guid:4) ItemInfo(Type : 13, Index : 44, Name : Seal of Warrior, Price : 15(10) Amount : 0, UseTime : 60, SPOP:0 
15:30:33 [CashShop][ShopList] (Category:0, Guid:5) ItemInfo(Type : 13, Index : 44, Name : Seal of Warrior, Price : 40(10) Amount : 0, UseTime : 180, SPOP:0 
15:30:33 [CashShop][ShopList] (Category:0, Guid:6) ItemInfo(Type : 13, Index : 44, Name : Seal of Warrior, Price : 72(10) Amount : 0, UseTime : 360, SPOP:0 
15:30:33 [CashShop][ShopList] (Category:0, Guid:7) ItemInfo(Type : 13, Index : 45, Name : Seal of Legion, Price : 10(10) Amount : 0, UseTime : 60, SPOP:0 
15:30:33 [CashShop][ShopList] (Category:0, Guid:8) ItemInfo(Type : 13, Index : 45, Name : Seal of Legion, Price : 27(10) Amount : 0, UseTime : 180, SPOP:0 
15:30:33 [CashShop][ShopList] (Category:0, Guid:9) ItemInfo(Type : 13, Index : 45, Name : Seal of Legion, Price : 48(10) Amount : 0, UseTime : 360, SPOP:0 
15:30:33 [CashShop][ShopList] (Category:0, Guid:10) ItemInfo(Type : 13, Index : 59, Name : Item 1359, Price : 15(10) Amount : 0, UseTime : 0, SPOP:0 
15:30:33 [CashShop][ShopList] (Category:0, Guid:11) ItemInfo(Type : 13, Index : 46, Name : Item 1346, Price : 200(10) Amount : 0, UseTime : 0, SPOP:0 
15:30:33 [CashShop][ShopList] (Category:0, Guid:12) ItemInfo(Type : 13, Index : 47, Name : Item 1347, Price : 200(10) Amount : 0, UseTime : 0, SPOP:0 
15:30:33 [CashShop][ShopList] (Category:0, Guid:13) ItemInfo(Type : 13, Index : 48, Name : Item 1348, Price : 100(10) Amount : 0, UseTime : 0, SPOP:0 
15:30:33 [CashShop][ShopList] (Category:0, Guid:14) ItemInfo(Type : 14, Index : 99, Name : Jewel of Exelent, Price : 500(1) Amount : 1, UseTime : 0, SPOP:0 
15:30:33 [CashShop][ShopList] (Category:0, Guid:15) ItemInfo(Type : 14, Index : 100, Name : Jewel of Exelent, Price : 600(1) Amount : 1, UseTime : 0, SPOP:0 
15:30:33 [CashShop][ShopList] (Category:1, Guid:16) ItemInfo(Type : 14, Index : 78, Name : Item 1478, Price : 10(10) Amount : 1, UseTime : 60, SPOP:0 
15:30:33 [CashShop][ShopList] (Category:1, Guid:17) ItemInfo(Type : 14, Index : 80, Name : Item 1480, Price : 10(10) Amount : 1, UseTime : 60, SPOP:0 
15:30:33 [CashShop][ShopList] (Category:1, Guid:18) ItemInfo(Type : 14, Index : 81, Name : Item 1481, Price : 10(10) Amount : 1, UseTime : 60, SPOP:0 
15:30:33 [CashShop][ShopList] (Category:1, Guid:19) ItemInfo(Type : 14, Index : 82, Name : Item 1482, Price : 10(10) Amount : 1, UseTime : 60, SPOP:0 
15:30:33 [CashShop][ShopList] (Category:2, Guid:20) ItemInfo(Type : 14, Index : 73, Name : Item 1473, Price : 10(10) Amount : 1, UseTime : 60, SPOP:0 
15:30:33 [CashShop][ShopList] (Category:2, Guid:21) ItemInfo(Type : 14, Index : 74, Name : Item 1474, Price : 10(10) Amount : 1, UseTime : 60, SPOP:0 
15:30:33 [CashShop][ShopList] (Category:2, Guid:22) ItemInfo(Type : 14, Index : 75, Name : Item 1475, Price : 10(10) Amount : 1, UseTime : 60, SPOP:0 
15:30:33 [CashShop][ShopList] (Category:2, Guid:23) ItemInfo(Type : 14, Index : 76, Name : Item 1476, Price : 10(10) Amount : 1, UseTime : 60, SPOP:0 
15:30:33 [CashShop][ShopList] (Category:2, Guid:24) ItemInfo(Type : 14, Index : 77, Name : Item 1477, Price : 10(10) Amount : 1, UseTime : 60, SPOP:0 
15:30:33 [CashShop][ShopList] (Category:3, Guid:25) ItemInfo(Type : 14, Index : 53, Name : Item 1453, Price : 10(10) Amount : 1, UseTime : 0, SPOP:0 
15:30:33 [CashShop][ShopList] (Category:3, Guid:26) ItemInfo(Type : 14, Index : 53, Name : Item 1453, Price : 20(10) Amount : 2, UseTime : 0, SPOP:0 
15:30:33 [CashShop][ShopList] (Category:3, Guid:27) ItemInfo(Type : 14, Index : 53, Name : Item 1453, Price : 30(10) Amount : 3, UseTime : 0, SPOP:0 
15:30:33 [CashShop][ShopList] (Category:3, Guid:28) ItemInfo(Type : 14, Index : 54, Name : Item 1454, Price : 20(10) Amount : 1, UseTime : 0, SPOP:0 
error : Monster location setting error E:\Developement\Sources\C++\Mu-Studio_S3_EP1\GameServer\SOURCE\user.cpp 3187
error-L2 : 2139 class : 0
error : Monster location setting error E:\Developement\Sources\C++\Mu-Studio_S3_EP1\GameServer\SOURCE\user.cpp 3187
error-L2 : 2161 class : 0
error : Monster location setting error E:\Developement\Sources\C++\Mu-Studio_S3_EP1\GameServer\SOURCE\user.cpp 3187
error-L2 : 2192 class : 0
15:32:23 SkyLand Boss Shield Setting!!
15:32:23 SkyLand Boss Monster Setting!!
15:32:23 SkyLand Boss Shield Setting!!
15:32:23 SkyLand Boss Monster Setting!!
15:32:23 SkyLand Boss Shield Setting!!
15:32:23 SkyLand Boss Monster Setting!!
15:32:23 SkyLand Boss Shield Setting!!
15:32:23 SkyLand Boss Monster Setting!!
15:32:23 SkyLand Boss Shield Setting!!
15:32:23 SkyLand Boss Monster Setting!!
15:32:23 SkyLand Boss Shield Setting!!
15:32:23 SkyLand Boss Monster Setting!!
error : Monster location setting error E:\Developement\Sources\C++\Mu-Studio_S3_EP1\GameServer\SOURCE\user.cpp 3187
error-L2 : 4783 class : 0
error : Monster location setting error E:\Developement\Sources\C++\Mu-Studio_S3_EP1\GameServer\SOURCE\user.cpp 3187
error-L2 : 4788 class : 0
error : Monster location setting error E:\Developement\Sources\C++\Mu-Studio_S3_EP1\GameServer\SOURCE\user.cpp 3187
error-L2 : 5397 class : 0
error : Monster location setting error E:\Developement\Sources\C++\Mu-Studio_S3_EP1\GameServer\SOURCE\user.cpp 3187
error-L2 : 7311 class : 0
error : Monster location setting error E:\Developement\Sources\C++\Mu-Studio_S3_EP1\GameServer\SOURCE\user.cpp 3187
error-L2 : 7312 class : 0
error : Monster location setting error E:\Developement\Sources\C++\Mu-Studio_S3_EP1\GameServer\SOURCE\user.cpp 3187
error-L2 : 7313 class : 0
error : Monster location setting error E:\Developement\Sources\C++\Mu-Studio_S3_EP1\GameServer\SOURCE\user.cpp 3187
error-L2 : 7314 class : 0
error : Monster location setting error E:\Developement\Sources\C++\Mu-Studio_S3_EP1\GameServer\SOURCE\user.cpp 3187
error-L2 : 7315 class : 0
error : Monster location setting error E:\Developement\Sources\C++\Mu-Studio_S3_EP1\GameServer\SOURCE\user.cpp 3187
error-L2 : 7316 class : 0
error : Monster location setting error E:\Developement\Sources\C++\Mu-Studio_S3_EP1\GameServer\SOURCE\user.cpp 3187
error-L2 : 7317 class : 0
error : Monster location setting error E:\Developement\Sources\C++\Mu-Studio_S3_EP1\GameServer\SOURCE\user.cpp 3187
error-L2 : 7318 class : 0
error : Monster location setting error E:\Developement\Sources\C++\Mu-Studio_S3_EP1\GameServer\SOURCE\user.cpp 3187
error-L2 : 7319 class : 0
error : Monster location setting error E:\Developement\Sources\C++\Mu-Studio_S3_EP1\GameServer\SOURCE\user.cpp 3187
error-L2 : 7320 class : 0
15:32:36 [DevilSquare] Close
15:32:36 [DevilSquare] Sync Open Time. [23]min remain
15:32:36 [Blood Castle] (1) Sync Open Time. [57] min remain
15:32:36 [Blood Castle] (1) SetState CLOSED
15:32:36 [Blood Castle] (2) Sync Open Time. [57] min remain
15:32:36 [Blood Castle] (2) SetState CLOSED
15:32:36 [Blood Castle] (3) Sync Open Time. [57] min remain
15:32:36 [Blood Castle] (3) SetState CLOSED
15:32:36 [Blood Castle] (4) Sync Open Time. [57] min remain
15:32:36 [Blood Castle] (4) SetState CLOSED
15:32:36 [Blood Castle] (5) Sync Open Time. [57] min remain
15:32:36 [Blood Castle] (5) SetState CLOSED
15:32:36 [Blood Castle] (6) Sync Open Time. [57] min remain
15:32:36 [Blood Castle] (6) SetState CLOSED
15:32:36 [Blood Castle] (7) Sync Open Time. [57] min remain
15:32:36 [Blood Castle] (7) SetState CLOSED
15:32:36 [Chaos Castle] (1) Sync Start Time. [147] min remain (START HOUR:18, MIN:0)
15:32:36 [Chaos Castle] (1) SetState CLOSED
15:32:36 [Chaos Castle] (2) Sync Start Time. [147] min remain (START HOUR:18, MIN:0)
15:32:36 [Chaos Castle] (2) SetState CLOSED
15:32:36 [Chaos Castle] (3) Sync Start Time. [147] min remain (START HOUR:18, MIN:0)
15:32:36 [Chaos Castle] (3) SetState CLOSED
15:32:36 [Chaos Castle] (4) Sync Start Time. [147] min remain (START HOUR:18, MIN:0)
15:32:36 [Chaos Castle] (4) SetState CLOSED
15:32:36 [Chaos Castle] (5) Sync Start Time. [147] min remain (START HOUR:18, MIN:0)
15:32:36 [Chaos Castle] (5) SetState CLOSED
15:32:36 [Chaos Castle] (6) Sync Start Time. [147] min remain (START HOUR:18, MIN:0)
15:32:36 [Chaos Castle] (6) SetState CLOSED
15:32:36 [Nightmare] Eventitemnum = 0,EventItemLevel = 0, EventItemDropRate = 0, ItemDropRate = 100, ExItemDropRate = 1
..\data\Custom\CarnageEventItemBag.txt Item Load Complete
15:32:36 [MapServerMng] CheckMoveMapSvr() - MapServer Check OK [][GoldBudDra] : MAP-2 / SVR-0 (State Map:3 X:67 Y:80)
15:32:36 [MoveMap][][GoldBudDra] : (Before:Map:3 X:67 Y:80) -> (New Map:2 X:207 Y:46)
Regen OK E:\Developement\Sources\C++\Mu-Studio_S3_EP1\GameServer\SOURCE\user.cpp 17037
Regen OK E:\Developement\Sources\C++\Mu-Studio_S3_EP1\GameServer\SOURCE\user.cpp 17037
Regen OK E:\Developement\Sources\C++\Mu-Studio_S3_EP1\GameServer\SOURCE\user.cpp 17037
Regen OK E:\Developement\Sources\C++\Mu-Studio_S3_EP1\GameServer\SOURCE\user.cpp 17037
Regen OK E:\Developement\Sources\C++\Mu-Studio_S3_EP1\GameServer\SOURCE\user.cpp 17037
Regen OK E:\Developement\Sources\C++\Mu-Studio_S3_EP1\GameServer\SOURCE\user.cpp 17037
Regen OK E:\Developement\Sources\C++\Mu-Studio_S3_EP1\GameServer\SOURCE\user.cpp 17037
Regen OK E:\Developement\Sources\C++\Mu-Studio_S3_EP1\GameServer\SOURCE\user.cpp 17037
Regen OK E:\Developement\Sources\C++\Mu-Studio_S3_EP1\GameServer\SOURCE\user.cpp 17037
Regen OK E:\Developement\Sources\C++\Mu-Studio_S3_EP1\GameServer\SOURCE\user.cpp 17037
Regen OK E:\Developement\Sources\C++\Mu-Studio_S3_EP1\GameServer\SOURCE\user.cpp 17037
Regen OK E:\Developement\Sources\C++\Mu-Studio_S3_EP1\GameServer\SOURCE\user.cpp 17037
Regen OK E:\Developement\Sources\C++\Mu-Studio_S3_EP1\GameServer\SOURCE\user.cpp 17037
Regen OK E:\Developement\Sources\C++\Mu-Studio_S3_EP1\GameServer\SOURCE\user.cpp 17037
15:32:36 [CARNAGE EVENT] Sync Start Time. [317] min remain (START HOUR:20, MIN:50)
15:32:36 [CARNAGE EVENT] SetState_CLOSED
Total 1 count IP load
LoginServer connect IP( 127.0.0.1 )
RankingServer Connect IP [ 127.0.0.1 ]
EventChip Connect IP [ 127.0.0.1	; ]
DataServer connect IP( 127.0.0.1 ) PORT ( 55960 )
DataServer connect IP( 127.0.0.1 ) PORT ( 55962 )
ExDB Server Check..
ExDB Server Online
GameServer create PORT ( 55901 )
[ KANTURU ][ Map Attr Change ] Map(0) State(0) DetailState(0)
[ KANTURU ] State(0) -> STANDBY
[ KANTURU ][ BattleStanby ] State(0) -> START
15:32:36 [ KANTURU ][ TimeAttackEvent ] Date:20150504, Counter:1
[CastleSiege] CCastleSiege::DataRequest() - REQUEST DATA FIRST
15:32:37 [CastleSiege] CCastleSiege::LoadData() - Siege Schedule Start Date (2011-9-28)
15:32:37 [CastleSiege] CCastleSiege::LoadData() - Siege Schedule Date (6-23-59)
15:32:37 [CastleSiege] CCastleSiege::LoadData() - Siege Schedule End Date (2011-10-4(23:59:0)
15:32:37 [CastleSiege] CCastleSiege::Init() - START
[CastleSiege] CASTLE SIEGE DATA SETTING FAILED [0x81] - m_iCastleDataLoadState != CASTLESIEGE_DATALOAD_2 (0)
[ CRYWOLF ] SYNC Occupation: 0, State: 0
15:32:38 [ Crywolf ][ ApplyDBInfo] OccupationState : 2
[CastleSiege] CCastleSiege::Init() - CheckSync() == FALSE
Whole connection closed
